[0.015s] Invoking command in '/home/utk/aura_ws/build/arm_controller': CMAKE_PREFIX_PATH=${CMAKE_PREFIX_PATH}:/home/utk/bumperbot_ws/install/bumperbot_vision:/home/utk/bumperbot_ws/install/bumperbot_py_examples:/opt/ros/humble /usr/bin/cmake --build /home/utk/aura_ws/build/arm_controller -- -j16 -l16
[0.053s] Built target ament_cmake_python_symlink_arm_controller
[0.292s] running egg_info
[0.293s] writing arm_controller.egg-info/PKG-INFO
[0.293s] writing dependency_links to arm_controller.egg-info/dependency_links.txt
[0.293s] writing top-level names to arm_controller.egg-info/top_level.txt
[0.296s] reading manifest file 'arm_controller.egg-info/SOURCES.txt'
[0.296s] writing manifest file 'arm_controller.egg-info/SOURCES.txt'
[0.319s] Built target ament_cmake_python_build_arm_controller_egg
[0.331s] Invoked command in '/home/utk/aura_ws/build/arm_controller' returned '0': CMAKE_PREFIX_PATH=${CMAKE_PREFIX_PATH}:/home/utk/bumperbot_ws/install/bumperbot_vision:/home/utk/bumperbot_ws/install/bumperbot_py_examples:/opt/ros/humble /usr/bin/cmake --build /home/utk/aura_ws/build/arm_controller -- -j16 -l16
[0.331s] Invoking command in '/home/utk/aura_ws/build/arm_controller': CMAKE_PREFIX_PATH=${CMAKE_PREFIX_PATH}:/home/utk/bumperbot_ws/install/bumperbot_vision:/home/utk/bumperbot_ws/install/bumperbot_py_examples:/opt/ros/humble /usr/bin/cmake --install /home/utk/aura_ws/build/arm_controller
[0.340s] -- Install configuration: ""
[0.340s] -- Execute custom install script
[0.340s] -- Up-to-date symlink: /home/utk/aura_ws/install/arm_controller/share/arm_controller/environment/pythonpath.sh
[0.340s] -- Up-to-date symlink: /home/utk/aura_ws/install/arm_controller/share/arm_controller/environment/pythonpath.dsv
[0.340s] -- Up-to-date symlink: /home/utk/aura_ws/install/arm_controller/local/lib/python3.10/dist-packages/arm_controller-0.0.0-py3.10.egg-info/PKG-INFO
[0.340s] -- Up-to-date symlink: /home/utk/aura_ws/install/arm_controller/local/lib/python3.10/dist-packages/arm_controller-0.0.0-py3.10.egg-info/SOURCES.txt
[0.340s] -- Up-to-date symlink: /home/utk/aura_ws/install/arm_controller/local/lib/python3.10/dist-packages/arm_controller-0.0.0-py3.10.egg-info/dependency_links.txt
[0.340s] -- Up-to-date symlink: /home/utk/aura_ws/install/arm_controller/local/lib/python3.10/dist-packages/arm_controller-0.0.0-py3.10.egg-info/top_level.txt
[0.340s] -- Up-to-date symlink: /home/utk/aura_ws/install/arm_controller/local/lib/python3.10/dist-packages/arm_controller/__init__.py
[0.340s] -- Up-to-date symlink: /home/utk/aura_ws/install/arm_controller/local/lib/python3.10/dist-packages/arm_controller/slider_control.py
[0.340s] -- Up-to-date symlink: /home/utk/aura_ws/install/arm_controller/share/arm_controller/launch/controller.launch.py
[0.340s] -- Up-to-date symlink: /home/utk/aura_ws/install/arm_controller/share/arm_controller/launch/slider_controller.launch.py
[0.341s] -- Up-to-date symlink: /home/utk/aura_ws/install/arm_controller/share/arm_controller/config/arm_controllers.yaml
[0.341s] -- Up-to-date symlink: /home/utk/aura_ws/install/arm_controller/lib/arm_controller/slider_control.py
[0.341s] -- Up-to-date symlink: /home/utk/aura_ws/install/arm_controller/share/ament_index/resource_index/package_run_dependencies/arm_controller
[0.341s] -- Up-to-date symlink: /home/utk/aura_ws/install/arm_controller/share/ament_index/resource_index/parent_prefix_path/arm_controller
[0.341s] -- Up-to-date symlink: /home/utk/aura_ws/install/arm_controller/share/arm_controller/environment/ament_prefix_path.sh
[0.341s] -- Up-to-date symlink: /home/utk/aura_ws/install/arm_controller/share/arm_controller/environment/ament_prefix_path.dsv
[0.341s] -- Up-to-date symlink: /home/utk/aura_ws/install/arm_controller/share/arm_controller/environment/path.sh
[0.341s] -- Up-to-date symlink: /home/utk/aura_ws/install/arm_controller/share/arm_controller/environment/path.dsv
[0.341s] -- Up-to-date symlink: /home/utk/aura_ws/install/arm_controller/share/arm_controller/local_setup.bash
[0.341s] -- Up-to-date symlink: /home/utk/aura_ws/install/arm_controller/share/arm_controller/local_setup.sh
[0.342s] -- Up-to-date symlink: /home/utk/aura_ws/install/arm_controller/share/arm_controller/local_setup.zsh
[0.342s] -- Up-to-date symlink: /home/utk/aura_ws/install/arm_controller/share/arm_controller/local_setup.dsv
[0.342s] -- Symlinking: /home/utk/aura_ws/install/arm_controller/share/arm_controller/package.dsv
[0.348s] -- Up-to-date symlink: /home/utk/aura_ws/install/arm_controller/share/ament_index/resource_index/packages/arm_controller
[0.348s] -- Up-to-date symlink: /home/utk/aura_ws/install/arm_controller/share/arm_controller/cmake/arm_controllerConfig.cmake
[0.348s] -- Up-to-date symlink: /home/utk/aura_ws/install/arm_controller/share/arm_controller/cmake/arm_controllerConfig-version.cmake
[0.348s] -- Up-to-date symlink: /home/utk/aura_ws/install/arm_controller/share/arm_controller/package.xml
[0.374s] Listing '/home/utk/aura_ws/install/arm_controller/local/lib/python3.10/dist-packages/arm_controller'...
[0.374s] Compiling '/home/utk/aura_ws/install/arm_controller/local/lib/python3.10/dist-packages/arm_controller/slider_control.py'...
[0.406s] Invoked command in '/home/utk/aura_ws/build/arm_controller' returned '0': CMAKE_PREFIX_PATH=${CMAKE_PREFIX_PATH}:/home/utk/bumperbot_ws/install/bumperbot_vision:/home/utk/bumperbot_ws/install/bumperbot_py_examples:/opt/ros/humble /usr/bin/cmake --install /home/utk/aura_ws/build/arm_controller
