[0.012s] Invoking command in '/home/utk/aura_ws/build/aura_navigation': CMAKE_PREFIX_PATH=${CMAKE_PREFIX_PATH}:/home/utk/bumperbot_ws/install/bumperbot_vision:/home/utk/bumperbot_ws/install/bumperbot_py_examples:/opt/ros/humble /usr/bin/cmake --build /home/utk/aura_ws/build/aura_navigation -- -j16 -l16
[0.026s] -- Found ament_cmake: 1.3.11 (/opt/ros/humble/share/ament_cmake/cmake)
[0.121s] -- Override CMake install command with custom implementation using symlinks instead of copying resources
[0.126s] -- Found rclpy: 3.3.15 (/opt/ros/humble/share/rclpy/cmake)
[0.129s] -- Found geometry_msgs: 4.2.4 (/opt/ros/humble/share/geometry_msgs/cmake)
[0.179s] -- Found rosidl_generator_c: 3.1.6 (/opt/ros/humble/share/rosidl_generator_c/cmake)
[0.186s] -- Found rosidl_adapter: 3.1.6 (/opt/ros/humble/share/rosidl_adapter/cmake)
[0.198s] -- Found rosidl_generator_cpp: 3.1.6 (/opt/ros/humble/share/rosidl_generator_cpp/cmake)
[0.213s] -- Using all available rosidl_typesupport_c: rosidl_typesupport_fastrtps_c;rosidl_typesupport_introspection_c
[0.233s] -- Using all available rosidl_typesupport_cpp: rosidl_typesupport_fastrtps_cpp;rosidl_typesupport_introspection_cpp
[0.282s] [31mCMake Error at CMakeLists.txt:14 (find_package):
[0.282s]   By not providing "Findtf_transformations.cmake" in CMAKE_MODULE_PATH this
[0.282s]   project has asked CMake to find a package configuration file provided by
[0.282s]   "tf_transformations", but CMake did not find one.
[0.282s] 
[0.282s]   Could not find a package configuration file provided by
[0.282s]   "tf_transformations" with any of the following names:
[0.282s] 
[0.282s]     tf_transformationsConfig.cmake
[0.282s]     tf_transformations-config.cmake
[0.282s] 
[0.283s]   Add the installation prefix of "tf_transformations" to CMAKE_PREFIX_PATH or
[0.283s]   set "tf_transformations_DIR" to a directory containing one of the above
[0.283s]   files.  If "tf_transformations" provides a separate development package or
[0.283s]   SDK, be sure it has been installed.
[0.283s] 
[0.283s] [0m
[0.283s] -- Configuring incomplete, errors occurred!
[0.283s] See also "/home/utk/aura_ws/build/aura_navigation/CMakeFiles/CMakeOutput.log".
[0.285s] gmake: *** [Makefile:226: cmake_check_build_system] Error 1
[0.286s] Invoked command in '/home/utk/aura_ws/build/aura_navigation' returned '2': CMAKE_PREFIX_PATH=${CMAKE_PREFIX_PATH}:/home/utk/bumperbot_ws/install/bumperbot_vision:/home/utk/bumperbot_ws/install/bumperbot_py_examples:/opt/ros/humble /usr/bin/cmake --build /home/utk/aura_ws/build/aura_navigation -- -j16 -l16
