[0.055s] Invoking command in '/home/utk/aura_ws/build/aura_navigation': CMAKE_PREFIX_PATH=${CMAKE_PREFIX_PATH}:/home/utk/aura_ws/install/aura_vision:/home/utk/aura_ws/install/aura_script:/home/utk/bumperbot_ws/install/bumperbot_vision:/home/utk/bumperbot_ws/install/bumperbot_py_examples:/opt/ros/humble /usr/bin/cmake --build /home/utk/aura_ws/build/aura_navigation -- -j16 -l16
[0.321s] Built target ament_cmake_python_copy_aura_navigation
[0.335s] running egg_info
[0.335s] writing aura_navigation.egg-info/PKG-INFO
[0.336s] writing dependency_links to aura_navigation.egg-info/dependency_links.txt
[0.336s] writing top-level names to aura_navigation.egg-info/top_level.txt
[0.338s] reading manifest file 'aura_navigation.egg-info/SOURCES.txt'
[0.338s] writing manifest file 'aura_navigation.egg-info/SOURCES.txt'
[0.364s] Built target ament_cmake_python_build_aura_navigation_egg
[0.539s] Invoked command in '/home/utk/aura_ws/build/aura_navigation' returned '0': CMAKE_PREFIX_PATH=${CMAKE_PREFIX_PATH}:/home/utk/aura_ws/install/aura_vision:/home/utk/aura_ws/install/aura_script:/home/utk/bumperbot_ws/install/bumperbot_vision:/home/utk/bumperbot_ws/install/bumperbot_py_examples:/opt/ros/humble /usr/bin/cmake --build /home/utk/aura_ws/build/aura_navigation -- -j16 -l16
[0.539s] Invoking command in '/home/utk/aura_ws/build/aura_navigation': CMAKE_PREFIX_PATH=${CMAKE_PREFIX_PATH}:/home/utk/aura_ws/install/aura_vision:/home/utk/aura_ws/install/aura_script:/home/utk/bumperbot_ws/install/bumperbot_vision:/home/utk/bumperbot_ws/install/bumperbot_py_examples:/opt/ros/humble /usr/bin/cmake --install /home/utk/aura_ws/build/aura_navigation
[0.553s] -- Install configuration: ""
[0.553s] -- Up-to-date: /home/utk/aura_ws/install/aura_navigation/share/aura_navigation/environment/pythonpath.sh
[0.553s] -- Up-to-date: /home/utk/aura_ws/install/aura_navigation/share/aura_navigation/environment/pythonpath.dsv
[0.554s] -- Up-to-date: /home/utk/aura_ws/install/aura_navigation/local/lib/python3.10/dist-packages/aura_navigation-0.0.0-py3.10.egg-info
[0.554s] -- Installing: /home/utk/aura_ws/install/aura_navigation/local/lib/python3.10/dist-packages/aura_navigation-0.0.0-py3.10.egg-info/top_level.txt
[0.554s] -- Installing: /home/utk/aura_ws/install/aura_navigation/local/lib/python3.10/dist-packages/aura_navigation-0.0.0-py3.10.egg-info/dependency_links.txt
[0.554s] -- Installing: /home/utk/aura_ws/install/aura_navigation/local/lib/python3.10/dist-packages/aura_navigation-0.0.0-py3.10.egg-info/SOURCES.txt
[0.554s] -- Installing: /home/utk/aura_ws/install/aura_navigation/local/lib/python3.10/dist-packages/aura_navigation-0.0.0-py3.10.egg-info/PKG-INFO
[0.554s] -- Up-to-date: /home/utk/aura_ws/install/aura_navigation/local/lib/python3.10/dist-packages/aura_navigation
[0.554s] -- Up-to-date: /home/utk/aura_ws/install/aura_navigation/local/lib/python3.10/dist-packages/aura_navigation/waypoint_following.py
[0.554s] -- Up-to-date: /home/utk/aura_ws/install/aura_navigation/local/lib/python3.10/dist-packages/aura_navigation/__init__.py
[0.554s] -- Up-to-date: /home/utk/aura_ws/install/aura_navigation/local/lib/python3.10/dist-packages/aura_navigation/pose_estimator.py
[0.596s] Listing '/home/utk/aura_ws/install/aura_navigation/local/lib/python3.10/dist-packages/aura_navigation'...
[0.602s] -- Up-to-date: /home/utk/aura_ws/install/aura_navigation/share/aura_navigation/launch
[0.603s] -- Up-to-date: /home/utk/aura_ws/install/aura_navigation/share/aura_navigation/launch/navigation.launch.py
[0.604s] -- Up-to-date: /home/utk/aura_ws/install/aura_navigation/share/aura_navigation/config
[0.604s] -- Up-to-date: /home/utk/aura_ws/install/aura_navigation/share/aura_navigation/config/nav2_params.yaml
[0.604s] -- Up-to-date: /home/utk/aura_ws/install/aura_navigation/lib/aura_navigation/waypoint_following.py
[0.604s] -- Up-to-date: /home/utk/aura_ws/install/aura_navigation/lib/aura_navigation/pose_estimator.py
[0.604s] -- Up-to-date: /home/utk/aura_ws/install/aura_navigation/share/ament_index/resource_index/package_run_dependencies/aura_navigation
[0.604s] -- Up-to-date: /home/utk/aura_ws/install/aura_navigation/share/ament_index/resource_index/parent_prefix_path/aura_navigation
[0.604s] -- Up-to-date: /home/utk/aura_ws/install/aura_navigation/share/aura_navigation/environment/ament_prefix_path.sh
[0.604s] -- Up-to-date: /home/utk/aura_ws/install/aura_navigation/share/aura_navigation/environment/ament_prefix_path.dsv
[0.605s] -- Up-to-date: /home/utk/aura_ws/install/aura_navigation/share/aura_navigation/environment/path.sh
[0.605s] -- Up-to-date: /home/utk/aura_ws/install/aura_navigation/share/aura_navigation/environment/path.dsv
[0.605s] -- Up-to-date: /home/utk/aura_ws/install/aura_navigation/share/aura_navigation/local_setup.bash
[0.605s] -- Up-to-date: /home/utk/aura_ws/install/aura_navigation/share/aura_navigation/local_setup.sh
[0.605s] -- Up-to-date: /home/utk/aura_ws/install/aura_navigation/share/aura_navigation/local_setup.zsh
[0.605s] -- Up-to-date: /home/utk/aura_ws/install/aura_navigation/share/aura_navigation/local_setup.dsv
[0.605s] -- Installing: /home/utk/aura_ws/install/aura_navigation/share/aura_navigation/package.dsv
[0.605s] -- Up-to-date: /home/utk/aura_ws/install/aura_navigation/share/ament_index/resource_index/packages/aura_navigation
[0.605s] -- Up-to-date: /home/utk/aura_ws/install/aura_navigation/share/aura_navigation/cmake/aura_navigationConfig.cmake
[0.605s] -- Up-to-date: /home/utk/aura_ws/install/aura_navigation/share/aura_navigation/cmake/aura_navigationConfig-version.cmake
[0.605s] -- Up-to-date: /home/utk/aura_ws/install/aura_navigation/share/aura_navigation/package.xml
[0.606s] Invoked command in '/home/utk/aura_ws/build/aura_navigation' returned '0': CMAKE_PREFIX_PATH=${CMAKE_PREFIX_PATH}:/home/utk/aura_ws/install/aura_vision:/home/utk/aura_ws/install/aura_script:/home/utk/bumperbot_ws/install/bumperbot_vision:/home/utk/bumperbot_ws/install/bumperbot_py_examples:/opt/ros/humble /usr/bin/cmake --install /home/utk/aura_ws/build/aura_navigation
