[0.011s] Invoking command in '/home/utk/aura_ws/build/aura_bringup': CMAKE_PREFIX_PATH=/home/utk/aura_ws/install/aura_moveit:/home/utk/aura_ws/install/aura_localization:/home/utk/aura_ws/install/aura_navigation:/home/utk/aura_ws/install/aura_msgs:/home/utk/aura_ws/install/aura_mapping:/home/utk/aura_ws/install/aura_description:/home/utk/aura_ws/install/aura_controller:/home/utk/aura_ws/install/aura_bringup:/home/utk/bumperbot_ws/install/bumperbot_utils:/home/utk/bumperbot_ws/install/bumperbot_cpp_examples:/home/utk/bumperbot_ws/install/bumperbot_msgs:/home/utk/bumperbot_ws/install/bumperbot_bringup:/home/utk/bumperbot_ws/install/bumperbot_mapping:/home/utk/bumperbot_ws/install/bumperbot_localization:/home/utk/bumperbot_ws/install/bumperbot_firmware:/home/utk/bumperbot_ws/install/bumperbot_description:/home/utk/bumperbot_ws/install/bumperbot_controller:/home/utk/aura_ws/install/aura_vision:/home/utk/aura_ws/install/aura_script:/home/utk/bumperbot_ws/install/bumperbot_vision:/home/utk/bumperbot_ws/install/bumperbot_py_examples:/opt/ros/humble LD_LIBRARY_PATH=/home/utk/aura_ws/install/aura_msgs/lib:/home/utk/bumperbot_ws/install/bumperbot_cpp_examples/lib:/home/utk/bumperbot_ws/install/bumperbot_msgs/lib:/home/utk/bumperbot_ws/install/bumperbot_firmware/lib:/usr/lib/x86_64-linux-gnu/gazebo-11/plugins:/opt/ros/humble/opt/rviz_ogre_vendor/lib:/opt/ros/humble/lib/x86_64-linux-gnu:/opt/ros/humble/lib:/usr/share/gazebo/../../lib/x86_64-linux-gnu/gazebo-11/plugins:/usr/share/gazebo-11/../../lib/x86_64-linux-gnu/gazebo-11/plugins:/usr/share/gazebo/../../lib/x86_64-linux-gnu/gazebo-11/plugins /usr/bin/cmake --build /home/utk/aura_ws/build/aura_bringup -- -j16 -l16
[0.030s] -- Found ament_cmake: 1.3.11 (/opt/ros/humble/share/ament_cmake/cmake)
[0.131s] -- Found ament_lint_auto: 0.12.11 (/opt/ros/humble/share/ament_lint_auto/cmake)
[0.182s] -- Added test 'flake8' to check Python code syntax and style conventions
[0.183s] -- Added test 'lint_cmake' to check CMake code style
[0.183s] -- Added test 'pep257' to check Python code against some of the docstring style conventions in PEP 257
[0.184s] -- Added test 'xmllint' to check XML markup files
[0.185s] -- Configuring done
[0.187s] -- Generating done
[0.188s] -- Build files have been written to: /home/utk/aura_ws/build/aura_bringup
[0.202s] Invoked command in '/home/utk/aura_ws/build/aura_bringup' returned '0': CMAKE_PREFIX_PATH=/home/utk/aura_ws/install/aura_moveit:/home/utk/aura_ws/install/aura_localization:/home/utk/aura_ws/install/aura_navigation:/home/utk/aura_ws/install/aura_msgs:/home/utk/aura_ws/install/aura_mapping:/home/utk/aura_ws/install/aura_description:/home/utk/aura_ws/install/aura_controller:/home/utk/aura_ws/install/aura_bringup:/home/utk/bumperbot_ws/install/bumperbot_utils:/home/utk/bumperbot_ws/install/bumperbot_cpp_examples:/home/utk/bumperbot_ws/install/bumperbot_msgs:/home/utk/bumperbot_ws/install/bumperbot_bringup:/home/utk/bumperbot_ws/install/bumperbot_mapping:/home/utk/bumperbot_ws/install/bumperbot_localization:/home/utk/bumperbot_ws/install/bumperbot_firmware:/home/utk/bumperbot_ws/install/bumperbot_description:/home/utk/bumperbot_ws/install/bumperbot_controller:/home/utk/aura_ws/install/aura_vision:/home/utk/aura_ws/install/aura_script:/home/utk/bumperbot_ws/install/bumperbot_vision:/home/utk/bumperbot_ws/install/bumperbot_py_examples:/opt/ros/humble LD_LIBRARY_PATH=/home/utk/aura_ws/install/aura_msgs/lib:/home/utk/bumperbot_ws/install/bumperbot_cpp_examples/lib:/home/utk/bumperbot_ws/install/bumperbot_msgs/lib:/home/utk/bumperbot_ws/install/bumperbot_firmware/lib:/usr/lib/x86_64-linux-gnu/gazebo-11/plugins:/opt/ros/humble/opt/rviz_ogre_vendor/lib:/opt/ros/humble/lib/x86_64-linux-gnu:/opt/ros/humble/lib:/usr/share/gazebo/../../lib/x86_64-linux-gnu/gazebo-11/plugins:/usr/share/gazebo-11/../../lib/x86_64-linux-gnu/gazebo-11/plugins:/usr/share/gazebo/../../lib/x86_64-linux-gnu/gazebo-11/plugins /usr/bin/cmake --build /home/utk/aura_ws/build/aura_bringup -- -j16 -l16
[0.203s] Invoking command in '/home/utk/aura_ws/build/aura_bringup': CMAKE_PREFIX_PATH=/home/utk/aura_ws/install/aura_moveit:/home/utk/aura_ws/install/aura_localization:/home/utk/aura_ws/install/aura_navigation:/home/utk/aura_ws/install/aura_msgs:/home/utk/aura_ws/install/aura_mapping:/home/utk/aura_ws/install/aura_description:/home/utk/aura_ws/install/aura_controller:/home/utk/aura_ws/install/aura_bringup:/home/utk/bumperbot_ws/install/bumperbot_utils:/home/utk/bumperbot_ws/install/bumperbot_cpp_examples:/home/utk/bumperbot_ws/install/bumperbot_msgs:/home/utk/bumperbot_ws/install/bumperbot_bringup:/home/utk/bumperbot_ws/install/bumperbot_mapping:/home/utk/bumperbot_ws/install/bumperbot_localization:/home/utk/bumperbot_ws/install/bumperbot_firmware:/home/utk/bumperbot_ws/install/bumperbot_description:/home/utk/bumperbot_ws/install/bumperbot_controller:/home/utk/aura_ws/install/aura_vision:/home/utk/aura_ws/install/aura_script:/home/utk/bumperbot_ws/install/bumperbot_vision:/home/utk/bumperbot_ws/install/bumperbot_py_examples:/opt/ros/humble LD_LIBRARY_PATH=/home/utk/aura_ws/install/aura_msgs/lib:/home/utk/bumperbot_ws/install/bumperbot_cpp_examples/lib:/home/utk/bumperbot_ws/install/bumperbot_msgs/lib:/home/utk/bumperbot_ws/install/bumperbot_firmware/lib:/usr/lib/x86_64-linux-gnu/gazebo-11/plugins:/opt/ros/humble/opt/rviz_ogre_vendor/lib:/opt/ros/humble/lib/x86_64-linux-gnu:/opt/ros/humble/lib:/usr/share/gazebo/../../lib/x86_64-linux-gnu/gazebo-11/plugins:/usr/share/gazebo-11/../../lib/x86_64-linux-gnu/gazebo-11/plugins:/usr/share/gazebo/../../lib/x86_64-linux-gnu/gazebo-11/plugins /usr/bin/cmake --install /home/utk/aura_ws/build/aura_bringup
[0.208s] -- Install configuration: ""
[0.208s] -- Up-to-date: /home/utk/aura_ws/install/aura_bringup/share/aura_bringup/launch
[0.208s] -- Installing: /home/utk/aura_ws/install/aura_bringup/share/aura_bringup/launch/simulation.launch.py
[0.208s] -- Installing: /home/utk/aura_ws/install/aura_bringup/share/ament_index/resource_index/package_run_dependencies/aura_bringup
[0.208s] -- Installing: /home/utk/aura_ws/install/aura_bringup/share/ament_index/resource_index/parent_prefix_path/aura_bringup
[0.208s] -- Up-to-date: /home/utk/aura_ws/install/aura_bringup/share/aura_bringup/environment/ament_prefix_path.sh
[0.208s] -- Installing: /home/utk/aura_ws/install/aura_bringup/share/aura_bringup/environment/ament_prefix_path.dsv
[0.208s] -- Up-to-date: /home/utk/aura_ws/install/aura_bringup/share/aura_bringup/environment/path.sh
[0.208s] -- Installing: /home/utk/aura_ws/install/aura_bringup/share/aura_bringup/environment/path.dsv
[0.208s] -- Up-to-date: /home/utk/aura_ws/install/aura_bringup/share/aura_bringup/local_setup.bash
[0.208s] -- Up-to-date: /home/utk/aura_ws/install/aura_bringup/share/aura_bringup/local_setup.sh
[0.209s] -- Up-to-date: /home/utk/aura_ws/install/aura_bringup/share/aura_bringup/local_setup.zsh
[0.209s] -- Installing: /home/utk/aura_ws/install/aura_bringup/share/aura_bringup/local_setup.dsv
[0.209s] -- Installing: /home/utk/aura_ws/install/aura_bringup/share/aura_bringup/package.dsv
[0.209s] -- Up-to-date: /home/utk/aura_ws/install/aura_bringup/share/ament_index/resource_index/packages/aura_bringup
[0.209s] -- Up-to-date: /home/utk/aura_ws/install/aura_bringup/share/aura_bringup/cmake/aura_bringupConfig.cmake
[0.209s] -- Up-to-date: /home/utk/aura_ws/install/aura_bringup/share/aura_bringup/cmake/aura_bringupConfig-version.cmake
[0.209s] -- Installing: /home/utk/aura_ws/install/aura_bringup/share/aura_bringup/package.xml
[0.210s] Invoked command in '/home/utk/aura_ws/build/aura_bringup' returned '0': CMAKE_PREFIX_PATH=/home/utk/aura_ws/install/aura_moveit:/home/utk/aura_ws/install/aura_localization:/home/utk/aura_ws/install/aura_navigation:/home/utk/aura_ws/install/aura_msgs:/home/utk/aura_ws/install/aura_mapping:/home/utk/aura_ws/install/aura_description:/home/utk/aura_ws/install/aura_controller:/home/utk/aura_ws/install/aura_bringup:/home/utk/bumperbot_ws/install/bumperbot_utils:/home/utk/bumperbot_ws/install/bumperbot_cpp_examples:/home/utk/bumperbot_ws/install/bumperbot_msgs:/home/utk/bumperbot_ws/install/bumperbot_bringup:/home/utk/bumperbot_ws/install/bumperbot_mapping:/home/utk/bumperbot_ws/install/bumperbot_localization:/home/utk/bumperbot_ws/install/bumperbot_firmware:/home/utk/bumperbot_ws/install/bumperbot_description:/home/utk/bumperbot_ws/install/bumperbot_controller:/home/utk/aura_ws/install/aura_vision:/home/utk/aura_ws/install/aura_script:/home/utk/bumperbot_ws/install/bumperbot_vision:/home/utk/bumperbot_ws/install/bumperbot_py_examples:/opt/ros/humble LD_LIBRARY_PATH=/home/utk/aura_ws/install/aura_msgs/lib:/home/utk/bumperbot_ws/install/bumperbot_cpp_examples/lib:/home/utk/bumperbot_ws/install/bumperbot_msgs/lib:/home/utk/bumperbot_ws/install/bumperbot_firmware/lib:/usr/lib/x86_64-linux-gnu/gazebo-11/plugins:/opt/ros/humble/opt/rviz_ogre_vendor/lib:/opt/ros/humble/lib/x86_64-linux-gnu:/opt/ros/humble/lib:/usr/share/gazebo/../../lib/x86_64-linux-gnu/gazebo-11/plugins:/usr/share/gazebo-11/../../lib/x86_64-linux-gnu/gazebo-11/plugins:/usr/share/gazebo/../../lib/x86_64-linux-gnu/gazebo-11/plugins /usr/bin/cmake --install /home/utk/aura_ws/build/aura_bringup
