[0.010s] Invoking command in '/home/utk/aura_ws/build/aura_moveit': CMAKE_PREFIX_PATH=/home/utk/aura_ws/install/aura_msgs:/home/utk/aura_ws/install/aura_bringup:/home/utk/aura_ws/install/aura_navigation:/home/utk/aura_ws/install/aura_moveit:/home/utk/aura_ws/install/aura_localization:/home/utk/aura_ws/install/aura_mapping:/home/utk/aura_ws/install/aura_description:/home/utk/aura_ws/install/aura_controller:/home/utk/bumperbot_ws/install/bumperbot_utils:/home/utk/bumperbot_ws/install/bumperbot_cpp_examples:/home/utk/bumperbot_ws/install/bumperbot_msgs:/home/utk/bumperbot_ws/install/bumperbot_bringup:/home/utk/bumperbot_ws/install/bumperbot_mapping:/home/utk/bumperbot_ws/install/bumperbot_localization:/home/utk/bumperbot_ws/install/bumperbot_firmware:/home/utk/bumperbot_ws/install/bumperbot_description:/home/utk/bumperbot_ws/install/bumperbot_controller:/home/utk/aura_ws/install/aura_vision:/home/utk/aura_ws/install/aura_script:/home/utk/bumperbot_ws/install/bumperbot_vision:/home/utk/bumperbot_ws/install/bumperbot_py_examples:/opt/ros/humble LD_LIBRARY_PATH=/home/utk/aura_ws/install/aura_msgs/lib:/home/utk/bumperbot_ws/install/bumperbot_cpp_examples/lib:/home/utk/bumperbot_ws/install/bumperbot_msgs/lib:/home/utk/bumperbot_ws/install/bumperbot_firmware/lib:/usr/lib/x86_64-linux-gnu/gazebo-11/plugins:/opt/ros/humble/opt/rviz_ogre_vendor/lib:/opt/ros/humble/lib/x86_64-linux-gnu:/opt/ros/humble/lib:/usr/share/gazebo/../../lib/x86_64-linux-gnu/gazebo-11/plugins:/usr/share/gazebo-11/../../lib/x86_64-linux-gnu/gazebo-11/plugins:/usr/share/gazebo/../../lib/x86_64-linux-gnu/gazebo-11/plugins /usr/bin/cmake --build /home/utk/aura_ws/build/aura_moveit -- -j16 -l16
[0.067s] [35m[1mConsolidate compiler generated dependencies of target task_server[0m
[0.086s] [ 50%] [32mBuilding CXX object CMakeFiles/task_server.dir/src/task_server.cpp.o[0m
[5.574s] [100%] [32m[1mLinking CXX executable task_server[0m
[5.857s] [100%] Built target task_server
[5.864s] Invoked command in '/home/utk/aura_ws/build/aura_moveit' returned '0': CMAKE_PREFIX_PATH=/home/utk/aura_ws/install/aura_msgs:/home/utk/aura_ws/install/aura_bringup:/home/utk/aura_ws/install/aura_navigation:/home/utk/aura_ws/install/aura_moveit:/home/utk/aura_ws/install/aura_localization:/home/utk/aura_ws/install/aura_mapping:/home/utk/aura_ws/install/aura_description:/home/utk/aura_ws/install/aura_controller:/home/utk/bumperbot_ws/install/bumperbot_utils:/home/utk/bumperbot_ws/install/bumperbot_cpp_examples:/home/utk/bumperbot_ws/install/bumperbot_msgs:/home/utk/bumperbot_ws/install/bumperbot_bringup:/home/utk/bumperbot_ws/install/bumperbot_mapping:/home/utk/bumperbot_ws/install/bumperbot_localization:/home/utk/bumperbot_ws/install/bumperbot_firmware:/home/utk/bumperbot_ws/install/bumperbot_description:/home/utk/bumperbot_ws/install/bumperbot_controller:/home/utk/aura_ws/install/aura_vision:/home/utk/aura_ws/install/aura_script:/home/utk/bumperbot_ws/install/bumperbot_vision:/home/utk/bumperbot_ws/install/bumperbot_py_examples:/opt/ros/humble LD_LIBRARY_PATH=/home/utk/aura_ws/install/aura_msgs/lib:/home/utk/bumperbot_ws/install/bumperbot_cpp_examples/lib:/home/utk/bumperbot_ws/install/bumperbot_msgs/lib:/home/utk/bumperbot_ws/install/bumperbot_firmware/lib:/usr/lib/x86_64-linux-gnu/gazebo-11/plugins:/opt/ros/humble/opt/rviz_ogre_vendor/lib:/opt/ros/humble/lib/x86_64-linux-gnu:/opt/ros/humble/lib:/usr/share/gazebo/../../lib/x86_64-linux-gnu/gazebo-11/plugins:/usr/share/gazebo-11/../../lib/x86_64-linux-gnu/gazebo-11/plugins:/usr/share/gazebo/../../lib/x86_64-linux-gnu/gazebo-11/plugins /usr/bin/cmake --build /home/utk/aura_ws/build/aura_moveit -- -j16 -l16
[5.866s] Invoking command in '/home/utk/aura_ws/build/aura_moveit': CMAKE_PREFIX_PATH=/home/utk/aura_ws/install/aura_msgs:/home/utk/aura_ws/install/aura_bringup:/home/utk/aura_ws/install/aura_navigation:/home/utk/aura_ws/install/aura_moveit:/home/utk/aura_ws/install/aura_localization:/home/utk/aura_ws/install/aura_mapping:/home/utk/aura_ws/install/aura_description:/home/utk/aura_ws/install/aura_controller:/home/utk/bumperbot_ws/install/bumperbot_utils:/home/utk/bumperbot_ws/install/bumperbot_cpp_examples:/home/utk/bumperbot_ws/install/bumperbot_msgs:/home/utk/bumperbot_ws/install/bumperbot_bringup:/home/utk/bumperbot_ws/install/bumperbot_mapping:/home/utk/bumperbot_ws/install/bumperbot_localization:/home/utk/bumperbot_ws/install/bumperbot_firmware:/home/utk/bumperbot_ws/install/bumperbot_description:/home/utk/bumperbot_ws/install/bumperbot_controller:/home/utk/aura_ws/install/aura_vision:/home/utk/aura_ws/install/aura_script:/home/utk/bumperbot_ws/install/bumperbot_vision:/home/utk/bumperbot_ws/install/bumperbot_py_examples:/opt/ros/humble LD_LIBRARY_PATH=/home/utk/aura_ws/install/aura_msgs/lib:/home/utk/bumperbot_ws/install/bumperbot_cpp_examples/lib:/home/utk/bumperbot_ws/install/bumperbot_msgs/lib:/home/utk/bumperbot_ws/install/bumperbot_firmware/lib:/usr/lib/x86_64-linux-gnu/gazebo-11/plugins:/opt/ros/humble/opt/rviz_ogre_vendor/lib:/opt/ros/humble/lib/x86_64-linux-gnu:/opt/ros/humble/lib:/usr/share/gazebo/../../lib/x86_64-linux-gnu/gazebo-11/plugins:/usr/share/gazebo-11/../../lib/x86_64-linux-gnu/gazebo-11/plugins:/usr/share/gazebo/../../lib/x86_64-linux-gnu/gazebo-11/plugins /usr/bin/cmake --install /home/utk/aura_ws/build/aura_moveit
[5.870s] -- Install configuration: ""
[5.870s] -- Installing: /home/utk/aura_ws/install/aura_moveit/lib/aura_moveit/task_server
[5.871s] -- Set runtime path of "/home/utk/aura_ws/install/aura_moveit/lib/aura_moveit/task_server" to ""
[5.871s] -- Up-to-date: /home/utk/aura_ws/install/aura_moveit/share/aura_moveit/launch
[5.871s] -- Up-to-date: /home/utk/aura_ws/install/aura_moveit/share/aura_moveit/launch/task_server.launch.py
[5.871s] -- Up-to-date: /home/utk/aura_ws/install/aura_moveit/share/aura_moveit/launch/moveit.launch.py
[5.871s] -- Up-to-date: /home/utk/aura_ws/install/aura_moveit/share/aura_moveit/config
[5.871s] -- Up-to-date: /home/utk/aura_ws/install/aura_moveit/share/aura_moveit/config/kinematics.yaml
[5.871s] -- Up-to-date: /home/utk/aura_ws/install/aura_moveit/share/aura_moveit/config/pilz_cartesian_limits.yaml
[5.871s] -- Up-to-date: /home/utk/aura_ws/install/aura_moveit/share/aura_moveit/config/joint_limits.yaml
[5.871s] -- Up-to-date: /home/utk/aura_ws/install/aura_moveit/share/aura_moveit/config/planning_python_api.yaml
[5.871s] -- Up-to-date: /home/utk/aura_ws/install/aura_moveit/share/aura_moveit/config/moveit.rviz
[5.871s] -- Up-to-date: /home/utk/aura_ws/install/aura_moveit/share/aura_moveit/config/aura.srdf
[5.871s] -- Up-to-date: /home/utk/aura_ws/install/aura_moveit/share/aura_moveit/config/initial_positions.yaml
[5.871s] -- Up-to-date: /home/utk/aura_ws/install/aura_moveit/share/aura_moveit/config/moveit_controllers.yaml
[5.871s] -- Up-to-date: /home/utk/aura_ws/install/aura_moveit/share/ament_index/resource_index/package_run_dependencies/aura_moveit
[5.871s] -- Up-to-date: /home/utk/aura_ws/install/aura_moveit/share/ament_index/resource_index/parent_prefix_path/aura_moveit
[5.871s] -- Up-to-date: /home/utk/aura_ws/install/aura_moveit/share/aura_moveit/environment/ament_prefix_path.sh
[5.871s] -- Up-to-date: /home/utk/aura_ws/install/aura_moveit/share/aura_moveit/environment/ament_prefix_path.dsv
[5.871s] -- Up-to-date: /home/utk/aura_ws/install/aura_moveit/share/aura_moveit/environment/path.sh
[5.871s] -- Up-to-date: /home/utk/aura_ws/install/aura_moveit/share/aura_moveit/environment/path.dsv
[5.871s] -- Up-to-date: /home/utk/aura_ws/install/aura_moveit/share/aura_moveit/local_setup.bash
[5.871s] -- Up-to-date: /home/utk/aura_ws/install/aura_moveit/share/aura_moveit/local_setup.sh
[5.871s] -- Up-to-date: /home/utk/aura_ws/install/aura_moveit/share/aura_moveit/local_setup.zsh
[5.872s] -- Up-to-date: /home/utk/aura_ws/install/aura_moveit/share/aura_moveit/local_setup.dsv
[5.872s] -- Installing: /home/utk/aura_ws/install/aura_moveit/share/aura_moveit/package.dsv
[5.872s] -- Up-to-date: /home/utk/aura_ws/install/aura_moveit/share/ament_index/resource_index/packages/aura_moveit
[5.872s] -- Up-to-date: /home/utk/aura_ws/install/aura_moveit/share/aura_moveit/cmake/aura_moveitConfig.cmake
[5.872s] -- Up-to-date: /home/utk/aura_ws/install/aura_moveit/share/aura_moveit/cmake/aura_moveitConfig-version.cmake
[5.872s] -- Up-to-date: /home/utk/aura_ws/install/aura_moveit/share/aura_moveit/package.xml
[5.872s] Invoked command in '/home/utk/aura_ws/build/aura_moveit' returned '0': CMAKE_PREFIX_PATH=/home/utk/aura_ws/install/aura_msgs:/home/utk/aura_ws/install/aura_bringup:/home/utk/aura_ws/install/aura_navigation:/home/utk/aura_ws/install/aura_moveit:/home/utk/aura_ws/install/aura_localization:/home/utk/aura_ws/install/aura_mapping:/home/utk/aura_ws/install/aura_description:/home/utk/aura_ws/install/aura_controller:/home/utk/bumperbot_ws/install/bumperbot_utils:/home/utk/bumperbot_ws/install/bumperbot_cpp_examples:/home/utk/bumperbot_ws/install/bumperbot_msgs:/home/utk/bumperbot_ws/install/bumperbot_bringup:/home/utk/bumperbot_ws/install/bumperbot_mapping:/home/utk/bumperbot_ws/install/bumperbot_localization:/home/utk/bumperbot_ws/install/bumperbot_firmware:/home/utk/bumperbot_ws/install/bumperbot_description:/home/utk/bumperbot_ws/install/bumperbot_controller:/home/utk/aura_ws/install/aura_vision:/home/utk/aura_ws/install/aura_script:/home/utk/bumperbot_ws/install/bumperbot_vision:/home/utk/bumperbot_ws/install/bumperbot_py_examples:/opt/ros/humble LD_LIBRARY_PATH=/home/utk/aura_ws/install/aura_msgs/lib:/home/utk/bumperbot_ws/install/bumperbot_cpp_examples/lib:/home/utk/bumperbot_ws/install/bumperbot_msgs/lib:/home/utk/bumperbot_ws/install/bumperbot_firmware/lib:/usr/lib/x86_64-linux-gnu/gazebo-11/plugins:/opt/ros/humble/opt/rviz_ogre_vendor/lib:/opt/ros/humble/lib/x86_64-linux-gnu:/opt/ros/humble/lib:/usr/share/gazebo/../../lib/x86_64-linux-gnu/gazebo-11/plugins:/usr/share/gazebo-11/../../lib/x86_64-linux-gnu/gazebo-11/plugins:/usr/share/gazebo/../../lib/x86_64-linux-gnu/gazebo-11/plugins /usr/bin/cmake --install /home/utk/aura_ws/build/aura_moveit
