[0.017s] Invoking command in '/home/utk/aura_ws/build/aura_controller': CMAKE_PREFIX_PATH=${CMAKE_PREFIX_PATH}:/home/utk/bumperbot_ws/install/bumperbot_vision:/home/utk/bumperbot_ws/install/bumperbot_py_examples:/opt/ros/humble /usr/bin/cmake --build /home/utk/aura_ws/build/aura_controller -- -j16 -l16
[0.039s] -- Found ament_cmake: 1.3.11 (/opt/ros/humble/share/ament_cmake/cmake)
[0.152s] -- Override CMake install command with custom implementation using symlinks instead of copying resources
[0.182s] -- Found trajectory_msgs: 4.2.4 (/opt/ros/humble/share/trajectory_msgs/cmake)
[0.207s] -- Found rosidl_generator_c: 3.1.6 (/opt/ros/humble/share/rosidl_generator_c/cmake)
[0.210s] -- Found rosidl_adapter: 3.1.6 (/opt/ros/humble/share/rosidl_adapter/cmake)
[0.216s] -- Found rosidl_generator_cpp: 3.1.6 (/opt/ros/humble/share/rosidl_generator_cpp/cmake)
[0.223s] -- Using all available rosidl_typesupport_c: rosidl_typesupport_fastrtps_c;rosidl_typesupport_introspection_c
[0.233s] -- Using all available rosidl_typesupport_cpp: rosidl_typesupport_fastrtps_cpp;rosidl_typesupport_introspection_cpp
[0.275s] -- Found sensor_msgs: 4.2.4 (/opt/ros/humble/share/sensor_msgs/cmake)
[0.290s] -- Found rclcpp: 16.0.11 (/opt/ros/humble/share/rclcpp/cmake)
[0.331s] -- Found rmw_implementation_cmake: 6.1.2 (/opt/ros/humble/share/rmw_implementation_cmake/cmake)
[0.334s] -- Found rmw_cyclonedds_cpp: 1.3.4 (/opt/ros/humble/share/rmw_cyclonedds_cpp/cmake)
[0.353s] -- Using RMW implementation 'rmw_cyclonedds_cpp' as default
[0.362s] -- Looking for pthread.h
[0.420s] -- Looking for pthread.h - found
[0.420s] -- Performing Test CMAKE_HAVE_LIBC_PTHREAD
[0.475s] -- Performing Test CMAKE_HAVE_LIBC_PTHREAD - Success
[0.476s] -- Found Threads: TRUE  
[0.506s] -- Found rclpy: 3.3.15 (/opt/ros/humble/share/rclpy/cmake)
[0.509s] -- Found hardware_interface: 2.44.0 (/opt/ros/humble/share/hardware_interface/cmake)
[0.643s] -- Found PkgConfig: /usr/bin/pkg-config (found version "0.29.2") 
[0.692s] -- Found ament_lint_auto: 0.12.11 (/opt/ros/humble/share/ament_lint_auto/cmake)
[0.764s] -- Added test 'flake8' to check Python code syntax and style conventions
[0.765s] -- Added test 'lint_cmake' to check CMake code style
[0.767s] -- Added test 'pep257' to check Python code against some of the docstring style conventions in PEP 257
[0.768s] -- Added test 'xmllint' to check XML markup files
[0.769s] -- Configuring done
[0.775s] -- Generating done
[0.778s] -- Build files have been written to: /home/utk/aura_ws/build/aura_controller
[0.814s] Built target ament_cmake_python_symlink_aura_controller
[0.995s] running egg_info
[0.995s] writing aura_controller.egg-info/PKG-INFO
[0.995s] writing dependency_links to aura_controller.egg-info/dependency_links.txt
[0.995s] writing top-level names to aura_controller.egg-info/top_level.txt
[0.997s] reading manifest file 'aura_controller.egg-info/SOURCES.txt'
[0.997s] writing manifest file 'aura_controller.egg-info/SOURCES.txt'
[1.015s] Built target ament_cmake_python_build_aura_controller_egg
[1.023s] Invoked command in '/home/utk/aura_ws/build/aura_controller' returned '0': CMAKE_PREFIX_PATH=${CMAKE_PREFIX_PATH}:/home/utk/bumperbot_ws/install/bumperbot_vision:/home/utk/bumperbot_ws/install/bumperbot_py_examples:/opt/ros/humble /usr/bin/cmake --build /home/utk/aura_ws/build/aura_controller -- -j16 -l16
[1.024s] Invoking command in '/home/utk/aura_ws/build/aura_controller': CMAKE_PREFIX_PATH=${CMAKE_PREFIX_PATH}:/home/utk/bumperbot_ws/install/bumperbot_vision:/home/utk/bumperbot_ws/install/bumperbot_py_examples:/opt/ros/humble /usr/bin/cmake --install /home/utk/aura_ws/build/aura_controller
[1.029s] -- Install configuration: ""
[1.029s] -- Execute custom install script
[1.029s] -- Up-to-date symlink: /home/utk/aura_ws/install/aura_controller/share/aura_controller/environment/pythonpath.sh
[1.029s] -- Up-to-date symlink: /home/utk/aura_ws/install/aura_controller/share/aura_controller/environment/pythonpath.dsv
[1.030s] -- Up-to-date symlink: /home/utk/aura_ws/install/aura_controller/local/lib/python3.10/dist-packages/aura_controller-0.0.0-py3.10.egg-info/PKG-INFO
[1.030s] -- Up-to-date symlink: /home/utk/aura_ws/install/aura_controller/local/lib/python3.10/dist-packages/aura_controller-0.0.0-py3.10.egg-info/SOURCES.txt
[1.030s] -- Up-to-date symlink: /home/utk/aura_ws/install/aura_controller/local/lib/python3.10/dist-packages/aura_controller-0.0.0-py3.10.egg-info/dependency_links.txt
[1.030s] -- Up-to-date symlink: /home/utk/aura_ws/install/aura_controller/local/lib/python3.10/dist-packages/aura_controller-0.0.0-py3.10.egg-info/top_level.txt
[1.030s] -- Up-to-date symlink: /home/utk/aura_ws/install/aura_controller/local/lib/python3.10/dist-packages/aura_controller/__init__.py
[1.030s] -- Up-to-date symlink: /home/utk/aura_ws/install/aura_controller/local/lib/python3.10/dist-packages/aura_controller/twist_relay_node.py
[1.030s] -- Up-to-date symlink: /home/utk/aura_ws/install/aura_controller/share/aura_controller/launch/controller.launch.py
[1.030s] -- Up-to-date symlink: /home/utk/aura_ws/install/aura_controller/share/aura_controller/launch/joystick.launch.py
[1.030s] -- Up-to-date symlink: /home/utk/aura_ws/install/aura_controller/share/aura_controller/config/aura_controllers.yaml
[1.030s] -- Up-to-date symlink: /home/utk/aura_ws/install/aura_controller/share/aura_controller/config/joy_config.yaml
[1.030s] -- Up-to-date symlink: /home/utk/aura_ws/install/aura_controller/share/aura_controller/config/joy_teleop.yaml
[1.031s] -- Up-to-date symlink: /home/utk/aura_ws/install/aura_controller/share/aura_controller/config/twist_mux_joy.yaml
[1.031s] -- Up-to-date symlink: /home/utk/aura_ws/install/aura_controller/share/aura_controller/config/twist_mux_locks.yaml
[1.031s] -- Up-to-date symlink: /home/utk/aura_ws/install/aura_controller/share/aura_controller/config/twist_mux_topics.yaml
[1.031s] -- Up-to-date symlink: /home/utk/aura_ws/install/aura_controller/lib/aura_controller/twist_relay_node.py
[1.031s] -- Up-to-date symlink: /home/utk/aura_ws/install/aura_controller/share/ament_index/resource_index/package_run_dependencies/aura_controller
[1.031s] -- Up-to-date symlink: /home/utk/aura_ws/install/aura_controller/share/ament_index/resource_index/parent_prefix_path/aura_controller
[1.031s] -- Up-to-date symlink: /home/utk/aura_ws/install/aura_controller/share/aura_controller/environment/ament_prefix_path.sh
[1.031s] -- Up-to-date symlink: /home/utk/aura_ws/install/aura_controller/share/aura_controller/environment/ament_prefix_path.dsv
[1.031s] -- Up-to-date symlink: /home/utk/aura_ws/install/aura_controller/share/aura_controller/environment/path.sh
[1.031s] -- Up-to-date symlink: /home/utk/aura_ws/install/aura_controller/share/aura_controller/environment/path.dsv
[1.031s] -- Up-to-date symlink: /home/utk/aura_ws/install/aura_controller/share/aura_controller/local_setup.bash
[1.031s] -- Up-to-date symlink: /home/utk/aura_ws/install/aura_controller/share/aura_controller/local_setup.sh
[1.031s] -- Up-to-date symlink: /home/utk/aura_ws/install/aura_controller/share/aura_controller/local_setup.zsh
[1.031s] -- Up-to-date symlink: /home/utk/aura_ws/install/aura_controller/share/aura_controller/local_setup.dsv
[1.032s] -- Symlinking: /home/utk/aura_ws/install/aura_controller/share/aura_controller/package.dsv
[1.037s] -- Up-to-date symlink: /home/utk/aura_ws/install/aura_controller/share/ament_index/resource_index/packages/aura_controller
[1.037s] -- Up-to-date symlink: /home/utk/aura_ws/install/aura_controller/share/aura_controller/cmake/aura_controllerConfig.cmake
[1.037s] -- Up-to-date symlink: /home/utk/aura_ws/install/aura_controller/share/aura_controller/cmake/aura_controllerConfig-version.cmake
[1.038s] -- Up-to-date symlink: /home/utk/aura_ws/install/aura_controller/share/aura_controller/package.xml
[1.060s] Listing '/home/utk/aura_ws/install/aura_controller/local/lib/python3.10/dist-packages/aura_controller'...
[1.064s] Invoked command in '/home/utk/aura_ws/build/aura_controller' returned '0': CMAKE_PREFIX_PATH=${CMAKE_PREFIX_PATH}:/home/utk/bumperbot_ws/install/bumperbot_vision:/home/utk/bumperbot_ws/install/bumperbot_py_examples:/opt/ros/humble /usr/bin/cmake --install /home/utk/aura_ws/build/aura_controller
