[0.006s] Invoking command in '/home/utk/aura_ws/build/aura_localization': CMAKE_PREFIX_PATH=/home/utk/aura_ws/install/aura_mapping:/home/utk/aura_ws/install/aura_navigation:/home/utk/aura_ws/install/aura_localization:/home/utk/aura_ws/install/aura_bringup:/home/utk/aura_ws/install/aura_description:/home/utk/aura_ws/install/aura_controller:/home/utk/bumperbot_ws/install/bumperbot_utils:/home/utk/bumperbot_ws/install/bumperbot_cpp_examples:/home/utk/bumperbot_ws/install/bumperbot_msgs:/home/utk/bumperbot_ws/install/bumperbot_bringup:/home/utk/bumperbot_ws/install/bumperbot_mapping:/home/utk/bumperbot_ws/install/bumperbot_localization:/home/utk/bumperbot_ws/install/bumperbot_firmware:/home/utk/bumperbot_ws/install/bumperbot_description:/home/utk/bumperbot_ws/install/bumperbot_controller:/home/utk/bumperbot_ws/install/bumperbot_vision:/home/utk/bumperbot_ws/install/bumperbot_py_examples:/opt/ros/humble /usr/bin/cmake /home/utk/aura_ws/src/aura_localization -DAMENT_CMAKE_SYMLINK_INSTALL=1 -DCMAKE_INSTALL_PREFIX=/home/utk/aura_ws/install/aura_localization
[0.015s] -- Found ament_cmake: 1.3.11 (/opt/ros/humble/share/ament_cmake/cmake)
[0.104s] -- Override CMake install command with custom implementation using symlinks instead of copying resources
[0.109s] -- Found ament_lint_auto: 0.12.11 (/opt/ros/humble/share/ament_lint_auto/cmake)
[0.164s] -- Added test 'flake8' to check Python code syntax and style conventions
[0.164s] -- Added test 'lint_cmake' to check CMake code style
[0.164s] -- Added test 'pep257' to check Python code against some of the docstring style conventions in PEP 257
[0.165s] -- Added test 'xmllint' to check XML markup files
[0.165s] -- Configuring done
[0.167s] -- Generating done
[0.168s] -- Build files have been written to: /home/utk/aura_ws/build/aura_localization
[0.170s] Invoked command in '/home/utk/aura_ws/build/aura_localization' returned '0': CMAKE_PREFIX_PATH=/home/utk/aura_ws/install/aura_mapping:/home/utk/aura_ws/install/aura_navigation:/home/utk/aura_ws/install/aura_localization:/home/utk/aura_ws/install/aura_bringup:/home/utk/aura_ws/install/aura_description:/home/utk/aura_ws/install/aura_controller:/home/utk/bumperbot_ws/install/bumperbot_utils:/home/utk/bumperbot_ws/install/bumperbot_cpp_examples:/home/utk/bumperbot_ws/install/bumperbot_msgs:/home/utk/bumperbot_ws/install/bumperbot_bringup:/home/utk/bumperbot_ws/install/bumperbot_mapping:/home/utk/bumperbot_ws/install/bumperbot_localization:/home/utk/bumperbot_ws/install/bumperbot_firmware:/home/utk/bumperbot_ws/install/bumperbot_description:/home/utk/bumperbot_ws/install/bumperbot_controller:/home/utk/bumperbot_ws/install/bumperbot_vision:/home/utk/bumperbot_ws/install/bumperbot_py_examples:/opt/ros/humble /usr/bin/cmake /home/utk/aura_ws/src/aura_localization -DAMENT_CMAKE_SYMLINK_INSTALL=1 -DCMAKE_INSTALL_PREFIX=/home/utk/aura_ws/install/aura_localization
[0.171s] Invoking command in '/home/utk/aura_ws/build/aura_localization': CMAKE_PREFIX_PATH=/home/utk/aura_ws/install/aura_mapping:/home/utk/aura_ws/install/aura_navigation:/home/utk/aura_ws/install/aura_localization:/home/utk/aura_ws/install/aura_bringup:/home/utk/aura_ws/install/aura_description:/home/utk/aura_ws/install/aura_controller:/home/utk/bumperbot_ws/install/bumperbot_utils:/home/utk/bumperbot_ws/install/bumperbot_cpp_examples:/home/utk/bumperbot_ws/install/bumperbot_msgs:/home/utk/bumperbot_ws/install/bumperbot_bringup:/home/utk/bumperbot_ws/install/bumperbot_mapping:/home/utk/bumperbot_ws/install/bumperbot_localization:/home/utk/bumperbot_ws/install/bumperbot_firmware:/home/utk/bumperbot_ws/install/bumperbot_description:/home/utk/bumperbot_ws/install/bumperbot_controller:/home/utk/bumperbot_ws/install/bumperbot_vision:/home/utk/bumperbot_ws/install/bumperbot_py_examples:/opt/ros/humble /usr/bin/cmake --build /home/utk/aura_ws/build/aura_localization -- -j16 -l16
[0.199s] Invoked command in '/home/utk/aura_ws/build/aura_localization' returned '0': CMAKE_PREFIX_PATH=/home/utk/aura_ws/install/aura_mapping:/home/utk/aura_ws/install/aura_navigation:/home/utk/aura_ws/install/aura_localization:/home/utk/aura_ws/install/aura_bringup:/home/utk/aura_ws/install/aura_description:/home/utk/aura_ws/install/aura_controller:/home/utk/bumperbot_ws/install/bumperbot_utils:/home/utk/bumperbot_ws/install/bumperbot_cpp_examples:/home/utk/bumperbot_ws/install/bumperbot_msgs:/home/utk/bumperbot_ws/install/bumperbot_bringup:/home/utk/bumperbot_ws/install/bumperbot_mapping:/home/utk/bumperbot_ws/install/bumperbot_localization:/home/utk/bumperbot_ws/install/bumperbot_firmware:/home/utk/bumperbot_ws/install/bumperbot_description:/home/utk/bumperbot_ws/install/bumperbot_controller:/home/utk/bumperbot_ws/install/bumperbot_vision:/home/utk/bumperbot_ws/install/bumperbot_py_examples:/opt/ros/humble /usr/bin/cmake --build /home/utk/aura_ws/build/aura_localization -- -j16 -l16
[0.200s] Invoking command in '/home/utk/aura_ws/build/aura_localization': CMAKE_PREFIX_PATH=/home/utk/aura_ws/install/aura_mapping:/home/utk/aura_ws/install/aura_navigation:/home/utk/aura_ws/install/aura_localization:/home/utk/aura_ws/install/aura_bringup:/home/utk/aura_ws/install/aura_description:/home/utk/aura_ws/install/aura_controller:/home/utk/bumperbot_ws/install/bumperbot_utils:/home/utk/bumperbot_ws/install/bumperbot_cpp_examples:/home/utk/bumperbot_ws/install/bumperbot_msgs:/home/utk/bumperbot_ws/install/bumperbot_bringup:/home/utk/bumperbot_ws/install/bumperbot_mapping:/home/utk/bumperbot_ws/install/bumperbot_localization:/home/utk/bumperbot_ws/install/bumperbot_firmware:/home/utk/bumperbot_ws/install/bumperbot_description:/home/utk/bumperbot_ws/install/bumperbot_controller:/home/utk/bumperbot_ws/install/bumperbot_vision:/home/utk/bumperbot_ws/install/bumperbot_py_examples:/opt/ros/humble /usr/bin/cmake --install /home/utk/aura_ws/build/aura_localization
[0.206s] -- Install configuration: ""
[0.206s] -- Execute custom install script
[0.206s] -- Up-to-date symlink: /home/utk/aura_ws/install/aura_localization/share/aura_localization/launch/global_localization.launch.py
[0.206s] -- Up-to-date symlink: /home/utk/aura_ws/install/aura_localization/share/aura_localization/config/amcl.yaml
[0.206s] -- Up-to-date symlink: /home/utk/aura_ws/install/aura_localization/share/aura_localization/rviz/global_localization.rviz
[0.206s] -- Up-to-date symlink: /home/utk/aura_ws/install/aura_localization/share/ament_index/resource_index/package_run_dependencies/aura_localization
[0.206s] -- Up-to-date symlink: /home/utk/aura_ws/install/aura_localization/share/ament_index/resource_index/parent_prefix_path/aura_localization
[0.206s] -- Up-to-date symlink: /home/utk/aura_ws/install/aura_localization/share/aura_localization/environment/ament_prefix_path.sh
[0.207s] -- Up-to-date symlink: /home/utk/aura_ws/install/aura_localization/share/aura_localization/environment/ament_prefix_path.dsv
[0.207s] -- Up-to-date symlink: /home/utk/aura_ws/install/aura_localization/share/aura_localization/environment/path.sh
[0.207s] -- Up-to-date symlink: /home/utk/aura_ws/install/aura_localization/share/aura_localization/environment/path.dsv
[0.207s] -- Up-to-date symlink: /home/utk/aura_ws/install/aura_localization/share/aura_localization/local_setup.bash
[0.207s] -- Up-to-date symlink: /home/utk/aura_ws/install/aura_localization/share/aura_localization/local_setup.sh
[0.207s] -- Up-to-date symlink: /home/utk/aura_ws/install/aura_localization/share/aura_localization/local_setup.zsh
[0.207s] -- Up-to-date symlink: /home/utk/aura_ws/install/aura_localization/share/aura_localization/local_setup.dsv
[0.207s] -- Symlinking: /home/utk/aura_ws/install/aura_localization/share/aura_localization/package.dsv
[0.214s] -- Up-to-date symlink: /home/utk/aura_ws/install/aura_localization/share/ament_index/resource_index/packages/aura_localization
[0.214s] -- Up-to-date symlink: /home/utk/aura_ws/install/aura_localization/share/aura_localization/cmake/aura_localizationConfig.cmake
[0.214s] -- Up-to-date symlink: /home/utk/aura_ws/install/aura_localization/share/aura_localization/cmake/aura_localizationConfig-version.cmake
[0.214s] -- Up-to-date symlink: /home/utk/aura_ws/install/aura_localization/share/aura_localization/package.xml
[0.216s] Invoked command in '/home/utk/aura_ws/build/aura_localization' returned '0': CMAKE_PREFIX_PATH=/home/utk/aura_ws/install/aura_mapping:/home/utk/aura_ws/install/aura_navigation:/home/utk/aura_ws/install/aura_localization:/home/utk/aura_ws/install/aura_bringup:/home/utk/aura_ws/install/aura_description:/home/utk/aura_ws/install/aura_controller:/home/utk/bumperbot_ws/install/bumperbot_utils:/home/utk/bumperbot_ws/install/bumperbot_cpp_examples:/home/utk/bumperbot_ws/install/bumperbot_msgs:/home/utk/bumperbot_ws/install/bumperbot_bringup:/home/utk/bumperbot_ws/install/bumperbot_mapping:/home/utk/bumperbot_ws/install/bumperbot_localization:/home/utk/bumperbot_ws/install/bumperbot_firmware:/home/utk/bumperbot_ws/install/bumperbot_description:/home/utk/bumperbot_ws/install/bumperbot_controller:/home/utk/bumperbot_ws/install/bumperbot_vision:/home/utk/bumperbot_ws/install/bumperbot_py_examples:/opt/ros/humble /usr/bin/cmake --install /home/utk/aura_ws/build/aura_localization
