[0.031s] Invoking command in '/home/utk/aura_ws/build/aura_mapping': CMAKE_PREFIX_PATH=${CMAKE_PREFIX_PATH}:/home/utk/bumperbot_ws/install/bumperbot_vision:/home/utk/bumperbot_ws/install/bumperbot_py_examples:/opt/ros/humble /usr/bin/cmake --build /home/utk/aura_ws/build/aura_mapping -- -j16 -l16
[0.120s] Built target ament_cmake_python_symlink_aura_mapping
[0.528s] running egg_info
[0.529s] writing aura_mapping.egg-info/PKG-INFO
[0.529s] writing dependency_links to aura_mapping.egg-info/dependency_links.txt
[0.530s] writing top-level names to aura_mapping.egg-info/top_level.txt
[0.534s] reading manifest file 'aura_mapping.egg-info/SOURCES.txt'
[0.536s] writing manifest file 'aura_mapping.egg-info/SOURCES.txt'
[0.579s] Built target ament_cmake_python_build_aura_mapping_egg
[0.597s] Invoked command in '/home/utk/aura_ws/build/aura_mapping' returned '0': CMAKE_PREFIX_PATH=${CMAKE_PREFIX_PATH}:/home/utk/bumperbot_ws/install/bumperbot_vision:/home/utk/bumperbot_ws/install/bumperbot_py_examples:/opt/ros/humble /usr/bin/cmake --build /home/utk/aura_ws/build/aura_mapping -- -j16 -l16
[0.603s] Invoking command in '/home/utk/aura_ws/build/aura_mapping': CMAKE_PREFIX_PATH=${CMAKE_PREFIX_PATH}:/home/utk/bumperbot_ws/install/bumperbot_vision:/home/utk/bumperbot_ws/install/bumperbot_py_examples:/opt/ros/humble /usr/bin/cmake --install /home/utk/aura_ws/build/aura_mapping
[0.615s] -- Install configuration: ""
[0.615s] -- Execute custom install script
[0.616s] -- Up-to-date symlink: /home/utk/aura_ws/install/aura_mapping/share/aura_mapping/environment/pythonpath.sh
[0.616s] -- Up-to-date symlink: /home/utk/aura_ws/install/aura_mapping/share/aura_mapping/environment/pythonpath.dsv
[0.616s] -- Up-to-date symlink: /home/utk/aura_ws/install/aura_mapping/local/lib/python3.10/dist-packages/aura_mapping-0.0.0-py3.10.egg-info/PKG-INFO
[0.617s] -- Up-to-date symlink: /home/utk/aura_ws/install/aura_mapping/local/lib/python3.10/dist-packages/aura_mapping-0.0.0-py3.10.egg-info/SOURCES.txt
[0.617s] -- Up-to-date symlink: /home/utk/aura_ws/install/aura_mapping/local/lib/python3.10/dist-packages/aura_mapping-0.0.0-py3.10.egg-info/dependency_links.txt
[0.617s] -- Up-to-date symlink: /home/utk/aura_ws/install/aura_mapping/local/lib/python3.10/dist-packages/aura_mapping-0.0.0-py3.10.egg-info/top_level.txt
[0.618s] -- Up-to-date symlink: /home/utk/aura_ws/install/aura_mapping/local/lib/python3.10/dist-packages/aura_mapping/__init__.py
[0.618s] -- Up-to-date symlink: /home/utk/aura_ws/install/aura_mapping/local/lib/python3.10/dist-packages/aura_mapping/aura_frontier_exploration.py
[0.618s] -- Up-to-date symlink: /home/utk/aura_ws/install/aura_mapping/share/aura_mapping/config/exploration_params.yaml
[0.618s] -- Up-to-date symlink: /home/utk/aura_ws/install/aura_mapping/share/aura_mapping/config/slam_toolbox.yaml
[0.619s] -- Up-to-date symlink: /home/utk/aura_ws/install/aura_mapping/share/aura_mapping/launch/slam.launch.py
[0.619s] -- Up-to-date symlink: /home/utk/aura_ws/install/aura_mapping/share/aura_mapping/rviz/slam.rviz
[0.619s] -- Up-to-date symlink: /home/utk/aura_ws/install/aura_mapping/lib/aura_mapping/aura_frontier_exploration.py
[0.620s] -- Up-to-date symlink: /home/utk/aura_ws/install/aura_mapping/share/ament_index/resource_index/package_run_dependencies/aura_mapping
[0.620s] -- Up-to-date symlink: /home/utk/aura_ws/install/aura_mapping/share/ament_index/resource_index/parent_prefix_path/aura_mapping
[0.621s] -- Up-to-date symlink: /home/utk/aura_ws/install/aura_mapping/share/aura_mapping/environment/ament_prefix_path.sh
[0.621s] -- Up-to-date symlink: /home/utk/aura_ws/install/aura_mapping/share/aura_mapping/environment/ament_prefix_path.dsv
[0.621s] -- Up-to-date symlink: /home/utk/aura_ws/install/aura_mapping/share/aura_mapping/environment/path.sh
[0.621s] -- Up-to-date symlink: /home/utk/aura_ws/install/aura_mapping/share/aura_mapping/environment/path.dsv
[0.621s] -- Up-to-date symlink: /home/utk/aura_ws/install/aura_mapping/share/aura_mapping/local_setup.bash
[0.621s] -- Up-to-date symlink: /home/utk/aura_ws/install/aura_mapping/share/aura_mapping/local_setup.sh
[0.622s] -- Up-to-date symlink: /home/utk/aura_ws/install/aura_mapping/share/aura_mapping/local_setup.zsh
[0.622s] -- Up-to-date symlink: /home/utk/aura_ws/install/aura_mapping/share/aura_mapping/local_setup.dsv
[0.622s] -- Symlinking: /home/utk/aura_ws/install/aura_mapping/share/aura_mapping/package.dsv
[0.636s] -- Up-to-date symlink: /home/utk/aura_ws/install/aura_mapping/share/ament_index/resource_index/packages/aura_mapping
[0.636s] -- Up-to-date symlink: /home/utk/aura_ws/install/aura_mapping/share/aura_mapping/cmake/aura_mappingConfig.cmake
[0.636s] -- Up-to-date symlink: /home/utk/aura_ws/install/aura_mapping/share/aura_mapping/cmake/aura_mappingConfig-version.cmake
[0.636s] -- Up-to-date symlink: /home/utk/aura_ws/install/aura_mapping/share/aura_mapping/package.xml
[0.694s] Listing '/home/utk/aura_ws/install/aura_mapping/local/lib/python3.10/dist-packages/aura_mapping'...
[0.694s] Compiling '/home/utk/aura_ws/install/aura_mapping/local/lib/python3.10/dist-packages/aura_mapping/aura_frontier_exploration.py'...
[0.712s] Invoked command in '/home/utk/aura_ws/build/aura_mapping' returned '0': CMAKE_PREFIX_PATH=${CMAKE_PREFIX_PATH}:/home/utk/bumperbot_ws/install/bumperbot_vision:/home/utk/bumperbot_ws/install/bumperbot_py_examples:/opt/ros/humble /usr/bin/cmake --install /home/utk/aura_ws/build/aura_mapping
