[0.007s] Invoking command in '/home/utk/aura_ws/build/aura_bringup': CMAKE_PREFIX_PATH=${CMAKE_PREFIX_PATH}:/home/utk/bumperbot_ws/install/bumperbot_vision:/home/utk/bumperbot_ws/install/bumperbot_py_examples:/opt/ros/humble PYTHONPATH=/home/utk/aura_ws/install/aura_controller/local/lib/python3.10/dist-packages:${PYTHONPATH} /usr/bin/cmake --build /home/utk/aura_ws/build/aura_bringup -- -j16 -l16
[0.031s] Invoked command in '/home/utk/aura_ws/build/aura_bringup' returned '0': CMAKE_PREFIX_PATH=${CMAKE_PREFIX_PATH}:/home/utk/bumperbot_ws/install/bumperbot_vision:/home/utk/bumperbot_ws/install/bumperbot_py_examples:/opt/ros/humble PYTHONPATH=/home/utk/aura_ws/install/aura_controller/local/lib/python3.10/dist-packages:${PYTHONPATH} /usr/bin/cmake --build /home/utk/aura_ws/build/aura_bringup -- -j16 -l16
[0.032s] Invoking command in '/home/utk/aura_ws/build/aura_bringup': CMAKE_PREFIX_PATH=${CMAKE_PREFIX_PATH}:/home/utk/bumperbot_ws/install/bumperbot_vision:/home/utk/bumperbot_ws/install/bumperbot_py_examples:/opt/ros/humble PYTHONPATH=/home/utk/aura_ws/install/aura_controller/local/lib/python3.10/dist-packages:${PYTHONPATH} /usr/bin/cmake --install /home/utk/aura_ws/build/aura_bringup
[0.037s] -- Install configuration: ""
[0.037s] -- Execute custom install script
[0.038s] -- Up-to-date symlink: /home/utk/aura_ws/install/aura_bringup/share/aura_bringup/launch/simulation.launch.py
[0.038s] -- Up-to-date symlink: /home/utk/aura_ws/install/aura_bringup/share/ament_index/resource_index/package_run_dependencies/aura_bringup
[0.038s] -- Up-to-date symlink: /home/utk/aura_ws/install/aura_bringup/share/ament_index/resource_index/parent_prefix_path/aura_bringup
[0.038s] -- Up-to-date symlink: /home/utk/aura_ws/install/aura_bringup/share/aura_bringup/environment/ament_prefix_path.sh
[0.038s] -- Up-to-date symlink: /home/utk/aura_ws/install/aura_bringup/share/aura_bringup/environment/ament_prefix_path.dsv
[0.038s] -- Up-to-date symlink: /home/utk/aura_ws/install/aura_bringup/share/aura_bringup/environment/path.sh
[0.038s] -- Up-to-date symlink: /home/utk/aura_ws/install/aura_bringup/share/aura_bringup/environment/path.dsv
[0.038s] -- Up-to-date symlink: /home/utk/aura_ws/install/aura_bringup/share/aura_bringup/local_setup.bash
[0.038s] -- Up-to-date symlink: /home/utk/aura_ws/install/aura_bringup/share/aura_bringup/local_setup.sh
[0.038s] -- Up-to-date symlink: /home/utk/aura_ws/install/aura_bringup/share/aura_bringup/local_setup.zsh
[0.039s] -- Up-to-date symlink: /home/utk/aura_ws/install/aura_bringup/share/aura_bringup/local_setup.dsv
[0.039s] -- Symlinking: /home/utk/aura_ws/install/aura_bringup/share/aura_bringup/package.dsv
[0.044s] -- Up-to-date symlink: /home/utk/aura_ws/install/aura_bringup/share/ament_index/resource_index/packages/aura_bringup
[0.044s] -- Up-to-date symlink: /home/utk/aura_ws/install/aura_bringup/share/aura_bringup/cmake/aura_bringupConfig.cmake
[0.044s] -- Up-to-date symlink: /home/utk/aura_ws/install/aura_bringup/share/aura_bringup/cmake/aura_bringupConfig-version.cmake
[0.044s] -- Up-to-date symlink: /home/utk/aura_ws/install/aura_bringup/share/aura_bringup/package.xml
[0.046s] Invoked command in '/home/utk/aura_ws/build/aura_bringup' returned '0': CMAKE_PREFIX_PATH=${CMAKE_PREFIX_PATH}:/home/utk/bumperbot_ws/install/bumperbot_vision:/home/utk/bumperbot_ws/install/bumperbot_py_examples:/opt/ros/humble PYTHONPATH=/home/utk/aura_ws/install/aura_controller/local/lib/python3.10/dist-packages:${PYTHONPATH} /usr/bin/cmake --install /home/utk/aura_ws/build/aura_bringup
