[100%] Built target task_server
-- Install configuration: ""
-- Up-to-date: /home/utk/aura_ws/install/aura_moveit/lib/aura_moveit/task_server
-- Up-to-date: /home/utk/aura_ws/install/aura_moveit/share/aura_moveit/launch
-- Up-to-date: /home/utk/aura_ws/install/aura_moveit/share/aura_moveit/launch/task_server.launch.py
-- Up-to-date: /home/utk/aura_ws/install/aura_moveit/share/aura_moveit/launch/moveit.launch.py
-- Up-to-date: /home/utk/aura_ws/install/aura_moveit/share/aura_moveit/config
-- Up-to-date: /home/utk/aura_ws/install/aura_moveit/share/aura_moveit/config/kinematics.yaml
-- Up-to-date: /home/utk/aura_ws/install/aura_moveit/share/aura_moveit/config/pilz_cartesian_limits.yaml
-- Up-to-date: /home/utk/aura_ws/install/aura_moveit/share/aura_moveit/config/joint_limits.yaml
-- Up-to-date: /home/utk/aura_ws/install/aura_moveit/share/aura_moveit/config/planning_python_api.yaml
-- Up-to-date: /home/utk/aura_ws/install/aura_moveit/share/aura_moveit/config/moveit.rviz
-- Up-to-date: /home/utk/aura_ws/install/aura_moveit/share/aura_moveit/config/aura.srdf
-- Up-to-date: /home/utk/aura_ws/install/aura_moveit/share/aura_moveit/config/initial_positions.yaml
-- Up-to-date: /home/utk/aura_ws/install/aura_moveit/share/aura_moveit/config/moveit_controllers.yaml
-- Up-to-date: /home/utk/aura_ws/install/aura_moveit/share/ament_index/resource_index/package_run_dependencies/aura_moveit
-- Up-to-date: /home/utk/aura_ws/install/aura_moveit/share/ament_index/resource_index/parent_prefix_path/aura_moveit
-- Up-to-date: /home/utk/aura_ws/install/aura_moveit/share/aura_moveit/environment/ament_prefix_path.sh
-- Up-to-date: /home/utk/aura_ws/install/aura_moveit/share/aura_moveit/environment/ament_prefix_path.dsv
-- Up-to-date: /home/utk/aura_ws/install/aura_moveit/share/aura_moveit/environment/path.sh
-- Up-to-date: /home/utk/aura_ws/install/aura_moveit/share/aura_moveit/environment/path.dsv
-- Up-to-date: /home/utk/aura_ws/install/aura_moveit/share/aura_moveit/local_setup.bash
-- Up-to-date: /home/utk/aura_ws/install/aura_moveit/share/aura_moveit/local_setup.sh
-- Up-to-date: /home/utk/aura_ws/install/aura_moveit/share/aura_moveit/local_setup.zsh
-- Up-to-date: /home/utk/aura_ws/install/aura_moveit/share/aura_moveit/local_setup.dsv
-- Installing: /home/utk/aura_ws/install/aura_moveit/share/aura_moveit/package.dsv
-- Up-to-date: /home/utk/aura_ws/install/aura_moveit/share/ament_index/resource_index/packages/aura_moveit
-- Up-to-date: /home/utk/aura_ws/install/aura_moveit/share/aura_moveit/cmake/aura_moveitConfig.cmake
-- Up-to-date: /home/utk/aura_ws/install/aura_moveit/share/aura_moveit/cmake/aura_moveitConfig-version.cmake
-- Up-to-date: /home/utk/aura_ws/install/aura_moveit/share/aura_moveit/package.xml
