-- Found ament_cmake: 1.3.11 (/opt/ros/humble/share/ament_cmake/cmake)
-- Override CMake install command with custom implementation using symlinks instead of copying resources
-- Found trajectory_msgs: 4.2.4 (/opt/ros/humble/share/trajectory_msgs/cmake)
-- Found rosidl_generator_c: 3.1.6 (/opt/ros/humble/share/rosidl_generator_c/cmake)
-- Found rosidl_adapter: 3.1.6 (/opt/ros/humble/share/rosidl_adapter/cmake)
-- Found rosidl_generator_cpp: 3.1.6 (/opt/ros/humble/share/rosidl_generator_cpp/cmake)
-- Using all available rosidl_typesupport_c: rosidl_typesupport_fastrtps_c;rosidl_typesupport_introspection_c
-- Using all available rosidl_typesupport_cpp: rosidl_typesupport_fastrtps_cpp;rosidl_typesupport_introspection_cpp
-- Found sensor_msgs: 4.2.4 (/opt/ros/humble/share/sensor_msgs/cmake)
-- Found rclpy: 3.3.15 (/opt/ros/humble/share/rclpy/cmake)
-- Found hardware_interface: 2.44.0 (/opt/ros/humble/share/hardware_interface/cmake)
-- Found rmw_implementation_cmake: 6.1.2 (/opt/ros/humble/share/rmw_implementation_cmake/cmake)
-- Found rmw_cyclonedds_cpp: 1.3.4 (/opt/ros/humble/share/rmw_cyclonedds_cpp/cmake)
-- Using RMW implementation 'rmw_cyclonedds_cpp' as default
-- Found ament_lint_auto: 0.12.11 (/opt/ros/humble/share/ament_lint_auto/cmake)
-- Added test 'flake8' to check Python code syntax and style conventions
-- Added test 'lint_cmake' to check CMake code style
-- Added test 'pep257' to check Python code against some of the docstring style conventions in PEP 257
-- Added test 'xmllint' to check XML markup files
-- Configuring done
-- Generating done
-- Build files have been written to: /home/utk/aura_ws/build/arm_controller
Built target ament_cmake_python_symlink_arm_controller
running egg_info
creating arm_controller.egg-info
writing arm_controller.egg-info/PKG-INFO
writing dependency_links to arm_controller.egg-info/dependency_links.txt
writing top-level names to arm_controller.egg-info/top_level.txt
writing manifest file 'arm_controller.egg-info/SOURCES.txt'
reading manifest file 'arm_controller.egg-info/SOURCES.txt'
writing manifest file 'arm_controller.egg-info/SOURCES.txt'
Built target ament_cmake_python_build_arm_controller_egg
-- Install configuration: ""
-- Execute custom install script
-- Symlinking: /home/utk/aura_ws/install/arm_controller/share/arm_controller/environment/pythonpath.sh
-- Symlinking: /home/utk/aura_ws/install/arm_controller/share/arm_controller/environment/pythonpath.dsv
-- Symlinking: /home/utk/aura_ws/install/arm_controller/local/lib/python3.10/dist-packages/arm_controller-0.0.0-py3.10.egg-info/PKG-INFO
-- Symlinking: /home/utk/aura_ws/install/arm_controller/local/lib/python3.10/dist-packages/arm_controller-0.0.0-py3.10.egg-info/SOURCES.txt
-- Symlinking: /home/utk/aura_ws/install/arm_controller/local/lib/python3.10/dist-packages/arm_controller-0.0.0-py3.10.egg-info/dependency_links.txt
-- Symlinking: /home/utk/aura_ws/install/arm_controller/local/lib/python3.10/dist-packages/arm_controller-0.0.0-py3.10.egg-info/top_level.txt
-- Symlinking: /home/utk/aura_ws/install/arm_controller/local/lib/python3.10/dist-packages/arm_controller/__init__.py
-- Symlinking: /home/utk/aura_ws/install/arm_controller/local/lib/python3.10/dist-packages/arm_controller/slider_control.py
-- Symlinking: /home/utk/aura_ws/install/arm_controller/share/arm_controller/launch/controller.launch.py
-- Symlinking: /home/utk/aura_ws/install/arm_controller/share/arm_controller/launch/slider_controller.launch.py
-- Symlinking: /home/utk/aura_ws/install/arm_controller/share/arm_controller/config/arm_controllers.yaml
-- Symlinking: /home/utk/aura_ws/install/arm_controller/lib/arm_controller/slider_control.py
-- Symlinking: /home/utk/aura_ws/install/arm_controller/share/ament_index/resource_index/package_run_dependencies/arm_controller
-- Symlinking: /home/utk/aura_ws/install/arm_controller/share/ament_index/resource_index/parent_prefix_path/arm_controller
-- Symlinking: /home/utk/aura_ws/install/arm_controller/share/arm_controller/environment/ament_prefix_path.sh
-- Symlinking: /home/utk/aura_ws/install/arm_controller/share/arm_controller/environment/ament_prefix_path.dsv
-- Symlinking: /home/utk/aura_ws/install/arm_controller/share/arm_controller/environment/path.sh
-- Symlinking: /home/utk/aura_ws/install/arm_controller/share/arm_controller/environment/path.dsv
-- Symlinking: /home/utk/aura_ws/install/arm_controller/share/arm_controller/local_setup.bash
-- Symlinking: /home/utk/aura_ws/install/arm_controller/share/arm_controller/local_setup.sh
-- Symlinking: /home/utk/aura_ws/install/arm_controller/share/arm_controller/local_setup.zsh
-- Symlinking: /home/utk/aura_ws/install/arm_controller/share/arm_controller/local_setup.dsv
-- Symlinking: /home/utk/aura_ws/install/arm_controller/share/arm_controller/package.dsv
-- Symlinking: /home/utk/aura_ws/install/arm_controller/share/ament_index/resource_index/packages/arm_controller
-- Symlinking: /home/utk/aura_ws/install/arm_controller/share/arm_controller/cmake/arm_controllerConfig.cmake
-- Symlinking: /home/utk/aura_ws/install/arm_controller/share/arm_controller/cmake/arm_controllerConfig-version.cmake
-- Symlinking: /home/utk/aura_ws/install/arm_controller/share/arm_controller/package.xml
Listing '/home/utk/aura_ws/install/arm_controller/local/lib/python3.10/dist-packages/arm_controller'...
Compiling '/home/utk/aura_ws/install/arm_controller/local/lib/python3.10/dist-packages/arm_controller/__init__.py'...
Compiling '/home/utk/aura_ws/install/arm_controller/local/lib/python3.10/dist-packages/arm_controller/slider_control.py'...
