[0.041s] Invoking command in '/home/utk/aura_ws/build/arm_controller': CMAKE_PREFIX_PATH=${CMAKE_PREFIX_PATH}:/home/utk/bumperbot_ws/install/bumperbot_vision:/home/utk/bumperbot_ws/install/bumperbot_py_examples:/opt/ros/humble /usr/bin/cmake /home/utk/aura_ws/src/arm_controller -DAMENT_CMAKE_SYMLINK_INSTALL=1 -DCMAKE_INSTALL_PREFIX=/home/utk/aura_ws/install/arm_controller
[0.048s] -- Found ament_cmake: 1.3.11 (/opt/ros/humble/share/ament_cmake/cmake)
[0.150s] -- Override CMake install command with custom implementation using symlinks instead of copying resources
[0.155s] -- Found trajectory_msgs: 4.2.4 (/opt/ros/humble/share/trajectory_msgs/cmake)
[0.173s] -- Found rosidl_generator_c: 3.1.6 (/opt/ros/humble/share/rosidl_generator_c/cmake)
[0.175s] -- Found rosidl_adapter: 3.1.6 (/opt/ros/humble/share/rosidl_adapter/cmake)
[0.179s] -- Found rosidl_generator_cpp: 3.1.6 (/opt/ros/humble/share/rosidl_generator_cpp/cmake)
[0.187s] -- Using all available rosidl_typesupport_c: rosidl_typesupport_fastrtps_c;rosidl_typesupport_introspection_c
[0.196s] -- Using all available rosidl_typesupport_cpp: rosidl_typesupport_fastrtps_cpp;rosidl_typesupport_introspection_cpp
[0.241s] -- Found sensor_msgs: 4.2.4 (/opt/ros/humble/share/sensor_msgs/cmake)
[0.253s] -- Found rclpy: 3.3.15 (/opt/ros/humble/share/rclpy/cmake)
[0.253s] -- Found hardware_interface: 2.44.0 (/opt/ros/humble/share/hardware_interface/cmake)
[0.328s] -- Found rmw_implementation_cmake: 6.1.2 (/opt/ros/humble/share/rmw_implementation_cmake/cmake)
[0.329s] -- Found rmw_cyclonedds_cpp: 1.3.4 (/opt/ros/humble/share/rmw_cyclonedds_cpp/cmake)
[0.342s] -- Using RMW implementation 'rmw_cyclonedds_cpp' as default
[0.430s] -- Found ament_lint_auto: 0.12.11 (/opt/ros/humble/share/ament_lint_auto/cmake)
[0.500s] -- Added test 'flake8' to check Python code syntax and style conventions
[0.501s] -- Added test 'lint_cmake' to check CMake code style
[0.501s] -- Added test 'pep257' to check Python code against some of the docstring style conventions in PEP 257
[0.502s] -- Added test 'xmllint' to check XML markup files
[0.504s] -- Configuring done
[0.507s] -- Generating done
[0.509s] -- Build files have been written to: /home/utk/aura_ws/build/arm_controller
[0.515s] Invoked command in '/home/utk/aura_ws/build/arm_controller' returned '0': CMAKE_PREFIX_PATH=${CMAKE_PREFIX_PATH}:/home/utk/bumperbot_ws/install/bumperbot_vision:/home/utk/bumperbot_ws/install/bumperbot_py_examples:/opt/ros/humble /usr/bin/cmake /home/utk/aura_ws/src/arm_controller -DAMENT_CMAKE_SYMLINK_INSTALL=1 -DCMAKE_INSTALL_PREFIX=/home/utk/aura_ws/install/arm_controller
[0.517s] Invoking command in '/home/utk/aura_ws/build/arm_controller': CMAKE_PREFIX_PATH=${CMAKE_PREFIX_PATH}:/home/utk/bumperbot_ws/install/bumperbot_vision:/home/utk/bumperbot_ws/install/bumperbot_py_examples:/opt/ros/humble /usr/bin/cmake --build /home/utk/aura_ws/build/arm_controller -- -j16 -l16
[0.558s] Built target ament_cmake_python_symlink_arm_controller
[0.756s] running egg_info
[0.756s] creating arm_controller.egg-info
[0.756s] writing arm_controller.egg-info/PKG-INFO
[0.757s] writing dependency_links to arm_controller.egg-info/dependency_links.txt
[0.757s] writing top-level names to arm_controller.egg-info/top_level.txt
[0.757s] writing manifest file 'arm_controller.egg-info/SOURCES.txt'
[0.759s] reading manifest file 'arm_controller.egg-info/SOURCES.txt'
[0.760s] writing manifest file 'arm_controller.egg-info/SOURCES.txt'
[0.782s] Built target ament_cmake_python_build_arm_controller_egg
[0.790s] Invoked command in '/home/utk/aura_ws/build/arm_controller' returned '0': CMAKE_PREFIX_PATH=${CMAKE_PREFIX_PATH}:/home/utk/bumperbot_ws/install/bumperbot_vision:/home/utk/bumperbot_ws/install/bumperbot_py_examples:/opt/ros/humble /usr/bin/cmake --build /home/utk/aura_ws/build/arm_controller -- -j16 -l16
[0.792s] Invoking command in '/home/utk/aura_ws/build/arm_controller': CMAKE_PREFIX_PATH=${CMAKE_PREFIX_PATH}:/home/utk/bumperbot_ws/install/bumperbot_vision:/home/utk/bumperbot_ws/install/bumperbot_py_examples:/opt/ros/humble /usr/bin/cmake --install /home/utk/aura_ws/build/arm_controller
[0.797s] -- Install configuration: ""
[0.798s] -- Execute custom install script
[0.798s] -- Symlinking: /home/utk/aura_ws/install/arm_controller/share/arm_controller/environment/pythonpath.sh
[0.804s] -- Symlinking: /home/utk/aura_ws/install/arm_controller/share/arm_controller/environment/pythonpath.dsv
[0.810s] -- Symlinking: /home/utk/aura_ws/install/arm_controller/local/lib/python3.10/dist-packages/arm_controller-0.0.0-py3.10.egg-info/PKG-INFO
[0.816s] -- Symlinking: /home/utk/aura_ws/install/arm_controller/local/lib/python3.10/dist-packages/arm_controller-0.0.0-py3.10.egg-info/SOURCES.txt
[0.822s] -- Symlinking: /home/utk/aura_ws/install/arm_controller/local/lib/python3.10/dist-packages/arm_controller-0.0.0-py3.10.egg-info/dependency_links.txt
[0.828s] -- Symlinking: /home/utk/aura_ws/install/arm_controller/local/lib/python3.10/dist-packages/arm_controller-0.0.0-py3.10.egg-info/top_level.txt
[0.834s] -- Symlinking: /home/utk/aura_ws/install/arm_controller/local/lib/python3.10/dist-packages/arm_controller/__init__.py
[0.840s] -- Symlinking: /home/utk/aura_ws/install/arm_controller/local/lib/python3.10/dist-packages/arm_controller/slider_control.py
[0.846s] -- Symlinking: /home/utk/aura_ws/install/arm_controller/share/arm_controller/launch/controller.launch.py
[0.852s] -- Symlinking: /home/utk/aura_ws/install/arm_controller/share/arm_controller/launch/slider_controller.launch.py
[0.858s] -- Symlinking: /home/utk/aura_ws/install/arm_controller/share/arm_controller/config/arm_controllers.yaml
[0.864s] -- Symlinking: /home/utk/aura_ws/install/arm_controller/lib/arm_controller/slider_control.py
[0.872s] -- Symlinking: /home/utk/aura_ws/install/arm_controller/share/ament_index/resource_index/package_run_dependencies/arm_controller
[0.879s] -- Symlinking: /home/utk/aura_ws/install/arm_controller/share/ament_index/resource_index/parent_prefix_path/arm_controller
[0.885s] -- Symlinking: /home/utk/aura_ws/install/arm_controller/share/arm_controller/environment/ament_prefix_path.sh
[0.892s] -- Symlinking: /home/utk/aura_ws/install/arm_controller/share/arm_controller/environment/ament_prefix_path.dsv
[0.899s] -- Symlinking: /home/utk/aura_ws/install/arm_controller/share/arm_controller/environment/path.sh
[0.906s] -- Symlinking: /home/utk/aura_ws/install/arm_controller/share/arm_controller/environment/path.dsv
[0.914s] -- Symlinking: /home/utk/aura_ws/install/arm_controller/share/arm_controller/local_setup.bash
[0.921s] -- Symlinking: /home/utk/aura_ws/install/arm_controller/share/arm_controller/local_setup.sh
[0.928s] -- Symlinking: /home/utk/aura_ws/install/arm_controller/share/arm_controller/local_setup.zsh
[0.935s] -- Symlinking: /home/utk/aura_ws/install/arm_controller/share/arm_controller/local_setup.dsv
[0.943s] -- Symlinking: /home/utk/aura_ws/install/arm_controller/share/arm_controller/package.dsv
[0.950s] -- Symlinking: /home/utk/aura_ws/install/arm_controller/share/ament_index/resource_index/packages/arm_controller
[0.957s] -- Symlinking: /home/utk/aura_ws/install/arm_controller/share/arm_controller/cmake/arm_controllerConfig.cmake
[0.964s] -- Symlinking: /home/utk/aura_ws/install/arm_controller/share/arm_controller/cmake/arm_controllerConfig-version.cmake
[0.971s] -- Symlinking: /home/utk/aura_ws/install/arm_controller/share/arm_controller/package.xml
[1.003s] Listing '/home/utk/aura_ws/install/arm_controller/local/lib/python3.10/dist-packages/arm_controller'...
[1.003s] Compiling '/home/utk/aura_ws/install/arm_controller/local/lib/python3.10/dist-packages/arm_controller/__init__.py'...
[1.003s] Compiling '/home/utk/aura_ws/install/arm_controller/local/lib/python3.10/dist-packages/arm_controller/slider_control.py'...
[1.009s] Invoked command in '/home/utk/aura_ws/build/arm_controller' returned '0': CMAKE_PREFIX_PATH=${CMAKE_PREFIX_PATH}:/home/utk/bumperbot_ws/install/bumperbot_vision:/home/utk/bumperbot_ws/install/bumperbot_py_examples:/opt/ros/humble /usr/bin/cmake --install /home/utk/aura_ws/build/arm_controller
