[0.936s] Invoking command in '/home/utk/aura_ws/src/aura_vision': PYTHONPATH=/home/utk/aura_ws/build/aura_vision/prefix_override:/usr/lib/python3/dist-packages/colcon_core/task/python/colcon_distutils_commands:/home/utk/aura_ws/install/aura_vision/lib/python3.10/site-packages:${PYTHONPATH} /usr/bin/python3 -W ignore:setup.py install is deprecated -W ignore:easy_install command is deprecated setup.py egg_info --egg-base ../../build/aura_vision build --build-base /home/utk/aura_ws/build/aura_vision/build install --record /home/utk/aura_ws/build/aura_vision/install.log --single-version-externally-managed install_data
[1.176s] running egg_info
[1.176s] writing ../../build/aura_vision/aura_vision.egg-info/PKG-INFO
[1.177s] writing dependency_links to ../../build/aura_vision/aura_vision.egg-info/dependency_links.txt
[1.177s] writing entry points to ../../build/aura_vision/aura_vision.egg-info/entry_points.txt
[1.177s] writing requirements to ../../build/aura_vision/aura_vision.egg-info/requires.txt
[1.177s] writing top-level names to ../../build/aura_vision/aura_vision.egg-info/top_level.txt
[1.179s] reading manifest file '../../build/aura_vision/aura_vision.egg-info/SOURCES.txt'
[1.179s] writing manifest file '../../build/aura_vision/aura_vision.egg-info/SOURCES.txt'
[1.179s] running build
[1.179s] running build_py
[1.180s] running install
[1.180s] running install_lib
[1.181s] running install_data
[1.181s] running install_egg_info
[1.183s] removing '/home/utk/aura_ws/install/aura_vision/lib/python3.10/site-packages/aura_vision-0.0.0-py3.10.egg-info' (and everything under it)
[1.183s] Copying ../../build/aura_vision/aura_vision.egg-info to /home/utk/aura_ws/install/aura_vision/lib/python3.10/site-packages/aura_vision-0.0.0-py3.10.egg-info
[1.188s] running install_scripts
[1.208s] Installing homing script to /home/utk/aura_ws/install/aura_vision/lib/aura_vision
[1.208s] writing list of installed files to '/home/utk/aura_ws/build/aura_vision/install.log'
[1.232s] Invoked command in '/home/utk/aura_ws/src/aura_vision' returned '0': PYTHONPATH=/home/utk/aura_ws/build/aura_vision/prefix_override:/usr/lib/python3/dist-packages/colcon_core/task/python/colcon_distutils_commands:/home/utk/aura_ws/install/aura_vision/lib/python3.10/site-packages:${PYTHONPATH} /usr/bin/python3 -W ignore:setup.py install is deprecated -W ignore:easy_install command is deprecated setup.py egg_info --egg-base ../../build/aura_vision build --build-base /home/utk/aura_ws/build/aura_vision/build install --record /home/utk/aura_ws/build/aura_vision/install.log --single-version-externally-managed install_data
