[0.951s] Invoking command in '/home/utk/aura_ws/src/aura_script': PYTHONPATH=/home/utk/aura_ws/build/aura_script/prefix_override:/usr/lib/python3/dist-packages/colcon_core/task/python/colcon_distutils_commands:/home/utk/aura_ws/install/aura_script/lib/python3.10/site-packages:${PYTHONPATH} /usr/bin/python3 -W ignore:setup.py install is deprecated -W ignore:easy_install command is deprecated setup.py egg_info --egg-base ../../build/aura_script build --build-base /home/utk/aura_ws/build/aura_script/build install --record /home/utk/aura_ws/build/aura_script/install.log --single-version-externally-managed install_data
[1.236s] running egg_info
[1.237s] creating ../../build/aura_script/aura_script.egg-info
[1.237s] writing ../../build/aura_script/aura_script.egg-info/PKG-INFO
[1.237s] writing dependency_links to ../../build/aura_script/aura_script.egg-info/dependency_links.txt
[1.237s] writing entry points to ../../build/aura_script/aura_script.egg-info/entry_points.txt
[1.237s] writing requirements to ../../build/aura_script/aura_script.egg-info/requires.txt
[1.237s] writing top-level names to ../../build/aura_script/aura_script.egg-info/top_level.txt
[1.238s] writing manifest file '../../build/aura_script/aura_script.egg-info/SOURCES.txt'
[1.240s] reading manifest file '../../build/aura_script/aura_script.egg-info/SOURCES.txt'
[1.240s] writing manifest file '../../build/aura_script/aura_script.egg-info/SOURCES.txt'
[1.240s] running build
[1.240s] running build_py
[1.241s] creating /home/utk/aura_ws/build/aura_script/build
[1.241s] creating /home/utk/aura_ws/build/aura_script/build/lib
[1.241s] creating /home/utk/aura_ws/build/aura_script/build/lib/aura_script
[1.241s] copying aura_script/__init__.py -> /home/utk/aura_ws/build/aura_script/build/lib/aura_script
[1.241s] copying aura_script/task.py -> /home/utk/aura_ws/build/aura_script/build/lib/aura_script
[1.241s] running install
[1.241s] running install_lib
[1.242s] creating /home/utk/aura_ws/install/aura_script/lib/python3.10/site-packages/aura_script
[1.242s] copying /home/utk/aura_ws/build/aura_script/build/lib/aura_script/__init__.py -> /home/utk/aura_ws/install/aura_script/lib/python3.10/site-packages/aura_script
[1.242s] copying /home/utk/aura_ws/build/aura_script/build/lib/aura_script/task.py -> /home/utk/aura_ws/install/aura_script/lib/python3.10/site-packages/aura_script
[1.243s] byte-compiling /home/utk/aura_ws/install/aura_script/lib/python3.10/site-packages/aura_script/__init__.py to __init__.cpython-310.pyc
[1.243s] byte-compiling /home/utk/aura_ws/install/aura_script/lib/python3.10/site-packages/aura_script/task.py to task.cpython-310.pyc
[1.246s] running install_data
[1.246s] creating /home/utk/aura_ws/install/aura_script/share/ament_index
[1.246s] creating /home/utk/aura_ws/install/aura_script/share/ament_index/resource_index
[1.246s] creating /home/utk/aura_ws/install/aura_script/share/ament_index/resource_index/packages
[1.246s] copying resource/aura_script -> /home/utk/aura_ws/install/aura_script/share/ament_index/resource_index/packages
[1.246s] copying package.xml -> /home/utk/aura_ws/install/aura_script/share/aura_script
[1.246s] running install_egg_info
[1.248s] Copying ../../build/aura_script/aura_script.egg-info to /home/utk/aura_ws/install/aura_script/lib/python3.10/site-packages/aura_script-0.0.0-py3.10.egg-info
[1.249s] running install_scripts
[1.275s] Installing task script to /home/utk/aura_ws/install/aura_script/lib/aura_script
[1.276s] writing list of installed files to '/home/utk/aura_ws/build/aura_script/install.log'
[1.305s] Invoked command in '/home/utk/aura_ws/src/aura_script' returned '0': PYTHONPATH=/home/utk/aura_ws/build/aura_script/prefix_override:/usr/lib/python3/dist-packages/colcon_core/task/python/colcon_distutils_commands:/home/utk/aura_ws/install/aura_script/lib/python3.10/site-packages:${PYTHONPATH} /usr/bin/python3 -W ignore:setup.py install is deprecated -W ignore:easy_install command is deprecated setup.py egg_info --egg-base ../../build/aura_script build --build-base /home/utk/aura_ws/build/aura_script/build install --record /home/utk/aura_ws/build/aura_script/install.log --single-version-externally-managed install_data
