running develop
running egg_info
creating aura_script.egg-info
writing aura_script.egg-info/PKG-INFO
writing dependency_links to aura_script.egg-info/dependency_links.txt
writing entry points to aura_script.egg-info/entry_points.txt
writing requirements to aura_script.egg-info/requires.txt
writing top-level names to aura_script.egg-info/top_level.txt
writing manifest file 'aura_script.egg-info/SOURCES.txt'
reading manifest file 'aura_script.egg-info/SOURCES.txt'
writing manifest file 'aura_script.egg-info/SOURCES.txt'
running build_ext
Creating /home/utk/aura_ws/install/aura_script/lib/python3.10/site-packages/aura-script.egg-link (link to .)

Installed /home/utk/aura_ws/build/aura_script
running symlink_data
creating /home/utk/aura_ws/install/aura_script/share/ament_index
creating /home/utk/aura_ws/install/aura_script/share/ament_index/resource_index
creating /home/utk/aura_ws/install/aura_script/share/ament_index/resource_index/packages
symbolically linking /home/utk/aura_ws/build/aura_script/resource/aura_script -> /home/utk/aura_ws/install/aura_script/share/ament_index/resource_index/packages
symbolically linking /home/utk/aura_ws/build/aura_script/package.xml -> /home/utk/aura_ws/install/aura_script/share/aura_script
