[0.863s] Invoking command in '/home/utk/aura_ws/src/aura_script': PYTHONPATH=/home/utk/aura_ws/build/aura_script/prefix_override:/usr/lib/python3/dist-packages/colcon_core/task/python/colcon_distutils_commands:/home/utk/aura_ws/install/aura_script/lib/python3.10/site-packages:${PYTHONPATH} /usr/bin/python3 -W ignore:setup.py install is deprecated -W ignore:easy_install command is deprecated setup.py egg_info --egg-base ../../build/aura_script build --build-base /home/utk/aura_ws/build/aura_script/build install --record /home/utk/aura_ws/build/aura_script/install.log --single-version-externally-managed install_data
[1.072s] running egg_info
[1.072s] writing ../../build/aura_script/aura_script.egg-info/PKG-INFO
[1.072s] writing dependency_links to ../../build/aura_script/aura_script.egg-info/dependency_links.txt
[1.072s] writing entry points to ../../build/aura_script/aura_script.egg-info/entry_points.txt
[1.072s] writing requirements to ../../build/aura_script/aura_script.egg-info/requires.txt
[1.072s] writing top-level names to ../../build/aura_script/aura_script.egg-info/top_level.txt
[1.074s] reading manifest file '../../build/aura_script/aura_script.egg-info/SOURCES.txt'
[1.074s] writing manifest file '../../build/aura_script/aura_script.egg-info/SOURCES.txt'
[1.074s] running build
[1.074s] running build_py
[1.074s] copying aura_script/task.py -> /home/utk/aura_ws/build/aura_script/build/lib/aura_script
[1.075s] running install
[1.075s] running install_lib
[1.075s] copying /home/utk/aura_ws/build/aura_script/build/lib/aura_script/task.py -> /home/utk/aura_ws/install/aura_script/lib/python3.10/site-packages/aura_script
[1.076s] byte-compiling /home/utk/aura_ws/install/aura_script/lib/python3.10/site-packages/aura_script/task.py to task.cpython-310.pyc
[1.078s] running install_data
[1.078s] running install_egg_info
[1.080s] removing '/home/utk/aura_ws/install/aura_script/lib/python3.10/site-packages/aura_script-0.0.0-py3.10.egg-info' (and everything under it)
[1.080s] Copying ../../build/aura_script/aura_script.egg-info to /home/utk/aura_ws/install/aura_script/lib/python3.10/site-packages/aura_script-0.0.0-py3.10.egg-info
[1.080s] running install_scripts
[1.097s] Installing task script to /home/utk/aura_ws/install/aura_script/lib/aura_script
[1.097s] writing list of installed files to '/home/utk/aura_ws/build/aura_script/install.log'
[1.117s] Invoked command in '/home/utk/aura_ws/src/aura_script' returned '0': PYTHONPATH=/home/utk/aura_ws/build/aura_script/prefix_override:/usr/lib/python3/dist-packages/colcon_core/task/python/colcon_distutils_commands:/home/utk/aura_ws/install/aura_script/lib/python3.10/site-packages:${PYTHONPATH} /usr/bin/python3 -W ignore:setup.py install is deprecated -W ignore:easy_install command is deprecated setup.py egg_info --egg-base ../../build/aura_script build --build-base /home/utk/aura_ws/build/aura_script/build install --record /home/utk/aura_ws/build/aura_script/install.log --single-version-externally-managed install_data
