[0.798s] Invoking command in '/home/utk/aura_ws/src/aura_script': PYTHONPATH=/home/utk/aura_ws/build/aura_script/prefix_override:/usr/lib/python3/dist-packages/colcon_core/task/python/colcon_distutils_commands:/home/utk/aura_ws/install/aura_script/lib/python3.10/site-packages:${PYTHONPATH} /usr/bin/python3 -W ignore:setup.py install is deprecated -W ignore:easy_install command is deprecated setup.py egg_info --egg-base ../../build/aura_script build --build-base /home/utk/aura_ws/build/aura_script/build install --record /home/utk/aura_ws/build/aura_script/install.log --single-version-externally-managed install_data
[0.996s] running egg_info
[0.997s] writing ../../build/aura_script/aura_script.egg-info/PKG-INFO
[0.997s] writing dependency_links to ../../build/aura_script/aura_script.egg-info/dependency_links.txt
[0.997s] writing entry points to ../../build/aura_script/aura_script.egg-info/entry_points.txt
[0.997s] writing requirements to ../../build/aura_script/aura_script.egg-info/requires.txt
[0.998s] writing top-level names to ../../build/aura_script/aura_script.egg-info/top_level.txt
[0.999s] reading manifest file '../../build/aura_script/aura_script.egg-info/SOURCES.txt'
[0.999s] writing manifest file '../../build/aura_script/aura_script.egg-info/SOURCES.txt'
[1.000s] running build
[1.000s] running build_py
[1.000s] running install
[1.000s] running install_lib
[1.001s] running install_data
[1.001s] running install_egg_info
[1.003s] removing '/home/utk/aura_ws/install/aura_script/lib/python3.10/site-packages/aura_script-0.0.0-py3.10.egg-info' (and everything under it)
[1.003s] Copying ../../build/aura_script/aura_script.egg-info to /home/utk/aura_ws/install/aura_script/lib/python3.10/site-packages/aura_script-0.0.0-py3.10.egg-info
[1.003s] running install_scripts
[1.020s] Installing task script to /home/utk/aura_ws/install/aura_script/lib/aura_script
[1.020s] writing list of installed files to '/home/utk/aura_ws/build/aura_script/install.log'
[1.037s] Invoked command in '/home/utk/aura_ws/src/aura_script' returned '0': PYTHONPATH=/home/utk/aura_ws/build/aura_script/prefix_override:/usr/lib/python3/dist-packages/colcon_core/task/python/colcon_distutils_commands:/home/utk/aura_ws/install/aura_script/lib/python3.10/site-packages:${PYTHONPATH} /usr/bin/python3 -W ignore:setup.py install is deprecated -W ignore:easy_install command is deprecated setup.py egg_info --egg-base ../../build/aura_script build --build-base /home/utk/aura_ws/build/aura_script/build install --record /home/utk/aura_ws/build/aura_script/install.log --single-version-externally-managed install_data
