[  3%] Built target aura_msgs__cpp
[ 12%] Built target aura_msgs__rosidl_generator_c
[ 12%] Built target ament_cmake_python_copy_aura_msgs
[ 22%] Built target aura_msgs__rosidl_typesupport_cpp
[ 32%] Built target aura_msgs__rosidl_typesupport_fastrtps_cpp
[ 45%] Built target aura_msgs__rosidl_typesupport_introspection_c
[ 51%] Built target aura_msgs__rosidl_typesupport_introspection_cpp
[ 61%] Built target aura_msgs__rosidl_typesupport_c
[ 70%] Built target aura_msgs__rosidl_typesupport_fastrtps_c
[ 70%] Built target aura_msgs
[ 74%] Built target aura_msgs__py
[ 80%] Built target aura_msgs__rosidl_generator_py
[100%] Built target aura_msgs__rosidl_typesupport_c__pyext
[100%] Built target aura_msgs__rosidl_typesupport_introspection_c__pyext
[100%] Built target aura_msgs__rosidl_typesupport_fastrtps_c__pyext
running egg_info
writing aura_msgs.egg-info/PKG-INFO
writing dependency_links to aura_msgs.egg-info/dependency_links.txt
writing top-level names to aura_msgs.egg-info/top_level.txt
reading manifest file 'aura_msgs.egg-info/SOURCES.txt'
writing manifest file 'aura_msgs.egg-info/SOURCES.txt'
[100%] Built target ament_cmake_python_build_aura_msgs_egg
-- Install configuration: ""
-- Up-to-date: /home/utk/aura_ws/install/aura_msgs/share/ament_index/resource_index/rosidl_interfaces/aura_msgs
-- Up-to-date: /home/utk/aura_ws/install/aura_msgs/include/aura_msgs/aura_msgs
-- Up-to-date: /home/utk/aura_ws/install/aura_msgs/include/aura_msgs/aura_msgs/msg
-- Up-to-date: /home/utk/aura_ws/install/aura_msgs/include/aura_msgs/aura_msgs/msg/rosidl_generator_c__visibility_control.h
-- Up-to-date: /home/utk/aura_ws/install/aura_msgs/include/aura_msgs/aura_msgs/action
-- Up-to-date: /home/utk/aura_ws/install/aura_msgs/include/aura_msgs/aura_msgs/action/aura_task.h
-- Up-to-date: /home/utk/aura_ws/install/aura_msgs/include/aura_msgs/aura_msgs/action/detail
-- Up-to-date: /home/utk/aura_ws/install/aura_msgs/include/aura_msgs/aura_msgs/action/detail/aura_task__struct.h
-- Up-to-date: /home/utk/aura_ws/install/aura_msgs/include/aura_msgs/aura_msgs/action/detail/aura_task__functions.c
-- Up-to-date: /home/utk/aura_ws/install/aura_msgs/include/aura_msgs/aura_msgs/action/detail/aura_task__type_support.h
-- Up-to-date: /home/utk/aura_ws/install/aura_msgs/include/aura_msgs/aura_msgs/action/detail/aura_task__functions.h
-- Up-to-date: /home/utk/aura_ws/install/aura_msgs/share/aura_msgs/environment/library_path.sh
-- Up-to-date: /home/utk/aura_ws/install/aura_msgs/share/aura_msgs/environment/library_path.dsv
-- Up-to-date: /home/utk/aura_ws/install/aura_msgs/lib/libaura_msgs__rosidl_generator_c.so
-- Up-to-date: /home/utk/aura_ws/install/aura_msgs/include/aura_msgs/aura_msgs
-- Up-to-date: /home/utk/aura_ws/install/aura_msgs/include/aura_msgs/aura_msgs/msg
-- Up-to-date: /home/utk/aura_ws/install/aura_msgs/include/aura_msgs/aura_msgs/msg/rosidl_typesupport_fastrtps_c__visibility_control.h
-- Up-to-date: /home/utk/aura_ws/install/aura_msgs/include/aura_msgs/aura_msgs/action
-- Up-to-date: /home/utk/aura_ws/install/aura_msgs/include/aura_msgs/aura_msgs/action/detail
-- Up-to-date: /home/utk/aura_ws/install/aura_msgs/include/aura_msgs/aura_msgs/action/detail/aura_task__rosidl_typesupport_fastrtps_c.h
-- Up-to-date: /home/utk/aura_ws/install/aura_msgs/lib/libaura_msgs__rosidl_typesupport_fastrtps_c.so
-- Up-to-date: /home/utk/aura_ws/install/aura_msgs/include/aura_msgs/aura_msgs
-- Up-to-date: /home/utk/aura_ws/install/aura_msgs/include/aura_msgs/aura_msgs/msg
-- Up-to-date: /home/utk/aura_ws/install/aura_msgs/include/aura_msgs/aura_msgs/msg/rosidl_generator_cpp__visibility_control.hpp
-- Up-to-date: /home/utk/aura_ws/install/aura_msgs/include/aura_msgs/aura_msgs/action
-- Up-to-date: /home/utk/aura_ws/install/aura_msgs/include/aura_msgs/aura_msgs/action/detail
-- Up-to-date: /home/utk/aura_ws/install/aura_msgs/include/aura_msgs/aura_msgs/action/detail/aura_task__type_support.hpp
-- Up-to-date: /home/utk/aura_ws/install/aura_msgs/include/aura_msgs/aura_msgs/action/detail/aura_task__builder.hpp
-- Up-to-date: /home/utk/aura_ws/install/aura_msgs/include/aura_msgs/aura_msgs/action/detail/aura_task__traits.hpp
-- Up-to-date: /home/utk/aura_ws/install/aura_msgs/include/aura_msgs/aura_msgs/action/detail/aura_task__struct.hpp
-- Up-to-date: /home/utk/aura_ws/install/aura_msgs/include/aura_msgs/aura_msgs/action/aura_task.hpp
-- Up-to-date: /home/utk/aura_ws/install/aura_msgs/include/aura_msgs/aura_msgs
-- Up-to-date: /home/utk/aura_ws/install/aura_msgs/include/aura_msgs/aura_msgs/msg
-- Up-to-date: /home/utk/aura_ws/install/aura_msgs/include/aura_msgs/aura_msgs/msg/rosidl_typesupport_fastrtps_cpp__visibility_control.h
-- Up-to-date: /home/utk/aura_ws/install/aura_msgs/include/aura_msgs/aura_msgs/action
-- Up-to-date: /home/utk/aura_ws/install/aura_msgs/include/aura_msgs/aura_msgs/action/detail
-- Up-to-date: /home/utk/aura_ws/install/aura_msgs/include/aura_msgs/aura_msgs/action/detail/aura_task__rosidl_typesupport_fastrtps_cpp.hpp
-- Up-to-date: /home/utk/aura_ws/install/aura_msgs/include/aura_msgs/aura_msgs/action/detail/dds_fastrtps
-- Up-to-date: /home/utk/aura_ws/install/aura_msgs/lib/libaura_msgs__rosidl_typesupport_fastrtps_cpp.so
-- Up-to-date: /home/utk/aura_ws/install/aura_msgs/include/aura_msgs/aura_msgs
-- Up-to-date: /home/utk/aura_ws/install/aura_msgs/include/aura_msgs/aura_msgs/msg
-- Up-to-date: /home/utk/aura_ws/install/aura_msgs/include/aura_msgs/aura_msgs/msg/rosidl_typesupport_introspection_c__visibility_control.h
-- Up-to-date: /home/utk/aura_ws/install/aura_msgs/include/aura_msgs/aura_msgs/action
-- Up-to-date: /home/utk/aura_ws/install/aura_msgs/include/aura_msgs/aura_msgs/action/detail
-- Up-to-date: /home/utk/aura_ws/install/aura_msgs/include/aura_msgs/aura_msgs/action/detail/aura_task__type_support.c
-- Up-to-date: /home/utk/aura_ws/install/aura_msgs/include/aura_msgs/aura_msgs/action/detail/aura_task__rosidl_typesupport_introspection_c.h
-- Up-to-date: /home/utk/aura_ws/install/aura_msgs/lib/libaura_msgs__rosidl_typesupport_introspection_c.so
-- Up-to-date: /home/utk/aura_ws/install/aura_msgs/lib/libaura_msgs__rosidl_typesupport_c.so
-- Up-to-date: /home/utk/aura_ws/install/aura_msgs/include/aura_msgs/aura_msgs
-- Up-to-date: /home/utk/aura_ws/install/aura_msgs/include/aura_msgs/aura_msgs/action
-- Up-to-date: /home/utk/aura_ws/install/aura_msgs/include/aura_msgs/aura_msgs/action/detail
-- Up-to-date: /home/utk/aura_ws/install/aura_msgs/include/aura_msgs/aura_msgs/action/detail/aura_task__rosidl_typesupport_introspection_cpp.hpp
-- Up-to-date: /home/utk/aura_ws/install/aura_msgs/include/aura_msgs/aura_msgs/action/detail/aura_task__type_support.cpp
-- Up-to-date: /home/utk/aura_ws/install/aura_msgs/lib/libaura_msgs__rosidl_typesupport_introspection_cpp.so
-- Up-to-date: /home/utk/aura_ws/install/aura_msgs/lib/libaura_msgs__rosidl_typesupport_cpp.so
-- Up-to-date: /home/utk/aura_ws/install/aura_msgs/share/aura_msgs/environment/pythonpath.sh
-- Up-to-date: /home/utk/aura_ws/install/aura_msgs/share/aura_msgs/environment/pythonpath.dsv
-- Up-to-date: /home/utk/aura_ws/install/aura_msgs/local/lib/python3.10/dist-packages/aura_msgs-0.0.0-py3.10.egg-info
-- Installing: /home/utk/aura_ws/install/aura_msgs/local/lib/python3.10/dist-packages/aura_msgs-0.0.0-py3.10.egg-info/top_level.txt
-- Installing: /home/utk/aura_ws/install/aura_msgs/local/lib/python3.10/dist-packages/aura_msgs-0.0.0-py3.10.egg-info/dependency_links.txt
-- Installing: /home/utk/aura_ws/install/aura_msgs/local/lib/python3.10/dist-packages/aura_msgs-0.0.0-py3.10.egg-info/SOURCES.txt
-- Installing: /home/utk/aura_ws/install/aura_msgs/local/lib/python3.10/dist-packages/aura_msgs-0.0.0-py3.10.egg-info/PKG-INFO
-- Up-to-date: /home/utk/aura_ws/install/aura_msgs/local/lib/python3.10/dist-packages/aura_msgs
-- Up-to-date: /home/utk/aura_ws/install/aura_msgs/local/lib/python3.10/dist-packages/aura_msgs/__init__.py
-- Up-to-date: /home/utk/aura_ws/install/aura_msgs/local/lib/python3.10/dist-packages/aura_msgs/_aura_msgs_s.ep.rosidl_typesupport_c.c
-- Up-to-date: /home/utk/aura_ws/install/aura_msgs/local/lib/python3.10/dist-packages/aura_msgs/libaura_msgs__rosidl_generator_py.so
-- Up-to-date: /home/utk/aura_ws/install/aura_msgs/local/lib/python3.10/dist-packages/aura_msgs/_aura_msgs_s.ep.rosidl_typesupport_fastrtps_c.c
-- Up-to-date: /home/utk/aura_ws/install/aura_msgs/local/lib/python3.10/dist-packages/aura_msgs/action
-- Up-to-date: /home/utk/aura_ws/install/aura_msgs/local/lib/python3.10/dist-packages/aura_msgs/action/__init__.py
-- Up-to-date: /home/utk/aura_ws/install/aura_msgs/local/lib/python3.10/dist-packages/aura_msgs/action/_aura_task.py
-- Up-to-date: /home/utk/aura_ws/install/aura_msgs/local/lib/python3.10/dist-packages/aura_msgs/action/_aura_task_s.c
-- Up-to-date: /home/utk/aura_ws/install/aura_msgs/local/lib/python3.10/dist-packages/aura_msgs/_aura_msgs_s.ep.rosidl_typesupport_introspection_c.c
-- Up-to-date: /home/utk/aura_ws/install/aura_msgs/local/lib/python3.10/dist-packages/aura_msgs/aura_msgs_s__rosidl_typesupport_c.cpython-310-x86_64-linux-gnu.so
-- Up-to-date: /home/utk/aura_ws/install/aura_msgs/local/lib/python3.10/dist-packages/aura_msgs/aura_msgs_s__rosidl_typesupport_fastrtps_c.cpython-310-x86_64-linux-gnu.so
-- Up-to-date: /home/utk/aura_ws/install/aura_msgs/local/lib/python3.10/dist-packages/aura_msgs/aura_msgs_s__rosidl_typesupport_introspection_c.cpython-310-x86_64-linux-gnu.so
Listing '/home/utk/aura_ws/install/aura_msgs/local/lib/python3.10/dist-packages/aura_msgs'...
Listing '/home/utk/aura_ws/install/aura_msgs/local/lib/python3.10/dist-packages/aura_msgs/action'...
-- Up-to-date: /home/utk/aura_ws/install/aura_msgs/local/lib/python3.10/dist-packages/aura_msgs/aura_msgs_s__rosidl_typesupport_fastrtps_c.cpython-310-x86_64-linux-gnu.so
-- Up-to-date: /home/utk/aura_ws/install/aura_msgs/local/lib/python3.10/dist-packages/aura_msgs/aura_msgs_s__rosidl_typesupport_introspection_c.cpython-310-x86_64-linux-gnu.so
-- Up-to-date: /home/utk/aura_ws/install/aura_msgs/local/lib/python3.10/dist-packages/aura_msgs/aura_msgs_s__rosidl_typesupport_c.cpython-310-x86_64-linux-gnu.so
-- Up-to-date: /home/utk/aura_ws/install/aura_msgs/lib/libaura_msgs__rosidl_generator_py.so
-- Up-to-date: /home/utk/aura_ws/install/aura_msgs/share/aura_msgs/action/AuraTask.idl
-- Up-to-date: /home/utk/aura_ws/install/aura_msgs/share/aura_msgs/action/AuraTask.action
-- Up-to-date: /home/utk/aura_ws/install/aura_msgs/share/ament_index/resource_index/package_run_dependencies/aura_msgs
-- Up-to-date: /home/utk/aura_ws/install/aura_msgs/share/ament_index/resource_index/parent_prefix_path/aura_msgs
-- Up-to-date: /home/utk/aura_ws/install/aura_msgs/share/aura_msgs/environment/ament_prefix_path.sh
-- Up-to-date: /home/utk/aura_ws/install/aura_msgs/share/aura_msgs/environment/ament_prefix_path.dsv
-- Up-to-date: /home/utk/aura_ws/install/aura_msgs/share/aura_msgs/environment/path.sh
-- Up-to-date: /home/utk/aura_ws/install/aura_msgs/share/aura_msgs/environment/path.dsv
-- Up-to-date: /home/utk/aura_ws/install/aura_msgs/share/aura_msgs/local_setup.bash
-- Up-to-date: /home/utk/aura_ws/install/aura_msgs/share/aura_msgs/local_setup.sh
-- Up-to-date: /home/utk/aura_ws/install/aura_msgs/share/aura_msgs/local_setup.zsh
-- Up-to-date: /home/utk/aura_ws/install/aura_msgs/share/aura_msgs/local_setup.dsv
-- Installing: /home/utk/aura_ws/install/aura_msgs/share/aura_msgs/package.dsv
-- Up-to-date: /home/utk/aura_ws/install/aura_msgs/share/ament_index/resource_index/packages/aura_msgs
-- Up-to-date: /home/utk/aura_ws/install/aura_msgs/share/aura_msgs/cmake/export_aura_msgs__rosidl_generator_cExport.cmake
-- Up-to-date: /home/utk/aura_ws/install/aura_msgs/share/aura_msgs/cmake/export_aura_msgs__rosidl_generator_cExport-noconfig.cmake
-- Up-to-date: /home/utk/aura_ws/install/aura_msgs/share/aura_msgs/cmake/export_aura_msgs__rosidl_typesupport_fastrtps_cExport.cmake
-- Up-to-date: /home/utk/aura_ws/install/aura_msgs/share/aura_msgs/cmake/export_aura_msgs__rosidl_typesupport_fastrtps_cExport-noconfig.cmake
-- Up-to-date: /home/utk/aura_ws/install/aura_msgs/share/aura_msgs/cmake/export_aura_msgs__rosidl_generator_cppExport.cmake
-- Up-to-date: /home/utk/aura_ws/install/aura_msgs/share/aura_msgs/cmake/export_aura_msgs__rosidl_typesupport_fastrtps_cppExport.cmake
-- Up-to-date: /home/utk/aura_ws/install/aura_msgs/share/aura_msgs/cmake/export_aura_msgs__rosidl_typesupport_fastrtps_cppExport-noconfig.cmake
-- Up-to-date: /home/utk/aura_ws/install/aura_msgs/share/aura_msgs/cmake/aura_msgs__rosidl_typesupport_introspection_cExport.cmake
-- Up-to-date: /home/utk/aura_ws/install/aura_msgs/share/aura_msgs/cmake/aura_msgs__rosidl_typesupport_introspection_cExport-noconfig.cmake
-- Up-to-date: /home/utk/aura_ws/install/aura_msgs/share/aura_msgs/cmake/aura_msgs__rosidl_typesupport_cExport.cmake
-- Up-to-date: /home/utk/aura_ws/install/aura_msgs/share/aura_msgs/cmake/aura_msgs__rosidl_typesupport_cExport-noconfig.cmake
-- Up-to-date: /home/utk/aura_ws/install/aura_msgs/share/aura_msgs/cmake/aura_msgs__rosidl_typesupport_introspection_cppExport.cmake
-- Up-to-date: /home/utk/aura_ws/install/aura_msgs/share/aura_msgs/cmake/aura_msgs__rosidl_typesupport_introspection_cppExport-noconfig.cmake
-- Up-to-date: /home/utk/aura_ws/install/aura_msgs/share/aura_msgs/cmake/aura_msgs__rosidl_typesupport_cppExport.cmake
-- Up-to-date: /home/utk/aura_ws/install/aura_msgs/share/aura_msgs/cmake/aura_msgs__rosidl_typesupport_cppExport-noconfig.cmake
-- Up-to-date: /home/utk/aura_ws/install/aura_msgs/share/aura_msgs/cmake/export_aura_msgs__rosidl_generator_pyExport.cmake
-- Up-to-date: /home/utk/aura_ws/install/aura_msgs/share/aura_msgs/cmake/export_aura_msgs__rosidl_generator_pyExport-noconfig.cmake
-- Up-to-date: /home/utk/aura_ws/install/aura_msgs/share/aura_msgs/cmake/rosidl_cmake-extras.cmake
-- Up-to-date: /home/utk/aura_ws/install/aura_msgs/share/aura_msgs/cmake/ament_cmake_export_dependencies-extras.cmake
-- Up-to-date: /home/utk/aura_ws/install/aura_msgs/share/aura_msgs/cmake/ament_cmake_export_include_directories-extras.cmake
-- Up-to-date: /home/utk/aura_ws/install/aura_msgs/share/aura_msgs/cmake/ament_cmake_export_libraries-extras.cmake
-- Up-to-date: /home/utk/aura_ws/install/aura_msgs/share/aura_msgs/cmake/ament_cmake_export_targets-extras.cmake
-- Up-to-date: /home/utk/aura_ws/install/aura_msgs/share/aura_msgs/cmake/rosidl_cmake_export_typesupport_targets-extras.cmake
-- Up-to-date: /home/utk/aura_ws/install/aura_msgs/share/aura_msgs/cmake/rosidl_cmake_export_typesupport_libraries-extras.cmake
-- Up-to-date: /home/utk/aura_ws/install/aura_msgs/share/aura_msgs/cmake/aura_msgsConfig.cmake
-- Up-to-date: /home/utk/aura_ws/install/aura_msgs/share/aura_msgs/cmake/aura_msgsConfig-version.cmake
-- Up-to-date: /home/utk/aura_ws/install/aura_msgs/share/aura_msgs/package.xml
