running develop
running egg_info
creating aura_vision.egg-info
writing aura_vision.egg-info/PKG-INFO
writing dependency_links to aura_vision.egg-info/dependency_links.txt
writing entry points to aura_vision.egg-info/entry_points.txt
writing requirements to aura_vision.egg-info/requires.txt
writing top-level names to aura_vision.egg-info/top_level.txt
writing manifest file 'aura_vision.egg-info/SOURCES.txt'
reading manifest file 'aura_vision.egg-info/SOURCES.txt'
writing manifest file 'aura_vision.egg-info/SOURCES.txt'
running build_ext
Creating /home/utk/aura_ws/install/aura_vision/lib/python3.10/site-packages/aura-vision.egg-link (link to .)

Installed /home/utk/aura_ws/build/aura_vision
running symlink_data
creating /home/utk/aura_ws/install/aura_vision/share/ament_index
creating /home/utk/aura_ws/install/aura_vision/share/ament_index/resource_index
creating /home/utk/aura_ws/install/aura_vision/share/ament_index/resource_index/packages
symbolically linking /home/utk/aura_ws/build/aura_vision/resource/aura_vision -> /home/utk/aura_ws/install/aura_vision/share/ament_index/resource_index/packages
symbolically linking /home/utk/aura_ws/build/aura_vision/package.xml -> /home/utk/aura_ws/install/aura_vision/share/aura_vision
