[0.711s] Invoking command in '/home/utk/aura_ws/build/aura_vision': PYTHONPATH=/home/utk/aura_ws/build/aura_vision/prefix_override:/usr/lib/python3/dist-packages/colcon_core/task/python/colcon_distutils_commands:/home/utk/aura_ws/install/aura_vision/lib/python3.10/site-packages:${PYTHONPATH} /usr/bin/python3 -W ignore:setup.py install is deprecated -W ignore:easy_install command is deprecated setup.py develop --editable --build-directory /home/utk/aura_ws/build/aura_vision/build --no-deps symlink_data
[0.892s] running develop
[1.013s] running egg_info
[1.013s] creating aura_vision.egg-info
[1.014s] writing aura_vision.egg-info/PKG-INFO
[1.014s] writing dependency_links to aura_vision.egg-info/dependency_links.txt
[1.014s] writing entry points to aura_vision.egg-info/entry_points.txt
[1.014s] writing requirements to aura_vision.egg-info/requires.txt
[1.014s] writing top-level names to aura_vision.egg-info/top_level.txt
[1.014s] writing manifest file 'aura_vision.egg-info/SOURCES.txt'
[1.026s] reading manifest file 'aura_vision.egg-info/SOURCES.txt'
[1.026s] writing manifest file 'aura_vision.egg-info/SOURCES.txt'
[1.027s] running build_ext
[1.027s] Creating /home/utk/aura_ws/install/aura_vision/lib/python3.10/site-packages/aura-vision.egg-link (link to .)
[1.028s] 
[1.028s] Installed /home/utk/aura_ws/build/aura_vision
[1.028s] running symlink_data
[1.028s] creating /home/utk/aura_ws/install/aura_vision/share/ament_index
[1.028s] creating /home/utk/aura_ws/install/aura_vision/share/ament_index/resource_index
[1.028s] creating /home/utk/aura_ws/install/aura_vision/share/ament_index/resource_index/packages
[1.028s] symbolically linking /home/utk/aura_ws/build/aura_vision/resource/aura_vision -> /home/utk/aura_ws/install/aura_vision/share/ament_index/resource_index/packages
[1.028s] symbolically linking /home/utk/aura_ws/build/aura_vision/package.xml -> /home/utk/aura_ws/install/aura_vision/share/aura_vision
[1.048s] Invoked command in '/home/utk/aura_ws/build/aura_vision' returned '0': PYTHONPATH=/home/utk/aura_ws/build/aura_vision/prefix_override:/usr/lib/python3/dist-packages/colcon_core/task/python/colcon_distutils_commands:/home/utk/aura_ws/install/aura_vision/lib/python3.10/site-packages:${PYTHONPATH} /usr/bin/python3 -W ignore:setup.py install is deprecated -W ignore:easy_install command is deprecated setup.py develop --editable --build-directory /home/utk/aura_ws/build/aura_vision/build --no-deps symlink_data
