[0.046s] Invoking command in '/home/utk/aura_ws/build/aura_description': CMAKE_PREFIX_PATH=${CMAKE_PREFIX_PATH}:/home/utk/aura_ws/install/aura_vision:/home/utk/aura_ws/install/aura_script:/home/utk/bumperbot_ws/install/bumperbot_vision:/home/utk/bumperbot_ws/install/bumperbot_py_examples:/opt/ros/humble /usr/bin/cmake --build /home/utk/aura_ws/build/aura_description -- -j16 -l16
[0.473s] Invoked command in '/home/utk/aura_ws/build/aura_description' returned '0': CMAKE_PREFIX_PATH=${CMAKE_PREFIX_PATH}:/home/utk/aura_ws/install/aura_vision:/home/utk/aura_ws/install/aura_script:/home/utk/bumperbot_ws/install/bumperbot_vision:/home/utk/bumperbot_ws/install/bumperbot_py_examples:/opt/ros/humble /usr/bin/cmake --build /home/utk/aura_ws/build/aura_description -- -j16 -l16
[0.489s] Invoking command in '/home/utk/aura_ws/build/aura_description': CMAKE_PREFIX_PATH=${CMAKE_PREFIX_PATH}:/home/utk/aura_ws/install/aura_vision:/home/utk/aura_ws/install/aura_script:/home/utk/bumperbot_ws/install/bumperbot_vision:/home/utk/bumperbot_ws/install/bumperbot_py_examples:/opt/ros/humble /usr/bin/cmake --install /home/utk/aura_ws/build/aura_description
[0.856s] -- Install configuration: ""
[0.857s] -- Execute custom install script
[0.857s] -- Up-to-date symlink: /home/utk/aura_ws/install/aura_description/share/aura_description/launch/display.launch.py
[0.857s] -- Up-to-date symlink: /home/utk/aura_ws/install/aura_description/share/aura_description/launch/gazebo.launch.py
[0.857s] -- Up-to-date symlink: /home/utk/aura_ws/install/aura_description/share/aura_description/meshes/arm_base.stl
[0.857s] -- Up-to-date symlink: /home/utk/aura_ws/install/aura_description/share/aura_description/meshes/arm_lower.stl
[0.858s] -- Up-to-date symlink: /home/utk/aura_ws/install/aura_description/share/aura_description/meshes/arm_stand.stl
[0.858s] -- Up-to-date symlink: /home/utk/aura_ws/install/aura_description/share/aura_description/meshes/arm_upper.stl
[0.858s] -- Up-to-date symlink: /home/utk/aura_ws/install/aura_description/share/aura_description/meshes/back_castor.stl
[0.858s] -- Up-to-date symlink: /home/utk/aura_ws/install/aura_description/share/aura_description/meshes/base_link.stl
[0.858s] -- Up-to-date symlink: /home/utk/aura_ws/install/aura_description/share/aura_description/meshes/camera.stl
[0.858s] -- Up-to-date symlink: /home/utk/aura_ws/install/aura_description/share/aura_description/meshes/end_effector.stl
[0.858s] -- Up-to-date symlink: /home/utk/aura_ws/install/aura_description/share/aura_description/meshes/front_castor.stl
[0.858s] -- Up-to-date symlink: /home/utk/aura_ws/install/aura_description/share/aura_description/meshes/imu.stl
[0.858s] -- Up-to-date symlink: /home/utk/aura_ws/install/aura_description/share/aura_description/meshes/left_wheel.stl
[0.858s] -- Up-to-date symlink: /home/utk/aura_ws/install/aura_description/share/aura_description/meshes/lidar.stl
[0.858s] -- Up-to-date symlink: /home/utk/aura_ws/install/aura_description/share/aura_description/meshes/right_wheel.stl
[0.860s] -- Up-to-date symlink: /home/utk/aura_ws/install/aura_description/share/aura_description/meshes/top_plate.stl
[0.861s] -- Up-to-date symlink: /home/utk/aura_ws/install/aura_description/share/aura_description/meshes/wall.stl
[0.861s] -- Up-to-date symlink: /home/utk/aura_ws/install/aura_description/share/aura_description/rviz/display.rviz
[0.861s] -- Up-to-date symlink: /home/utk/aura_ws/install/aura_description/share/aura_description/urdf/aura.urdf.xacro
[0.861s] -- Up-to-date symlink: /home/utk/aura_ws/install/aura_description/share/aura_description/urdf/aura_arm.xacro
[0.861s] -- Up-to-date symlink: /home/utk/aura_ws/install/aura_description/share/aura_description/urdf/aura_base.xacro
[0.861s] -- Up-to-date symlink: /home/utk/aura_ws/install/aura_description/share/aura_description/urdf/aura_gazebo.xacro
[0.861s] -- Up-to-date symlink: /home/utk/aura_ws/install/aura_description/share/aura_description/urdf/aura_materials.xacro
[0.862s] -- Up-to-date symlink: /home/utk/aura_ws/install/aura_description/share/aura_description/urdf/aura_ros2control.xacro
[0.862s] -- Up-to-date symlink: /home/utk/aura_ws/install/aura_description/share/aura_description/models/Docking_Station/materials/textures/Docking_Station.png
[0.862s] -- Up-to-date symlink: /home/utk/aura_ws/install/aura_description/share/aura_description/models/Docking_Station/meshes/Docking_Station.stl
[0.862s] -- Up-to-date symlink: /home/utk/aura_ws/install/aura_description/share/aura_description/models/Docking_Station/model.config
[0.862s] -- Up-to-date symlink: /home/utk/aura_ws/install/aura_description/share/aura_description/models/Docking_Station/model.sdf
[0.862s] -- Up-to-date symlink: /home/utk/aura_ws/install/aura_description/share/aura_description/models/aws_robomaker_residential_AirconditionerA_01/materials/textures/aws_AirconditionerA_01.png
[0.862s] -- Up-to-date symlink: /home/utk/aura_ws/install/aura_description/share/aura_description/models/aws_robomaker_residential_AirconditionerA_01/meshes/aws_AirconditionerA_01_collision.DAE
[0.862s] -- Up-to-date symlink: /home/utk/aura_ws/install/aura_description/share/aura_description/models/aws_robomaker_residential_AirconditionerA_01/meshes/aws_AirconditionerA_01_visual.DAE
[0.863s] -- Up-to-date symlink: /home/utk/aura_ws/install/aura_description/share/aura_description/models/aws_robomaker_residential_AirconditionerA_01/meshes/aws__Air conditioner_01.DAE
[0.863s] -- Up-to-date symlink: /home/utk/aura_ws/install/aura_description/share/aura_description/models/aws_robomaker_residential_AirconditionerA_01/model.config
[0.864s] -- Up-to-date symlink: /home/utk/aura_ws/install/aura_description/share/aura_description/models/aws_robomaker_residential_AirconditionerA_01/model.sdf
[0.864s] -- Up-to-date symlink: /home/utk/aura_ws/install/aura_description/share/aura_description/models/aws_robomaker_residential_AirconditionerB_01/materials/textures/aws_AirconditionerB_01.png
[0.865s] -- Up-to-date symlink: /home/utk/aura_ws/install/aura_description/share/aura_description/models/aws_robomaker_residential_AirconditionerB_01/meshes/aws_AirconditionerB_01_collision.DAE
[0.865s] -- Up-to-date symlink: /home/utk/aura_ws/install/aura_description/share/aura_description/models/aws_robomaker_residential_AirconditionerB_01/meshes/aws_AirconditionerB_01_visual.DAE
[0.865s] -- Up-to-date symlink: /home/utk/aura_ws/install/aura_description/share/aura_description/models/aws_robomaker_residential_AirconditionerB_01/model.config
[0.865s] -- Up-to-date symlink: /home/utk/aura_ws/install/aura_description/share/aura_description/models/aws_robomaker_residential_AirconditionerB_01/model.sdf
[0.865s] -- Up-to-date symlink: /home/utk/aura_ws/install/aura_description/share/aura_description/models/aws_robomaker_residential_BalconyTable_01/materials/textures/aws_BalconyTable_01.png
[0.865s] -- Up-to-date symlink: /home/utk/aura_ws/install/aura_description/share/aura_description/models/aws_robomaker_residential_BalconyTable_01/meshes/aws_BalconyTable_01_collision.DAE
[0.865s] -- Up-to-date symlink: /home/utk/aura_ws/install/aura_description/share/aura_description/models/aws_robomaker_residential_BalconyTable_01/meshes/aws_BalconyTable_01_visual.DAE
[0.865s] -- Up-to-date symlink: /home/utk/aura_ws/install/aura_description/share/aura_description/models/aws_robomaker_residential_BalconyTable_01/model.config
[0.866s] -- Up-to-date symlink: /home/utk/aura_ws/install/aura_description/share/aura_description/models/aws_robomaker_residential_BalconyTable_01/model.sdf
[0.866s] -- Up-to-date symlink: /home/utk/aura_ws/install/aura_description/share/aura_description/models/aws_robomaker_residential_Ball_01/materials/textures/aws_Ball_01.png
[0.866s] -- Up-to-date symlink: /home/utk/aura_ws/install/aura_description/share/aura_description/models/aws_robomaker_residential_Ball_01/meshes/aws_Ball_01_collision.DAE
[0.866s] -- Up-to-date symlink: /home/utk/aura_ws/install/aura_description/share/aura_description/models/aws_robomaker_residential_Ball_01/meshes/aws_Ball_01_visual.DAE
[0.866s] -- Up-to-date symlink: /home/utk/aura_ws/install/aura_description/share/aura_description/models/aws_robomaker_residential_Ball_01/model.config
[0.867s] -- Up-to-date symlink: /home/utk/aura_ws/install/aura_description/share/aura_description/models/aws_robomaker_residential_Ball_01/model.sdf
[0.867s] -- Up-to-date symlink: /home/utk/aura_ws/install/aura_description/share/aura_description/models/aws_robomaker_residential_Bed_01/materials/textures/aws_BedA_01.png
[0.868s] -- Up-to-date symlink: /home/utk/aura_ws/install/aura_description/share/aura_description/models/aws_robomaker_residential_Bed_01/materials/textures/aws_BedB_01.png
[0.868s] -- Up-to-date symlink: /home/utk/aura_ws/install/aura_description/share/aura_description/models/aws_robomaker_residential_Bed_01/materials/textures/aws_BedC_01.png
[0.868s] -- Up-to-date symlink: /home/utk/aura_ws/install/aura_description/share/aura_description/models/aws_robomaker_residential_Bed_01/materials/textures/aws_Bed_01.png
[0.868s] -- Up-to-date symlink: /home/utk/aura_ws/install/aura_description/share/aura_description/models/aws_robomaker_residential_Bed_01/meshes/aws_Bed_01_collision.DAE
[0.868s] -- Up-to-date symlink: /home/utk/aura_ws/install/aura_description/share/aura_description/models/aws_robomaker_residential_Bed_01/meshes/aws_Bed_01_visual.DAE
[0.868s] -- Up-to-date symlink: /home/utk/aura_ws/install/aura_description/share/aura_description/models/aws_robomaker_residential_Bed_01/model.config
[0.868s] -- Up-to-date symlink: /home/utk/aura_ws/install/aura_description/share/aura_description/models/aws_robomaker_residential_Bed_01/model.sdf
[0.868s] -- Up-to-date symlink: /home/utk/aura_ws/install/aura_description/share/aura_description/models/aws_robomaker_residential_Board_01/materials/textures/aws_Board_01.png
[0.868s] -- Up-to-date symlink: /home/utk/aura_ws/install/aura_description/share/aura_description/models/aws_robomaker_residential_Board_01/meshes/aws_Board_01_collision.DAE
[0.868s] -- Up-to-date symlink: /home/utk/aura_ws/install/aura_description/share/aura_description/models/aws_robomaker_residential_Board_01/meshes/aws_Board_01_visual.DAE
[0.869s] -- Up-to-date symlink: /home/utk/aura_ws/install/aura_description/share/aura_description/models/aws_robomaker_residential_Board_01/model.config
[0.869s] -- Up-to-date symlink: /home/utk/aura_ws/install/aura_description/share/aura_description/models/aws_robomaker_residential_Board_01/model.sdf
[0.869s] -- Up-to-date symlink: /home/utk/aura_ws/install/aura_description/share/aura_description/models/aws_robomaker_residential_Carpet_01/materials/textures/aws_Carpet_01.png
[0.869s] -- Up-to-date symlink: /home/utk/aura_ws/install/aura_description/share/aura_description/models/aws_robomaker_residential_Carpet_01/meshes/aws_Carpet_01_collision.DAE
[0.869s] -- Up-to-date symlink: /home/utk/aura_ws/install/aura_description/share/aura_description/models/aws_robomaker_residential_Carpet_01/meshes/aws_Carpet_01_visual.DAE
[0.869s] -- Up-to-date symlink: /home/utk/aura_ws/install/aura_description/share/aura_description/models/aws_robomaker_residential_Carpet_01/model.config
[0.870s] -- Up-to-date symlink: /home/utk/aura_ws/install/aura_description/share/aura_description/models/aws_robomaker_residential_Carpet_01/model.sdf
[0.870s] -- Up-to-date symlink: /home/utk/aura_ws/install/aura_description/share/aura_description/models/aws_robomaker_residential_ChairA_01/materials/textures/aws_ChairA_01.png
[0.870s] -- Up-to-date symlink: /home/utk/aura_ws/install/aura_description/share/aura_description/models/aws_robomaker_residential_ChairA_01/meshes/aws_ChairA_01_collision.DAE
[0.870s] -- Up-to-date symlink: /home/utk/aura_ws/install/aura_description/share/aura_description/models/aws_robomaker_residential_ChairA_01/meshes/aws_ChairA_01_visual.DAE
[0.870s] -- Up-to-date symlink: /home/utk/aura_ws/install/aura_description/share/aura_description/models/aws_robomaker_residential_ChairA_01/model.config
[0.870s] -- Up-to-date symlink: /home/utk/aura_ws/install/aura_description/share/aura_description/models/aws_robomaker_residential_ChairA_01/model.sdf
[0.870s] -- Up-to-date symlink: /home/utk/aura_ws/install/aura_description/share/aura_description/models/aws_robomaker_residential_ChairD_01/materials/textures/aws_ChairD_01.png
[0.871s] -- Up-to-date symlink: /home/utk/aura_ws/install/aura_description/share/aura_description/models/aws_robomaker_residential_ChairD_01/meshes/aws_ChairD_01_collision.DAE
[0.871s] -- Up-to-date symlink: /home/utk/aura_ws/install/aura_description/share/aura_description/models/aws_robomaker_residential_ChairD_01/meshes/aws_ChairD_01_visual.DAE
[0.871s] -- Up-to-date symlink: /home/utk/aura_ws/install/aura_description/share/aura_description/models/aws_robomaker_residential_ChairD_01/model.config
[0.871s] -- Up-to-date symlink: /home/utk/aura_ws/install/aura_description/share/aura_description/models/aws_robomaker_residential_ChairD_01/model.sdf
[0.871s] -- Up-to-date symlink: /home/utk/aura_ws/install/aura_description/share/aura_description/models/aws_robomaker_residential_Chandelier_01/materials/textures/aws_Chandelier_01.png
[0.871s] -- Up-to-date symlink: /home/utk/aura_ws/install/aura_description/share/aura_description/models/aws_robomaker_residential_Chandelier_01/meshes/aws_Chandelier_01.DAE
[0.873s] -- Up-to-date symlink: /home/utk/aura_ws/install/aura_description/share/aura_description/models/aws_robomaker_residential_Chandelier_01/meshes/aws_Chandelier_01_collision.DAE
[0.874s] -- Up-to-date symlink: /home/utk/aura_ws/install/aura_description/share/aura_description/models/aws_robomaker_residential_Chandelier_01/meshes/aws_Chandelier_01_visual.DAE
[0.874s] -- Up-to-date symlink: /home/utk/aura_ws/install/aura_description/share/aura_description/models/aws_robomaker_residential_Chandelier_01/model.config
[0.874s] -- Up-to-date symlink: /home/utk/aura_ws/install/aura_description/share/aura_description/models/aws_robomaker_residential_Chandelier_01/model.sdf
[0.874s] -- Up-to-date symlink: /home/utk/aura_ws/install/aura_description/share/aura_description/models/aws_robomaker_residential_CoffeeTable_01/materials/textures/aws_CoffeeTable_01.png
[0.875s] -- Up-to-date symlink: /home/utk/aura_ws/install/aura_description/share/aura_description/models/aws_robomaker_residential_CoffeeTable_01/meshes/aws_CoffeeTable_01_collision.DAE
[0.875s] -- Up-to-date symlink: /home/utk/aura_ws/install/aura_description/share/aura_description/models/aws_robomaker_residential_CoffeeTable_01/meshes/aws_CoffeeTable_01_visual.DAE
[0.875s] -- Up-to-date symlink: /home/utk/aura_ws/install/aura_description/share/aura_description/models/aws_robomaker_residential_CoffeeTable_01/model.config
[0.875s] -- Up-to-date symlink: /home/utk/aura_ws/install/aura_description/share/aura_description/models/aws_robomaker_residential_CoffeeTable_01/model.sdf
[0.875s] -- Up-to-date symlink: /home/utk/aura_ws/install/aura_description/share/aura_description/models/aws_robomaker_residential_CookingBench_01/materials/textures/aws_CookingBench_01.png
[0.875s] -- Up-to-date symlink: /home/utk/aura_ws/install/aura_description/share/aura_description/models/aws_robomaker_residential_CookingBench_01/meshes/aws_CookingBench_01.DAE
[0.875s] -- Up-to-date symlink: /home/utk/aura_ws/install/aura_description/share/aura_description/models/aws_robomaker_residential_CookingBench_01/meshes/aws_CookingBench_01_collision.DAE
[0.875s] -- Up-to-date symlink: /home/utk/aura_ws/install/aura_description/share/aura_description/models/aws_robomaker_residential_CookingBench_01/meshes/aws_CookingBench_01_visual.DAE
[0.875s] -- Up-to-date symlink: /home/utk/aura_ws/install/aura_description/share/aura_description/models/aws_robomaker_residential_CookingBench_01/model.config
[0.875s] -- Up-to-date symlink: /home/utk/aura_ws/install/aura_description/share/aura_description/models/aws_robomaker_residential_CookingBench_01/model.sdf
[0.875s] -- Up-to-date symlink: /home/utk/aura_ws/install/aura_description/share/aura_description/models/aws_robomaker_residential_Curtain_01/materials/textures/aws_Curtain_01.png
[0.875s] -- Up-to-date symlink: /home/utk/aura_ws/install/aura_description/share/aura_description/models/aws_robomaker_residential_Curtain_01/meshes/aws_Curtain_01_collision.DAE
[0.875s] -- Up-to-date symlink: /home/utk/aura_ws/install/aura_description/share/aura_description/models/aws_robomaker_residential_Curtain_01/meshes/aws_Curtain_01_visual.DAE
[0.876s] -- Up-to-date symlink: /home/utk/aura_ws/install/aura_description/share/aura_description/models/aws_robomaker_residential_Curtain_01/model.config
[0.876s] -- Up-to-date symlink: /home/utk/aura_ws/install/aura_description/share/aura_description/models/aws_robomaker_residential_Curtain_01/model.sdf
[0.876s] -- Up-to-date symlink: /home/utk/aura_ws/install/aura_description/share/aura_description/models/aws_robomaker_residential_DeskPortraitA_01/materials/textures/aws_DeskPortraitA_01.png
[0.876s] -- Up-to-date symlink: /home/utk/aura_ws/install/aura_description/share/aura_description/models/aws_robomaker_residential_DeskPortraitA_01/materials/textures/aws_DeskPortraitA_02.png
[0.876s] -- Up-to-date symlink: /home/utk/aura_ws/install/aura_description/share/aura_description/models/aws_robomaker_residential_DeskPortraitA_01/meshes/aws_DeskPortraitA_01_collision.DAE
[0.876s] -- Up-to-date symlink: /home/utk/aura_ws/install/aura_description/share/aura_description/models/aws_robomaker_residential_DeskPortraitA_01/meshes/aws_DeskPortraitA_01_visual.DAE
[0.876s] -- Up-to-date symlink: /home/utk/aura_ws/install/aura_description/share/aura_description/models/aws_robomaker_residential_DeskPortraitA_01/model.config
[0.877s] -- Up-to-date symlink: /home/utk/aura_ws/install/aura_description/share/aura_description/models/aws_robomaker_residential_DeskPortraitA_01/model.sdf
[0.878s] -- Up-to-date symlink: /home/utk/aura_ws/install/aura_description/share/aura_description/models/aws_robomaker_residential_DeskPortraitA_02/materials/textures/aws_DeskPortraitA_01.png
[0.879s] -- Up-to-date symlink: /home/utk/aura_ws/install/aura_description/share/aura_description/models/aws_robomaker_residential_DeskPortraitA_02/materials/textures/aws_DeskPortraitA_02.png
[0.879s] -- Up-to-date symlink: /home/utk/aura_ws/install/aura_description/share/aura_description/models/aws_robomaker_residential_DeskPortraitA_02/meshes/aws_DeskPortraitA_01_collision.DAE
[0.881s] -- Up-to-date symlink: /home/utk/aura_ws/install/aura_description/share/aura_description/models/aws_robomaker_residential_DeskPortraitA_02/meshes/aws_DeskPortraitA_01_visual.DAE
[0.882s] -- Up-to-date symlink: /home/utk/aura_ws/install/aura_description/share/aura_description/models/aws_robomaker_residential_DeskPortraitA_02/model.config
[0.884s] -- Up-to-date symlink: /home/utk/aura_ws/install/aura_description/share/aura_description/models/aws_robomaker_residential_DeskPortraitA_02/model.sdf
[0.884s] -- Up-to-date symlink: /home/utk/aura_ws/install/aura_description/share/aura_description/models/aws_robomaker_residential_DeskPortraitB_01/materials/textures/aws_DeskPortraitB_01.png
[0.885s] -- Up-to-date symlink: /home/utk/aura_ws/install/aura_description/share/aura_description/models/aws_robomaker_residential_DeskPortraitB_01/materials/textures/aws_DeskPortraitB_02.png
[0.885s] -- Up-to-date symlink: /home/utk/aura_ws/install/aura_description/share/aura_description/models/aws_robomaker_residential_DeskPortraitB_01/meshes/aws_DeskPortraitB_01_collision.DAE
[0.885s] -- Up-to-date symlink: /home/utk/aura_ws/install/aura_description/share/aura_description/models/aws_robomaker_residential_DeskPortraitB_01/meshes/aws_DeskPortraitB_01_visual.DAE
[0.885s] -- Up-to-date symlink: /home/utk/aura_ws/install/aura_description/share/aura_description/models/aws_robomaker_residential_DeskPortraitB_01/model.config
[0.885s] -- Up-to-date symlink: /home/utk/aura_ws/install/aura_description/share/aura_description/models/aws_robomaker_residential_DeskPortraitB_01/model.sdf
[0.886s] -- Up-to-date symlink: /home/utk/aura_ws/install/aura_description/share/aura_description/models/aws_robomaker_residential_DeskPortraitB_02/materials/textures/aws_DeskPortraitB_01.png
[0.889s] -- Up-to-date symlink: /home/utk/aura_ws/install/aura_description/share/aura_description/models/aws_robomaker_residential_DeskPortraitB_02/materials/textures/aws_DeskPortraitB_02.png
[0.889s] -- Up-to-date symlink: /home/utk/aura_ws/install/aura_description/share/aura_description/models/aws_robomaker_residential_DeskPortraitB_02/meshes/aws_DeskPortraitB_01_collision.DAE
[0.890s] -- Up-to-date symlink: /home/utk/aura_ws/install/aura_description/share/aura_description/models/aws_robomaker_residential_DeskPortraitB_02/meshes/aws_DeskPortraitB_01_visual.DAE
[0.890s] -- Up-to-date symlink: /home/utk/aura_ws/install/aura_description/share/aura_description/models/aws_robomaker_residential_DeskPortraitB_02/model.config
[0.890s] -- Up-to-date symlink: /home/utk/aura_ws/install/aura_description/share/aura_description/models/aws_robomaker_residential_DeskPortraitB_02/model.sdf
[0.890s] -- Up-to-date symlink: /home/utk/aura_ws/install/aura_description/share/aura_description/models/aws_robomaker_residential_DeskPortraitC_01/materials/textures/aws_DeskPortraitC_01.png
[0.890s] -- Up-to-date symlink: /home/utk/aura_ws/install/aura_description/share/aura_description/models/aws_robomaker_residential_DeskPortraitC_01/materials/textures/aws_DeskPortraitC_02.png
[0.890s] -- Up-to-date symlink: /home/utk/aura_ws/install/aura_description/share/aura_description/models/aws_robomaker_residential_DeskPortraitC_01/meshes/aws_DeskPortraitC_01_collision.DAE
[0.891s] -- Up-to-date symlink: /home/utk/aura_ws/install/aura_description/share/aura_description/models/aws_robomaker_residential_DeskPortraitC_01/meshes/aws_DeskPortraitC_01_visual.DAE
[0.891s] -- Up-to-date symlink: /home/utk/aura_ws/install/aura_description/share/aura_description/models/aws_robomaker_residential_DeskPortraitC_01/model.config
[0.891s] -- Up-to-date symlink: /home/utk/aura_ws/install/aura_description/share/aura_description/models/aws_robomaker_residential_DeskPortraitC_01/model.sdf
[0.891s] -- Up-to-date symlink: /home/utk/aura_ws/install/aura_description/share/aura_description/models/aws_robomaker_residential_DeskPortraitC_02/materials/textures/aws_DeskPortraitC_01.png
[0.891s] -- Up-to-date symlink: /home/utk/aura_ws/install/aura_description/share/aura_description/models/aws_robomaker_residential_DeskPortraitC_02/materials/textures/aws_DeskPortraitC_02.png
[0.891s] -- Up-to-date symlink: /home/utk/aura_ws/install/aura_description/share/aura_description/models/aws_robomaker_residential_DeskPortraitC_02/meshes/aws_DeskPortraitC_01_collision.DAE
[0.891s] -- Up-to-date symlink: /home/utk/aura_ws/install/aura_description/share/aura_description/models/aws_robomaker_residential_DeskPortraitC_02/meshes/aws_DeskPortraitC_01_visual.DAE
[0.891s] -- Up-to-date symlink: /home/utk/aura_ws/install/aura_description/share/aura_description/models/aws_robomaker_residential_DeskPortraitC_02/model.config
[0.891s] -- Up-to-date symlink: /home/utk/aura_ws/install/aura_description/share/aura_description/models/aws_robomaker_residential_DeskPortraitC_02/model.sdf
[0.892s] -- Up-to-date symlink: /home/utk/aura_ws/install/aura_description/share/aura_description/models/aws_robomaker_residential_DeskPortraitD_01/materials/textures/aws_DeskPortraitD_01.png
[0.892s] -- Up-to-date symlink: /home/utk/aura_ws/install/aura_description/share/aura_description/models/aws_robomaker_residential_DeskPortraitD_01/materials/textures/aws_DeskPortraitD_02.png
[0.892s] -- Up-to-date symlink: /home/utk/aura_ws/install/aura_description/share/aura_description/models/aws_robomaker_residential_DeskPortraitD_01/meshes/aws_DeskPortraitD_01_collision.DAE
[0.892s] -- Up-to-date symlink: /home/utk/aura_ws/install/aura_description/share/aura_description/models/aws_robomaker_residential_DeskPortraitD_01/meshes/aws_DeskPortraitD_01_visual.DAE
[0.892s] -- Up-to-date symlink: /home/utk/aura_ws/install/aura_description/share/aura_description/models/aws_robomaker_residential_DeskPortraitD_01/model.config
[0.893s] -- Up-to-date symlink: /home/utk/aura_ws/install/aura_description/share/aura_description/models/aws_robomaker_residential_DeskPortraitD_01/model.sdf
[0.893s] -- Up-to-date symlink: /home/utk/aura_ws/install/aura_description/share/aura_description/models/aws_robomaker_residential_DeskPortraitD_02/materials/textures/aws_DeskPortraitD_01.png
[0.893s] -- Up-to-date symlink: /home/utk/aura_ws/install/aura_description/share/aura_description/models/aws_robomaker_residential_DeskPortraitD_02/materials/textures/aws_DeskPortraitD_02.png
[0.893s] -- Up-to-date symlink: /home/utk/aura_ws/install/aura_description/share/aura_description/models/aws_robomaker_residential_DeskPortraitD_02/meshes/aws_DeskPortraitD_01_collision.DAE
[0.893s] -- Up-to-date symlink: /home/utk/aura_ws/install/aura_description/share/aura_description/models/aws_robomaker_residential_DeskPortraitD_02/meshes/aws_DeskPortraitD_01_visual.DAE
[0.893s] -- Up-to-date symlink: /home/utk/aura_ws/install/aura_description/share/aura_description/models/aws_robomaker_residential_DeskPortraitD_02/model.config
[0.894s] -- Up-to-date symlink: /home/utk/aura_ws/install/aura_description/share/aura_description/models/aws_robomaker_residential_DeskPortraitD_02/model.sdf
[0.894s] -- Up-to-date symlink: /home/utk/aura_ws/install/aura_description/share/aura_description/models/aws_robomaker_residential_DeskPortraitD_03/materials/textures/aws_DeskPortraitD_01.png
[0.894s] -- Up-to-date symlink: /home/utk/aura_ws/install/aura_description/share/aura_description/models/aws_robomaker_residential_DeskPortraitD_03/materials/textures/aws_DeskPortraitD_02.png
[0.894s] -- Up-to-date symlink: /home/utk/aura_ws/install/aura_description/share/aura_description/models/aws_robomaker_residential_DeskPortraitD_03/meshes/aws_DeskPortraitD_01_collision.DAE
[0.894s] -- Up-to-date symlink: /home/utk/aura_ws/install/aura_description/share/aura_description/models/aws_robomaker_residential_DeskPortraitD_03/meshes/aws_DeskPortraitD_01_visual.DAE
[0.894s] -- Up-to-date symlink: /home/utk/aura_ws/install/aura_description/share/aura_description/models/aws_robomaker_residential_DeskPortraitD_03/model.config
[0.894s] -- Up-to-date symlink: /home/utk/aura_ws/install/aura_description/share/aura_description/models/aws_robomaker_residential_DeskPortraitD_03/model.sdf
[0.895s] -- Up-to-date symlink: /home/utk/aura_ws/install/aura_description/share/aura_description/models/aws_robomaker_residential_DeskPortraitD_04/materials/textures/aws_DeskPortraitD_01.png
[0.895s] -- Up-to-date symlink: /home/utk/aura_ws/install/aura_description/share/aura_description/models/aws_robomaker_residential_DeskPortraitD_04/materials/textures/aws_DeskPortraitD_02.png
[0.895s] -- Up-to-date symlink: /home/utk/aura_ws/install/aura_description/share/aura_description/models/aws_robomaker_residential_DeskPortraitD_04/meshes/aws_DeskPortraitD_01_collision.DAE
[0.895s] -- Up-to-date symlink: /home/utk/aura_ws/install/aura_description/share/aura_description/models/aws_robomaker_residential_DeskPortraitD_04/meshes/aws_DeskPortraitD_01_visual.DAE
[0.895s] -- Up-to-date symlink: /home/utk/aura_ws/install/aura_description/share/aura_description/models/aws_robomaker_residential_DeskPortraitD_04/model.config
[0.895s] -- Up-to-date symlink: /home/utk/aura_ws/install/aura_description/share/aura_description/models/aws_robomaker_residential_DeskPortraitD_04/model.sdf
[0.895s] -- Up-to-date symlink: /home/utk/aura_ws/install/aura_description/share/aura_description/models/aws_robomaker_residential_Door_01/materials/textures/aws_Door_01.png
[0.895s] -- Up-to-date symlink: /home/utk/aura_ws/install/aura_description/share/aura_description/models/aws_robomaker_residential_Door_01/meshes/aws_Door_01_collision.DAE
[0.895s] -- Up-to-date symlink: /home/utk/aura_ws/install/aura_description/share/aura_description/models/aws_robomaker_residential_Door_01/meshes/aws_Door_01_visual.DAE
[0.896s] -- Up-to-date symlink: /home/utk/aura_ws/install/aura_description/share/aura_description/models/aws_robomaker_residential_Door_01/model.config
[0.896s] -- Up-to-date symlink: /home/utk/aura_ws/install/aura_description/share/aura_description/models/aws_robomaker_residential_Door_01/model.sdf
[0.896s] -- Up-to-date symlink: /home/utk/aura_ws/install/aura_description/share/aura_description/models/aws_robomaker_residential_Dumbbell_01/materials/textures/aws_Dumbbell_01.png
[0.896s] -- Up-to-date symlink: /home/utk/aura_ws/install/aura_description/share/aura_description/models/aws_robomaker_residential_Dumbbell_01/meshes/aws_Dumbbell_01_collision.DAE
[0.896s] -- Up-to-date symlink: /home/utk/aura_ws/install/aura_description/share/aura_description/models/aws_robomaker_residential_Dumbbell_01/meshes/aws_Dumbbell_01_visual.DAE
[0.896s] -- Up-to-date symlink: /home/utk/aura_ws/install/aura_description/share/aura_description/models/aws_robomaker_residential_Dumbbell_01/model.config
[0.896s] -- Up-to-date symlink: /home/utk/aura_ws/install/aura_description/share/aura_description/models/aws_robomaker_residential_Dumbbell_01/model.sdf
[0.896s] -- Up-to-date symlink: /home/utk/aura_ws/install/aura_description/share/aura_description/models/aws_robomaker_residential_FitnessEquipment_01/materials/textures/aws_FitnessEquipment_01.png
[0.896s] -- Up-to-date symlink: /home/utk/aura_ws/install/aura_description/share/aura_description/models/aws_robomaker_residential_FitnessEquipment_01/meshes/aws_FitnessEquipment_01_collision.DAE
[0.896s] -- Up-to-date symlink: /home/utk/aura_ws/install/aura_description/share/aura_description/models/aws_robomaker_residential_FitnessEquipment_01/meshes/aws_FitnessEquipment_01_visual.DAE
[0.896s] -- Up-to-date symlink: /home/utk/aura_ws/install/aura_description/share/aura_description/models/aws_robomaker_residential_FitnessEquipment_01/model.config
[0.896s] -- Up-to-date symlink: /home/utk/aura_ws/install/aura_description/share/aura_description/models/aws_robomaker_residential_FitnessEquipment_01/model.sdf
[0.896s] -- Up-to-date symlink: /home/utk/aura_ws/install/aura_description/share/aura_description/models/aws_robomaker_residential_FloorB_01/materials/textures/aws_FloorB_01.png
[0.897s] -- Up-to-date symlink: /home/utk/aura_ws/install/aura_description/share/aura_description/models/aws_robomaker_residential_FloorB_01/meshes/aws_FloorB_01_collision.DAE
[0.897s] -- Up-to-date symlink: /home/utk/aura_ws/install/aura_description/share/aura_description/models/aws_robomaker_residential_FloorB_01/meshes/aws_FloorB_01_visual.DAE
[0.897s] -- Up-to-date symlink: /home/utk/aura_ws/install/aura_description/share/aura_description/models/aws_robomaker_residential_FloorB_01/model.config
[0.897s] -- Up-to-date symlink: /home/utk/aura_ws/install/aura_description/share/aura_description/models/aws_robomaker_residential_FloorB_01/model.sdf
[0.897s] -- Up-to-date symlink: /home/utk/aura_ws/install/aura_description/share/aura_description/models/aws_robomaker_residential_FoldingDoor_01/materials/textures/aws_FoldingDoor_01.png
[0.897s] -- Up-to-date symlink: /home/utk/aura_ws/install/aura_description/share/aura_description/models/aws_robomaker_residential_FoldingDoor_01/meshes/aws_FoldingDoor_01_collision.DAE
[0.897s] -- Up-to-date symlink: /home/utk/aura_ws/install/aura_description/share/aura_description/models/aws_robomaker_residential_FoldingDoor_01/meshes/aws_FoldingDoor_01_visual.DAE
[0.898s] -- Up-to-date symlink: /home/utk/aura_ws/install/aura_description/share/aura_description/models/aws_robomaker_residential_FoldingDoor_01/model.config
[0.898s] -- Up-to-date symlink: /home/utk/aura_ws/install/aura_description/share/aura_description/models/aws_robomaker_residential_FoldingDoor_01/model.sdf
[0.898s] -- Up-to-date symlink: /home/utk/aura_ws/install/aura_description/share/aura_description/models/aws_robomaker_residential_FoldingDoor_02/materials/textures/aws_FoldingDoor_02.png
[0.898s] -- Up-to-date symlink: /home/utk/aura_ws/install/aura_description/share/aura_description/models/aws_robomaker_residential_FoldingDoor_02/meshes/aws_FoldingDoor_02_collision.DAE
[0.898s] -- Up-to-date symlink: /home/utk/aura_ws/install/aura_description/share/aura_description/models/aws_robomaker_residential_FoldingDoor_02/meshes/aws_FoldingDoor_02_visual.DAE
[0.898s] -- Up-to-date symlink: /home/utk/aura_ws/install/aura_description/share/aura_description/models/aws_robomaker_residential_FoldingDoor_02/model.config
[0.899s] -- Up-to-date symlink: /home/utk/aura_ws/install/aura_description/share/aura_description/models/aws_robomaker_residential_FoldingDoor_02/model.sdf
[0.899s] -- Up-to-date symlink: /home/utk/aura_ws/install/aura_description/share/aura_description/models/aws_robomaker_residential_Handle_01/materials/textures/aws_Handle_01.png
[0.899s] -- Up-to-date symlink: /home/utk/aura_ws/install/aura_description/share/aura_description/models/aws_robomaker_residential_Handle_01/meshes/aws_ handle_01_collision.DAE
[0.899s] -- Up-to-date symlink: /home/utk/aura_ws/install/aura_description/share/aura_description/models/aws_robomaker_residential_Handle_01/meshes/aws_Handle_01_collision.DAE
[0.899s] -- Up-to-date symlink: /home/utk/aura_ws/install/aura_description/share/aura_description/models/aws_robomaker_residential_Handle_01/meshes/aws_Handle_01_visual.DAE
[0.899s] -- Up-to-date symlink: /home/utk/aura_ws/install/aura_description/share/aura_description/models/aws_robomaker_residential_Handle_01/model.config
[0.899s] -- Up-to-date symlink: /home/utk/aura_ws/install/aura_description/share/aura_description/models/aws_robomaker_residential_Handle_01/model.sdf
[0.899s] -- Up-to-date symlink: /home/utk/aura_ws/install/aura_description/share/aura_description/models/aws_robomaker_residential_HouseWallB_01/materials/textures/aws_HouseWallB_01.png
[0.899s] -- Up-to-date symlink: /home/utk/aura_ws/install/aura_description/share/aura_description/models/aws_robomaker_residential_HouseWallB_01/meshes/aws_HouseWallB_01_collision.DAE
[0.900s] -- Up-to-date symlink: /home/utk/aura_ws/install/aura_description/share/aura_description/models/aws_robomaker_residential_HouseWallB_01/meshes/aws_HouseWallB_01_visual.DAE
[0.900s] -- Up-to-date symlink: /home/utk/aura_ws/install/aura_description/share/aura_description/models/aws_robomaker_residential_HouseWallB_01/model.config
[0.900s] -- Up-to-date symlink: /home/utk/aura_ws/install/aura_description/share/aura_description/models/aws_robomaker_residential_HouseWallB_01/model.sdf
[0.900s] -- Up-to-date symlink: /home/utk/aura_ws/install/aura_description/share/aura_description/models/aws_robomaker_residential_KitchenCabinet_01/materials/textures/aws_KitchenCabinet_01.png
[0.900s] -- Up-to-date symlink: /home/utk/aura_ws/install/aura_description/share/aura_description/models/aws_robomaker_residential_KitchenCabinet_01/meshes/aws_KitchenCabinet_01_collision.DAE
[0.900s] -- Up-to-date symlink: /home/utk/aura_ws/install/aura_description/share/aura_description/models/aws_robomaker_residential_KitchenCabinet_01/meshes/aws_KitchenCabinet_01_visual.DAE
[0.900s] -- Up-to-date symlink: /home/utk/aura_ws/install/aura_description/share/aura_description/models/aws_robomaker_residential_KitchenCabinet_01/model.config
[0.901s] -- Up-to-date symlink: /home/utk/aura_ws/install/aura_description/share/aura_description/models/aws_robomaker_residential_KitchenCabinet_01/model.sdf
[0.902s] -- Up-to-date symlink: /home/utk/aura_ws/install/aura_description/share/aura_description/models/aws_robomaker_residential_KitchenTable_01/materials/textures/aws_KitchenTable_01.png
[0.902s] -- Up-to-date symlink: /home/utk/aura_ws/install/aura_description/share/aura_description/models/aws_robomaker_residential_KitchenTable_01/meshes/aws_KitchenTable_01_collision.DAE
[0.902s] -- Up-to-date symlink: /home/utk/aura_ws/install/aura_description/share/aura_description/models/aws_robomaker_residential_KitchenTable_01/meshes/aws_KitchenTable_01_visual.DAE
[0.902s] -- Up-to-date symlink: /home/utk/aura_ws/install/aura_description/share/aura_description/models/aws_robomaker_residential_KitchenTable_01/model.config
[0.902s] -- Up-to-date symlink: /home/utk/aura_ws/install/aura_description/share/aura_description/models/aws_robomaker_residential_KitchenTable_01/model.sdf
[0.902s] -- Up-to-date symlink: /home/utk/aura_ws/install/aura_description/share/aura_description/models/aws_robomaker_residential_KitchenUtensils_01/materials/textures/aws_KitchenUtensils_01.png
[0.902s] -- Up-to-date symlink: /home/utk/aura_ws/install/aura_description/share/aura_description/models/aws_robomaker_residential_KitchenUtensils_01/meshes/aws_KitchenUtensils_01_collision.DAE
[0.902s] -- Up-to-date symlink: /home/utk/aura_ws/install/aura_description/share/aura_description/models/aws_robomaker_residential_KitchenUtensils_01/meshes/aws_KitchenUtensils_01_visual.DAE
[0.902s] -- Up-to-date symlink: /home/utk/aura_ws/install/aura_description/share/aura_description/models/aws_robomaker_residential_KitchenUtensils_01/model.config
[0.902s] -- Up-to-date symlink: /home/utk/aura_ws/install/aura_description/share/aura_description/models/aws_robomaker_residential_KitchenUtensils_01/model.sdf
[0.902s] -- Up-to-date symlink: /home/utk/aura_ws/install/aura_description/share/aura_description/models/aws_robomaker_residential_LightC_01/materials/textures/aws_LightC_01.png
[0.904s] -- Up-to-date symlink: /home/utk/aura_ws/install/aura_description/share/aura_description/models/aws_robomaker_residential_LightC_01/meshes/aws_LightC_01_collision.DAE
[0.904s] -- Up-to-date symlink: /home/utk/aura_ws/install/aura_description/share/aura_description/models/aws_robomaker_residential_LightC_01/meshes/aws_LightC_01_visual.DAE
[0.904s] -- Up-to-date symlink: /home/utk/aura_ws/install/aura_description/share/aura_description/models/aws_robomaker_residential_LightC_01/model.config
[0.904s] -- Up-to-date symlink: /home/utk/aura_ws/install/aura_description/share/aura_description/models/aws_robomaker_residential_LightC_01/model.sdf
[0.904s] -- Up-to-date symlink: /home/utk/aura_ws/install/aura_description/share/aura_description/models/aws_robomaker_residential_NightStand_01/materials/textures/aws_NightStand_01.png
[0.905s] -- Up-to-date symlink: /home/utk/aura_ws/install/aura_description/share/aura_description/models/aws_robomaker_residential_NightStand_01/meshes/aws_NightStand_01_collision.DAE
[0.905s] -- Up-to-date symlink: /home/utk/aura_ws/install/aura_description/share/aura_description/models/aws_robomaker_residential_NightStand_01/meshes/aws_NightStand_01_visual.DAE
[0.905s] -- Up-to-date symlink: /home/utk/aura_ws/install/aura_description/share/aura_description/models/aws_robomaker_residential_NightStand_01/model.config
[0.906s] -- Up-to-date symlink: /home/utk/aura_ws/install/aura_description/share/aura_description/models/aws_robomaker_residential_NightStand_01/model.sdf
[0.906s] -- Up-to-date symlink: /home/utk/aura_ws/install/aura_description/share/aura_description/models/aws_robomaker_residential_Pillow_01/materials/textures/aws_Pillow_01.png
[0.906s] -- Up-to-date symlink: /home/utk/aura_ws/install/aura_description/share/aura_description/models/aws_robomaker_residential_Pillow_01/meshes/aws_Pillow_01_collision.DAE
[0.906s] -- Up-to-date symlink: /home/utk/aura_ws/install/aura_description/share/aura_description/models/aws_robomaker_residential_Pillow_01/meshes/aws_Pillow_01_visual.DAE
[0.906s] -- Up-to-date symlink: /home/utk/aura_ws/install/aura_description/share/aura_description/models/aws_robomaker_residential_Pillow_01/model.config
[0.906s] -- Up-to-date symlink: /home/utk/aura_ws/install/aura_description/share/aura_description/models/aws_robomaker_residential_Pillow_01/model.sdf
[0.906s] -- Up-to-date symlink: /home/utk/aura_ws/install/aura_description/share/aura_description/models/aws_robomaker_residential_PortraitA_01/materials/textures/aws_PortraitA_01.png
[0.906s] -- Up-to-date symlink: /home/utk/aura_ws/install/aura_description/share/aura_description/models/aws_robomaker_residential_PortraitA_01/materials/textures/aws_PortraitA_02.png
[0.906s] -- Up-to-date symlink: /home/utk/aura_ws/install/aura_description/share/aura_description/models/aws_robomaker_residential_PortraitA_01/meshes/aws_PortraitA_01_collision.DAE
[0.906s] -- Up-to-date symlink: /home/utk/aura_ws/install/aura_description/share/aura_description/models/aws_robomaker_residential_PortraitA_01/meshes/aws_PortraitA_01_visual.DAE
[0.907s] -- Up-to-date symlink: /home/utk/aura_ws/install/aura_description/share/aura_description/models/aws_robomaker_residential_PortraitA_01/model.config
[0.908s] -- Up-to-date symlink: /home/utk/aura_ws/install/aura_description/share/aura_description/models/aws_robomaker_residential_PortraitA_01/model.sdf
[0.908s] -- Up-to-date symlink: /home/utk/aura_ws/install/aura_description/share/aura_description/models/aws_robomaker_residential_PortraitA_02/materials/textures/aws_PortraitA_01.png
[0.908s] -- Up-to-date symlink: /home/utk/aura_ws/install/aura_description/share/aura_description/models/aws_robomaker_residential_PortraitA_02/materials/textures/aws_PortraitA_02.png
[0.908s] -- Up-to-date symlink: /home/utk/aura_ws/install/aura_description/share/aura_description/models/aws_robomaker_residential_PortraitA_02/meshes/aws_PortraitA_01_collision.DAE
[0.908s] -- Up-to-date symlink: /home/utk/aura_ws/install/aura_description/share/aura_description/models/aws_robomaker_residential_PortraitA_02/meshes/aws_PortraitA_01_visual.DAE
[0.908s] -- Up-to-date symlink: /home/utk/aura_ws/install/aura_description/share/aura_description/models/aws_robomaker_residential_PortraitA_02/model.config
[0.908s] -- Up-to-date symlink: /home/utk/aura_ws/install/aura_description/share/aura_description/models/aws_robomaker_residential_PortraitA_02/model.sdf
[0.908s] -- Up-to-date symlink: /home/utk/aura_ws/install/aura_description/share/aura_description/models/aws_robomaker_residential_PortraitB_01/materials/textures/aws_PortraitB_01.png
[0.908s] -- Up-to-date symlink: /home/utk/aura_ws/install/aura_description/share/aura_description/models/aws_robomaker_residential_PortraitB_01/materials/textures/aws_PortraitB_02.png
[0.909s] -- Up-to-date symlink: /home/utk/aura_ws/install/aura_description/share/aura_description/models/aws_robomaker_residential_PortraitB_01/meshes/aws_PortraitB_01_collision.DAE
[0.909s] -- Up-to-date symlink: /home/utk/aura_ws/install/aura_description/share/aura_description/models/aws_robomaker_residential_PortraitB_01/meshes/aws_PortraitB_01_visual.DAE
[0.909s] -- Up-to-date symlink: /home/utk/aura_ws/install/aura_description/share/aura_description/models/aws_robomaker_residential_PortraitB_01/model.config
[0.909s] -- Up-to-date symlink: /home/utk/aura_ws/install/aura_description/share/aura_description/models/aws_robomaker_residential_PortraitB_01/model.sdf
[0.909s] -- Up-to-date symlink: /home/utk/aura_ws/install/aura_description/share/aura_description/models/aws_robomaker_residential_PortraitB_02/materials/textures/aws_PortraitB_01.png
[0.909s] -- Up-to-date symlink: /home/utk/aura_ws/install/aura_description/share/aura_description/models/aws_robomaker_residential_PortraitB_02/materials/textures/aws_PortraitB_02.png
[0.909s] -- Up-to-date symlink: /home/utk/aura_ws/install/aura_description/share/aura_description/models/aws_robomaker_residential_PortraitB_02/meshes/aws_PortraitB_01_collision.DAE
[0.909s] -- Up-to-date symlink: /home/utk/aura_ws/install/aura_description/share/aura_description/models/aws_robomaker_residential_PortraitB_02/meshes/aws_PortraitB_01_visual.DAE
[0.909s] -- Up-to-date symlink: /home/utk/aura_ws/install/aura_description/share/aura_description/models/aws_robomaker_residential_PortraitB_02/model.config
[0.909s] -- Up-to-date symlink: /home/utk/aura_ws/install/aura_description/share/aura_description/models/aws_robomaker_residential_PortraitB_02/model.sdf
[0.909s] -- Up-to-date symlink: /home/utk/aura_ws/install/aura_description/share/aura_description/models/aws_robomaker_residential_PortraitB_03/materials/textures/aws_PortraitB_01.png
[0.909s] -- Up-to-date symlink: /home/utk/aura_ws/install/aura_description/share/aura_description/models/aws_robomaker_residential_PortraitB_03/materials/textures/aws_PortraitB_02.png
[0.909s] -- Up-to-date symlink: /home/utk/aura_ws/install/aura_description/share/aura_description/models/aws_robomaker_residential_PortraitB_03/meshes/aws_PortraitB_01_collision.DAE
[0.909s] -- Up-to-date symlink: /home/utk/aura_ws/install/aura_description/share/aura_description/models/aws_robomaker_residential_PortraitB_03/meshes/aws_PortraitB_01_visual.DAE
[0.909s] -- Up-to-date symlink: /home/utk/aura_ws/install/aura_description/share/aura_description/models/aws_robomaker_residential_PortraitB_03/model.config
[0.910s] -- Up-to-date symlink: /home/utk/aura_ws/install/aura_description/share/aura_description/models/aws_robomaker_residential_PortraitB_03/model.sdf
[0.910s] -- Up-to-date symlink: /home/utk/aura_ws/install/aura_description/share/aura_description/models/aws_robomaker_residential_PortraitC_01/materials/textures/aws_PortraitC_01.png
[0.910s] -- Up-to-date symlink: /home/utk/aura_ws/install/aura_description/share/aura_description/models/aws_robomaker_residential_PortraitC_01/materials/textures/aws_PortraitC_02.png
[0.910s] -- Up-to-date symlink: /home/utk/aura_ws/install/aura_description/share/aura_description/models/aws_robomaker_residential_PortraitC_01/meshes/aws_PortraitC_01_collision.DAE
[0.910s] -- Up-to-date symlink: /home/utk/aura_ws/install/aura_description/share/aura_description/models/aws_robomaker_residential_PortraitC_01/meshes/aws_PortraitC_01_visual.DAE
[0.910s] -- Up-to-date symlink: /home/utk/aura_ws/install/aura_description/share/aura_description/models/aws_robomaker_residential_PortraitC_01/model.config
[0.910s] -- Up-to-date symlink: /home/utk/aura_ws/install/aura_description/share/aura_description/models/aws_robomaker_residential_PortraitC_01/model.sdf
[0.911s] -- Up-to-date symlink: /home/utk/aura_ws/install/aura_description/share/aura_description/models/aws_robomaker_residential_PortraitD_01/materials/textures/aws_PortraitD_01.png
[0.912s] -- Up-to-date symlink: /home/utk/aura_ws/install/aura_description/share/aura_description/models/aws_robomaker_residential_PortraitD_01/materials/textures/aws_PortraitD_02.png
[0.912s] -- Up-to-date symlink: /home/utk/aura_ws/install/aura_description/share/aura_description/models/aws_robomaker_residential_PortraitD_01/meshes/aws_PortraitD_01_collision.DAE
[0.912s] -- Up-to-date symlink: /home/utk/aura_ws/install/aura_description/share/aura_description/models/aws_robomaker_residential_PortraitD_01/meshes/aws_PortraitD_01_visual.DAE
[0.912s] -- Up-to-date symlink: /home/utk/aura_ws/install/aura_description/share/aura_description/models/aws_robomaker_residential_PortraitD_01/model.config
[0.912s] -- Up-to-date symlink: /home/utk/aura_ws/install/aura_description/share/aura_description/models/aws_robomaker_residential_PortraitD_01/model.sdf
[0.912s] -- Up-to-date symlink: /home/utk/aura_ws/install/aura_description/share/aura_description/models/aws_robomaker_residential_PortraitD_02/materials/textures/aws_PortraitD_01.png
[0.912s] -- Up-to-date symlink: /home/utk/aura_ws/install/aura_description/share/aura_description/models/aws_robomaker_residential_PortraitD_02/materials/textures/aws_PortraitD_02.png
[0.912s] -- Up-to-date symlink: /home/utk/aura_ws/install/aura_description/share/aura_description/models/aws_robomaker_residential_PortraitD_02/meshes/aws_PortraitD_01_collision.DAE
[0.913s] -- Up-to-date symlink: /home/utk/aura_ws/install/aura_description/share/aura_description/models/aws_robomaker_residential_PortraitD_02/meshes/aws_PortraitD_01_visual.DAE
[0.913s] -- Up-to-date symlink: /home/utk/aura_ws/install/aura_description/share/aura_description/models/aws_robomaker_residential_PortraitD_02/model.config
[0.913s] -- Up-to-date symlink: /home/utk/aura_ws/install/aura_description/share/aura_description/models/aws_robomaker_residential_PortraitD_02/model.sdf
[0.913s] -- Up-to-date symlink: /home/utk/aura_ws/install/aura_description/share/aura_description/models/aws_robomaker_residential_PortraitE_01/materials/textures/aws_PortraitE_01.png
[0.913s] -- Up-to-date symlink: /home/utk/aura_ws/install/aura_description/share/aura_description/models/aws_robomaker_residential_PortraitE_01/materials/textures/aws_PortraitE_02.png
[0.913s] -- Up-to-date symlink: /home/utk/aura_ws/install/aura_description/share/aura_description/models/aws_robomaker_residential_PortraitE_01/meshes/aws_PortraitE_01_collision.DAE
[0.914s] -- Up-to-date symlink: /home/utk/aura_ws/install/aura_description/share/aura_description/models/aws_robomaker_residential_PortraitE_01/meshes/aws_PortraitE_01_visual.DAE
[0.914s] -- Up-to-date symlink: /home/utk/aura_ws/install/aura_description/share/aura_description/models/aws_robomaker_residential_PortraitE_01/model.config
[0.914s] -- Up-to-date symlink: /home/utk/aura_ws/install/aura_description/share/aura_description/models/aws_robomaker_residential_PortraitE_01/model.sdf
[0.914s] -- Up-to-date symlink: /home/utk/aura_ws/install/aura_description/share/aura_description/models/aws_robomaker_residential_PortraitE_02/materials/textures/aws_PortraitE_01.png
[0.914s] -- Up-to-date symlink: /home/utk/aura_ws/install/aura_description/share/aura_description/models/aws_robomaker_residential_PortraitE_02/materials/textures/aws_PortraitE_02.png
[0.914s] -- Up-to-date symlink: /home/utk/aura_ws/install/aura_description/share/aura_description/models/aws_robomaker_residential_PortraitE_02/meshes/aws_PortraitE_01_collision.DAE
[0.914s] -- Up-to-date symlink: /home/utk/aura_ws/install/aura_description/share/aura_description/models/aws_robomaker_residential_PortraitE_02/meshes/aws_PortraitE_01_visual.DAE
[0.914s] -- Up-to-date symlink: /home/utk/aura_ws/install/aura_description/share/aura_description/models/aws_robomaker_residential_PortraitE_02/model.config
[0.914s] -- Up-to-date symlink: /home/utk/aura_ws/install/aura_description/share/aura_description/models/aws_robomaker_residential_PortraitE_02/model.sdf
[0.915s] -- Up-to-date symlink: /home/utk/aura_ws/install/aura_description/share/aura_description/models/aws_robomaker_residential_Quilt_01/materials/textures/aws_Quilt_01.png
[0.915s] -- Up-to-date symlink: /home/utk/aura_ws/install/aura_description/share/aura_description/models/aws_robomaker_residential_Quilt_01/meshes/aws_Quilt_01_collision.DAE
[0.915s] -- Up-to-date symlink: /home/utk/aura_ws/install/aura_description/share/aura_description/models/aws_robomaker_residential_Quilt_01/meshes/aws_Quilt_01_visual.DAE
[0.915s] -- Up-to-date symlink: /home/utk/aura_ws/install/aura_description/share/aura_description/models/aws_robomaker_residential_Quilt_01/model.config
[0.915s] -- Up-to-date symlink: /home/utk/aura_ws/install/aura_description/share/aura_description/models/aws_robomaker_residential_Quilt_01/model.sdf
[0.915s] -- Up-to-date symlink: /home/utk/aura_ws/install/aura_description/share/aura_description/models/aws_robomaker_residential_Rangehood_01/materials/textures/aws_Rangehood_01.png
[0.915s] -- Up-to-date symlink: /home/utk/aura_ws/install/aura_description/share/aura_description/models/aws_robomaker_residential_Rangehood_01/meshes/aws_Rangehood_01_collision.DAE
[0.915s] -- Up-to-date symlink: /home/utk/aura_ws/install/aura_description/share/aura_description/models/aws_robomaker_residential_Rangehood_01/meshes/aws_Rangehood_01_visual.DAE
[0.915s] -- Up-to-date symlink: /home/utk/aura_ws/install/aura_description/share/aura_description/models/aws_robomaker_residential_Rangehood_01/model.config
[0.915s] -- Up-to-date symlink: /home/utk/aura_ws/install/aura_description/share/aura_description/models/aws_robomaker_residential_Rangehood_01/model.sdf
[0.915s] -- Up-to-date symlink: /home/utk/aura_ws/install/aura_description/share/aura_description/models/aws_robomaker_residential_ReadingDesk_01/materials/textures/aws_ReadingDesk_01.png
[0.916s] -- Up-to-date symlink: /home/utk/aura_ws/install/aura_description/share/aura_description/models/aws_robomaker_residential_ReadingDesk_01/meshes/aws_ReadingDesk_01_collision.DAE
[0.916s] -- Up-to-date symlink: /home/utk/aura_ws/install/aura_description/share/aura_description/models/aws_robomaker_residential_ReadingDesk_01/meshes/aws_ReadingDesk_01_visual.DAE
[0.916s] -- Up-to-date symlink: /home/utk/aura_ws/install/aura_description/share/aura_description/models/aws_robomaker_residential_ReadingDesk_01/model.config
[0.916s] -- Up-to-date symlink: /home/utk/aura_ws/install/aura_description/share/aura_description/models/aws_robomaker_residential_ReadingDesk_01/model.sdf
[0.916s] -- Up-to-date symlink: /home/utk/aura_ws/install/aura_description/share/aura_description/models/aws_robomaker_residential_Refrigerator_01/materials/textures/aws_Refrigerator_01.png
[0.916s] -- Up-to-date symlink: /home/utk/aura_ws/install/aura_description/share/aura_description/models/aws_robomaker_residential_Refrigerator_01/materials/textures/aws_Refrigerator_02.png
[0.916s] -- Up-to-date symlink: /home/utk/aura_ws/install/aura_description/share/aura_description/models/aws_robomaker_residential_Refrigerator_01/meshes/aws_Refrigerator_01.DAE
[0.916s] -- Up-to-date symlink: /home/utk/aura_ws/install/aura_description/share/aura_description/models/aws_robomaker_residential_Refrigerator_01/meshes/aws_Refrigerator_01_collision.DAE
[0.916s] -- Up-to-date symlink: /home/utk/aura_ws/install/aura_description/share/aura_description/models/aws_robomaker_residential_Refrigerator_01/meshes/aws_Refrigerator_01_visual.DAE
[0.916s] -- Up-to-date symlink: /home/utk/aura_ws/install/aura_description/share/aura_description/models/aws_robomaker_residential_Refrigerator_01/model.config
[0.916s] -- Up-to-date symlink: /home/utk/aura_ws/install/aura_description/share/aura_description/models/aws_robomaker_residential_Refrigerator_01/model.sdf
[0.916s] -- Up-to-date symlink: /home/utk/aura_ws/install/aura_description/share/aura_description/models/aws_robomaker_residential_RoomCeiling_01/materials/textures/aws_RoomCeiling_01.png
[0.917s] -- Up-to-date symlink: /home/utk/aura_ws/install/aura_description/share/aura_description/models/aws_robomaker_residential_RoomCeiling_01/meshes/aws_RoomCeiling_01_collision.DAE
[0.917s] -- Up-to-date symlink: /home/utk/aura_ws/install/aura_description/share/aura_description/models/aws_robomaker_residential_RoomCeiling_01/meshes/aws_RoomCeiling_01_visual.DAE
[0.917s] -- Up-to-date symlink: /home/utk/aura_ws/install/aura_description/share/aura_description/models/aws_robomaker_residential_RoomCeiling_01/model.config
[0.917s] -- Up-to-date symlink: /home/utk/aura_ws/install/aura_description/share/aura_description/models/aws_robomaker_residential_RoomCeiling_01/model.sdf
[0.917s] -- Up-to-date symlink: /home/utk/aura_ws/install/aura_description/share/aura_description/models/aws_robomaker_residential_RoomWall_01/materials/textures/aws_RoomWall_01.png
[0.917s] -- Up-to-date symlink: /home/utk/aura_ws/install/aura_description/share/aura_description/models/aws_robomaker_residential_RoomWall_01/meshes/aws_RoomWall_01_collision.DAE
[0.917s] -- Up-to-date symlink: /home/utk/aura_ws/install/aura_description/share/aura_description/models/aws_robomaker_residential_RoomWall_01/meshes/aws_RoomWall_01_visual.DAE
[0.917s] -- Up-to-date symlink: /home/utk/aura_ws/install/aura_description/share/aura_description/models/aws_robomaker_residential_RoomWall_01/model.config
[0.918s] -- Up-to-date symlink: /home/utk/aura_ws/install/aura_description/share/aura_description/models/aws_robomaker_residential_RoomWall_01/model.sdf
[0.918s] -- Up-to-date symlink: /home/utk/aura_ws/install/aura_description/share/aura_description/models/aws_robomaker_residential_RoomWindow_01/materials/textures/aws_RoomWindow_01.png
[0.918s] -- Up-to-date symlink: /home/utk/aura_ws/install/aura_description/share/aura_description/models/aws_robomaker_residential_RoomWindow_01/meshes/aws_RoomWindow_01_collision.DAE
[0.918s] -- Up-to-date symlink: /home/utk/aura_ws/install/aura_description/share/aura_description/models/aws_robomaker_residential_RoomWindow_01/meshes/aws_RoomWindow_01_visual.DAE
[0.918s] -- Up-to-date symlink: /home/utk/aura_ws/install/aura_description/share/aura_description/models/aws_robomaker_residential_RoomWindow_01/model.config
[0.918s] -- Up-to-date symlink: /home/utk/aura_ws/install/aura_description/share/aura_description/models/aws_robomaker_residential_RoomWindow_01/model.sdf
[0.918s] -- Up-to-date symlink: /home/utk/aura_ws/install/aura_description/share/aura_description/models/aws_robomaker_residential_SeasoningBox_01/materials/textures/aws_SeasoningBox_01.png
[0.918s] -- Up-to-date symlink: /home/utk/aura_ws/install/aura_description/share/aura_description/models/aws_robomaker_residential_SeasoningBox_01/meshes/aws_SeasoningBox_01_collision.DAE
[0.918s] -- Up-to-date symlink: /home/utk/aura_ws/install/aura_description/share/aura_description/models/aws_robomaker_residential_SeasoningBox_01/meshes/aws_SeasoningBox_01_visual.DAE
[0.919s] -- Up-to-date symlink: /home/utk/aura_ws/install/aura_description/share/aura_description/models/aws_robomaker_residential_SeasoningBox_01/model.config
[0.919s] -- Up-to-date symlink: /home/utk/aura_ws/install/aura_description/share/aura_description/models/aws_robomaker_residential_SeasoningBox_01/model.sdf
[0.919s] -- Up-to-date symlink: /home/utk/aura_ws/install/aura_description/share/aura_description/models/aws_robomaker_residential_SecurityCamera_01/materials/textures/aws_SecurityCamera_01.png
[0.919s] -- Up-to-date symlink: /home/utk/aura_ws/install/aura_description/share/aura_description/models/aws_robomaker_residential_SecurityCamera_01/meshes/aws_SecurityCamera_01_collision.DAE
[0.919s] -- Up-to-date symlink: /home/utk/aura_ws/install/aura_description/share/aura_description/models/aws_robomaker_residential_SecurityCamera_01/meshes/aws_SecurityCamera_01_visual.DAE
[0.919s] -- Up-to-date symlink: /home/utk/aura_ws/install/aura_description/share/aura_description/models/aws_robomaker_residential_SecurityCamera_01/model.config
[0.919s] -- Up-to-date symlink: /home/utk/aura_ws/install/aura_description/share/aura_description/models/aws_robomaker_residential_SecurityCamera_01/model.sdf
[0.919s] -- Up-to-date symlink: /home/utk/aura_ws/install/aura_description/share/aura_description/models/aws_robomaker_residential_ShoeRack_01/materials/textures/aws_ShoeRack_01.png
[0.919s] -- Up-to-date symlink: /home/utk/aura_ws/install/aura_description/share/aura_description/models/aws_robomaker_residential_ShoeRack_01/meshes/aws_ShoeRack_01_collision.DAE
[0.919s] -- Up-to-date symlink: /home/utk/aura_ws/install/aura_description/share/aura_description/models/aws_robomaker_residential_ShoeRack_01/meshes/aws_ShoeRack_01_visual.DAE
[0.919s] -- Up-to-date symlink: /home/utk/aura_ws/install/aura_description/share/aura_description/models/aws_robomaker_residential_ShoeRack_01/model.config
[0.921s] -- Up-to-date symlink: /home/utk/aura_ws/install/aura_description/share/aura_description/models/aws_robomaker_residential_ShoeRack_01/model.sdf
[0.921s] -- Up-to-date symlink: /home/utk/aura_ws/install/aura_description/share/aura_description/models/aws_robomaker_residential_SofaB_01/materials/textures/aws_SofaB_01.png
[0.921s] -- Up-to-date symlink: /home/utk/aura_ws/install/aura_description/share/aura_description/models/aws_robomaker_residential_SofaB_01/meshes/aws_SofaB_01_collision.DAE
[0.921s] -- Up-to-date symlink: /home/utk/aura_ws/install/aura_description/share/aura_description/models/aws_robomaker_residential_SofaB_01/meshes/aws_SofaB_01_visual.DAE
[0.921s] -- Up-to-date symlink: /home/utk/aura_ws/install/aura_description/share/aura_description/models/aws_robomaker_residential_SofaB_01/model.config
[0.921s] -- Up-to-date symlink: /home/utk/aura_ws/install/aura_description/share/aura_description/models/aws_robomaker_residential_SofaB_01/model.sdf
[0.921s] -- Up-to-date symlink: /home/utk/aura_ws/install/aura_description/share/aura_description/models/aws_robomaker_residential_SofaC_01/materials/textures/aws_SofaC_01.png
[0.921s] -- Up-to-date symlink: /home/utk/aura_ws/install/aura_description/share/aura_description/models/aws_robomaker_residential_SofaC_01/meshes/aws_SofaC_01_collision.DAE
[0.922s] -- Up-to-date symlink: /home/utk/aura_ws/install/aura_description/share/aura_description/models/aws_robomaker_residential_SofaC_01/meshes/aws_SofaC_01_visual.DAE
[0.922s] -- Up-to-date symlink: /home/utk/aura_ws/install/aura_description/share/aura_description/models/aws_robomaker_residential_SofaC_01/model.config
[0.922s] -- Up-to-date symlink: /home/utk/aura_ws/install/aura_description/share/aura_description/models/aws_robomaker_residential_SofaC_01/model.sdf
[0.922s] -- Up-to-date symlink: /home/utk/aura_ws/install/aura_description/share/aura_description/models/aws_robomaker_residential_Sofa_01/materials/textures/aws_Sofa_01.png
[0.922s] -- Up-to-date symlink: /home/utk/aura_ws/install/aura_description/share/aura_description/models/aws_robomaker_residential_Sofa_01/meshes/aws_Sofa_01.DAE
[0.922s] -- Up-to-date symlink: /home/utk/aura_ws/install/aura_description/share/aura_description/models/aws_robomaker_residential_Sofa_01/meshes/aws_Sofa_01_collision.DAE
[0.922s] -- Up-to-date symlink: /home/utk/aura_ws/install/aura_description/share/aura_description/models/aws_robomaker_residential_Sofa_01/meshes/aws_Sofa_01_visual.DAE
[0.922s] -- Up-to-date symlink: /home/utk/aura_ws/install/aura_description/share/aura_description/models/aws_robomaker_residential_Sofa_01/model.config
[0.922s] -- Up-to-date symlink: /home/utk/aura_ws/install/aura_description/share/aura_description/models/aws_robomaker_residential_Sofa_01/model.sdf
[0.922s] -- Up-to-date symlink: /home/utk/aura_ws/install/aura_description/share/aura_description/models/aws_robomaker_residential_TVCabinet_01/materials/textures/aws_TVCabinet_01.png
[0.923s] -- Up-to-date symlink: /home/utk/aura_ws/install/aura_description/share/aura_description/models/aws_robomaker_residential_TVCabinet_01/meshes/aws_TVCabinet_01_collision.DAE
[0.923s] -- Up-to-date symlink: /home/utk/aura_ws/install/aura_description/share/aura_description/models/aws_robomaker_residential_TVCabinet_01/meshes/aws_TVCabinet_01_visual.DAE
[0.923s] -- Up-to-date symlink: /home/utk/aura_ws/install/aura_description/share/aura_description/models/aws_robomaker_residential_TVCabinet_01/model.config
[0.923s] -- Up-to-date symlink: /home/utk/aura_ws/install/aura_description/share/aura_description/models/aws_robomaker_residential_TVCabinet_01/model.sdf
[0.923s] -- Up-to-date symlink: /home/utk/aura_ws/install/aura_description/share/aura_description/models/aws_robomaker_residential_TV_01/materials/textures/aws_TV_01.png
[0.924s] -- Up-to-date symlink: /home/utk/aura_ws/install/aura_description/share/aura_description/models/aws_robomaker_residential_TV_01/meshes/aws_TV_01_collision.DAE
[0.924s] -- Up-to-date symlink: /home/utk/aura_ws/install/aura_description/share/aura_description/models/aws_robomaker_residential_TV_01/meshes/aws_TV_01_visual.DAE
[0.924s] -- Up-to-date symlink: /home/utk/aura_ws/install/aura_description/share/aura_description/models/aws_robomaker_residential_TV_01/model.config
[0.925s] -- Up-to-date symlink: /home/utk/aura_ws/install/aura_description/share/aura_description/models/aws_robomaker_residential_TV_01/model.sdf
[0.925s] -- Up-to-date symlink: /home/utk/aura_ws/install/aura_description/share/aura_description/models/aws_robomaker_residential_TV_02/materials/textures/aws_TV_01.png
[0.925s] -- Up-to-date symlink: /home/utk/aura_ws/install/aura_description/share/aura_description/models/aws_robomaker_residential_TV_02/meshes/aws_TV_01_collision.DAE
[0.925s] -- Up-to-date symlink: /home/utk/aura_ws/install/aura_description/share/aura_description/models/aws_robomaker_residential_TV_02/meshes/aws_TV_01_visual.DAE
[0.925s] -- Up-to-date symlink: /home/utk/aura_ws/install/aura_description/share/aura_description/models/aws_robomaker_residential_TV_02/model.config
[0.925s] -- Up-to-date symlink: /home/utk/aura_ws/install/aura_description/share/aura_description/models/aws_robomaker_residential_TV_02/model.sdf
[0.925s] -- Up-to-date symlink: /home/utk/aura_ws/install/aura_description/share/aura_description/models/aws_robomaker_residential_Tablet_01/materials/textures/aws_Tablet_01_nologo.png
[0.925s] -- Up-to-date symlink: /home/utk/aura_ws/install/aura_description/share/aura_description/models/aws_robomaker_residential_Tablet_01/meshes/aws_Tablet_01_collision.DAE
[0.925s] -- Up-to-date symlink: /home/utk/aura_ws/install/aura_description/share/aura_description/models/aws_robomaker_residential_Tablet_01/meshes/aws_Tablet_01_visual.DAE
[0.926s] -- Up-to-date symlink: /home/utk/aura_ws/install/aura_description/share/aura_description/models/aws_robomaker_residential_Tablet_01/model.config
[0.926s] -- Up-to-date symlink: /home/utk/aura_ws/install/aura_description/share/aura_description/models/aws_robomaker_residential_Tablet_01/model.sdf
[0.926s] -- Up-to-date symlink: /home/utk/aura_ws/install/aura_description/share/aura_description/models/aws_robomaker_residential_Tableware_01/materials/textures/aws_Tableware_01.png
[0.926s] -- Up-to-date symlink: /home/utk/aura_ws/install/aura_description/share/aura_description/models/aws_robomaker_residential_Tableware_01/meshes/aws_Tableware_01_collision.DAE
[0.926s] -- Up-to-date symlink: /home/utk/aura_ws/install/aura_description/share/aura_description/models/aws_robomaker_residential_Tableware_01/meshes/aws_Tableware_01_visual.DAE
[0.926s] -- Up-to-date symlink: /home/utk/aura_ws/install/aura_description/share/aura_description/models/aws_robomaker_residential_Tableware_01/model.config
[0.927s] -- Up-to-date symlink: /home/utk/aura_ws/install/aura_description/share/aura_description/models/aws_robomaker_residential_Tableware_01/model.sdf
[0.927s] -- Up-to-date symlink: /home/utk/aura_ws/install/aura_description/share/aura_description/models/aws_robomaker_residential_Trash_01/materials/textures/aws_Trash_01.png
[0.927s] -- Up-to-date symlink: /home/utk/aura_ws/install/aura_description/share/aura_description/models/aws_robomaker_residential_Trash_01/meshes/aws_Trash_01_collision.DAE
[0.928s] -- Up-to-date symlink: /home/utk/aura_ws/install/aura_description/share/aura_description/models/aws_robomaker_residential_Trash_01/meshes/aws_Trash_01_visual.DAE
[0.928s] -- Up-to-date symlink: /home/utk/aura_ws/install/aura_description/share/aura_description/models/aws_robomaker_residential_Trash_01/model.config
[0.928s] -- Up-to-date symlink: /home/utk/aura_ws/install/aura_description/share/aura_description/models/aws_robomaker_residential_Trash_01/model.sdf
[0.928s] -- Up-to-date symlink: /home/utk/aura_ws/install/aura_description/share/aura_description/models/aws_robomaker_residential_Vase_01/materials/textures/aws_Vase_01.png
[0.928s] -- Up-to-date symlink: /home/utk/aura_ws/install/aura_description/share/aura_description/models/aws_robomaker_residential_Vase_01/meshes/aws_Vase_01_collision.DAE
[0.928s] -- Up-to-date symlink: /home/utk/aura_ws/install/aura_description/share/aura_description/models/aws_robomaker_residential_Vase_01/meshes/aws_Vase_01_visual.DAE
[0.928s] -- Up-to-date symlink: /home/utk/aura_ws/install/aura_description/share/aura_description/models/aws_robomaker_residential_Vase_01/model.config
[0.928s] -- Up-to-date symlink: /home/utk/aura_ws/install/aura_description/share/aura_description/models/aws_robomaker_residential_Vase_01/model.sdf
[0.928s] -- Up-to-date symlink: /home/utk/aura_ws/install/aura_description/share/aura_description/models/aws_robomaker_residential_Wardrobe_01/materials/textures/aws_Wardrobe_01.png
[0.928s] -- Up-to-date symlink: /home/utk/aura_ws/install/aura_description/share/aura_description/models/aws_robomaker_residential_Wardrobe_01/meshes/aws_Wardrobe_01_collision.DAE
[0.928s] -- Up-to-date symlink: /home/utk/aura_ws/install/aura_description/share/aura_description/models/aws_robomaker_residential_Wardrobe_01/meshes/aws_Wardrobe_01_visual.DAE
[0.929s] -- Up-to-date symlink: /home/utk/aura_ws/install/aura_description/share/aura_description/models/aws_robomaker_residential_Wardrobe_01/model.config
[0.929s] -- Up-to-date symlink: /home/utk/aura_ws/install/aura_description/share/aura_description/models/aws_robomaker_residential_Wardrobe_01/model.sdf
[0.929s] -- Up-to-date symlink: /home/utk/aura_ws/install/aura_description/share/aura_description/models/aws_robomaker_warehouse_Bucket_01/.DS_Store
[0.929s] -- Up-to-date symlink: /home/utk/aura_ws/install/aura_description/share/aura_description/models/aws_robomaker_warehouse_Bucket_01/materials/.DS_Store
[0.930s] -- Up-to-date symlink: /home/utk/aura_ws/install/aura_description/share/aura_description/models/aws_robomaker_warehouse_Bucket_01/materials/textures/aws_robomaker_warehouse_Bucket_01.png
[0.930s] -- Up-to-date symlink: /home/utk/aura_ws/install/aura_description/share/aura_description/models/aws_robomaker_warehouse_Bucket_01/meshes/aws_robomaker_warehouse_Bucket_01_collision.DAE
[0.932s] -- Up-to-date symlink: /home/utk/aura_ws/install/aura_description/share/aura_description/models/aws_robomaker_warehouse_Bucket_01/meshes/aws_robomaker_warehouse_Bucket_01_visual.DAE
[0.932s] -- Up-to-date symlink: /home/utk/aura_ws/install/aura_description/share/aura_description/models/aws_robomaker_warehouse_Bucket_01/model.config
[0.932s] -- Up-to-date symlink: /home/utk/aura_ws/install/aura_description/share/aura_description/models/aws_robomaker_warehouse_Bucket_01/model.sdf
[0.932s] -- Up-to-date symlink: /home/utk/aura_ws/install/aura_description/share/aura_description/models/aws_robomaker_warehouse_ClutteringA_01/.DS_Store
[0.932s] -- Up-to-date symlink: /home/utk/aura_ws/install/aura_description/share/aura_description/models/aws_robomaker_warehouse_ClutteringA_01/materials/.DS_Store
[0.933s] -- Up-to-date symlink: /home/utk/aura_ws/install/aura_description/share/aura_description/models/aws_robomaker_warehouse_ClutteringA_01/materials/textures/.DS_Store
[0.934s] -- Up-to-date symlink: /home/utk/aura_ws/install/aura_description/share/aura_description/models/aws_robomaker_warehouse_ClutteringA_01/materials/textures/aws_robomaker_warehouse_ClutteringA_01.png
[0.934s] -- Up-to-date symlink: /home/utk/aura_ws/install/aura_description/share/aura_description/models/aws_robomaker_warehouse_ClutteringA_01/materials/textures/aws_robomaker_warehouse_ClutteringA_02.png
[0.934s] -- Up-to-date symlink: /home/utk/aura_ws/install/aura_description/share/aura_description/models/aws_robomaker_warehouse_ClutteringA_01/materials/textures/aws_robomaker_warehouse_ClutteringA_03.png
[0.934s] -- Up-to-date symlink: /home/utk/aura_ws/install/aura_description/share/aura_description/models/aws_robomaker_warehouse_ClutteringA_01/meshes/aws_robomaker_warehouse_ClutteringA_01_collision.DAE
[0.934s] -- Up-to-date symlink: /home/utk/aura_ws/install/aura_description/share/aura_description/models/aws_robomaker_warehouse_ClutteringA_01/meshes/aws_robomaker_warehouse_ClutteringA_01_visual.DAE
[0.934s] -- Up-to-date symlink: /home/utk/aura_ws/install/aura_description/share/aura_description/models/aws_robomaker_warehouse_ClutteringA_01/model.config
[0.934s] -- Up-to-date symlink: /home/utk/aura_ws/install/aura_description/share/aura_description/models/aws_robomaker_warehouse_ClutteringA_01/model.sdf
[0.934s] -- Up-to-date symlink: /home/utk/aura_ws/install/aura_description/share/aura_description/models/aws_robomaker_warehouse_ClutteringC_01/materials/textures/aws_robomaker_warehouse_ClutteringC_01.png
[0.934s] -- Up-to-date symlink: /home/utk/aura_ws/install/aura_description/share/aura_description/models/aws_robomaker_warehouse_ClutteringC_01/materials/textures/aws_robomaker_warehouse_ClutteringC_02.png
[0.934s] -- Up-to-date symlink: /home/utk/aura_ws/install/aura_description/share/aura_description/models/aws_robomaker_warehouse_ClutteringC_01/meshes/aws_robomaker_warehouse_ClutteringC_01_collision.DAE
[0.934s] -- Up-to-date symlink: /home/utk/aura_ws/install/aura_description/share/aura_description/models/aws_robomaker_warehouse_ClutteringC_01/meshes/aws_robomaker_warehouse_ClutteringC_01_visual.DAE
[0.935s] -- Up-to-date symlink: /home/utk/aura_ws/install/aura_description/share/aura_description/models/aws_robomaker_warehouse_ClutteringC_01/model.config
[0.935s] -- Up-to-date symlink: /home/utk/aura_ws/install/aura_description/share/aura_description/models/aws_robomaker_warehouse_ClutteringC_01/model.sdf
[0.935s] -- Up-to-date symlink: /home/utk/aura_ws/install/aura_description/share/aura_description/models/aws_robomaker_warehouse_ClutteringD_01/materials/textures/aws_robomaker_warehouse_ClutteringD_01.png
[0.935s] -- Up-to-date symlink: /home/utk/aura_ws/install/aura_description/share/aura_description/models/aws_robomaker_warehouse_ClutteringD_01/materials/textures/aws_robomaker_warehouse_ClutteringD_02.png
[0.935s] -- Up-to-date symlink: /home/utk/aura_ws/install/aura_description/share/aura_description/models/aws_robomaker_warehouse_ClutteringD_01/meshes/aws_robomaker_warehouse_ClutteringD_01_collision.DAE
[0.935s] -- Up-to-date symlink: /home/utk/aura_ws/install/aura_description/share/aura_description/models/aws_robomaker_warehouse_ClutteringD_01/meshes/aws_robomaker_warehouse_ClutteringD_01_visual.DAE
[0.936s] -- Up-to-date symlink: /home/utk/aura_ws/install/aura_description/share/aura_description/models/aws_robomaker_warehouse_ClutteringD_01/model.config
[0.936s] -- Up-to-date symlink: /home/utk/aura_ws/install/aura_description/share/aura_description/models/aws_robomaker_warehouse_ClutteringD_01/model.sdf
[0.936s] -- Up-to-date symlink: /home/utk/aura_ws/install/aura_description/share/aura_description/models/aws_robomaker_warehouse_DeskC_01/materials/.DS_Store
[0.936s] -- Up-to-date symlink: /home/utk/aura_ws/install/aura_description/share/aura_description/models/aws_robomaker_warehouse_DeskC_01/materials/textures/aws_robomaker_warehouse_DeskC_01.png
[0.936s] -- Up-to-date symlink: /home/utk/aura_ws/install/aura_description/share/aura_description/models/aws_robomaker_warehouse_DeskC_01/materials/textures/aws_robomaker_warehouse_DeskC_02.png
[0.937s] -- Up-to-date symlink: /home/utk/aura_ws/install/aura_description/share/aura_description/models/aws_robomaker_warehouse_DeskC_01/materials/textures/aws_robomaker_warehouse_DeskC_03.png
[0.937s] -- Up-to-date symlink: /home/utk/aura_ws/install/aura_description/share/aura_description/models/aws_robomaker_warehouse_DeskC_01/materials/textures/aws_robomaker_warehouse_DeskC_03.psd
[0.937s] -- Up-to-date symlink: /home/utk/aura_ws/install/aura_description/share/aura_description/models/aws_robomaker_warehouse_DeskC_01/materials/textures/aws_robomaker_warehouse_DeskC_04.png
[0.937s] -- Up-to-date symlink: /home/utk/aura_ws/install/aura_description/share/aura_description/models/aws_robomaker_warehouse_DeskC_01/meshes/aws_robomaker_warehouse_DeskC_01_collision.DAE
[0.937s] -- Up-to-date symlink: /home/utk/aura_ws/install/aura_description/share/aura_description/models/aws_robomaker_warehouse_DeskC_01/meshes/aws_robomaker_warehouse_DeskC_01_visual.DAE
[0.938s] -- Up-to-date symlink: /home/utk/aura_ws/install/aura_description/share/aura_description/models/aws_robomaker_warehouse_DeskC_01/model.config
[0.938s] -- Up-to-date symlink: /home/utk/aura_ws/install/aura_description/share/aura_description/models/aws_robomaker_warehouse_DeskC_01/model.sdf
[0.938s] -- Up-to-date symlink: /home/utk/aura_ws/install/aura_description/share/aura_description/models/aws_robomaker_warehouse_GroundB_01/materials/textures/aws_robomaker_warehouse_GroundB_01.png
[0.938s] -- Up-to-date symlink: /home/utk/aura_ws/install/aura_description/share/aura_description/models/aws_robomaker_warehouse_GroundB_01/materials/textures/aws_robomaker_warehouse_GroundB_02.png
[0.938s] -- Up-to-date symlink: /home/utk/aura_ws/install/aura_description/share/aura_description/models/aws_robomaker_warehouse_GroundB_01/meshes/aws_robomaker_warehouse_GroundB_01_collision.DAE
[0.938s] -- Up-to-date symlink: /home/utk/aura_ws/install/aura_description/share/aura_description/models/aws_robomaker_warehouse_GroundB_01/meshes/aws_robomaker_warehouse_GroundB_01_visual.DAE
[0.938s] -- Up-to-date symlink: /home/utk/aura_ws/install/aura_description/share/aura_description/models/aws_robomaker_warehouse_GroundB_01/model.config
[0.939s] -- Up-to-date symlink: /home/utk/aura_ws/install/aura_description/share/aura_description/models/aws_robomaker_warehouse_GroundB_01/model.sdf
[0.939s] -- Up-to-date symlink: /home/utk/aura_ws/install/aura_description/share/aura_description/models/aws_robomaker_warehouse_Lamp_01/materials/textures/aws_robomaker_warehouse_Lamp_01.png
[0.939s] -- Up-to-date symlink: /home/utk/aura_ws/install/aura_description/share/aura_description/models/aws_robomaker_warehouse_Lamp_01/meshes/aws_robomaker_warehouse_Lamp_01_collision.DAE
[0.939s] -- Up-to-date symlink: /home/utk/aura_ws/install/aura_description/share/aura_description/models/aws_robomaker_warehouse_Lamp_01/meshes/aws_robomaker_warehouse_Lamp_01_visual.DAE
[0.939s] -- Up-to-date symlink: /home/utk/aura_ws/install/aura_description/share/aura_description/models/aws_robomaker_warehouse_Lamp_01/model.config
[0.939s] -- Up-to-date symlink: /home/utk/aura_ws/install/aura_description/share/aura_description/models/aws_robomaker_warehouse_Lamp_01/model.sdf
[0.939s] -- Up-to-date symlink: /home/utk/aura_ws/install/aura_description/share/aura_description/models/aws_robomaker_warehouse_PalletJackB_01/.DS_Store
[0.940s] -- Up-to-date symlink: /home/utk/aura_ws/install/aura_description/share/aura_description/models/aws_robomaker_warehouse_PalletJackB_01/materials/.DS_Store
[0.940s] -- Up-to-date symlink: /home/utk/aura_ws/install/aura_description/share/aura_description/models/aws_robomaker_warehouse_PalletJackB_01/materials/textures/aws_robomaker_warehouse_PalletJackB_01.png
[0.940s] -- Up-to-date symlink: /home/utk/aura_ws/install/aura_description/share/aura_description/models/aws_robomaker_warehouse_PalletJackB_01/materials/textures/aws_robomaker_warehouse_PalletJackB_02.png
[0.940s] -- Up-to-date symlink: /home/utk/aura_ws/install/aura_description/share/aura_description/models/aws_robomaker_warehouse_PalletJackB_01/meshes/aws_robomaker_warehouse_PalletJackB_01_collision.DAE
[0.940s] -- Up-to-date symlink: /home/utk/aura_ws/install/aura_description/share/aura_description/models/aws_robomaker_warehouse_PalletJackB_01/meshes/aws_robomaker_warehouse_PalletJackB_01_visual.DAE
[0.940s] -- Up-to-date symlink: /home/utk/aura_ws/install/aura_description/share/aura_description/models/aws_robomaker_warehouse_PalletJackB_01/model.config
[0.940s] -- Up-to-date symlink: /home/utk/aura_ws/install/aura_description/share/aura_description/models/aws_robomaker_warehouse_PalletJackB_01/model.sdf
[0.941s] -- Up-to-date symlink: /home/utk/aura_ws/install/aura_description/share/aura_description/models/aws_robomaker_warehouse_RoofB_01/materials/textures/aws_robomaker_warehouse_RoofB_01.png
[0.941s] -- Up-to-date symlink: /home/utk/aura_ws/install/aura_description/share/aura_description/models/aws_robomaker_warehouse_RoofB_01/meshes/aws_robomaker_warehouse_RoofB_01_collision.DAE
[0.941s] -- Up-to-date symlink: /home/utk/aura_ws/install/aura_description/share/aura_description/models/aws_robomaker_warehouse_RoofB_01/meshes/aws_robomaker_warehouse_RoofB_01_visual.DAE
[0.941s] -- Up-to-date symlink: /home/utk/aura_ws/install/aura_description/share/aura_description/models/aws_robomaker_warehouse_RoofB_01/model.config
[0.941s] -- Up-to-date symlink: /home/utk/aura_ws/install/aura_description/share/aura_description/models/aws_robomaker_warehouse_RoofB_01/model.sdf
[0.941s] -- Up-to-date symlink: /home/utk/aura_ws/install/aura_description/share/aura_description/models/aws_robomaker_warehouse_ShelfD_01/materials/textures/aws_robomaker_warehouse_ShelfD_01.png
[0.941s] -- Up-to-date symlink: /home/utk/aura_ws/install/aura_description/share/aura_description/models/aws_robomaker_warehouse_ShelfD_01/materials/textures/aws_robomaker_warehouse_ShelfD_02.png
[0.942s] -- Up-to-date symlink: /home/utk/aura_ws/install/aura_description/share/aura_description/models/aws_robomaker_warehouse_ShelfD_01/materials/textures/aws_robomaker_warehouse_ShelfD_03.png
[0.942s] -- Up-to-date symlink: /home/utk/aura_ws/install/aura_description/share/aura_description/models/aws_robomaker_warehouse_ShelfD_01/materials/textures/aws_robomaker_warehouse_ShelfD_04.png
[0.942s] -- Up-to-date symlink: /home/utk/aura_ws/install/aura_description/share/aura_description/models/aws_robomaker_warehouse_ShelfD_01/meshes/aws_robomaker_warehouse_ShelfD_01_collision.DAE
[0.942s] -- Up-to-date symlink: /home/utk/aura_ws/install/aura_description/share/aura_description/models/aws_robomaker_warehouse_ShelfD_01/meshes/aws_robomaker_warehouse_ShelfD_01_visual.DAE
[0.942s] -- Up-to-date symlink: /home/utk/aura_ws/install/aura_description/share/aura_description/models/aws_robomaker_warehouse_ShelfD_01/model.config
[0.942s] -- Up-to-date symlink: /home/utk/aura_ws/install/aura_description/share/aura_description/models/aws_robomaker_warehouse_ShelfD_01/model.sdf
[0.942s] -- Up-to-date symlink: /home/utk/aura_ws/install/aura_description/share/aura_description/models/aws_robomaker_warehouse_ShelfE_01/.DS_Store
[0.942s] -- Up-to-date symlink: /home/utk/aura_ws/install/aura_description/share/aura_description/models/aws_robomaker_warehouse_ShelfE_01/materials/.DS_Store
[0.943s] -- Up-to-date symlink: /home/utk/aura_ws/install/aura_description/share/aura_description/models/aws_robomaker_warehouse_ShelfE_01/materials/textures/aws_robomaker_warehouse_ShelfE_01.png
[0.943s] -- Up-to-date symlink: /home/utk/aura_ws/install/aura_description/share/aura_description/models/aws_robomaker_warehouse_ShelfE_01/materials/textures/aws_robomaker_warehouse_ShelfE_02.png
[0.943s] -- Up-to-date symlink: /home/utk/aura_ws/install/aura_description/share/aura_description/models/aws_robomaker_warehouse_ShelfE_01/materials/textures/aws_robomaker_warehouse_ShelfE_03.png
[0.943s] -- Up-to-date symlink: /home/utk/aura_ws/install/aura_description/share/aura_description/models/aws_robomaker_warehouse_ShelfE_01/materials/textures/aws_robomaker_warehouse_ShelfE_04.png
[0.943s] -- Up-to-date symlink: /home/utk/aura_ws/install/aura_description/share/aura_description/models/aws_robomaker_warehouse_ShelfE_01/meshes/aws_robomaker_warehouse_ShelfE_01_collision.DAE
[0.944s] -- Up-to-date symlink: /home/utk/aura_ws/install/aura_description/share/aura_description/models/aws_robomaker_warehouse_ShelfE_01/meshes/aws_robomaker_warehouse_ShelfE_01_visual.DAE
[0.944s] -- Up-to-date symlink: /home/utk/aura_ws/install/aura_description/share/aura_description/models/aws_robomaker_warehouse_ShelfE_01/model.config
[0.944s] -- Up-to-date symlink: /home/utk/aura_ws/install/aura_description/share/aura_description/models/aws_robomaker_warehouse_ShelfE_01/model.sdf
[0.944s] -- Up-to-date symlink: /home/utk/aura_ws/install/aura_description/share/aura_description/models/aws_robomaker_warehouse_ShelfF_01/materials/textures/aws_robomaker_warehouse_ShelfF_01.png
[0.945s] -- Up-to-date symlink: /home/utk/aura_ws/install/aura_description/share/aura_description/models/aws_robomaker_warehouse_ShelfF_01/materials/textures/aws_robomaker_warehouse_ShelfF_02.png
[0.946s] -- Up-to-date symlink: /home/utk/aura_ws/install/aura_description/share/aura_description/models/aws_robomaker_warehouse_ShelfF_01/materials/textures/aws_robomaker_warehouse_ShelfF_03.png
[0.946s] -- Up-to-date symlink: /home/utk/aura_ws/install/aura_description/share/aura_description/models/aws_robomaker_warehouse_ShelfF_01/meshes/aws_robomaker_warehouse_ShelfF_01_collision.DAE
[0.946s] -- Up-to-date symlink: /home/utk/aura_ws/install/aura_description/share/aura_description/models/aws_robomaker_warehouse_ShelfF_01/meshes/aws_robomaker_warehouse_ShelfF_01_visual.DAE
[0.946s] -- Up-to-date symlink: /home/utk/aura_ws/install/aura_description/share/aura_description/models/aws_robomaker_warehouse_ShelfF_01/model.config
[0.946s] -- Up-to-date symlink: /home/utk/aura_ws/install/aura_description/share/aura_description/models/aws_robomaker_warehouse_ShelfF_01/model.sdf
[0.946s] -- Up-to-date symlink: /home/utk/aura_ws/install/aura_description/share/aura_description/models/aws_robomaker_warehouse_TrashCanC_01/materials/textures/aws_robomaker_warehouse_TrashCanC_01.png
[0.946s] -- Up-to-date symlink: /home/utk/aura_ws/install/aura_description/share/aura_description/models/aws_robomaker_warehouse_TrashCanC_01/meshes/aws_robomaker_warehouse_TrashCanC_01_collision.DAE
[0.947s] -- Up-to-date symlink: /home/utk/aura_ws/install/aura_description/share/aura_description/models/aws_robomaker_warehouse_TrashCanC_01/meshes/aws_robomaker_warehouse_TrashCanC_01_visual.DAE
[0.947s] -- Up-to-date symlink: /home/utk/aura_ws/install/aura_description/share/aura_description/models/aws_robomaker_warehouse_TrashCanC_01/model.config
[0.947s] -- Up-to-date symlink: /home/utk/aura_ws/install/aura_description/share/aura_description/models/aws_robomaker_warehouse_TrashCanC_01/model.sdf
[0.947s] -- Up-to-date symlink: /home/utk/aura_ws/install/aura_description/share/aura_description/models/aws_robomaker_warehouse_WallB_01/materials/textures/aws_robomaker_warehouse_WallB_01.png
[0.947s] -- Up-to-date symlink: /home/utk/aura_ws/install/aura_description/share/aura_description/models/aws_robomaker_warehouse_WallB_01/meshes/aws_robomaker_warehouse_WallB_01_collision.DAE
[0.947s] -- Up-to-date symlink: /home/utk/aura_ws/install/aura_description/share/aura_description/models/aws_robomaker_warehouse_WallB_01/meshes/aws_robomaker_warehouse_WallB_01_visual.DAE
[0.947s] -- Up-to-date symlink: /home/utk/aura_ws/install/aura_description/share/aura_description/models/aws_robomaker_warehouse_WallB_01/model.config
[0.948s] -- Up-to-date symlink: /home/utk/aura_ws/install/aura_description/share/aura_description/models/aws_robomaker_warehouse_WallB_01/model.sdf
[0.948s] -- Up-to-date symlink: /home/utk/aura_ws/install/aura_description/share/aura_description/models/marker0/materials/textures/Marker0.png
[0.948s] -- Up-to-date symlink: /home/utk/aura_ws/install/aura_description/share/aura_description/models/marker0/materials/textures/Marker000.png
[0.948s] -- Up-to-date symlink: /home/utk/aura_ws/install/aura_description/share/aura_description/models/marker0/meshes/Marker0.dae
[0.948s] -- Up-to-date symlink: /home/utk/aura_ws/install/aura_description/share/aura_description/models/marker0/model-1_4.sdf
[0.948s] -- Up-to-date symlink: /home/utk/aura_ws/install/aura_description/share/aura_description/models/marker0/model.config
[0.948s] -- Up-to-date symlink: /home/utk/aura_ws/install/aura_description/share/aura_description/models/marker0/model.sdf
[0.949s] -- Up-to-date symlink: /home/utk/aura_ws/install/aura_description/share/aura_description/models/marker1/materials/textures/Marker1.png
[0.949s] -- Up-to-date symlink: /home/utk/aura_ws/install/aura_description/share/aura_description/models/marker1/materials/textures/Marker111.png
[0.949s] -- Up-to-date symlink: /home/utk/aura_ws/install/aura_description/share/aura_description/models/marker1/meshes/Marker1.dae
[0.949s] -- Up-to-date symlink: /home/utk/aura_ws/install/aura_description/share/aura_description/models/marker1/model-1_4.sdf
[0.949s] -- Up-to-date symlink: /home/utk/aura_ws/install/aura_description/share/aura_description/models/marker1/model.config
[0.949s] -- Up-to-date symlink: /home/utk/aura_ws/install/aura_description/share/aura_description/models/marker1/model.sdf
[0.949s] -- Up-to-date symlink: /home/utk/aura_ws/install/aura_description/share/aura_description/models/marker2/materials/textures/Marker2.png
[0.949s] -- Up-to-date symlink: /home/utk/aura_ws/install/aura_description/share/aura_description/models/marker2/meshes/Marker2.dae
[0.949s] -- Up-to-date symlink: /home/utk/aura_ws/install/aura_description/share/aura_description/models/marker2/model-1_4.sdf
[0.949s] -- Up-to-date symlink: /home/utk/aura_ws/install/aura_description/share/aura_description/models/marker2/model.config
[0.950s] -- Up-to-date symlink: /home/utk/aura_ws/install/aura_description/share/aura_description/models/marker2/model.sdf
[0.950s] -- Up-to-date symlink: /home/utk/aura_ws/install/aura_description/share/aura_description/worlds/empty.world
[0.950s] -- Up-to-date symlink: /home/utk/aura_ws/install/aura_description/share/aura_description/worlds/small_house.world
[0.950s] -- Up-to-date symlink: /home/utk/aura_ws/install/aura_description/share/aura_description/worlds/small_warehouse.world
[0.950s] -- Up-to-date symlink: /home/utk/aura_ws/install/aura_description/share/ament_index/resource_index/package_run_dependencies/aura_description
[0.950s] -- Up-to-date symlink: /home/utk/aura_ws/install/aura_description/share/ament_index/resource_index/parent_prefix_path/aura_description
[0.950s] -- Up-to-date symlink: /home/utk/aura_ws/install/aura_description/share/aura_description/environment/ament_prefix_path.sh
[0.950s] -- Up-to-date symlink: /home/utk/aura_ws/install/aura_description/share/aura_description/environment/ament_prefix_path.dsv
[0.950s] -- Up-to-date symlink: /home/utk/aura_ws/install/aura_description/share/aura_description/environment/path.sh
[0.951s] -- Up-to-date symlink: /home/utk/aura_ws/install/aura_description/share/aura_description/environment/path.dsv
[0.951s] -- Up-to-date symlink: /home/utk/aura_ws/install/aura_description/share/aura_description/local_setup.bash
[0.951s] -- Up-to-date symlink: /home/utk/aura_ws/install/aura_description/share/aura_description/local_setup.sh
[0.951s] -- Up-to-date symlink: /home/utk/aura_ws/install/aura_description/share/aura_description/local_setup.zsh
[0.951s] -- Up-to-date symlink: /home/utk/aura_ws/install/aura_description/share/aura_description/local_setup.dsv
[0.951s] -- Symlinking: /home/utk/aura_ws/install/aura_description/share/aura_description/package.dsv
[0.954s] -- Up-to-date symlink: /home/utk/aura_ws/install/aura_description/share/ament_index/resource_index/packages/aura_description
[0.954s] -- Up-to-date symlink: /home/utk/aura_ws/install/aura_description/share/aura_description/cmake/aura_descriptionConfig.cmake
[0.954s] -- Up-to-date symlink: /home/utk/aura_ws/install/aura_description/share/aura_description/cmake/aura_descriptionConfig-version.cmake
[0.954s] -- Up-to-date symlink: /home/utk/aura_ws/install/aura_description/share/aura_description/package.xml
[0.955s] Invoked command in '/home/utk/aura_ws/build/aura_description' returned '0': CMAKE_PREFIX_PATH=${CMAKE_PREFIX_PATH}:/home/utk/aura_ws/install/aura_vision:/home/utk/aura_ws/install/aura_script:/home/utk/bumperbot_ws/install/bumperbot_vision:/home/utk/bumperbot_ws/install/bumperbot_py_examples:/opt/ros/humble /usr/bin/cmake --install /home/utk/aura_ws/build/aura_description
