Built target ament_cmake_python_copy_aura_navigation
running egg_info
writing aura_navigation.egg-info/PKG-INFO
writing dependency_links to aura_navigation.egg-info/dependency_links.txt
writing top-level names to aura_navigation.egg-info/top_level.txt
reading manifest file 'aura_navigation.egg-info/SOURCES.txt'
writing manifest file 'aura_navigation.egg-info/SOURCES.txt'
Built target ament_cmake_python_build_aura_navigation_egg
-- Install configuration: ""
-- Up-to-date: /home/utk/aura_ws/install/aura_navigation/share/aura_navigation/environment/pythonpath.sh
-- Up-to-date: /home/utk/aura_ws/install/aura_navigation/share/aura_navigation/environment/pythonpath.dsv
-- Up-to-date: /home/utk/aura_ws/install/aura_navigation/local/lib/python3.10/dist-packages/aura_navigation-0.0.0-py3.10.egg-info
-- Installing: /home/utk/aura_ws/install/aura_navigation/local/lib/python3.10/dist-packages/aura_navigation-0.0.0-py3.10.egg-info/top_level.txt
-- Installing: /home/utk/aura_ws/install/aura_navigation/local/lib/python3.10/dist-packages/aura_navigation-0.0.0-py3.10.egg-info/dependency_links.txt
-- Installing: /home/utk/aura_ws/install/aura_navigation/local/lib/python3.10/dist-packages/aura_navigation-0.0.0-py3.10.egg-info/SOURCES.txt
-- Installing: /home/utk/aura_ws/install/aura_navigation/local/lib/python3.10/dist-packages/aura_navigation-0.0.0-py3.10.egg-info/PKG-INFO
-- Up-to-date: /home/utk/aura_ws/install/aura_navigation/local/lib/python3.10/dist-packages/aura_navigation
-- Up-to-date: /home/utk/aura_ws/install/aura_navigation/local/lib/python3.10/dist-packages/aura_navigation/waypoint_following.py
-- Up-to-date: /home/utk/aura_ws/install/aura_navigation/local/lib/python3.10/dist-packages/aura_navigation/__init__.py
-- Up-to-date: /home/utk/aura_ws/install/aura_navigation/local/lib/python3.10/dist-packages/aura_navigation/pose_estimator.py
Listing '/home/utk/aura_ws/install/aura_navigation/local/lib/python3.10/dist-packages/aura_navigation'...
-- Up-to-date: /home/utk/aura_ws/install/aura_navigation/share/aura_navigation/launch
-- Up-to-date: /home/utk/aura_ws/install/aura_navigation/share/aura_navigation/launch/navigation.launch.py
-- Up-to-date: /home/utk/aura_ws/install/aura_navigation/share/aura_navigation/config
-- Up-to-date: /home/utk/aura_ws/install/aura_navigation/share/aura_navigation/config/nav2_params.yaml
-- Up-to-date: /home/utk/aura_ws/install/aura_navigation/lib/aura_navigation/waypoint_following.py
-- Up-to-date: /home/utk/aura_ws/install/aura_navigation/lib/aura_navigation/pose_estimator.py
-- Up-to-date: /home/utk/aura_ws/install/aura_navigation/share/ament_index/resource_index/package_run_dependencies/aura_navigation
-- Up-to-date: /home/utk/aura_ws/install/aura_navigation/share/ament_index/resource_index/parent_prefix_path/aura_navigation
-- Up-to-date: /home/utk/aura_ws/install/aura_navigation/share/aura_navigation/environment/ament_prefix_path.sh
-- Up-to-date: /home/utk/aura_ws/install/aura_navigation/share/aura_navigation/environment/ament_prefix_path.dsv
-- Up-to-date: /home/utk/aura_ws/install/aura_navigation/share/aura_navigation/environment/path.sh
-- Up-to-date: /home/utk/aura_ws/install/aura_navigation/share/aura_navigation/environment/path.dsv
-- Up-to-date: /home/utk/aura_ws/install/aura_navigation/share/aura_navigation/local_setup.bash
-- Up-to-date: /home/utk/aura_ws/install/aura_navigation/share/aura_navigation/local_setup.sh
-- Up-to-date: /home/utk/aura_ws/install/aura_navigation/share/aura_navigation/local_setup.zsh
-- Up-to-date: /home/utk/aura_ws/install/aura_navigation/share/aura_navigation/local_setup.dsv
-- Installing: /home/utk/aura_ws/install/aura_navigation/share/aura_navigation/package.dsv
-- Up-to-date: /home/utk/aura_ws/install/aura_navigation/share/ament_index/resource_index/packages/aura_navigation
-- Up-to-date: /home/utk/aura_ws/install/aura_navigation/share/aura_navigation/cmake/aura_navigationConfig.cmake
-- Up-to-date: /home/utk/aura_ws/install/aura_navigation/share/aura_navigation/cmake/aura_navigationConfig-version.cmake
-- Up-to-date: /home/utk/aura_ws/install/aura_navigation/share/aura_navigation/package.xml
