Built target ament_cmake_python_symlink_aura_controller
running egg_info
writing aura_controller.egg-info/PKG-INFO
writing dependency_links to aura_controller.egg-info/dependency_links.txt
writing top-level names to aura_controller.egg-info/top_level.txt
reading manifest file 'aura_controller.egg-info/SOURCES.txt'
writing manifest file 'aura_controller.egg-info/SOURCES.txt'
Built target ament_cmake_python_build_aura_controller_egg
-- Install configuration: ""
-- Execute custom install script
-- Up-to-date symlink: /home/utk/aura_ws/install/aura_controller/share/aura_controller/environment/pythonpath.sh
-- Up-to-date symlink: /home/utk/aura_ws/install/aura_controller/share/aura_controller/environment/pythonpath.dsv
-- Up-to-date symlink: /home/utk/aura_ws/install/aura_controller/local/lib/python3.10/dist-packages/aura_controller-0.0.0-py3.10.egg-info/PKG-INFO
-- Up-to-date symlink: /home/utk/aura_ws/install/aura_controller/local/lib/python3.10/dist-packages/aura_controller-0.0.0-py3.10.egg-info/SOURCES.txt
-- Up-to-date symlink: /home/utk/aura_ws/install/aura_controller/local/lib/python3.10/dist-packages/aura_controller-0.0.0-py3.10.egg-info/dependency_links.txt
-- Up-to-date symlink: /home/utk/aura_ws/install/aura_controller/local/lib/python3.10/dist-packages/aura_controller-0.0.0-py3.10.egg-info/top_level.txt
-- Up-to-date symlink: /home/utk/aura_ws/install/aura_controller/local/lib/python3.10/dist-packages/aura_controller/__init__.py
-- Up-to-date symlink: /home/utk/aura_ws/install/aura_controller/local/lib/python3.10/dist-packages/aura_controller/slider_arm.py
-- Up-to-date symlink: /home/utk/aura_ws/install/aura_controller/local/lib/python3.10/dist-packages/aura_controller/twist_relay_node.py
-- Up-to-date symlink: /home/utk/aura_ws/install/aura_controller/share/aura_controller/launch/controller.launch.py
-- Up-to-date symlink: /home/utk/aura_ws/install/aura_controller/share/aura_controller/launch/joystick.launch.py
-- Up-to-date symlink: /home/utk/aura_ws/install/aura_controller/share/aura_controller/config/aura_controllers.yaml
-- Up-to-date symlink: /home/utk/aura_ws/install/aura_controller/share/aura_controller/config/joy_config.yaml
-- Up-to-date symlink: /home/utk/aura_ws/install/aura_controller/share/aura_controller/config/joy_teleop.yaml
-- Up-to-date symlink: /home/utk/aura_ws/install/aura_controller/share/aura_controller/config/twist_mux_joy.yaml
-- Up-to-date symlink: /home/utk/aura_ws/install/aura_controller/share/aura_controller/config/twist_mux_locks.yaml
-- Up-to-date symlink: /home/utk/aura_ws/install/aura_controller/share/aura_controller/config/twist_mux_topics.yaml
-- Up-to-date symlink: /home/utk/aura_ws/install/aura_controller/lib/aura_controller/twist_relay_node.py
-- Up-to-date symlink: /home/utk/aura_ws/install/aura_controller/lib/aura_controller/slider_arm.py
-- Up-to-date symlink: /home/utk/aura_ws/install/aura_controller/share/ament_index/resource_index/package_run_dependencies/aura_controller
-- Up-to-date symlink: /home/utk/aura_ws/install/aura_controller/share/ament_index/resource_index/parent_prefix_path/aura_controller
-- Up-to-date symlink: /home/utk/aura_ws/install/aura_controller/share/aura_controller/environment/ament_prefix_path.sh
-- Up-to-date symlink: /home/utk/aura_ws/install/aura_controller/share/aura_controller/environment/ament_prefix_path.dsv
-- Up-to-date symlink: /home/utk/aura_ws/install/aura_controller/share/aura_controller/environment/path.sh
-- Up-to-date symlink: /home/utk/aura_ws/install/aura_controller/share/aura_controller/environment/path.dsv
-- Up-to-date symlink: /home/utk/aura_ws/install/aura_controller/share/aura_controller/local_setup.bash
-- Up-to-date symlink: /home/utk/aura_ws/install/aura_controller/share/aura_controller/local_setup.sh
-- Up-to-date symlink: /home/utk/aura_ws/install/aura_controller/share/aura_controller/local_setup.zsh
-- Up-to-date symlink: /home/utk/aura_ws/install/aura_controller/share/aura_controller/local_setup.dsv
-- Symlinking: /home/utk/aura_ws/install/aura_controller/share/aura_controller/package.dsv
-- Up-to-date symlink: /home/utk/aura_ws/install/aura_controller/share/ament_index/resource_index/packages/aura_controller
-- Up-to-date symlink: /home/utk/aura_ws/install/aura_controller/share/aura_controller/cmake/aura_controllerConfig.cmake
-- Up-to-date symlink: /home/utk/aura_ws/install/aura_controller/share/aura_controller/cmake/aura_controllerConfig-version.cmake
-- Up-to-date symlink: /home/utk/aura_ws/install/aura_controller/share/aura_controller/package.xml
Listing '/home/utk/aura_ws/install/aura_controller/local/lib/python3.10/dist-packages/aura_controller'...
