-- The C compiler identification is GNU 11.4.0
-- The CXX compiler identification is GNU 11.4.0
-- Detecting C compiler ABI info
-- Detecting C compiler ABI info - done
-- Check for working C compiler: /usr/bin/cc - skipped
-- Detecting C compile features
-- Detecting C compile features - done
-- Detecting CXX compiler ABI info
-- Detecting CXX compiler ABI info - done
-- Check for working CXX compiler: /usr/bin/c++ - skipped
-- Detecting CXX compile features
-- Detecting CXX compile features - done
-- Found ament_cmake: 1.3.11 (/opt/ros/humble/share/ament_cmake/cmake)
-- Found Python3: /usr/bin/python3 (found version "3.10.12") found components: Interpreter 
-- Found rclcpp: 16.0.11 (/opt/ros/humble/share/rclcpp/cmake)
-- Found rosidl_generator_c: 3.1.6 (/opt/ros/humble/share/rosidl_generator_c/cmake)
-- Found rosidl_adapter: 3.1.6 (/opt/ros/humble/share/rosidl_adapter/cmake)
-- Found rosidl_generator_cpp: 3.1.6 (/opt/ros/humble/share/rosidl_generator_cpp/cmake)
-- Using all available rosidl_typesupport_c: rosidl_typesupport_fastrtps_c;rosidl_typesupport_introspection_c
-- Using all available rosidl_typesupport_cpp: rosidl_typesupport_fastrtps_cpp;rosidl_typesupport_introspection_cpp
-- Found rmw_implementation_cmake: 6.1.2 (/opt/ros/humble/share/rmw_implementation_cmake/cmake)
-- Found rmw_cyclonedds_cpp: 1.3.4 (/opt/ros/humble/share/rmw_cyclonedds_cpp/cmake)
-- Using RMW implementation 'rmw_cyclonedds_cpp' as default
-- Looking for pthread.h
-- Looking for pthread.h - found
-- Performing Test CMAKE_HAVE_LIBC_PTHREAD
-- Performing Test CMAKE_HAVE_LIBC_PTHREAD - Success
-- Found Threads: TRUE  
-- Found rclcpp_action: 16.0.11 (/opt/ros/humble/share/rclcpp_action/cmake)
-- Found rclcpp_components: 16.0.11 (/opt/ros/humble/share/rclcpp_components/cmake)
-- Found aura_msgs: 0.0.0 (/home/utk/aura_ws/install/aura_msgs/share/aura_msgs/cmake)
-- Found moveit_ros_planning_interface: 2.5.6 (/opt/ros/humble/share/moveit_ros_planning_interface/cmake)
-- Found Boost: /usr/lib/x86_64-linux-gnu/cmake/Boost-1.74.0/BoostConfig.cmake (found version "1.74.0") found components: date_time filesystem program_options system thread 
-- Found Boost: /usr/lib/x86_64-linux-gnu/cmake/Boost-1.74.0/BoostConfig.cmake (found version "1.74.0") found components: chrono date_time filesystem iostreams program_options regex serialization system thread 
-- Found parameter_traits: 0.3.9 (/opt/ros/humble/share/parameter_traits/cmake)
-- Found Eigen3: TRUE (found version "3.4.0") 
-- Found rclcpp_lifecycle: 16.0.11 (/opt/ros/humble/share/rclcpp_lifecycle/cmake)
-- Found Boost: /usr/lib/x86_64-linux-gnu/cmake/Boost-1.74.0/BoostConfig.cmake (found version "1.74.0") found components: filesystem 
-- library: /usr/lib/x86_64-linux-gnu/libcurl.so
-- Ensuring Eigen3 include directory is part of orocos-kdl CMake target
-- Found Boost: /usr/lib/x86_64-linux-gnu/cmake/Boost-1.74.0/BoostConfig.cmake (found version "1.74.0") found components: system filesystem date_time program_options thread chrono 
-- Found Boost: /usr/lib/x86_64-linux-gnu/cmake/Boost-1.74.0/BoostConfig.cmake (found version "1.74.0") found components: thread system filesystem regex date_time program_options 
-- Found Boost: /usr/lib/x86_64-linux-gnu/cmake/Boost-1.74.0/BoostConfig.cmake (found version "1.74.0") found components: system filesystem date_time program_options thread 
-- Found ament_lint_auto: 0.12.11 (/opt/ros/humble/share/ament_lint_auto/cmake)
-- Added test 'copyright' to check source files copyright and LICENSE
-- Added test 'cppcheck' to perform static code analysis on C / C++ code
-- Configured cppcheck include dirs: 
-- Configured cppcheck exclude dirs and/or files: 
-- Added test 'cpplint' to check C / C++ code against the Google style
-- Configured cpplint exclude dirs and/or files: 
-- Added test 'flake8' to check Python code syntax and style conventions
-- Added test 'lint_cmake' to check CMake code style
-- Added test 'pep257' to check Python code against some of the docstring style conventions in PEP 257
-- Added test 'uncrustify' to check C / C++ code style
-- Configured uncrustify additional arguments: 
-- Added test 'xmllint' to check XML markup files
-- Configuring done
-- Generating done
-- Build files have been written to: /home/utk/aura_ws/build/aura_moveit
[ 50%] [32mBuilding CXX object CMakeFiles/task_server.dir/src/task_server.cpp.o[0m
[100%] [32m[1mLinking CXX executable task_server[0m
[100%] Built target task_server
-- Install configuration: ""
-- Installing: /home/utk/aura_ws/install/aura_moveit/lib/aura_moveit/task_server
-- Set runtime path of "/home/utk/aura_ws/install/aura_moveit/lib/aura_moveit/task_server" to ""
-- Installing: /home/utk/aura_ws/install/aura_moveit/share/aura_moveit/launch
-- Installing: /home/utk/aura_ws/install/aura_moveit/share/aura_moveit/launch/moveit.launch.py
-- Installing: /home/utk/aura_ws/install/aura_moveit/share/aura_moveit/config
-- Installing: /home/utk/aura_ws/install/aura_moveit/share/aura_moveit/config/kinematics.yaml
-- Installing: /home/utk/aura_ws/install/aura_moveit/share/aura_moveit/config/pilz_cartesian_limits.yaml
-- Installing: /home/utk/aura_ws/install/aura_moveit/share/aura_moveit/config/joint_limits.yaml
-- Installing: /home/utk/aura_ws/install/aura_moveit/share/aura_moveit/config/planning_python_api.yaml
-- Installing: /home/utk/aura_ws/install/aura_moveit/share/aura_moveit/config/moveit.rviz
-- Installing: /home/utk/aura_ws/install/aura_moveit/share/aura_moveit/config/aura.srdf
-- Installing: /home/utk/aura_ws/install/aura_moveit/share/aura_moveit/config/initial_positions.yaml
-- Installing: /home/utk/aura_ws/install/aura_moveit/share/aura_moveit/config/moveit_controllers.yaml
-- Installing: /home/utk/aura_ws/install/aura_moveit/share/ament_index/resource_index/package_run_dependencies/aura_moveit
-- Installing: /home/utk/aura_ws/install/aura_moveit/share/ament_index/resource_index/parent_prefix_path/aura_moveit
-- Installing: /home/utk/aura_ws/install/aura_moveit/share/aura_moveit/environment/ament_prefix_path.sh
-- Installing: /home/utk/aura_ws/install/aura_moveit/share/aura_moveit/environment/ament_prefix_path.dsv
-- Installing: /home/utk/aura_ws/install/aura_moveit/share/aura_moveit/environment/path.sh
-- Installing: /home/utk/aura_ws/install/aura_moveit/share/aura_moveit/environment/path.dsv
-- Installing: /home/utk/aura_ws/install/aura_moveit/share/aura_moveit/local_setup.bash
-- Installing: /home/utk/aura_ws/install/aura_moveit/share/aura_moveit/local_setup.sh
-- Installing: /home/utk/aura_ws/install/aura_moveit/share/aura_moveit/local_setup.zsh
-- Installing: /home/utk/aura_ws/install/aura_moveit/share/aura_moveit/local_setup.dsv
-- Installing: /home/utk/aura_ws/install/aura_moveit/share/aura_moveit/package.dsv
-- Installing: /home/utk/aura_ws/install/aura_moveit/share/ament_index/resource_index/packages/aura_moveit
-- Installing: /home/utk/aura_ws/install/aura_moveit/share/aura_moveit/cmake/aura_moveitConfig.cmake
-- Installing: /home/utk/aura_ws/install/aura_moveit/share/aura_moveit/cmake/aura_moveitConfig-version.cmake
-- Installing: /home/utk/aura_ws/install/aura_moveit/share/aura_moveit/package.xml
