[0.009s] Invoking command in '/home/utk/aura_ws/build/aura_moveit': CMAKE_PREFIX_PATH=${CMAKE_PREFIX_PATH}:/home/utk/aura_ws/install/aura_vision:/home/utk/aura_ws/install/aura_script:/home/utk/bumperbot_ws/install/bumperbot_vision:/home/utk/bumperbot_ws/install/bumperbot_py_examples:/opt/ros/humble LD_LIBRARY_PATH=/home/utk/aura_ws/install/aura_msgs/lib:/home/utk/bumperbot_ws/install/bumperbot_cpp_examples/lib:/home/utk/bumperbot_ws/install/bumperbot_msgs/lib:/home/utk/bumperbot_ws/install/bumperbot_firmware/lib:/usr/lib/x86_64-linux-gnu/gazebo-11/plugins:/opt/ros/humble/opt/rviz_ogre_vendor/lib:/opt/ros/humble/lib/x86_64-linux-gnu:/opt/ros/humble/lib:/usr/share/gazebo/../../lib/x86_64-linux-gnu/gazebo-11/plugins:/usr/share/gazebo-11/../../lib/x86_64-linux-gnu/gazebo-11/plugins:/usr/share/gazebo/../../lib/x86_64-linux-gnu/gazebo-11/plugins:/usr/share/gazebo/../../lib/x86_64-linux-gnu/gazebo-11/plugins:/usr/lib/x86_64-linux-gnu/gazebo-11/plugins:/usr/share/gazebo-11/../../lib/x86_64-linux-gnu/gazebo-11/plugins:/usr/share/gazebo/../../lib/x86_64-linux-gnu/gazebo-11/plugins:/usr/lib/x86_64-linux-gnu/gazebo-11/plugins /usr/bin/cmake /home/utk/aura_ws/src/aura_moveit -DCMAKE_INSTALL_PREFIX=/home/utk/aura_ws/install/aura_moveit
[0.047s] -- The C compiler identification is GNU 11.4.0
[0.086s] -- The CXX compiler identification is GNU 11.4.0
[0.091s] -- Detecting C compiler ABI info
[0.148s] -- Detecting C compiler ABI info - done
[0.153s] -- Check for working C compiler: /usr/bin/cc - skipped
[0.153s] -- Detecting C compile features
[0.154s] -- Detecting C compile features - done
[0.156s] -- Detecting CXX compiler ABI info
[0.214s] -- Detecting CXX compiler ABI info - done
[0.218s] -- Check for working CXX compiler: /usr/bin/c++ - skipped
[0.219s] -- Detecting CXX compile features
[0.219s] -- Detecting CXX compile features - done
[0.222s] -- Found ament_cmake: 1.3.11 (/opt/ros/humble/share/ament_cmake/cmake)
[0.355s] -- Found Python3: /usr/bin/python3 (found version "3.10.12") found components: Interpreter 
[0.442s] -- Found rclcpp: 16.0.11 (/opt/ros/humble/share/rclcpp/cmake)
[0.485s] -- Found rosidl_generator_c: 3.1.6 (/opt/ros/humble/share/rosidl_generator_c/cmake)
[0.490s] -- Found rosidl_adapter: 3.1.6 (/opt/ros/humble/share/rosidl_adapter/cmake)
[0.499s] -- Found rosidl_generator_cpp: 3.1.6 (/opt/ros/humble/share/rosidl_generator_cpp/cmake)
[0.511s] -- Using all available rosidl_typesupport_c: rosidl_typesupport_fastrtps_c;rosidl_typesupport_introspection_c
[0.527s] -- Using all available rosidl_typesupport_cpp: rosidl_typesupport_fastrtps_cpp;rosidl_typesupport_introspection_cpp
[0.573s] -- Found rmw_implementation_cmake: 6.1.2 (/opt/ros/humble/share/rmw_implementation_cmake/cmake)
[0.577s] -- Found rmw_cyclonedds_cpp: 1.3.4 (/opt/ros/humble/share/rmw_cyclonedds_cpp/cmake)
[0.600s] -- Using RMW implementation 'rmw_cyclonedds_cpp' as default
[0.610s] -- Looking for pthread.h
[0.663s] -- Looking for pthread.h - found
[0.663s] -- Performing Test CMAKE_HAVE_LIBC_PTHREAD
[0.718s] -- Performing Test CMAKE_HAVE_LIBC_PTHREAD - Success
[0.718s] -- Found Threads: TRUE  
[0.767s] -- Found rclcpp_action: 16.0.11 (/opt/ros/humble/share/rclcpp_action/cmake)
[0.803s] -- Found rclcpp_components: 16.0.11 (/opt/ros/humble/share/rclcpp_components/cmake)
[0.831s] -- Found aura_msgs: 0.0.0 (/home/utk/aura_ws/install/aura_msgs/share/aura_msgs/cmake)
[0.845s] -- Found moveit_ros_planning_interface: 2.5.6 (/opt/ros/humble/share/moveit_ros_planning_interface/cmake)
[0.877s] -- Found Boost: /usr/lib/x86_64-linux-gnu/cmake/Boost-1.74.0/BoostConfig.cmake (found version "1.74.0") found components: date_time filesystem program_options system thread 
[1.038s] -- Found Boost: /usr/lib/x86_64-linux-gnu/cmake/Boost-1.74.0/BoostConfig.cmake (found version "1.74.0") found components: chrono date_time filesystem iostreams program_options regex serialization system thread 
[1.095s] -- Found parameter_traits: 0.3.9 (/opt/ros/humble/share/parameter_traits/cmake)
[1.109s] -- Found Eigen3: TRUE (found version "3.4.0") 
[1.113s] -- Found rclcpp_lifecycle: 16.0.11 (/opt/ros/humble/share/rclcpp_lifecycle/cmake)
[1.139s] -- Found Boost: /usr/lib/x86_64-linux-gnu/cmake/Boost-1.74.0/BoostConfig.cmake (found version "1.74.0") found components: filesystem 
[1.219s] -- library: /usr/lib/x86_64-linux-gnu/libcurl.so
[1.248s] -- Ensuring Eigen3 include directory is part of orocos-kdl CMake target
[1.342s] -- Found Boost: /usr/lib/x86_64-linux-gnu/cmake/Boost-1.74.0/BoostConfig.cmake (found version "1.74.0") found components: system filesystem date_time program_options thread chrono 
[1.368s] -- Found Boost: /usr/lib/x86_64-linux-gnu/cmake/Boost-1.74.0/BoostConfig.cmake (found version "1.74.0") found components: thread system filesystem regex date_time program_options 
[1.429s] -- Found Boost: /usr/lib/x86_64-linux-gnu/cmake/Boost-1.74.0/BoostConfig.cmake (found version "1.74.0") found components: system filesystem date_time program_options thread 
[1.454s] -- Found ament_lint_auto: 0.12.11 (/opt/ros/humble/share/ament_lint_auto/cmake)
[1.536s] -- Added test 'copyright' to check source files copyright and LICENSE
[1.537s] -- Added test 'cppcheck' to perform static code analysis on C / C++ code
[1.537s] -- Configured cppcheck include dirs: 
[1.537s] -- Configured cppcheck exclude dirs and/or files: 
[1.538s] -- Added test 'cpplint' to check C / C++ code against the Google style
[1.538s] -- Configured cpplint exclude dirs and/or files: 
[1.538s] -- Added test 'flake8' to check Python code syntax and style conventions
[1.539s] -- Added test 'lint_cmake' to check CMake code style
[1.539s] -- Added test 'pep257' to check Python code against some of the docstring style conventions in PEP 257
[1.540s] -- Added test 'uncrustify' to check C / C++ code style
[1.540s] -- Configured uncrustify additional arguments: 
[1.541s] -- Added test 'xmllint' to check XML markup files
[1.542s] -- Configuring done
[1.560s] -- Generating done
[1.565s] -- Build files have been written to: /home/utk/aura_ws/build/aura_moveit
[1.575s] Invoked command in '/home/utk/aura_ws/build/aura_moveit' returned '0': CMAKE_PREFIX_PATH=${CMAKE_PREFIX_PATH}:/home/utk/aura_ws/install/aura_vision:/home/utk/aura_ws/install/aura_script:/home/utk/bumperbot_ws/install/bumperbot_vision:/home/utk/bumperbot_ws/install/bumperbot_py_examples:/opt/ros/humble LD_LIBRARY_PATH=/home/utk/aura_ws/install/aura_msgs/lib:/home/utk/bumperbot_ws/install/bumperbot_cpp_examples/lib:/home/utk/bumperbot_ws/install/bumperbot_msgs/lib:/home/utk/bumperbot_ws/install/bumperbot_firmware/lib:/usr/lib/x86_64-linux-gnu/gazebo-11/plugins:/opt/ros/humble/opt/rviz_ogre_vendor/lib:/opt/ros/humble/lib/x86_64-linux-gnu:/opt/ros/humble/lib:/usr/share/gazebo/../../lib/x86_64-linux-gnu/gazebo-11/plugins:/usr/share/gazebo-11/../../lib/x86_64-linux-gnu/gazebo-11/plugins:/usr/share/gazebo/../../lib/x86_64-linux-gnu/gazebo-11/plugins:/usr/share/gazebo/../../lib/x86_64-linux-gnu/gazebo-11/plugins:/usr/lib/x86_64-linux-gnu/gazebo-11/plugins:/usr/share/gazebo-11/../../lib/x86_64-linux-gnu/gazebo-11/plugins:/usr/share/gazebo/../../lib/x86_64-linux-gnu/gazebo-11/plugins:/usr/lib/x86_64-linux-gnu/gazebo-11/plugins /usr/bin/cmake /home/utk/aura_ws/src/aura_moveit -DCMAKE_INSTALL_PREFIX=/home/utk/aura_ws/install/aura_moveit
[1.577s] Invoking command in '/home/utk/aura_ws/build/aura_moveit': CMAKE_PREFIX_PATH=${CMAKE_PREFIX_PATH}:/home/utk/aura_ws/install/aura_vision:/home/utk/aura_ws/install/aura_script:/home/utk/bumperbot_ws/install/bumperbot_vision:/home/utk/bumperbot_ws/install/bumperbot_py_examples:/opt/ros/humble LD_LIBRARY_PATH=/home/utk/aura_ws/install/aura_msgs/lib:/home/utk/bumperbot_ws/install/bumperbot_cpp_examples/lib:/home/utk/bumperbot_ws/install/bumperbot_msgs/lib:/home/utk/bumperbot_ws/install/bumperbot_firmware/lib:/usr/lib/x86_64-linux-gnu/gazebo-11/plugins:/opt/ros/humble/opt/rviz_ogre_vendor/lib:/opt/ros/humble/lib/x86_64-linux-gnu:/opt/ros/humble/lib:/usr/share/gazebo/../../lib/x86_64-linux-gnu/gazebo-11/plugins:/usr/share/gazebo-11/../../lib/x86_64-linux-gnu/gazebo-11/plugins:/usr/share/gazebo/../../lib/x86_64-linux-gnu/gazebo-11/plugins:/usr/share/gazebo/../../lib/x86_64-linux-gnu/gazebo-11/plugins:/usr/lib/x86_64-linux-gnu/gazebo-11/plugins:/usr/share/gazebo-11/../../lib/x86_64-linux-gnu/gazebo-11/plugins:/usr/share/gazebo/../../lib/x86_64-linux-gnu/gazebo-11/plugins:/usr/lib/x86_64-linux-gnu/gazebo-11/plugins /usr/bin/cmake --build /home/utk/aura_ws/build/aura_moveit -- -j16 -l16
[1.617s] [ 50%] [32mBuilding CXX object CMakeFiles/task_server.dir/src/task_server.cpp.o[0m
[7.979s] [100%] [32m[1mLinking CXX executable task_server[0m
[8.236s] [100%] Built target task_server
[8.250s] Invoked command in '/home/utk/aura_ws/build/aura_moveit' returned '0': CMAKE_PREFIX_PATH=${CMAKE_PREFIX_PATH}:/home/utk/aura_ws/install/aura_vision:/home/utk/aura_ws/install/aura_script:/home/utk/bumperbot_ws/install/bumperbot_vision:/home/utk/bumperbot_ws/install/bumperbot_py_examples:/opt/ros/humble LD_LIBRARY_PATH=/home/utk/aura_ws/install/aura_msgs/lib:/home/utk/bumperbot_ws/install/bumperbot_cpp_examples/lib:/home/utk/bumperbot_ws/install/bumperbot_msgs/lib:/home/utk/bumperbot_ws/install/bumperbot_firmware/lib:/usr/lib/x86_64-linux-gnu/gazebo-11/plugins:/opt/ros/humble/opt/rviz_ogre_vendor/lib:/opt/ros/humble/lib/x86_64-linux-gnu:/opt/ros/humble/lib:/usr/share/gazebo/../../lib/x86_64-linux-gnu/gazebo-11/plugins:/usr/share/gazebo-11/../../lib/x86_64-linux-gnu/gazebo-11/plugins:/usr/share/gazebo/../../lib/x86_64-linux-gnu/gazebo-11/plugins:/usr/share/gazebo/../../lib/x86_64-linux-gnu/gazebo-11/plugins:/usr/lib/x86_64-linux-gnu/gazebo-11/plugins:/usr/share/gazebo-11/../../lib/x86_64-linux-gnu/gazebo-11/plugins:/usr/share/gazebo/../../lib/x86_64-linux-gnu/gazebo-11/plugins:/usr/lib/x86_64-linux-gnu/gazebo-11/plugins /usr/bin/cmake --build /home/utk/aura_ws/build/aura_moveit -- -j16 -l16
[8.251s] Invoking command in '/home/utk/aura_ws/build/aura_moveit': CMAKE_PREFIX_PATH=${CMAKE_PREFIX_PATH}:/home/utk/aura_ws/install/aura_vision:/home/utk/aura_ws/install/aura_script:/home/utk/bumperbot_ws/install/bumperbot_vision:/home/utk/bumperbot_ws/install/bumperbot_py_examples:/opt/ros/humble LD_LIBRARY_PATH=/home/utk/aura_ws/install/aura_msgs/lib:/home/utk/bumperbot_ws/install/bumperbot_cpp_examples/lib:/home/utk/bumperbot_ws/install/bumperbot_msgs/lib:/home/utk/bumperbot_ws/install/bumperbot_firmware/lib:/usr/lib/x86_64-linux-gnu/gazebo-11/plugins:/opt/ros/humble/opt/rviz_ogre_vendor/lib:/opt/ros/humble/lib/x86_64-linux-gnu:/opt/ros/humble/lib:/usr/share/gazebo/../../lib/x86_64-linux-gnu/gazebo-11/plugins:/usr/share/gazebo-11/../../lib/x86_64-linux-gnu/gazebo-11/plugins:/usr/share/gazebo/../../lib/x86_64-linux-gnu/gazebo-11/plugins:/usr/share/gazebo/../../lib/x86_64-linux-gnu/gazebo-11/plugins:/usr/lib/x86_64-linux-gnu/gazebo-11/plugins:/usr/share/gazebo-11/../../lib/x86_64-linux-gnu/gazebo-11/plugins:/usr/share/gazebo/../../lib/x86_64-linux-gnu/gazebo-11/plugins:/usr/lib/x86_64-linux-gnu/gazebo-11/plugins /usr/bin/cmake --install /home/utk/aura_ws/build/aura_moveit
[8.256s] -- Install configuration: ""
[8.257s] -- Installing: /home/utk/aura_ws/install/aura_moveit/lib/aura_moveit/task_server
[8.257s] -- Set runtime path of "/home/utk/aura_ws/install/aura_moveit/lib/aura_moveit/task_server" to ""
[8.257s] -- Installing: /home/utk/aura_ws/install/aura_moveit/share/aura_moveit/launch
[8.257s] -- Installing: /home/utk/aura_ws/install/aura_moveit/share/aura_moveit/launch/moveit.launch.py
[8.258s] -- Installing: /home/utk/aura_ws/install/aura_moveit/share/aura_moveit/config
[8.258s] -- Installing: /home/utk/aura_ws/install/aura_moveit/share/aura_moveit/config/kinematics.yaml
[8.258s] -- Installing: /home/utk/aura_ws/install/aura_moveit/share/aura_moveit/config/pilz_cartesian_limits.yaml
[8.259s] -- Installing: /home/utk/aura_ws/install/aura_moveit/share/aura_moveit/config/joint_limits.yaml
[8.259s] -- Installing: /home/utk/aura_ws/install/aura_moveit/share/aura_moveit/config/planning_python_api.yaml
[8.259s] -- Installing: /home/utk/aura_ws/install/aura_moveit/share/aura_moveit/config/moveit.rviz
[8.260s] -- Installing: /home/utk/aura_ws/install/aura_moveit/share/aura_moveit/config/aura.srdf
[8.260s] -- Installing: /home/utk/aura_ws/install/aura_moveit/share/aura_moveit/config/initial_positions.yaml
[8.260s] -- Installing: /home/utk/aura_ws/install/aura_moveit/share/aura_moveit/config/moveit_controllers.yaml
[8.260s] -- Installing: /home/utk/aura_ws/install/aura_moveit/share/ament_index/resource_index/package_run_dependencies/aura_moveit
[8.260s] -- Installing: /home/utk/aura_ws/install/aura_moveit/share/ament_index/resource_index/parent_prefix_path/aura_moveit
[8.261s] -- Installing: /home/utk/aura_ws/install/aura_moveit/share/aura_moveit/environment/ament_prefix_path.sh
[8.261s] -- Installing: /home/utk/aura_ws/install/aura_moveit/share/aura_moveit/environment/ament_prefix_path.dsv
[8.261s] -- Installing: /home/utk/aura_ws/install/aura_moveit/share/aura_moveit/environment/path.sh
[8.261s] -- Installing: /home/utk/aura_ws/install/aura_moveit/share/aura_moveit/environment/path.dsv
[8.261s] -- Installing: /home/utk/aura_ws/install/aura_moveit/share/aura_moveit/local_setup.bash
[8.261s] -- Installing: /home/utk/aura_ws/install/aura_moveit/share/aura_moveit/local_setup.sh
[8.261s] -- Installing: /home/utk/aura_ws/install/aura_moveit/share/aura_moveit/local_setup.zsh
[8.261s] -- Installing: /home/utk/aura_ws/install/aura_moveit/share/aura_moveit/local_setup.dsv
[8.261s] -- Installing: /home/utk/aura_ws/install/aura_moveit/share/aura_moveit/package.dsv
[8.261s] -- Installing: /home/utk/aura_ws/install/aura_moveit/share/ament_index/resource_index/packages/aura_moveit
[8.261s] -- Installing: /home/utk/aura_ws/install/aura_moveit/share/aura_moveit/cmake/aura_moveitConfig.cmake
[8.261s] -- Installing: /home/utk/aura_ws/install/aura_moveit/share/aura_moveit/cmake/aura_moveitConfig-version.cmake
[8.261s] -- Installing: /home/utk/aura_ws/install/aura_moveit/share/aura_moveit/package.xml
[8.263s] Invoked command in '/home/utk/aura_ws/build/aura_moveit' returned '0': CMAKE_PREFIX_PATH=${CMAKE_PREFIX_PATH}:/home/utk/aura_ws/install/aura_vision:/home/utk/aura_ws/install/aura_script:/home/utk/bumperbot_ws/install/bumperbot_vision:/home/utk/bumperbot_ws/install/bumperbot_py_examples:/opt/ros/humble LD_LIBRARY_PATH=/home/utk/aura_ws/install/aura_msgs/lib:/home/utk/bumperbot_ws/install/bumperbot_cpp_examples/lib:/home/utk/bumperbot_ws/install/bumperbot_msgs/lib:/home/utk/bumperbot_ws/install/bumperbot_firmware/lib:/usr/lib/x86_64-linux-gnu/gazebo-11/plugins:/opt/ros/humble/opt/rviz_ogre_vendor/lib:/opt/ros/humble/lib/x86_64-linux-gnu:/opt/ros/humble/lib:/usr/share/gazebo/../../lib/x86_64-linux-gnu/gazebo-11/plugins:/usr/share/gazebo-11/../../lib/x86_64-linux-gnu/gazebo-11/plugins:/usr/share/gazebo/../../lib/x86_64-linux-gnu/gazebo-11/plugins:/usr/share/gazebo/../../lib/x86_64-linux-gnu/gazebo-11/plugins:/usr/lib/x86_64-linux-gnu/gazebo-11/plugins:/usr/share/gazebo-11/../../lib/x86_64-linux-gnu/gazebo-11/plugins:/usr/share/gazebo/../../lib/x86_64-linux-gnu/gazebo-11/plugins:/usr/lib/x86_64-linux-gnu/gazebo-11/plugins /usr/bin/cmake --install /home/utk/aura_ws/build/aura_moveit
