[0.017s] Invoking command in '/home/utk/aura_ws/build/aura_mapping': CMAKE_PREFIX_PATH=${CMAKE_PREFIX_PATH}:/home/utk/bumperbot_ws/install/bumperbot_vision:/home/utk/bumperbot_ws/install/bumperbot_py_examples:/opt/ros/humble /usr/bin/cmake /home/utk/aura_ws/src/aura_mapping -DAMENT_CMAKE_SYMLINK_INSTALL=1 -DCMAKE_INSTALL_PREFIX=/home/utk/aura_ws/install/aura_mapping
[0.026s] -- Found ament_cmake: 1.3.11 (/opt/ros/humble/share/ament_cmake/cmake)
[0.125s] -- Override CMake install command with custom implementation using symlinks instead of copying resources
[0.129s] -- Found rclpy: 3.3.15 (/opt/ros/humble/share/rclpy/cmake)
[0.130s] -- Found geometry_msgs: 4.2.4 (/opt/ros/humble/share/geometry_msgs/cmake)
[0.166s] -- Found rosidl_generator_c: 3.1.6 (/opt/ros/humble/share/rosidl_generator_c/cmake)
[0.170s] -- Found rosidl_adapter: 3.1.6 (/opt/ros/humble/share/rosidl_adapter/cmake)
[0.178s] -- Found rosidl_generator_cpp: 3.1.6 (/opt/ros/humble/share/rosidl_generator_cpp/cmake)
[0.191s] -- Using all available rosidl_typesupport_c: rosidl_typesupport_fastrtps_c;rosidl_typesupport_introspection_c
[0.205s] -- Using all available rosidl_typesupport_cpp: rosidl_typesupport_fastrtps_cpp;rosidl_typesupport_introspection_cpp
[0.246s] -- Found nav_msgs: 4.2.4 (/opt/ros/humble/share/nav_msgs/cmake)
[0.262s] -- Found sensor_msgs: 4.2.4 (/opt/ros/humble/share/sensor_msgs/cmake)
[0.338s] -- Found ament_lint_auto: 0.12.11 (/opt/ros/humble/share/ament_lint_auto/cmake)
[0.405s] -- Added test 'flake8' to check Python code syntax and style conventions
[0.405s] -- Added test 'lint_cmake' to check CMake code style
[0.406s] -- Added test 'pep257' to check Python code against some of the docstring style conventions in PEP 257
[0.407s] -- Added test 'xmllint' to check XML markup files
[0.407s] -- Configuring done
[0.413s] -- Generating done
[0.415s] -- Build files have been written to: /home/utk/aura_ws/build/aura_mapping
[0.420s] Invoked command in '/home/utk/aura_ws/build/aura_mapping' returned '0': CMAKE_PREFIX_PATH=${CMAKE_PREFIX_PATH}:/home/utk/bumperbot_ws/install/bumperbot_vision:/home/utk/bumperbot_ws/install/bumperbot_py_examples:/opt/ros/humble /usr/bin/cmake /home/utk/aura_ws/src/aura_mapping -DAMENT_CMAKE_SYMLINK_INSTALL=1 -DCMAKE_INSTALL_PREFIX=/home/utk/aura_ws/install/aura_mapping
[0.422s] Invoking command in '/home/utk/aura_ws/build/aura_mapping': CMAKE_PREFIX_PATH=${CMAKE_PREFIX_PATH}:/home/utk/bumperbot_ws/install/bumperbot_vision:/home/utk/bumperbot_ws/install/bumperbot_py_examples:/opt/ros/humble /usr/bin/cmake --build /home/utk/aura_ws/build/aura_mapping -- -j16 -l16
[0.475s] Built target ament_cmake_python_symlink_aura_mapping
[0.664s] running egg_info
[0.665s] writing aura_mapping.egg-info/PKG-INFO
[0.665s] writing dependency_links to aura_mapping.egg-info/dependency_links.txt
[0.665s] writing top-level names to aura_mapping.egg-info/top_level.txt
[0.667s] reading manifest file 'aura_mapping.egg-info/SOURCES.txt'
[0.668s] writing manifest file 'aura_mapping.egg-info/SOURCES.txt'
[0.688s] Built target ament_cmake_python_build_aura_mapping_egg
[0.696s] Invoked command in '/home/utk/aura_ws/build/aura_mapping' returned '0': CMAKE_PREFIX_PATH=${CMAKE_PREFIX_PATH}:/home/utk/bumperbot_ws/install/bumperbot_vision:/home/utk/bumperbot_ws/install/bumperbot_py_examples:/opt/ros/humble /usr/bin/cmake --build /home/utk/aura_ws/build/aura_mapping -- -j16 -l16
[0.697s] Invoking command in '/home/utk/aura_ws/build/aura_mapping': CMAKE_PREFIX_PATH=${CMAKE_PREFIX_PATH}:/home/utk/bumperbot_ws/install/bumperbot_vision:/home/utk/bumperbot_ws/install/bumperbot_py_examples:/opt/ros/humble /usr/bin/cmake --install /home/utk/aura_ws/build/aura_mapping
[0.704s] -- Install configuration: ""
[0.705s] -- Execute custom install script
[0.705s] -- Up-to-date symlink: /home/utk/aura_ws/install/aura_mapping/share/aura_mapping/environment/pythonpath.sh
[0.705s] -- Up-to-date symlink: /home/utk/aura_ws/install/aura_mapping/share/aura_mapping/environment/pythonpath.dsv
[0.705s] -- Up-to-date symlink: /home/utk/aura_ws/install/aura_mapping/local/lib/python3.10/dist-packages/aura_mapping-0.0.0-py3.10.egg-info/PKG-INFO
[0.706s] -- Up-to-date symlink: /home/utk/aura_ws/install/aura_mapping/local/lib/python3.10/dist-packages/aura_mapping-0.0.0-py3.10.egg-info/SOURCES.txt
[0.706s] -- Up-to-date symlink: /home/utk/aura_ws/install/aura_mapping/local/lib/python3.10/dist-packages/aura_mapping-0.0.0-py3.10.egg-info/dependency_links.txt
[0.706s] -- Up-to-date symlink: /home/utk/aura_ws/install/aura_mapping/local/lib/python3.10/dist-packages/aura_mapping-0.0.0-py3.10.egg-info/top_level.txt
[0.707s] -- Up-to-date symlink: /home/utk/aura_ws/install/aura_mapping/local/lib/python3.10/dist-packages/aura_mapping/__init__.py
[0.707s] -- Up-to-date symlink: /home/utk/aura_ws/install/aura_mapping/local/lib/python3.10/dist-packages/aura_mapping/aura_frontier_exploration.py
[0.707s] -- Up-to-date symlink: /home/utk/aura_ws/install/aura_mapping/share/aura_mapping/config/exploration_params.yaml
[0.707s] -- Up-to-date symlink: /home/utk/aura_ws/install/aura_mapping/share/aura_mapping/config/slam_toolbox.yaml
[0.707s] -- Up-to-date symlink: /home/utk/aura_ws/install/aura_mapping/share/aura_mapping/launch/slam.launch.py
[0.707s] -- Up-to-date symlink: /home/utk/aura_ws/install/aura_mapping/share/aura_mapping/maps/small_house/map.pgm
[0.708s] -- Up-to-date symlink: /home/utk/aura_ws/install/aura_mapping/share/aura_mapping/maps/small_house/map.yaml
[0.708s] -- Up-to-date symlink: /home/utk/aura_ws/install/aura_mapping/share/aura_mapping/maps/small_warehouse/map.pgm
[0.708s] -- Up-to-date symlink: /home/utk/aura_ws/install/aura_mapping/share/aura_mapping/maps/small_warehouse/map.yaml
[0.708s] -- Up-to-date symlink: /home/utk/aura_ws/install/aura_mapping/share/aura_mapping/rviz/slam.rviz
[0.708s] -- Up-to-date symlink: /home/utk/aura_ws/install/aura_mapping/lib/aura_mapping/aura_frontier_exploration.py
[0.708s] -- Up-to-date symlink: /home/utk/aura_ws/install/aura_mapping/share/ament_index/resource_index/package_run_dependencies/aura_mapping
[0.708s] -- Up-to-date symlink: /home/utk/aura_ws/install/aura_mapping/share/ament_index/resource_index/parent_prefix_path/aura_mapping
[0.708s] -- Up-to-date symlink: /home/utk/aura_ws/install/aura_mapping/share/aura_mapping/environment/ament_prefix_path.sh
[0.708s] -- Up-to-date symlink: /home/utk/aura_ws/install/aura_mapping/share/aura_mapping/environment/ament_prefix_path.dsv
[0.709s] -- Up-to-date symlink: /home/utk/aura_ws/install/aura_mapping/share/aura_mapping/environment/path.sh
[0.709s] -- Up-to-date symlink: /home/utk/aura_ws/install/aura_mapping/share/aura_mapping/environment/path.dsv
[0.709s] -- Up-to-date symlink: /home/utk/aura_ws/install/aura_mapping/share/aura_mapping/local_setup.bash
[0.709s] -- Up-to-date symlink: /home/utk/aura_ws/install/aura_mapping/share/aura_mapping/local_setup.sh
[0.710s] -- Up-to-date symlink: /home/utk/aura_ws/install/aura_mapping/share/aura_mapping/local_setup.zsh
[0.710s] -- Up-to-date symlink: /home/utk/aura_ws/install/aura_mapping/share/aura_mapping/local_setup.dsv
[0.710s] -- Symlinking: /home/utk/aura_ws/install/aura_mapping/share/aura_mapping/package.dsv
[0.717s] -- Up-to-date symlink: /home/utk/aura_ws/install/aura_mapping/share/ament_index/resource_index/packages/aura_mapping
[0.718s] -- Up-to-date symlink: /home/utk/aura_ws/install/aura_mapping/share/aura_mapping/cmake/aura_mappingConfig.cmake
[0.718s] -- Up-to-date symlink: /home/utk/aura_ws/install/aura_mapping/share/aura_mapping/cmake/aura_mappingConfig-version.cmake
[0.718s] -- Up-to-date symlink: /home/utk/aura_ws/install/aura_mapping/share/aura_mapping/package.xml
[0.747s] Listing '/home/utk/aura_ws/install/aura_mapping/local/lib/python3.10/dist-packages/aura_mapping'...
[0.752s] Invoked command in '/home/utk/aura_ws/build/aura_mapping' returned '0': CMAKE_PREFIX_PATH=${CMAKE_PREFIX_PATH}:/home/utk/bumperbot_ws/install/bumperbot_vision:/home/utk/bumperbot_ws/install/bumperbot_py_examples:/opt/ros/humble /usr/bin/cmake --install /home/utk/aura_ws/build/aura_mapping
