[0.016s] Invoking command in '/home/utk/aura_ws/build/arm_controller': /usr/bin/cmake /home/utk/aura_ws/src/arm_controller -DCMAKE_INSTALL_PREFIX=/home/utk/aura_ws/install/arm_controller
[0.054s] -- The C compiler identification is GNU 11.4.0
[0.097s] -- The CXX compiler identification is GNU 11.4.0
[0.103s] -- Detecting C compiler ABI info
[0.153s] -- Detecting C compiler ABI info - done
[0.158s] -- Check for working C compiler: /usr/bin/cc - skipped
[0.158s] -- Detecting C compile features
[0.159s] -- Detecting C compile features - done
[0.160s] -- Detecting CXX compiler ABI info
[0.216s] -- Detecting CXX compiler ABI info - done
[0.222s] -- Check for working CXX compiler: /usr/bin/c++ - skipped
[0.222s] -- Detecting CXX compile features
[0.223s] -- Detecting CXX compile features - done
[0.225s] -- Found ament_cmake: 1.3.11 (/opt/ros/humble/share/ament_cmake/cmake)
[0.369s] -- Found Python3: /usr/bin/python3 (found version "3.10.12") found components: Interpreter 
[0.471s] -- Found trajectory_msgs: 4.2.4 (/opt/ros/humble/share/trajectory_msgs/cmake)
[0.508s] -- Found rosidl_generator_c: 3.1.6 (/opt/ros/humble/share/rosidl_generator_c/cmake)
[0.514s] -- Found rosidl_adapter: 3.1.6 (/opt/ros/humble/share/rosidl_adapter/cmake)
[0.523s] -- Found rosidl_generator_cpp: 3.1.6 (/opt/ros/humble/share/rosidl_generator_cpp/cmake)
[0.534s] -- Using all available rosidl_typesupport_c: rosidl_typesupport_fastrtps_c;rosidl_typesupport_introspection_c
[0.549s] -- Using all available rosidl_typesupport_cpp: rosidl_typesupport_fastrtps_cpp;rosidl_typesupport_introspection_cpp
[0.602s] -- Found sensor_msgs: 4.2.4 (/opt/ros/humble/share/sensor_msgs/cmake)
[0.616s] -- Found rclpy: 3.3.15 (/opt/ros/humble/share/rclpy/cmake)
[0.619s] -- Found hardware_interface: 2.44.0 (/opt/ros/humble/share/hardware_interface/cmake)
[0.821s] -- Found rmw_implementation_cmake: 6.1.2 (/opt/ros/humble/share/rmw_implementation_cmake/cmake)
[0.826s] -- Found rmw_cyclonedds_cpp: 1.3.4 (/opt/ros/humble/share/rmw_cyclonedds_cpp/cmake)
[0.868s] -- Using RMW implementation 'rmw_cyclonedds_cpp' as default
[0.885s] -- Looking for pthread.h
[0.969s] -- Looking for pthread.h - found
[0.969s] -- Performing Test CMAKE_HAVE_LIBC_PTHREAD
[1.037s] -- Performing Test CMAKE_HAVE_LIBC_PTHREAD - Success
[1.038s] -- Found Threads: TRUE  
[1.094s] -- Found PkgConfig: /usr/bin/pkg-config (found version "0.29.2") 
[1.151s] Error parsing '/home/utk/aura_ws/src/arm_controller/package.xml':
[1.189s] Traceback (most recent call last):
[1.189s]   File "/opt/ros/humble/share/ament_cmake_core/cmake/core/package_xml_2_cmake.py", line 150, in <module>
[1.189s]     main()
[1.189s]   File "/opt/ros/humble/share/ament_cmake_core/cmake/core/package_xml_2_cmake.py", line 53, in main
[1.189s]     raise e
[1.189s]   File "/opt/ros/humble/share/ament_cmake_core/cmake/core/package_xml_2_cmake.py", line 49, in main
[1.189s]     package = parse_package_string(
[1.189s]   File "/usr/lib/python3/dist-packages/catkin_pkg/package.py", line 788, in parse_package_string
[1.189s]     pkg.validate(warnings=warnings)
[1.189s]   File "/usr/lib/python3/dist-packages/catkin_pkg/package.py", line 330, in validate
[1.189s]     raise InvalidPackage('\n'.join(errors), self.filename)
[1.190s] catkin_pkg.package.InvalidPackage: Error(s) in package '/home/utk/aura_ws/src/arm_controller/package.xml':
[1.190s] Invalid email "" for person ""
[1.190s] Maintainers must have an email address
[1.190s] Invalid email "" for person ""
[1.201s] [31mCMake Error at /opt/ros/humble/share/ament_cmake_core/cmake/core/ament_package_xml.cmake:95 (message):
[1.201s]   execute_process(/usr/bin/python3
[1.201s]   /opt/ros/humble/share/ament_cmake_core/cmake/core/package_xml_2_cmake.py
[1.201s]   /home/utk/aura_ws/src/arm_controller/package.xml
[1.201s]   /home/utk/aura_ws/build/arm_controller/ament_cmake_core/package.cmake)
[1.201s]   returned error code 1
[1.201s] Call Stack (most recent call first):
[1.201s]   /opt/ros/humble/share/ament_cmake_core/cmake/core/ament_package_xml.cmake:49 (_ament_package_xml)
[1.201s]   /opt/ros/humble/share/ament_cmake_python/cmake/ament_python_install_package.cmake:60 (ament_package_xml)
[1.201s]   /opt/ros/humble/share/ament_cmake_python/cmake/ament_python_install_package.cmake:39 (_ament_cmake_python_install_package)
[1.201s]   CMakeLists.txt:13 (ament_python_install_package)
[1.201s] 
[1.201s] [0m
[1.201s] -- Configuring incomplete, errors occurred!
[1.201s] See also "/home/utk/aura_ws/build/arm_controller/CMakeFiles/CMakeOutput.log".
[1.209s] Invoked command in '/home/utk/aura_ws/build/arm_controller' returned '1': /usr/bin/cmake /home/utk/aura_ws/src/arm_controller -DCMAKE_INSTALL_PREFIX=/home/utk/aura_ws/install/arm_controller
