[0.014s] Invoking command in '/home/utk/aura_ws/build/aura_controller': CMAKE_PREFIX_PATH=${CMAKE_PREFIX_PATH}:/home/utk/bumperbot_ws/install/bumperbot_vision:/home/utk/bumperbot_ws/install/bumperbot_py_examples:/opt/ros/humble /usr/bin/cmake /home/utk/aura_ws/src/aura_controller -DAMENT_CMAKE_SYMLINK_INSTALL=1 -DCMAKE_INSTALL_PREFIX=/home/utk/aura_ws/install/aura_controller
[0.126s] -- The C compiler identification is GNU 11.4.0
[0.209s] -- The CXX compiler identification is GNU 11.4.0
[0.222s] -- Detecting C compiler ABI info
[0.304s] -- Detecting C compiler ABI info - done
[0.316s] -- Check for working C compiler: /usr/bin/cc - skipped
[0.316s] -- Detecting C compile features
[0.318s] -- Detecting C compile features - done
[0.321s] -- Detecting CXX compiler ABI info
[0.394s] -- Detecting CXX compiler ABI info - done
[0.401s] -- Check for working CXX compiler: /usr/bin/c++ - skipped
[0.401s] -- Detecting CXX compile features
[0.401s] -- Detecting CXX compile features - done
[0.406s] -- Found ament_cmake: 1.3.11 (/opt/ros/humble/share/ament_cmake/cmake)
[0.537s] -- Found Python3: /usr/bin/python3 (found version "3.10.12") found components: Interpreter 
[0.591s] -- Override CMake install command with custom implementation using symlinks instead of copying resources
[0.648s] -- Found ament_lint_auto: 0.12.11 (/opt/ros/humble/share/ament_lint_auto/cmake)
[0.721s] -- Added test 'flake8' to check Python code syntax and style conventions
[0.721s] -- Added test 'lint_cmake' to check CMake code style
[0.722s] -- Added test 'pep257' to check Python code against some of the docstring style conventions in PEP 257
[0.723s] -- Added test 'xmllint' to check XML markup files
[0.724s] -- Configuring done
[0.726s] -- Generating done
[0.727s] -- Build files have been written to: /home/utk/aura_ws/build/aura_controller
[0.731s] Invoked command in '/home/utk/aura_ws/build/aura_controller' returned '0': CMAKE_PREFIX_PATH=${CMAKE_PREFIX_PATH}:/home/utk/bumperbot_ws/install/bumperbot_vision:/home/utk/bumperbot_ws/install/bumperbot_py_examples:/opt/ros/humble /usr/bin/cmake /home/utk/aura_ws/src/aura_controller -DAMENT_CMAKE_SYMLINK_INSTALL=1 -DCMAKE_INSTALL_PREFIX=/home/utk/aura_ws/install/aura_controller
[0.732s] Invoking command in '/home/utk/aura_ws/build/aura_controller': CMAKE_PREFIX_PATH=${CMAKE_PREFIX_PATH}:/home/utk/bumperbot_ws/install/bumperbot_vision:/home/utk/bumperbot_ws/install/bumperbot_py_examples:/opt/ros/humble /usr/bin/cmake --build /home/utk/aura_ws/build/aura_controller -- -j16 -l16
[0.761s] Invoked command in '/home/utk/aura_ws/build/aura_controller' returned '0': CMAKE_PREFIX_PATH=${CMAKE_PREFIX_PATH}:/home/utk/bumperbot_ws/install/bumperbot_vision:/home/utk/bumperbot_ws/install/bumperbot_py_examples:/opt/ros/humble /usr/bin/cmake --build /home/utk/aura_ws/build/aura_controller -- -j16 -l16
[0.762s] Invoking command in '/home/utk/aura_ws/build/aura_controller': CMAKE_PREFIX_PATH=${CMAKE_PREFIX_PATH}:/home/utk/bumperbot_ws/install/bumperbot_vision:/home/utk/bumperbot_ws/install/bumperbot_py_examples:/opt/ros/humble /usr/bin/cmake --install /home/utk/aura_ws/build/aura_controller
[0.768s] -- Install configuration: ""
[0.768s] -- Execute custom install script
[0.769s] -- Symlinking: /home/utk/aura_ws/install/aura_controller/share/aura_controller/launch/controller.launch.py
[0.776s] -- Symlinking: /home/utk/aura_ws/install/aura_controller/share/aura_controller/config/aura_controllers.yaml
[0.782s] -- Symlinking: /home/utk/aura_ws/install/aura_controller/share/ament_index/resource_index/package_run_dependencies/aura_controller
[0.789s] -- Symlinking: /home/utk/aura_ws/install/aura_controller/share/ament_index/resource_index/parent_prefix_path/aura_controller
[0.796s] -- Symlinking: /home/utk/aura_ws/install/aura_controller/share/aura_controller/environment/ament_prefix_path.sh
[0.803s] -- Symlinking: /home/utk/aura_ws/install/aura_controller/share/aura_controller/environment/ament_prefix_path.dsv
[0.810s] -- Symlinking: /home/utk/aura_ws/install/aura_controller/share/aura_controller/environment/path.sh
[0.817s] -- Symlinking: /home/utk/aura_ws/install/aura_controller/share/aura_controller/environment/path.dsv
[0.824s] -- Symlinking: /home/utk/aura_ws/install/aura_controller/share/aura_controller/local_setup.bash
[0.831s] -- Symlinking: /home/utk/aura_ws/install/aura_controller/share/aura_controller/local_setup.sh
[0.838s] -- Symlinking: /home/utk/aura_ws/install/aura_controller/share/aura_controller/local_setup.zsh
[0.845s] -- Symlinking: /home/utk/aura_ws/install/aura_controller/share/aura_controller/local_setup.dsv
[0.851s] -- Symlinking: /home/utk/aura_ws/install/aura_controller/share/aura_controller/package.dsv
[0.858s] -- Symlinking: /home/utk/aura_ws/install/aura_controller/share/ament_index/resource_index/packages/aura_controller
[0.865s] -- Symlinking: /home/utk/aura_ws/install/aura_controller/share/aura_controller/cmake/aura_controllerConfig.cmake
[0.872s] -- Symlinking: /home/utk/aura_ws/install/aura_controller/share/aura_controller/cmake/aura_controllerConfig-version.cmake
[0.879s] -- Symlinking: /home/utk/aura_ws/install/aura_controller/share/aura_controller/package.xml
[0.887s] Invoked command in '/home/utk/aura_ws/build/aura_controller' returned '0': CMAKE_PREFIX_PATH=${CMAKE_PREFIX_PATH}:/home/utk/bumperbot_ws/install/bumperbot_vision:/home/utk/bumperbot_ws/install/bumperbot_py_examples:/opt/ros/humble /usr/bin/cmake --install /home/utk/aura_ws/build/aura_controller
