[0.076s] DEBUG:colcon:Command line arguments: ['/usr/bin/colcon', 'build', '--symlink-install']
[0.076s] DEBUG:colcon:Parsed command line arguments: Namespace(log_base=None, log_level=None, verb_name='build', build_base='build', install_base='install', merge_install=False, symlink_install=True, test_result_base=None, continue_on_error=False, executor='parallel', parallel_workers=16, event_handlers=None, ignore_user_meta=False, metas=['./colcon.meta'], base_paths=['.'], packages_ignore=None, packages_ignore_regex=None, paths=None, packages_up_to=None, packages_up_to_regex=None, packages_above=None, packages_above_and_dependencies=None, packages_above_depth=None, packages_select_by_dep=None, packages_skip_by_dep=None, packages_skip_up_to=None, packages_select_build_failed=False, packages_skip_build_finished=False, packages_select_test_failures=False, packages_skip_test_passed=False, packages_select=None, packages_skip=None, packages_select_regex=None, packages_skip_regex=None, packages_start=None, packages_end=None, allow_overriding=[], cmake_args=None, cmake_target=None, cmake_target_skip_unavailable=False, cmake_clean_cache=False, cmake_clean_first=False, cmake_force_configure=False, ament_cmake_args=None, catkin_cmake_args=None, catkin_skip_building_tests=False, verb_parser=<colcon_defaults.argument_parser.defaults.DefaultArgumentsDecorator object at 0x7b8599303160>, verb_extension=<colcon_core.verb.build.BuildVerb object at 0x7b8599490550>, main=<bound method BuildVerb.main of <colcon_core.verb.build.BuildVerb object at 0x7b8599490550>>)
[0.204s] Level 1:colcon.colcon_core.package_discovery:discover_packages(colcon_meta) check parameters
[0.204s] Level 1:colcon.colcon_core.package_discovery:discover_packages(recursive) check parameters
[0.204s] Level 1:colcon.colcon_core.package_discovery:discover_packages(ignore) check parameters
[0.204s] Level 1:colcon.colcon_core.package_discovery:discover_packages(path) check parameters
[0.204s] Level 1:colcon.colcon_core.package_discovery:discover_packages(colcon_meta) discover
[0.204s] Level 1:colcon.colcon_core.package_discovery:discover_packages(recursive) discover
[0.204s] INFO:colcon.colcon_core.package_discovery:Crawling recursively for packages in '/home/utk/aura_ws'
[0.204s] Level 1:colcon.colcon_core.package_identification:_identify(.) by extensions ['ignore', 'ignore_ament_install']
[0.204s] Level 1:colcon.colcon_core.package_identification:_identify(.) by extension 'ignore'
[0.204s] Level 1:colcon.colcon_core.package_identification:_identify(.) by extension 'ignore_ament_install'
[0.204s] Level 1:colcon.colcon_core.package_identification:_identify(.) by extensions ['colcon_pkg']
[0.205s] Level 1:colcon.colcon_core.package_identification:_identify(.) by extension 'colcon_pkg'
[0.205s] Level 1:colcon.colcon_core.package_identification:_identify(.) by extensions ['colcon_meta']
[0.205s] Level 1:colcon.colcon_core.package_identification:_identify(.) by extension 'colcon_meta'
[0.205s] Level 1:colcon.colcon_core.package_identification:_identify(.) by extensions ['ros']
[0.205s] Level 1:colcon.colcon_core.package_identification:_identify(.) by extension 'ros'
[0.212s] Level 1:colcon.colcon_core.package_identification:_identify(.) by extensions ['cmake', 'python']
[0.212s] Level 1:colcon.colcon_core.package_identification:_identify(.) by extension 'cmake'
[0.212s] Level 1:colcon.colcon_core.package_identification:_identify(.) by extension 'python'
[0.212s] Level 1:colcon.colcon_core.package_identification:_identify(.) by extensions ['python_setup_py']
[0.212s] Level 1:colcon.colcon_core.package_identification:_identify(.) by extension 'python_setup_py'
[0.212s] Level 1:colcon.colcon_core.package_identification:_identify(build) by extensions ['ignore', 'ignore_ament_install']
[0.212s] Level 1:colcon.colcon_core.package_identification:_identify(build) by extension 'ignore'
[0.212s] Level 1:colcon.colcon_core.package_identification:_identify(build) ignored
[0.212s] Level 1:colcon.colcon_core.package_identification:_identify(install) by extensions ['ignore', 'ignore_ament_install']
[0.212s] Level 1:colcon.colcon_core.package_identification:_identify(install) by extension 'ignore'
[0.212s] Level 1:colcon.colcon_core.package_identification:_identify(install) ignored
[0.212s] Level 1:colcon.colcon_core.package_identification:_identify(log) by extensions ['ignore', 'ignore_ament_install']
[0.212s] Level 1:colcon.colcon_core.package_identification:_identify(log) by extension 'ignore'
[0.212s] Level 1:colcon.colcon_core.package_identification:_identify(log) ignored
[0.212s] Level 1:colcon.colcon_core.package_identification:_identify(src) by extensions ['ignore', 'ignore_ament_install']
[0.212s] Level 1:colcon.colcon_core.package_identification:_identify(src) by extension 'ignore'
[0.212s] Level 1:colcon.colcon_core.package_identification:_identify(src) by extension 'ignore_ament_install'
[0.212s] Level 1:colcon.colcon_core.package_identification:_identify(src) by extensions ['colcon_pkg']
[0.212s] Level 1:colcon.colcon_core.package_identification:_identify(src) by extension 'colcon_pkg'
[0.212s] Level 1:colcon.colcon_core.package_identification:_identify(src) by extensions ['colcon_meta']
[0.212s] Level 1:colcon.colcon_core.package_identification:_identify(src) by extension 'colcon_meta'
[0.212s] Level 1:colcon.colcon_core.package_identification:_identify(src) by extensions ['ros']
[0.213s] Level 1:colcon.colcon_core.package_identification:_identify(src) by extension 'ros'
[0.213s] Level 1:colcon.colcon_core.package_identification:_identify(src) by extensions ['cmake', 'python']
[0.213s] Level 1:colcon.colcon_core.package_identification:_identify(src) by extension 'cmake'
[0.213s] Level 1:colcon.colcon_core.package_identification:_identify(src) by extension 'python'
[0.213s] Level 1:colcon.colcon_core.package_identification:_identify(src) by extensions ['python_setup_py']
[0.213s] Level 1:colcon.colcon_core.package_identification:_identify(src) by extension 'python_setup_py'
[0.213s] Level 1:colcon.colcon_core.package_identification:_identify(src/aura_bringup) by extensions ['ignore', 'ignore_ament_install']
[0.213s] Level 1:colcon.colcon_core.package_identification:_identify(src/aura_bringup) by extension 'ignore'
[0.213s] Level 1:colcon.colcon_core.package_identification:_identify(src/aura_bringup) by extension 'ignore_ament_install'
[0.213s] Level 1:colcon.colcon_core.package_identification:_identify(src/aura_bringup) by extensions ['colcon_pkg']
[0.213s] Level 1:colcon.colcon_core.package_identification:_identify(src/aura_bringup) by extension 'colcon_pkg'
[0.213s] Level 1:colcon.colcon_core.package_identification:_identify(src/aura_bringup) by extensions ['colcon_meta']
[0.213s] Level 1:colcon.colcon_core.package_identification:_identify(src/aura_bringup) by extension 'colcon_meta'
[0.213s] Level 1:colcon.colcon_core.package_identification:_identify(src/aura_bringup) by extensions ['ros']
[0.213s] Level 1:colcon.colcon_core.package_identification:_identify(src/aura_bringup) by extension 'ros'
[0.219s] DEBUG:colcon.colcon_core.package_identification:Package 'src/aura_bringup' with type 'ros.ament_cmake' and name 'aura_bringup'
[0.219s] Level 1:colcon.colcon_core.package_identification:_identify(src/aura_controller) by extensions ['ignore', 'ignore_ament_install']
[0.220s] Level 1:colcon.colcon_core.package_identification:_identify(src/aura_controller) by extension 'ignore'
[0.220s] Level 1:colcon.colcon_core.package_identification:_identify(src/aura_controller) by extension 'ignore_ament_install'
[0.220s] Level 1:colcon.colcon_core.package_identification:_identify(src/aura_controller) by extensions ['colcon_pkg']
[0.220s] Level 1:colcon.colcon_core.package_identification:_identify(src/aura_controller) by extension 'colcon_pkg'
[0.220s] Level 1:colcon.colcon_core.package_identification:_identify(src/aura_controller) by extensions ['colcon_meta']
[0.220s] Level 1:colcon.colcon_core.package_identification:_identify(src/aura_controller) by extension 'colcon_meta'
[0.220s] Level 1:colcon.colcon_core.package_identification:_identify(src/aura_controller) by extensions ['ros']
[0.220s] Level 1:colcon.colcon_core.package_identification:_identify(src/aura_controller) by extension 'ros'
[0.220s] DEBUG:colcon.colcon_core.package_identification:Package 'src/aura_controller' with type 'ros.ament_cmake' and name 'aura_controller'
[0.220s] Level 1:colcon.colcon_core.package_identification:_identify(src/aura_description) by extensions ['ignore', 'ignore_ament_install']
[0.220s] Level 1:colcon.colcon_core.package_identification:_identify(src/aura_description) by extension 'ignore'
[0.220s] Level 1:colcon.colcon_core.package_identification:_identify(src/aura_description) by extension 'ignore_ament_install'
[0.220s] Level 1:colcon.colcon_core.package_identification:_identify(src/aura_description) by extensions ['colcon_pkg']
[0.220s] Level 1:colcon.colcon_core.package_identification:_identify(src/aura_description) by extension 'colcon_pkg'
[0.220s] Level 1:colcon.colcon_core.package_identification:_identify(src/aura_description) by extensions ['colcon_meta']
[0.220s] Level 1:colcon.colcon_core.package_identification:_identify(src/aura_description) by extension 'colcon_meta'
[0.220s] Level 1:colcon.colcon_core.package_identification:_identify(src/aura_description) by extensions ['ros']
[0.221s] Level 1:colcon.colcon_core.package_identification:_identify(src/aura_description) by extension 'ros'
[0.222s] DEBUG:colcon.colcon_core.package_identification:Package 'src/aura_description' with type 'ros.ament_cmake' and name 'aura_description'
[0.222s] Level 1:colcon.colcon_core.package_identification:_identify(src/aura_localization) by extensions ['ignore', 'ignore_ament_install']
[0.222s] Level 1:colcon.colcon_core.package_identification:_identify(src/aura_localization) by extension 'ignore'
[0.222s] Level 1:colcon.colcon_core.package_identification:_identify(src/aura_localization) by extension 'ignore_ament_install'
[0.222s] Level 1:colcon.colcon_core.package_identification:_identify(src/aura_localization) by extensions ['colcon_pkg']
[0.222s] Level 1:colcon.colcon_core.package_identification:_identify(src/aura_localization) by extension 'colcon_pkg'
[0.222s] Level 1:colcon.colcon_core.package_identification:_identify(src/aura_localization) by extensions ['colcon_meta']
[0.222s] Level 1:colcon.colcon_core.package_identification:_identify(src/aura_localization) by extension 'colcon_meta'
[0.222s] Level 1:colcon.colcon_core.package_identification:_identify(src/aura_localization) by extensions ['ros']
[0.222s] Level 1:colcon.colcon_core.package_identification:_identify(src/aura_localization) by extension 'ros'
[0.223s] DEBUG:colcon.colcon_core.package_identification:Package 'src/aura_localization' with type 'ros.ament_cmake' and name 'aura_localization'
[0.223s] Level 1:colcon.colcon_core.package_identification:_identify(src/aura_mapping) by extensions ['ignore', 'ignore_ament_install']
[0.223s] Level 1:colcon.colcon_core.package_identification:_identify(src/aura_mapping) by extension 'ignore'
[0.223s] Level 1:colcon.colcon_core.package_identification:_identify(src/aura_mapping) by extension 'ignore_ament_install'
[0.223s] Level 1:colcon.colcon_core.package_identification:_identify(src/aura_mapping) by extensions ['colcon_pkg']
[0.223s] Level 1:colcon.colcon_core.package_identification:_identify(src/aura_mapping) by extension 'colcon_pkg'
[0.223s] Level 1:colcon.colcon_core.package_identification:_identify(src/aura_mapping) by extensions ['colcon_meta']
[0.223s] Level 1:colcon.colcon_core.package_identification:_identify(src/aura_mapping) by extension 'colcon_meta'
[0.223s] Level 1:colcon.colcon_core.package_identification:_identify(src/aura_mapping) by extensions ['ros']
[0.223s] Level 1:colcon.colcon_core.package_identification:_identify(src/aura_mapping) by extension 'ros'
[0.224s] DEBUG:colcon.colcon_core.package_identification:Package 'src/aura_mapping' with type 'ros.ament_cmake' and name 'aura_mapping'
[0.224s] Level 1:colcon.colcon_core.package_identification:_identify(src/aura_navigation) by extensions ['ignore', 'ignore_ament_install']
[0.224s] Level 1:colcon.colcon_core.package_identification:_identify(src/aura_navigation) by extension 'ignore'
[0.224s] Level 1:colcon.colcon_core.package_identification:_identify(src/aura_navigation) by extension 'ignore_ament_install'
[0.224s] Level 1:colcon.colcon_core.package_identification:_identify(src/aura_navigation) by extensions ['colcon_pkg']
[0.224s] Level 1:colcon.colcon_core.package_identification:_identify(src/aura_navigation) by extension 'colcon_pkg'
[0.224s] Level 1:colcon.colcon_core.package_identification:_identify(src/aura_navigation) by extensions ['colcon_meta']
[0.224s] Level 1:colcon.colcon_core.package_identification:_identify(src/aura_navigation) by extension 'colcon_meta'
[0.224s] Level 1:colcon.colcon_core.package_identification:_identify(src/aura_navigation) by extensions ['ros']
[0.224s] Level 1:colcon.colcon_core.package_identification:_identify(src/aura_navigation) by extension 'ros'
[0.224s] DEBUG:colcon.colcon_core.package_identification:Package 'src/aura_navigation' with type 'ros.ament_cmake' and name 'aura_navigation'
[0.224s] Level 1:colcon.colcon_core.package_discovery:discover_packages(recursive) using defaults
[0.224s] Level 1:colcon.colcon_core.package_discovery:discover_packages(ignore) discover
[0.224s] Level 1:colcon.colcon_core.package_discovery:discover_packages(ignore) using defaults
[0.224s] Level 1:colcon.colcon_core.package_discovery:discover_packages(path) discover
[0.224s] Level 1:colcon.colcon_core.package_discovery:discover_packages(path) using defaults
[0.237s] Level 1:colcon.colcon_core.package_discovery:discover_packages(prefix_path) check parameters
[0.237s] Level 1:colcon.colcon_core.package_discovery:discover_packages(prefix_path) discover
[0.239s] DEBUG:colcon.colcon_installed_package_information.package_discovery:Found 6 installed packages in /home/utk/aura_ws/install
[0.240s] DEBUG:colcon.colcon_installed_package_information.package_discovery:Found 11 installed packages in /home/utk/bumperbot_ws/install
[0.241s] DEBUG:colcon.colcon_installed_package_information.package_discovery:Found 508 installed packages in /opt/ros/humble
[0.243s] Level 1:colcon.colcon_core.package_discovery:discover_packages(prefix_path) using defaults
[0.284s] Level 5:colcon.colcon_core.verb:set package 'aura_controller' build argument 'cmake_args' from command line to 'None'
[0.284s] Level 5:colcon.colcon_core.verb:set package 'aura_controller' build argument 'cmake_target' from command line to 'None'
[0.284s] Level 5:colcon.colcon_core.verb:set package 'aura_controller' build argument 'cmake_target_skip_unavailable' from command line to 'False'
[0.284s] Level 5:colcon.colcon_core.verb:set package 'aura_controller' build argument 'cmake_clean_cache' from command line to 'False'
[0.284s] Level 5:colcon.colcon_core.verb:set package 'aura_controller' build argument 'cmake_clean_first' from command line to 'False'
[0.284s] Level 5:colcon.colcon_core.verb:set package 'aura_controller' build argument 'cmake_force_configure' from command line to 'False'
[0.284s] Level 5:colcon.colcon_core.verb:set package 'aura_controller' build argument 'ament_cmake_args' from command line to 'None'
[0.284s] Level 5:colcon.colcon_core.verb:set package 'aura_controller' build argument 'catkin_cmake_args' from command line to 'None'
[0.284s] Level 5:colcon.colcon_core.verb:set package 'aura_controller' build argument 'catkin_skip_building_tests' from command line to 'False'
[0.284s] DEBUG:colcon.colcon_core.verb:Building package 'aura_controller' with the following arguments: {'ament_cmake_args': None, 'build_base': '/home/utk/aura_ws/build/aura_controller', 'catkin_cmake_args': None, 'catkin_skip_building_tests': False, 'cmake_args': None, 'cmake_clean_cache': False, 'cmake_clean_first': False, 'cmake_force_configure': False, 'cmake_target': None, 'cmake_target_skip_unavailable': False, 'install_base': '/home/utk/aura_ws/install/aura_controller', 'merge_install': False, 'path': '/home/utk/aura_ws/src/aura_controller', 'symlink_install': True, 'test_result_base': None}
[0.285s] Level 5:colcon.colcon_core.verb:set package 'aura_description' build argument 'cmake_args' from command line to 'None'
[0.285s] Level 5:colcon.colcon_core.verb:set package 'aura_description' build argument 'cmake_target' from command line to 'None'
[0.285s] Level 5:colcon.colcon_core.verb:set package 'aura_description' build argument 'cmake_target_skip_unavailable' from command line to 'False'
[0.285s] Level 5:colcon.colcon_core.verb:set package 'aura_description' build argument 'cmake_clean_cache' from command line to 'False'
[0.285s] Level 5:colcon.colcon_core.verb:set package 'aura_description' build argument 'cmake_clean_first' from command line to 'False'
[0.285s] Level 5:colcon.colcon_core.verb:set package 'aura_description' build argument 'cmake_force_configure' from command line to 'False'
[0.285s] Level 5:colcon.colcon_core.verb:set package 'aura_description' build argument 'ament_cmake_args' from command line to 'None'
[0.285s] Level 5:colcon.colcon_core.verb:set package 'aura_description' build argument 'catkin_cmake_args' from command line to 'None'
[0.285s] Level 5:colcon.colcon_core.verb:set package 'aura_description' build argument 'catkin_skip_building_tests' from command line to 'False'
[0.285s] DEBUG:colcon.colcon_core.verb:Building package 'aura_description' with the following arguments: {'ament_cmake_args': None, 'build_base': '/home/utk/aura_ws/build/aura_description', 'catkin_cmake_args': None, 'catkin_skip_building_tests': False, 'cmake_args': None, 'cmake_clean_cache': False, 'cmake_clean_first': False, 'cmake_force_configure': False, 'cmake_target': None, 'cmake_target_skip_unavailable': False, 'install_base': '/home/utk/aura_ws/install/aura_description', 'merge_install': False, 'path': '/home/utk/aura_ws/src/aura_description', 'symlink_install': True, 'test_result_base': None}
[0.285s] Level 5:colcon.colcon_core.verb:set package 'aura_mapping' build argument 'cmake_args' from command line to 'None'
[0.285s] Level 5:colcon.colcon_core.verb:set package 'aura_mapping' build argument 'cmake_target' from command line to 'None'
[0.285s] Level 5:colcon.colcon_core.verb:set package 'aura_mapping' build argument 'cmake_target_skip_unavailable' from command line to 'False'
[0.285s] Level 5:colcon.colcon_core.verb:set package 'aura_mapping' build argument 'cmake_clean_cache' from command line to 'False'
[0.285s] Level 5:colcon.colcon_core.verb:set package 'aura_mapping' build argument 'cmake_clean_first' from command line to 'False'
[0.285s] Level 5:colcon.colcon_core.verb:set package 'aura_mapping' build argument 'cmake_force_configure' from command line to 'False'
[0.285s] Level 5:colcon.colcon_core.verb:set package 'aura_mapping' build argument 'ament_cmake_args' from command line to 'None'
[0.285s] Level 5:colcon.colcon_core.verb:set package 'aura_mapping' build argument 'catkin_cmake_args' from command line to 'None'
[0.285s] Level 5:colcon.colcon_core.verb:set package 'aura_mapping' build argument 'catkin_skip_building_tests' from command line to 'False'
[0.285s] DEBUG:colcon.colcon_core.verb:Building package 'aura_mapping' with the following arguments: {'ament_cmake_args': None, 'build_base': '/home/utk/aura_ws/build/aura_mapping', 'catkin_cmake_args': None, 'catkin_skip_building_tests': False, 'cmake_args': None, 'cmake_clean_cache': False, 'cmake_clean_first': False, 'cmake_force_configure': False, 'cmake_target': None, 'cmake_target_skip_unavailable': False, 'install_base': '/home/utk/aura_ws/install/aura_mapping', 'merge_install': False, 'path': '/home/utk/aura_ws/src/aura_mapping', 'symlink_install': True, 'test_result_base': None}
[0.285s] Level 5:colcon.colcon_core.verb:set package 'aura_navigation' build argument 'cmake_args' from command line to 'None'
[0.285s] Level 5:colcon.colcon_core.verb:set package 'aura_navigation' build argument 'cmake_target' from command line to 'None'
[0.285s] Level 5:colcon.colcon_core.verb:set package 'aura_navigation' build argument 'cmake_target_skip_unavailable' from command line to 'False'
[0.285s] Level 5:colcon.colcon_core.verb:set package 'aura_navigation' build argument 'cmake_clean_cache' from command line to 'False'
[0.285s] Level 5:colcon.colcon_core.verb:set package 'aura_navigation' build argument 'cmake_clean_first' from command line to 'False'
[0.285s] Level 5:colcon.colcon_core.verb:set package 'aura_navigation' build argument 'cmake_force_configure' from command line to 'False'
[0.285s] Level 5:colcon.colcon_core.verb:set package 'aura_navigation' build argument 'ament_cmake_args' from command line to 'None'
[0.285s] Level 5:colcon.colcon_core.verb:set package 'aura_navigation' build argument 'catkin_cmake_args' from command line to 'None'
[0.285s] Level 5:colcon.colcon_core.verb:set package 'aura_navigation' build argument 'catkin_skip_building_tests' from command line to 'False'
[0.286s] DEBUG:colcon.colcon_core.verb:Building package 'aura_navigation' with the following arguments: {'ament_cmake_args': None, 'build_base': '/home/utk/aura_ws/build/aura_navigation', 'catkin_cmake_args': None, 'catkin_skip_building_tests': False, 'cmake_args': None, 'cmake_clean_cache': False, 'cmake_clean_first': False, 'cmake_force_configure': False, 'cmake_target': None, 'cmake_target_skip_unavailable': False, 'install_base': '/home/utk/aura_ws/install/aura_navigation', 'merge_install': False, 'path': '/home/utk/aura_ws/src/aura_navigation', 'symlink_install': True, 'test_result_base': None}
[0.286s] Level 5:colcon.colcon_core.verb:set package 'aura_bringup' build argument 'cmake_args' from command line to 'None'
[0.286s] Level 5:colcon.colcon_core.verb:set package 'aura_bringup' build argument 'cmake_target' from command line to 'None'
[0.286s] Level 5:colcon.colcon_core.verb:set package 'aura_bringup' build argument 'cmake_target_skip_unavailable' from command line to 'False'
[0.286s] Level 5:colcon.colcon_core.verb:set package 'aura_bringup' build argument 'cmake_clean_cache' from command line to 'False'
[0.286s] Level 5:colcon.colcon_core.verb:set package 'aura_bringup' build argument 'cmake_clean_first' from command line to 'False'
[0.286s] Level 5:colcon.colcon_core.verb:set package 'aura_bringup' build argument 'cmake_force_configure' from command line to 'False'
[0.286s] Level 5:colcon.colcon_core.verb:set package 'aura_bringup' build argument 'ament_cmake_args' from command line to 'None'
[0.286s] Level 5:colcon.colcon_core.verb:set package 'aura_bringup' build argument 'catkin_cmake_args' from command line to 'None'
[0.286s] Level 5:colcon.colcon_core.verb:set package 'aura_bringup' build argument 'catkin_skip_building_tests' from command line to 'False'
[0.286s] DEBUG:colcon.colcon_core.verb:Building package 'aura_bringup' with the following arguments: {'ament_cmake_args': None, 'build_base': '/home/utk/aura_ws/build/aura_bringup', 'catkin_cmake_args': None, 'catkin_skip_building_tests': False, 'cmake_args': None, 'cmake_clean_cache': False, 'cmake_clean_first': False, 'cmake_force_configure': False, 'cmake_target': None, 'cmake_target_skip_unavailable': False, 'install_base': '/home/utk/aura_ws/install/aura_bringup', 'merge_install': False, 'path': '/home/utk/aura_ws/src/aura_bringup', 'symlink_install': True, 'test_result_base': None}
[0.286s] Level 5:colcon.colcon_core.verb:set package 'aura_localization' build argument 'cmake_args' from command line to 'None'
[0.286s] Level 5:colcon.colcon_core.verb:set package 'aura_localization' build argument 'cmake_target' from command line to 'None'
[0.286s] Level 5:colcon.colcon_core.verb:set package 'aura_localization' build argument 'cmake_target_skip_unavailable' from command line to 'False'
[0.286s] Level 5:colcon.colcon_core.verb:set package 'aura_localization' build argument 'cmake_clean_cache' from command line to 'False'
[0.286s] Level 5:colcon.colcon_core.verb:set package 'aura_localization' build argument 'cmake_clean_first' from command line to 'False'
[0.286s] Level 5:colcon.colcon_core.verb:set package 'aura_localization' build argument 'cmake_force_configure' from command line to 'False'
[0.286s] Level 5:colcon.colcon_core.verb:set package 'aura_localization' build argument 'ament_cmake_args' from command line to 'None'
[0.286s] Level 5:colcon.colcon_core.verb:set package 'aura_localization' build argument 'catkin_cmake_args' from command line to 'None'
[0.286s] Level 5:colcon.colcon_core.verb:set package 'aura_localization' build argument 'catkin_skip_building_tests' from command line to 'False'
[0.286s] DEBUG:colcon.colcon_core.verb:Building package 'aura_localization' with the following arguments: {'ament_cmake_args': None, 'build_base': '/home/utk/aura_ws/build/aura_localization', 'catkin_cmake_args': None, 'catkin_skip_building_tests': False, 'cmake_args': None, 'cmake_clean_cache': False, 'cmake_clean_first': False, 'cmake_force_configure': False, 'cmake_target': None, 'cmake_target_skip_unavailable': False, 'install_base': '/home/utk/aura_ws/install/aura_localization', 'merge_install': False, 'path': '/home/utk/aura_ws/src/aura_localization', 'symlink_install': True, 'test_result_base': None}
[0.286s] INFO:colcon.colcon_core.executor:Executing jobs using 'parallel' executor
[0.287s] DEBUG:colcon.colcon_parallel_executor.executor.parallel:run_until_complete
[0.287s] INFO:colcon.colcon_ros.task.ament_cmake.build:Building ROS package in '/home/utk/aura_ws/src/aura_controller' with build type 'ament_cmake'
[0.287s] INFO:colcon.colcon_cmake.task.cmake.build:Building CMake package in '/home/utk/aura_ws/src/aura_controller'
[0.290s] INFO:colcon.colcon_core.plugin_system:Skipping extension 'colcon_core.shell.bat': Not used on non-Windows systems
[0.290s] INFO:colcon.colcon_core.shell:Skip shell extension 'powershell' for command environment: Not usable outside of PowerShell
[0.290s] DEBUG:colcon.colcon_core.shell:Skip shell extension 'dsv' for command environment
[0.293s] INFO:colcon.colcon_ros.task.ament_cmake.build:Building ROS package in '/home/utk/aura_ws/src/aura_description' with build type 'ament_cmake'
[0.293s] INFO:colcon.colcon_cmake.task.cmake.build:Building CMake package in '/home/utk/aura_ws/src/aura_description'
[0.293s] INFO:colcon.colcon_core.shell:Skip shell extension 'powershell' for command environment: Not usable outside of PowerShell
[0.293s] DEBUG:colcon.colcon_core.shell:Skip shell extension 'dsv' for command environment
[0.296s] INFO:colcon.colcon_ros.task.ament_cmake.build:Building ROS package in '/home/utk/aura_ws/src/aura_mapping' with build type 'ament_cmake'
[0.296s] INFO:colcon.colcon_cmake.task.cmake.build:Building CMake package in '/home/utk/aura_ws/src/aura_mapping'
[0.296s] INFO:colcon.colcon_core.shell:Skip shell extension 'powershell' for command environment: Not usable outside of PowerShell
[0.296s] DEBUG:colcon.colcon_core.shell:Skip shell extension 'dsv' for command environment
[0.299s] INFO:colcon.colcon_ros.task.ament_cmake.build:Building ROS package in '/home/utk/aura_ws/src/aura_navigation' with build type 'ament_cmake'
[0.299s] INFO:colcon.colcon_cmake.task.cmake.build:Building CMake package in '/home/utk/aura_ws/src/aura_navigation'
[0.299s] INFO:colcon.colcon_core.shell:Skip shell extension 'powershell' for command environment: Not usable outside of PowerShell
[0.299s] DEBUG:colcon.colcon_core.shell:Skip shell extension 'dsv' for command environment
[0.306s] DEBUG:colcon.colcon_core.event_handler.log_command:Invoking command in '/home/utk/aura_ws/build/aura_controller': CMAKE_PREFIX_PATH=${CMAKE_PREFIX_PATH}:/home/utk/bumperbot_ws/install/bumperbot_vision:/home/utk/bumperbot_ws/install/bumperbot_py_examples:/opt/ros/humble /usr/bin/cmake --build /home/utk/aura_ws/build/aura_controller -- -j16 -l16
[0.308s] DEBUG:colcon.colcon_core.event_handler.log_command:Invoking command in '/home/utk/aura_ws/build/aura_description': CMAKE_PREFIX_PATH=${CMAKE_PREFIX_PATH}:/home/utk/bumperbot_ws/install/bumperbot_vision:/home/utk/bumperbot_ws/install/bumperbot_py_examples:/opt/ros/humble /usr/bin/cmake --build /home/utk/aura_ws/build/aura_description -- -j16 -l16
[0.310s] DEBUG:colcon.colcon_core.event_handler.log_command:Invoking command in '/home/utk/aura_ws/build/aura_mapping': CMAKE_PREFIX_PATH=${CMAKE_PREFIX_PATH}:/home/utk/bumperbot_ws/install/bumperbot_vision:/home/utk/bumperbot_ws/install/bumperbot_py_examples:/opt/ros/humble /usr/bin/cmake --build /home/utk/aura_ws/build/aura_mapping -- -j16 -l16
[0.313s] DEBUG:colcon.colcon_core.event_handler.log_command:Invoking command in '/home/utk/aura_ws/build/aura_navigation': CMAKE_PREFIX_PATH=${CMAKE_PREFIX_PATH}:/home/utk/bumperbot_ws/install/bumperbot_vision:/home/utk/bumperbot_ws/install/bumperbot_py_examples:/opt/ros/humble /usr/bin/cmake --build /home/utk/aura_ws/build/aura_navigation -- -j16 -l16
[0.347s] DEBUG:colcon.colcon_core.event_handler.log_command:Invoked command in '/home/utk/aura_ws/build/aura_description' returned '0': CMAKE_PREFIX_PATH=${CMAKE_PREFIX_PATH}:/home/utk/bumperbot_ws/install/bumperbot_vision:/home/utk/bumperbot_ws/install/bumperbot_py_examples:/opt/ros/humble /usr/bin/cmake --build /home/utk/aura_ws/build/aura_description -- -j16 -l16
[0.355s] DEBUG:colcon.colcon_core.event_handler.log_command:Invoking command in '/home/utk/aura_ws/build/aura_description': CMAKE_PREFIX_PATH=${CMAKE_PREFIX_PATH}:/home/utk/bumperbot_ws/install/bumperbot_vision:/home/utk/bumperbot_ws/install/bumperbot_py_examples:/opt/ros/humble /usr/bin/cmake --install /home/utk/aura_ws/build/aura_description
[0.406s] Level 1:colcon.colcon_core.environment:create_environment_scripts_only(aura_description)
[0.407s] DEBUG:colcon.colcon_core.event_handler.log_command:Invoked command in '/home/utk/aura_ws/build/aura_description' returned '0': CMAKE_PREFIX_PATH=${CMAKE_PREFIX_PATH}:/home/utk/bumperbot_ws/install/bumperbot_vision:/home/utk/bumperbot_ws/install/bumperbot_py_examples:/opt/ros/humble /usr/bin/cmake --install /home/utk/aura_ws/build/aura_description
[0.409s] Level 1:colcon.colcon_core.environment:checking '/home/utk/aura_ws/install/aura_description' for CMake module files
[0.410s] Level 1:colcon.colcon_core.environment:checking '/home/utk/aura_ws/install/aura_description' for CMake config files
[0.410s] Level 1:colcon.colcon_core.shell:create_environment_hook('aura_description', 'cmake_prefix_path')
[0.410s] INFO:colcon.colcon_core.shell:Creating environment hook '/home/utk/aura_ws/install/aura_description/share/aura_description/hook/cmake_prefix_path.ps1'
[0.411s] INFO:colcon.colcon_core.shell:Creating environment descriptor '/home/utk/aura_ws/install/aura_description/share/aura_description/hook/cmake_prefix_path.dsv'
[0.411s] INFO:colcon.colcon_core.shell:Creating environment hook '/home/utk/aura_ws/install/aura_description/share/aura_description/hook/cmake_prefix_path.sh'
[0.412s] Level 1:colcon.colcon_core.environment:checking '/home/utk/aura_ws/install/aura_description/bin'
[0.412s] Level 1:colcon.colcon_core.environment:checking '/home/utk/aura_ws/install/aura_description/lib/pkgconfig/aura_description.pc'
[0.412s] Level 1:colcon.colcon_core.environment:checking '/home/utk/aura_ws/install/aura_description/lib/python3.10/site-packages'
[0.412s] Level 1:colcon.colcon_core.environment:checking '/home/utk/aura_ws/install/aura_description/bin'
[0.413s] INFO:colcon.colcon_core.shell:Creating package script '/home/utk/aura_ws/install/aura_description/share/aura_description/package.ps1'
[0.414s] INFO:colcon.colcon_core.shell:Creating package descriptor '/home/utk/aura_ws/install/aura_description/share/aura_description/package.dsv'
[0.414s] INFO:colcon.colcon_core.shell:Creating package script '/home/utk/aura_ws/install/aura_description/share/aura_description/package.sh'
[0.415s] INFO:colcon.colcon_core.shell:Creating package script '/home/utk/aura_ws/install/aura_description/share/aura_description/package.bash'
[0.416s] INFO:colcon.colcon_core.shell:Creating package script '/home/utk/aura_ws/install/aura_description/share/aura_description/package.zsh'
[0.417s] Level 1:colcon.colcon_core.environment:create_file_with_runtime_dependencies(/home/utk/aura_ws/install/aura_description/share/colcon-core/packages/aura_description)
[0.417s] Level 1:colcon.colcon_core.environment:create_environment_scripts_only(aura_description)
[0.417s] Level 1:colcon.colcon_core.environment:checking '/home/utk/aura_ws/install/aura_description' for CMake module files
[0.418s] Level 1:colcon.colcon_core.environment:checking '/home/utk/aura_ws/install/aura_description' for CMake config files
[0.418s] Level 1:colcon.colcon_core.shell:create_environment_hook('aura_description', 'cmake_prefix_path')
[0.418s] INFO:colcon.colcon_core.shell:Creating environment hook '/home/utk/aura_ws/install/aura_description/share/aura_description/hook/cmake_prefix_path.ps1'
[0.418s] INFO:colcon.colcon_core.shell:Creating environment descriptor '/home/utk/aura_ws/install/aura_description/share/aura_description/hook/cmake_prefix_path.dsv'
[0.419s] INFO:colcon.colcon_core.shell:Creating environment hook '/home/utk/aura_ws/install/aura_description/share/aura_description/hook/cmake_prefix_path.sh'
[0.419s] Level 1:colcon.colcon_core.environment:checking '/home/utk/aura_ws/install/aura_description/bin'
[0.419s] Level 1:colcon.colcon_core.environment:checking '/home/utk/aura_ws/install/aura_description/lib/pkgconfig/aura_description.pc'
[0.419s] Level 1:colcon.colcon_core.environment:checking '/home/utk/aura_ws/install/aura_description/lib/python3.10/site-packages'
[0.419s] Level 1:colcon.colcon_core.environment:checking '/home/utk/aura_ws/install/aura_description/bin'
[0.419s] INFO:colcon.colcon_core.shell:Creating package script '/home/utk/aura_ws/install/aura_description/share/aura_description/package.ps1'
[0.420s] INFO:colcon.colcon_core.shell:Creating package descriptor '/home/utk/aura_ws/install/aura_description/share/aura_description/package.dsv'
[0.420s] INFO:colcon.colcon_core.shell:Creating package script '/home/utk/aura_ws/install/aura_description/share/aura_description/package.sh'
[0.421s] INFO:colcon.colcon_core.shell:Creating package script '/home/utk/aura_ws/install/aura_description/share/aura_description/package.bash'
[0.421s] INFO:colcon.colcon_core.shell:Creating package script '/home/utk/aura_ws/install/aura_description/share/aura_description/package.zsh'
[0.421s] Level 1:colcon.colcon_core.environment:create_file_with_runtime_dependencies(/home/utk/aura_ws/install/aura_description/share/colcon-core/packages/aura_description)
[0.564s] DEBUG:colcon.colcon_core.event_handler.log_command:Invoked command in '/home/utk/aura_ws/build/aura_navigation' returned '0': CMAKE_PREFIX_PATH=${CMAKE_PREFIX_PATH}:/home/utk/bumperbot_ws/install/bumperbot_vision:/home/utk/bumperbot_ws/install/bumperbot_py_examples:/opt/ros/humble /usr/bin/cmake --build /home/utk/aura_ws/build/aura_navigation -- -j16 -l16
[0.565s] DEBUG:colcon.colcon_core.event_handler.log_command:Invoking command in '/home/utk/aura_ws/build/aura_navigation': CMAKE_PREFIX_PATH=${CMAKE_PREFIX_PATH}:/home/utk/bumperbot_ws/install/bumperbot_vision:/home/utk/bumperbot_ws/install/bumperbot_py_examples:/opt/ros/humble /usr/bin/cmake --install /home/utk/aura_ws/build/aura_navigation
[0.588s] DEBUG:colcon.colcon_core.event_handler.log_command:Invoked command in '/home/utk/aura_ws/build/aura_mapping' returned '0': CMAKE_PREFIX_PATH=${CMAKE_PREFIX_PATH}:/home/utk/bumperbot_ws/install/bumperbot_vision:/home/utk/bumperbot_ws/install/bumperbot_py_examples:/opt/ros/humble /usr/bin/cmake --build /home/utk/aura_ws/build/aura_mapping -- -j16 -l16
[0.589s] DEBUG:colcon.colcon_core.event_handler.log_command:Invoking command in '/home/utk/aura_ws/build/aura_mapping': CMAKE_PREFIX_PATH=${CMAKE_PREFIX_PATH}:/home/utk/bumperbot_ws/install/bumperbot_vision:/home/utk/bumperbot_ws/install/bumperbot_py_examples:/opt/ros/humble /usr/bin/cmake --install /home/utk/aura_ws/build/aura_mapping
[0.591s] Level 1:colcon.colcon_core.environment:create_environment_scripts_only(aura_navigation)
[0.591s] Level 1:colcon.colcon_core.environment:checking '/home/utk/aura_ws/install/aura_navigation' for CMake module files
[0.591s] DEBUG:colcon.colcon_core.event_handler.log_command:Invoked command in '/home/utk/aura_ws/build/aura_navigation' returned '0': CMAKE_PREFIX_PATH=${CMAKE_PREFIX_PATH}:/home/utk/bumperbot_ws/install/bumperbot_vision:/home/utk/bumperbot_ws/install/bumperbot_py_examples:/opt/ros/humble /usr/bin/cmake --install /home/utk/aura_ws/build/aura_navigation
[0.591s] Level 1:colcon.colcon_core.environment:checking '/home/utk/aura_ws/install/aura_navigation' for CMake config files
[0.591s] Level 1:colcon.colcon_core.shell:create_environment_hook('aura_navigation', 'cmake_prefix_path')
[0.592s] INFO:colcon.colcon_core.shell:Creating environment hook '/home/utk/aura_ws/install/aura_navigation/share/aura_navigation/hook/cmake_prefix_path.ps1'
[0.592s] INFO:colcon.colcon_core.shell:Creating environment descriptor '/home/utk/aura_ws/install/aura_navigation/share/aura_navigation/hook/cmake_prefix_path.dsv'
[0.592s] INFO:colcon.colcon_core.shell:Creating environment hook '/home/utk/aura_ws/install/aura_navigation/share/aura_navigation/hook/cmake_prefix_path.sh'
[0.593s] Level 1:colcon.colcon_core.environment:checking '/home/utk/aura_ws/install/aura_navigation/bin'
[0.593s] Level 1:colcon.colcon_core.environment:checking '/home/utk/aura_ws/install/aura_navigation/lib/pkgconfig/aura_navigation.pc'
[0.593s] Level 1:colcon.colcon_core.environment:checking '/home/utk/aura_ws/install/aura_navigation/lib/python3.10/site-packages'
[0.593s] Level 1:colcon.colcon_core.environment:checking '/home/utk/aura_ws/install/aura_navigation/bin'
[0.593s] INFO:colcon.colcon_core.shell:Creating package script '/home/utk/aura_ws/install/aura_navigation/share/aura_navigation/package.ps1'
[0.593s] INFO:colcon.colcon_core.shell:Creating package descriptor '/home/utk/aura_ws/install/aura_navigation/share/aura_navigation/package.dsv'
[0.594s] INFO:colcon.colcon_core.shell:Creating package script '/home/utk/aura_ws/install/aura_navigation/share/aura_navigation/package.sh'
[0.594s] INFO:colcon.colcon_core.shell:Creating package script '/home/utk/aura_ws/install/aura_navigation/share/aura_navigation/package.bash'
[0.594s] INFO:colcon.colcon_core.shell:Creating package script '/home/utk/aura_ws/install/aura_navigation/share/aura_navigation/package.zsh'
[0.595s] Level 1:colcon.colcon_core.environment:create_file_with_runtime_dependencies(/home/utk/aura_ws/install/aura_navigation/share/colcon-core/packages/aura_navigation)
[0.596s] Level 1:colcon.colcon_core.environment:create_environment_scripts_only(aura_navigation)
[0.596s] Level 1:colcon.colcon_core.environment:checking '/home/utk/aura_ws/install/aura_navigation' for CMake module files
[0.597s] Level 1:colcon.colcon_core.environment:checking '/home/utk/aura_ws/install/aura_navigation' for CMake config files
[0.597s] Level 1:colcon.colcon_core.shell:create_environment_hook('aura_navigation', 'cmake_prefix_path')
[0.597s] INFO:colcon.colcon_core.shell:Creating environment hook '/home/utk/aura_ws/install/aura_navigation/share/aura_navigation/hook/cmake_prefix_path.ps1'
[0.597s] INFO:colcon.colcon_core.shell:Creating environment descriptor '/home/utk/aura_ws/install/aura_navigation/share/aura_navigation/hook/cmake_prefix_path.dsv'
[0.598s] INFO:colcon.colcon_core.shell:Creating environment hook '/home/utk/aura_ws/install/aura_navigation/share/aura_navigation/hook/cmake_prefix_path.sh'
[0.598s] Level 1:colcon.colcon_core.environment:checking '/home/utk/aura_ws/install/aura_navigation/bin'
[0.598s] Level 1:colcon.colcon_core.environment:checking '/home/utk/aura_ws/install/aura_navigation/lib/pkgconfig/aura_navigation.pc'
[0.598s] Level 1:colcon.colcon_core.environment:checking '/home/utk/aura_ws/install/aura_navigation/lib/python3.10/site-packages'
[0.598s] Level 1:colcon.colcon_core.environment:checking '/home/utk/aura_ws/install/aura_navigation/bin'
[0.598s] INFO:colcon.colcon_core.shell:Creating package script '/home/utk/aura_ws/install/aura_navigation/share/aura_navigation/package.ps1'
[0.599s] INFO:colcon.colcon_core.shell:Creating package descriptor '/home/utk/aura_ws/install/aura_navigation/share/aura_navigation/package.dsv'
[0.599s] INFO:colcon.colcon_core.shell:Creating package script '/home/utk/aura_ws/install/aura_navigation/share/aura_navigation/package.sh'
[0.599s] INFO:colcon.colcon_core.shell:Creating package script '/home/utk/aura_ws/install/aura_navigation/share/aura_navigation/package.bash'
[0.599s] INFO:colcon.colcon_core.shell:Creating package script '/home/utk/aura_ws/install/aura_navigation/share/aura_navigation/package.zsh'
[0.600s] Level 1:colcon.colcon_core.environment:create_file_with_runtime_dependencies(/home/utk/aura_ws/install/aura_navigation/share/colcon-core/packages/aura_navigation)
[0.600s] DEBUG:colcon.colcon_core.event_handler.log_command:Invoked command in '/home/utk/aura_ws/build/aura_controller' returned '0': CMAKE_PREFIX_PATH=${CMAKE_PREFIX_PATH}:/home/utk/bumperbot_ws/install/bumperbot_vision:/home/utk/bumperbot_ws/install/bumperbot_py_examples:/opt/ros/humble /usr/bin/cmake --build /home/utk/aura_ws/build/aura_controller -- -j16 -l16
[0.602s] DEBUG:colcon.colcon_core.event_handler.log_command:Invoking command in '/home/utk/aura_ws/build/aura_controller': CMAKE_PREFIX_PATH=${CMAKE_PREFIX_PATH}:/home/utk/bumperbot_ws/install/bumperbot_vision:/home/utk/bumperbot_ws/install/bumperbot_py_examples:/opt/ros/humble /usr/bin/cmake --install /home/utk/aura_ws/build/aura_controller
[0.630s] Level 1:colcon.colcon_core.environment:create_environment_scripts_only(aura_mapping)
[0.630s] Level 1:colcon.colcon_core.environment:checking '/home/utk/aura_ws/install/aura_mapping' for CMake module files
[0.630s] DEBUG:colcon.colcon_core.event_handler.log_command:Invoked command in '/home/utk/aura_ws/build/aura_mapping' returned '0': CMAKE_PREFIX_PATH=${CMAKE_PREFIX_PATH}:/home/utk/bumperbot_ws/install/bumperbot_vision:/home/utk/bumperbot_ws/install/bumperbot_py_examples:/opt/ros/humble /usr/bin/cmake --install /home/utk/aura_ws/build/aura_mapping
[0.631s] Level 1:colcon.colcon_core.environment:checking '/home/utk/aura_ws/install/aura_mapping' for CMake config files
[0.631s] Level 1:colcon.colcon_core.shell:create_environment_hook('aura_mapping', 'cmake_prefix_path')
[0.631s] INFO:colcon.colcon_core.shell:Creating environment hook '/home/utk/aura_ws/install/aura_mapping/share/aura_mapping/hook/cmake_prefix_path.ps1'
[0.631s] INFO:colcon.colcon_core.shell:Creating environment descriptor '/home/utk/aura_ws/install/aura_mapping/share/aura_mapping/hook/cmake_prefix_path.dsv'
[0.632s] INFO:colcon.colcon_core.shell:Creating environment hook '/home/utk/aura_ws/install/aura_mapping/share/aura_mapping/hook/cmake_prefix_path.sh'
[0.632s] Level 1:colcon.colcon_core.environment:checking '/home/utk/aura_ws/install/aura_mapping/lib'
[0.632s] Level 1:colcon.colcon_core.environment:checking '/home/utk/aura_ws/install/aura_mapping/bin'
[0.632s] Level 1:colcon.colcon_core.environment:checking '/home/utk/aura_ws/install/aura_mapping/lib/pkgconfig/aura_mapping.pc'
[0.632s] Level 1:colcon.colcon_core.environment:checking '/home/utk/aura_ws/install/aura_mapping/lib/python3.10/site-packages'
[0.632s] Level 1:colcon.colcon_core.environment:checking '/home/utk/aura_ws/install/aura_mapping/bin'
[0.633s] INFO:colcon.colcon_core.shell:Creating package script '/home/utk/aura_ws/install/aura_mapping/share/aura_mapping/package.ps1'
[0.633s] INFO:colcon.colcon_core.shell:Creating package descriptor '/home/utk/aura_ws/install/aura_mapping/share/aura_mapping/package.dsv'
[0.633s] INFO:colcon.colcon_core.shell:Creating package script '/home/utk/aura_ws/install/aura_mapping/share/aura_mapping/package.sh'
[0.633s] INFO:colcon.colcon_core.shell:Creating package script '/home/utk/aura_ws/install/aura_mapping/share/aura_mapping/package.bash'
[0.634s] INFO:colcon.colcon_core.shell:Creating package script '/home/utk/aura_ws/install/aura_mapping/share/aura_mapping/package.zsh'
[0.634s] Level 1:colcon.colcon_core.environment:create_file_with_runtime_dependencies(/home/utk/aura_ws/install/aura_mapping/share/colcon-core/packages/aura_mapping)
[0.634s] Level 1:colcon.colcon_core.environment:create_environment_scripts_only(aura_mapping)
[0.634s] Level 1:colcon.colcon_core.environment:checking '/home/utk/aura_ws/install/aura_mapping' for CMake module files
[0.634s] Level 1:colcon.colcon_core.environment:checking '/home/utk/aura_ws/install/aura_mapping' for CMake config files
[0.635s] Level 1:colcon.colcon_core.shell:create_environment_hook('aura_mapping', 'cmake_prefix_path')
[0.635s] INFO:colcon.colcon_core.shell:Creating environment hook '/home/utk/aura_ws/install/aura_mapping/share/aura_mapping/hook/cmake_prefix_path.ps1'
[0.635s] INFO:colcon.colcon_core.shell:Creating environment descriptor '/home/utk/aura_ws/install/aura_mapping/share/aura_mapping/hook/cmake_prefix_path.dsv'
[0.635s] INFO:colcon.colcon_core.shell:Creating environment hook '/home/utk/aura_ws/install/aura_mapping/share/aura_mapping/hook/cmake_prefix_path.sh'
[0.636s] Level 1:colcon.colcon_core.environment:checking '/home/utk/aura_ws/install/aura_mapping/lib'
[0.636s] Level 1:colcon.colcon_core.environment:checking '/home/utk/aura_ws/install/aura_mapping/bin'
[0.636s] Level 1:colcon.colcon_core.environment:checking '/home/utk/aura_ws/install/aura_mapping/lib/pkgconfig/aura_mapping.pc'
[0.636s] Level 1:colcon.colcon_core.environment:checking '/home/utk/aura_ws/install/aura_mapping/lib/python3.10/site-packages'
[0.636s] Level 1:colcon.colcon_core.environment:checking '/home/utk/aura_ws/install/aura_mapping/bin'
[0.636s] INFO:colcon.colcon_core.shell:Creating package script '/home/utk/aura_ws/install/aura_mapping/share/aura_mapping/package.ps1'
[0.636s] INFO:colcon.colcon_core.shell:Creating package descriptor '/home/utk/aura_ws/install/aura_mapping/share/aura_mapping/package.dsv'
[0.637s] INFO:colcon.colcon_core.shell:Creating package script '/home/utk/aura_ws/install/aura_mapping/share/aura_mapping/package.sh'
[0.637s] INFO:colcon.colcon_core.shell:Creating package script '/home/utk/aura_ws/install/aura_mapping/share/aura_mapping/package.bash'
[0.637s] INFO:colcon.colcon_core.shell:Creating package script '/home/utk/aura_ws/install/aura_mapping/share/aura_mapping/package.zsh'
[0.637s] Level 1:colcon.colcon_core.environment:create_file_with_runtime_dependencies(/home/utk/aura_ws/install/aura_mapping/share/colcon-core/packages/aura_mapping)
[0.638s] INFO:colcon.colcon_ros.task.ament_cmake.build:Building ROS package in '/home/utk/aura_ws/src/aura_localization' with build type 'ament_cmake'
[0.638s] INFO:colcon.colcon_cmake.task.cmake.build:Building CMake package in '/home/utk/aura_ws/src/aura_localization'
[0.638s] INFO:colcon.colcon_core.shell:Skip shell extension 'powershell' for command environment: Not usable outside of PowerShell
[0.638s] DEBUG:colcon.colcon_core.shell:Skip shell extension 'dsv' for command environment
[0.642s] Level 1:colcon.colcon_core.environment:create_environment_scripts_only(aura_controller)
[0.642s] Level 1:colcon.colcon_core.environment:checking '/home/utk/aura_ws/install/aura_controller' for CMake module files
[0.642s] DEBUG:colcon.colcon_core.event_handler.log_command:Invoked command in '/home/utk/aura_ws/build/aura_controller' returned '0': CMAKE_PREFIX_PATH=${CMAKE_PREFIX_PATH}:/home/utk/bumperbot_ws/install/bumperbot_vision:/home/utk/bumperbot_ws/install/bumperbot_py_examples:/opt/ros/humble /usr/bin/cmake --install /home/utk/aura_ws/build/aura_controller
[0.642s] Level 1:colcon.colcon_core.environment:checking '/home/utk/aura_ws/install/aura_controller' for CMake config files
[0.643s] Level 1:colcon.colcon_core.shell:create_environment_hook('aura_controller', 'cmake_prefix_path')
[0.643s] INFO:colcon.colcon_core.shell:Creating environment hook '/home/utk/aura_ws/install/aura_controller/share/aura_controller/hook/cmake_prefix_path.ps1'
[0.643s] INFO:colcon.colcon_core.shell:Creating environment descriptor '/home/utk/aura_ws/install/aura_controller/share/aura_controller/hook/cmake_prefix_path.dsv'
[0.643s] INFO:colcon.colcon_core.shell:Creating environment hook '/home/utk/aura_ws/install/aura_controller/share/aura_controller/hook/cmake_prefix_path.sh'
[0.644s] Level 1:colcon.colcon_core.environment:checking '/home/utk/aura_ws/install/aura_controller/lib'
[0.644s] Level 1:colcon.colcon_core.environment:checking '/home/utk/aura_ws/install/aura_controller/bin'
[0.644s] Level 1:colcon.colcon_core.environment:checking '/home/utk/aura_ws/install/aura_controller/lib/pkgconfig/aura_controller.pc'
[0.644s] Level 1:colcon.colcon_core.environment:checking '/home/utk/aura_ws/install/aura_controller/lib/python3.10/site-packages'
[0.644s] Level 1:colcon.colcon_core.environment:checking '/home/utk/aura_ws/install/aura_controller/bin'
[0.644s] INFO:colcon.colcon_core.shell:Creating package script '/home/utk/aura_ws/install/aura_controller/share/aura_controller/package.ps1'
[0.644s] INFO:colcon.colcon_core.shell:Creating package descriptor '/home/utk/aura_ws/install/aura_controller/share/aura_controller/package.dsv'
[0.645s] INFO:colcon.colcon_core.shell:Creating package script '/home/utk/aura_ws/install/aura_controller/share/aura_controller/package.sh'
[0.645s] INFO:colcon.colcon_core.shell:Creating package script '/home/utk/aura_ws/install/aura_controller/share/aura_controller/package.bash'
[0.645s] INFO:colcon.colcon_core.shell:Creating package script '/home/utk/aura_ws/install/aura_controller/share/aura_controller/package.zsh'
[0.645s] Level 1:colcon.colcon_core.environment:create_file_with_runtime_dependencies(/home/utk/aura_ws/install/aura_controller/share/colcon-core/packages/aura_controller)
[0.646s] Level 1:colcon.colcon_core.environment:create_environment_scripts_only(aura_controller)
[0.646s] Level 1:colcon.colcon_core.environment:checking '/home/utk/aura_ws/install/aura_controller' for CMake module files
[0.646s] Level 1:colcon.colcon_core.environment:checking '/home/utk/aura_ws/install/aura_controller' for CMake config files
[0.646s] Level 1:colcon.colcon_core.shell:create_environment_hook('aura_controller', 'cmake_prefix_path')
[0.646s] INFO:colcon.colcon_core.shell:Creating environment hook '/home/utk/aura_ws/install/aura_controller/share/aura_controller/hook/cmake_prefix_path.ps1'
[0.647s] INFO:colcon.colcon_core.shell:Creating environment descriptor '/home/utk/aura_ws/install/aura_controller/share/aura_controller/hook/cmake_prefix_path.dsv'
[0.647s] INFO:colcon.colcon_core.shell:Creating environment hook '/home/utk/aura_ws/install/aura_controller/share/aura_controller/hook/cmake_prefix_path.sh'
[0.647s] Level 1:colcon.colcon_core.environment:checking '/home/utk/aura_ws/install/aura_controller/lib'
[0.647s] Level 1:colcon.colcon_core.environment:checking '/home/utk/aura_ws/install/aura_controller/bin'
[0.647s] Level 1:colcon.colcon_core.environment:checking '/home/utk/aura_ws/install/aura_controller/lib/pkgconfig/aura_controller.pc'
[0.647s] Level 1:colcon.colcon_core.environment:checking '/home/utk/aura_ws/install/aura_controller/lib/python3.10/site-packages'
[0.648s] Level 1:colcon.colcon_core.environment:checking '/home/utk/aura_ws/install/aura_controller/bin'
[0.648s] INFO:colcon.colcon_core.shell:Creating package script '/home/utk/aura_ws/install/aura_controller/share/aura_controller/package.ps1'
[0.648s] INFO:colcon.colcon_core.shell:Creating package descriptor '/home/utk/aura_ws/install/aura_controller/share/aura_controller/package.dsv'
[0.648s] INFO:colcon.colcon_core.shell:Creating package script '/home/utk/aura_ws/install/aura_controller/share/aura_controller/package.sh'
[0.649s] INFO:colcon.colcon_core.shell:Creating package script '/home/utk/aura_ws/install/aura_controller/share/aura_controller/package.bash'
[0.649s] INFO:colcon.colcon_core.shell:Creating package script '/home/utk/aura_ws/install/aura_controller/share/aura_controller/package.zsh'
[0.649s] Level 1:colcon.colcon_core.environment:create_file_with_runtime_dependencies(/home/utk/aura_ws/install/aura_controller/share/colcon-core/packages/aura_controller)
[0.649s] INFO:colcon.colcon_ros.task.ament_cmake.build:Building ROS package in '/home/utk/aura_ws/src/aura_bringup' with build type 'ament_cmake'
[0.650s] INFO:colcon.colcon_cmake.task.cmake.build:Building CMake package in '/home/utk/aura_ws/src/aura_bringup'
[0.650s] INFO:colcon.colcon_core.shell:Skip shell extension 'powershell' for command environment: Not usable outside of PowerShell
[0.650s] DEBUG:colcon.colcon_core.shell:Skip shell extension 'dsv' for command environment
[0.655s] DEBUG:colcon.colcon_core.event_handler.log_command:Invoking command in '/home/utk/aura_ws/build/aura_localization': CMAKE_PREFIX_PATH=/home/utk/aura_ws/install/aura_mapping:/home/utk/aura_ws/install/aura_navigation:/home/utk/aura_ws/install/aura_localization:/home/utk/aura_ws/install/aura_bringup:/home/utk/aura_ws/install/aura_description:/home/utk/aura_ws/install/aura_controller:/home/utk/bumperbot_ws/install/bumperbot_utils:/home/utk/bumperbot_ws/install/bumperbot_cpp_examples:/home/utk/bumperbot_ws/install/bumperbot_msgs:/home/utk/bumperbot_ws/install/bumperbot_bringup:/home/utk/bumperbot_ws/install/bumperbot_mapping:/home/utk/bumperbot_ws/install/bumperbot_localization:/home/utk/bumperbot_ws/install/bumperbot_firmware:/home/utk/bumperbot_ws/install/bumperbot_description:/home/utk/bumperbot_ws/install/bumperbot_controller:/home/utk/bumperbot_ws/install/bumperbot_vision:/home/utk/bumperbot_ws/install/bumperbot_py_examples:/opt/ros/humble /usr/bin/cmake --build /home/utk/aura_ws/build/aura_localization -- -j16 -l16
[0.657s] DEBUG:colcon.colcon_core.event_handler.log_command:Invoking command in '/home/utk/aura_ws/build/aura_bringup': CMAKE_PREFIX_PATH=/home/utk/aura_ws/install/aura_description:/home/utk/aura_ws/install/aura_controller:/home/utk/aura_ws/install/aura_navigation:/home/utk/aura_ws/install/aura_localization:/home/utk/aura_ws/install/aura_mapping:/home/utk/aura_ws/install/aura_bringup:/home/utk/bumperbot_ws/install/bumperbot_utils:/home/utk/bumperbot_ws/install/bumperbot_cpp_examples:/home/utk/bumperbot_ws/install/bumperbot_msgs:/home/utk/bumperbot_ws/install/bumperbot_bringup:/home/utk/bumperbot_ws/install/bumperbot_mapping:/home/utk/bumperbot_ws/install/bumperbot_localization:/home/utk/bumperbot_ws/install/bumperbot_firmware:/home/utk/bumperbot_ws/install/bumperbot_description:/home/utk/bumperbot_ws/install/bumperbot_controller:/home/utk/bumperbot_ws/install/bumperbot_vision:/home/utk/bumperbot_ws/install/bumperbot_py_examples:/opt/ros/humble /usr/bin/cmake --build /home/utk/aura_ws/build/aura_bringup -- -j16 -l16
[0.681s] DEBUG:colcon.colcon_core.event_handler.log_command:Invoked command in '/home/utk/aura_ws/build/aura_localization' returned '0': CMAKE_PREFIX_PATH=/home/utk/aura_ws/install/aura_mapping:/home/utk/aura_ws/install/aura_navigation:/home/utk/aura_ws/install/aura_localization:/home/utk/aura_ws/install/aura_bringup:/home/utk/aura_ws/install/aura_description:/home/utk/aura_ws/install/aura_controller:/home/utk/bumperbot_ws/install/bumperbot_utils:/home/utk/bumperbot_ws/install/bumperbot_cpp_examples:/home/utk/bumperbot_ws/install/bumperbot_msgs:/home/utk/bumperbot_ws/install/bumperbot_bringup:/home/utk/bumperbot_ws/install/bumperbot_mapping:/home/utk/bumperbot_ws/install/bumperbot_localization:/home/utk/bumperbot_ws/install/bumperbot_firmware:/home/utk/bumperbot_ws/install/bumperbot_description:/home/utk/bumperbot_ws/install/bumperbot_controller:/home/utk/bumperbot_ws/install/bumperbot_vision:/home/utk/bumperbot_ws/install/bumperbot_py_examples:/opt/ros/humble /usr/bin/cmake --build /home/utk/aura_ws/build/aura_localization -- -j16 -l16
[0.683s] DEBUG:colcon.colcon_core.event_handler.log_command:Invoking command in '/home/utk/aura_ws/build/aura_localization': CMAKE_PREFIX_PATH=/home/utk/aura_ws/install/aura_mapping:/home/utk/aura_ws/install/aura_navigation:/home/utk/aura_ws/install/aura_localization:/home/utk/aura_ws/install/aura_bringup:/home/utk/aura_ws/install/aura_description:/home/utk/aura_ws/install/aura_controller:/home/utk/bumperbot_ws/install/bumperbot_utils:/home/utk/bumperbot_ws/install/bumperbot_cpp_examples:/home/utk/bumperbot_ws/install/bumperbot_msgs:/home/utk/bumperbot_ws/install/bumperbot_bringup:/home/utk/bumperbot_ws/install/bumperbot_mapping:/home/utk/bumperbot_ws/install/bumperbot_localization:/home/utk/bumperbot_ws/install/bumperbot_firmware:/home/utk/bumperbot_ws/install/bumperbot_description:/home/utk/bumperbot_ws/install/bumperbot_controller:/home/utk/bumperbot_ws/install/bumperbot_vision:/home/utk/bumperbot_ws/install/bumperbot_py_examples:/opt/ros/humble /usr/bin/cmake --install /home/utk/aura_ws/build/aura_localization
[0.683s] DEBUG:colcon.colcon_core.event_handler.log_command:Invoked command in '/home/utk/aura_ws/build/aura_bringup' returned '0': CMAKE_PREFIX_PATH=/home/utk/aura_ws/install/aura_description:/home/utk/aura_ws/install/aura_controller:/home/utk/aura_ws/install/aura_navigation:/home/utk/aura_ws/install/aura_localization:/home/utk/aura_ws/install/aura_mapping:/home/utk/aura_ws/install/aura_bringup:/home/utk/bumperbot_ws/install/bumperbot_utils:/home/utk/bumperbot_ws/install/bumperbot_cpp_examples:/home/utk/bumperbot_ws/install/bumperbot_msgs:/home/utk/bumperbot_ws/install/bumperbot_bringup:/home/utk/bumperbot_ws/install/bumperbot_mapping:/home/utk/bumperbot_ws/install/bumperbot_localization:/home/utk/bumperbot_ws/install/bumperbot_firmware:/home/utk/bumperbot_ws/install/bumperbot_description:/home/utk/bumperbot_ws/install/bumperbot_controller:/home/utk/bumperbot_ws/install/bumperbot_vision:/home/utk/bumperbot_ws/install/bumperbot_py_examples:/opt/ros/humble /usr/bin/cmake --build /home/utk/aura_ws/build/aura_bringup -- -j16 -l16
[0.685s] DEBUG:colcon.colcon_core.event_handler.log_command:Invoking command in '/home/utk/aura_ws/build/aura_bringup': CMAKE_PREFIX_PATH=/home/utk/aura_ws/install/aura_description:/home/utk/aura_ws/install/aura_controller:/home/utk/aura_ws/install/aura_navigation:/home/utk/aura_ws/install/aura_localization:/home/utk/aura_ws/install/aura_mapping:/home/utk/aura_ws/install/aura_bringup:/home/utk/bumperbot_ws/install/bumperbot_utils:/home/utk/bumperbot_ws/install/bumperbot_cpp_examples:/home/utk/bumperbot_ws/install/bumperbot_msgs:/home/utk/bumperbot_ws/install/bumperbot_bringup:/home/utk/bumperbot_ws/install/bumperbot_mapping:/home/utk/bumperbot_ws/install/bumperbot_localization:/home/utk/bumperbot_ws/install/bumperbot_firmware:/home/utk/bumperbot_ws/install/bumperbot_description:/home/utk/bumperbot_ws/install/bumperbot_controller:/home/utk/bumperbot_ws/install/bumperbot_vision:/home/utk/bumperbot_ws/install/bumperbot_py_examples:/opt/ros/humble /usr/bin/cmake --install /home/utk/aura_ws/build/aura_bringup
[0.698s] Level 1:colcon.colcon_core.environment:create_environment_scripts_only(aura_localization)
[0.698s] Level 1:colcon.colcon_core.environment:checking '/home/utk/aura_ws/install/aura_localization' for CMake module files
[0.699s] DEBUG:colcon.colcon_core.event_handler.log_command:Invoked command in '/home/utk/aura_ws/build/aura_localization' returned '0': CMAKE_PREFIX_PATH=/home/utk/aura_ws/install/aura_mapping:/home/utk/aura_ws/install/aura_navigation:/home/utk/aura_ws/install/aura_localization:/home/utk/aura_ws/install/aura_bringup:/home/utk/aura_ws/install/aura_description:/home/utk/aura_ws/install/aura_controller:/home/utk/bumperbot_ws/install/bumperbot_utils:/home/utk/bumperbot_ws/install/bumperbot_cpp_examples:/home/utk/bumperbot_ws/install/bumperbot_msgs:/home/utk/bumperbot_ws/install/bumperbot_bringup:/home/utk/bumperbot_ws/install/bumperbot_mapping:/home/utk/bumperbot_ws/install/bumperbot_localization:/home/utk/bumperbot_ws/install/bumperbot_firmware:/home/utk/bumperbot_ws/install/bumperbot_description:/home/utk/bumperbot_ws/install/bumperbot_controller:/home/utk/bumperbot_ws/install/bumperbot_vision:/home/utk/bumperbot_ws/install/bumperbot_py_examples:/opt/ros/humble /usr/bin/cmake --install /home/utk/aura_ws/build/aura_localization
[0.699s] Level 1:colcon.colcon_core.environment:checking '/home/utk/aura_ws/install/aura_localization' for CMake config files
[0.699s] Level 1:colcon.colcon_core.shell:create_environment_hook('aura_localization', 'cmake_prefix_path')
[0.699s] INFO:colcon.colcon_core.shell:Creating environment hook '/home/utk/aura_ws/install/aura_localization/share/aura_localization/hook/cmake_prefix_path.ps1'
[0.700s] INFO:colcon.colcon_core.shell:Creating environment descriptor '/home/utk/aura_ws/install/aura_localization/share/aura_localization/hook/cmake_prefix_path.dsv'
[0.700s] INFO:colcon.colcon_core.shell:Creating environment hook '/home/utk/aura_ws/install/aura_localization/share/aura_localization/hook/cmake_prefix_path.sh'
[0.700s] Level 1:colcon.colcon_core.environment:checking '/home/utk/aura_ws/install/aura_localization/bin'
[0.700s] Level 1:colcon.colcon_core.environment:checking '/home/utk/aura_ws/install/aura_localization/lib/pkgconfig/aura_localization.pc'
[0.701s] Level 1:colcon.colcon_core.environment:checking '/home/utk/aura_ws/install/aura_localization/lib/python3.10/site-packages'
[0.701s] Level 1:colcon.colcon_core.environment:checking '/home/utk/aura_ws/install/aura_localization/bin'
[0.701s] INFO:colcon.colcon_core.shell:Creating package script '/home/utk/aura_ws/install/aura_localization/share/aura_localization/package.ps1'
[0.701s] INFO:colcon.colcon_core.shell:Creating package descriptor '/home/utk/aura_ws/install/aura_localization/share/aura_localization/package.dsv'
[0.701s] INFO:colcon.colcon_core.shell:Creating package script '/home/utk/aura_ws/install/aura_localization/share/aura_localization/package.sh'
[0.702s] INFO:colcon.colcon_core.shell:Creating package script '/home/utk/aura_ws/install/aura_localization/share/aura_localization/package.bash'
[0.702s] INFO:colcon.colcon_core.shell:Creating package script '/home/utk/aura_ws/install/aura_localization/share/aura_localization/package.zsh'
[0.702s] Level 1:colcon.colcon_core.environment:create_file_with_runtime_dependencies(/home/utk/aura_ws/install/aura_localization/share/colcon-core/packages/aura_localization)
[0.702s] Level 1:colcon.colcon_core.environment:create_environment_scripts_only(aura_localization)
[0.703s] Level 1:colcon.colcon_core.environment:checking '/home/utk/aura_ws/install/aura_localization' for CMake module files
[0.703s] Level 1:colcon.colcon_core.environment:checking '/home/utk/aura_ws/install/aura_localization' for CMake config files
[0.703s] Level 1:colcon.colcon_core.shell:create_environment_hook('aura_localization', 'cmake_prefix_path')
[0.703s] INFO:colcon.colcon_core.shell:Creating environment hook '/home/utk/aura_ws/install/aura_localization/share/aura_localization/hook/cmake_prefix_path.ps1'
[0.703s] INFO:colcon.colcon_core.shell:Creating environment descriptor '/home/utk/aura_ws/install/aura_localization/share/aura_localization/hook/cmake_prefix_path.dsv'
[0.703s] INFO:colcon.colcon_core.shell:Creating environment hook '/home/utk/aura_ws/install/aura_localization/share/aura_localization/hook/cmake_prefix_path.sh'
[0.704s] Level 1:colcon.colcon_core.environment:checking '/home/utk/aura_ws/install/aura_localization/bin'
[0.704s] Level 1:colcon.colcon_core.environment:checking '/home/utk/aura_ws/install/aura_localization/lib/pkgconfig/aura_localization.pc'
[0.704s] Level 1:colcon.colcon_core.environment:checking '/home/utk/aura_ws/install/aura_localization/lib/python3.10/site-packages'
[0.704s] Level 1:colcon.colcon_core.environment:checking '/home/utk/aura_ws/install/aura_localization/bin'
[0.704s] INFO:colcon.colcon_core.shell:Creating package script '/home/utk/aura_ws/install/aura_localization/share/aura_localization/package.ps1'
[0.705s] INFO:colcon.colcon_core.shell:Creating package descriptor '/home/utk/aura_ws/install/aura_localization/share/aura_localization/package.dsv'
[0.705s] INFO:colcon.colcon_core.shell:Creating package script '/home/utk/aura_ws/install/aura_localization/share/aura_localization/package.sh'
[0.705s] INFO:colcon.colcon_core.shell:Creating package script '/home/utk/aura_ws/install/aura_localization/share/aura_localization/package.bash'
[0.705s] INFO:colcon.colcon_core.shell:Creating package script '/home/utk/aura_ws/install/aura_localization/share/aura_localization/package.zsh'
[0.706s] Level 1:colcon.colcon_core.environment:create_file_with_runtime_dependencies(/home/utk/aura_ws/install/aura_localization/share/colcon-core/packages/aura_localization)
[0.706s] Level 1:colcon.colcon_core.environment:create_environment_scripts_only(aura_bringup)
[0.706s] Level 1:colcon.colcon_core.environment:checking '/home/utk/aura_ws/install/aura_bringup' for CMake module files
[0.707s] DEBUG:colcon.colcon_core.event_handler.log_command:Invoked command in '/home/utk/aura_ws/build/aura_bringup' returned '0': CMAKE_PREFIX_PATH=/home/utk/aura_ws/install/aura_description:/home/utk/aura_ws/install/aura_controller:/home/utk/aura_ws/install/aura_navigation:/home/utk/aura_ws/install/aura_localization:/home/utk/aura_ws/install/aura_mapping:/home/utk/aura_ws/install/aura_bringup:/home/utk/bumperbot_ws/install/bumperbot_utils:/home/utk/bumperbot_ws/install/bumperbot_cpp_examples:/home/utk/bumperbot_ws/install/bumperbot_msgs:/home/utk/bumperbot_ws/install/bumperbot_bringup:/home/utk/bumperbot_ws/install/bumperbot_mapping:/home/utk/bumperbot_ws/install/bumperbot_localization:/home/utk/bumperbot_ws/install/bumperbot_firmware:/home/utk/bumperbot_ws/install/bumperbot_description:/home/utk/bumperbot_ws/install/bumperbot_controller:/home/utk/bumperbot_ws/install/bumperbot_vision:/home/utk/bumperbot_ws/install/bumperbot_py_examples:/opt/ros/humble /usr/bin/cmake --install /home/utk/aura_ws/build/aura_bringup
[0.707s] Level 1:colcon.colcon_core.environment:checking '/home/utk/aura_ws/install/aura_bringup' for CMake config files
[0.707s] Level 1:colcon.colcon_core.shell:create_environment_hook('aura_bringup', 'cmake_prefix_path')
[0.707s] INFO:colcon.colcon_core.shell:Creating environment hook '/home/utk/aura_ws/install/aura_bringup/share/aura_bringup/hook/cmake_prefix_path.ps1'
[0.708s] INFO:colcon.colcon_core.shell:Creating environment descriptor '/home/utk/aura_ws/install/aura_bringup/share/aura_bringup/hook/cmake_prefix_path.dsv'
[0.708s] INFO:colcon.colcon_core.shell:Creating environment hook '/home/utk/aura_ws/install/aura_bringup/share/aura_bringup/hook/cmake_prefix_path.sh'
[0.708s] Level 1:colcon.colcon_core.environment:checking '/home/utk/aura_ws/install/aura_bringup/bin'
[0.708s] Level 1:colcon.colcon_core.environment:checking '/home/utk/aura_ws/install/aura_bringup/lib/pkgconfig/aura_bringup.pc'
[0.708s] Level 1:colcon.colcon_core.environment:checking '/home/utk/aura_ws/install/aura_bringup/lib/python3.10/site-packages'
[0.709s] Level 1:colcon.colcon_core.environment:checking '/home/utk/aura_ws/install/aura_bringup/bin'
[0.709s] INFO:colcon.colcon_core.shell:Creating package script '/home/utk/aura_ws/install/aura_bringup/share/aura_bringup/package.ps1'
[0.709s] INFO:colcon.colcon_core.shell:Creating package descriptor '/home/utk/aura_ws/install/aura_bringup/share/aura_bringup/package.dsv'
[0.709s] INFO:colcon.colcon_core.shell:Creating package script '/home/utk/aura_ws/install/aura_bringup/share/aura_bringup/package.sh'
[0.710s] INFO:colcon.colcon_core.shell:Creating package script '/home/utk/aura_ws/install/aura_bringup/share/aura_bringup/package.bash'
[0.710s] INFO:colcon.colcon_core.shell:Creating package script '/home/utk/aura_ws/install/aura_bringup/share/aura_bringup/package.zsh'
[0.710s] Level 1:colcon.colcon_core.environment:create_file_with_runtime_dependencies(/home/utk/aura_ws/install/aura_bringup/share/colcon-core/packages/aura_bringup)
[0.710s] Level 1:colcon.colcon_core.environment:create_environment_scripts_only(aura_bringup)
[0.710s] Level 1:colcon.colcon_core.environment:checking '/home/utk/aura_ws/install/aura_bringup' for CMake module files
[0.711s] Level 1:colcon.colcon_core.environment:checking '/home/utk/aura_ws/install/aura_bringup' for CMake config files
[0.711s] Level 1:colcon.colcon_core.shell:create_environment_hook('aura_bringup', 'cmake_prefix_path')
[0.711s] INFO:colcon.colcon_core.shell:Creating environment hook '/home/utk/aura_ws/install/aura_bringup/share/aura_bringup/hook/cmake_prefix_path.ps1'
[0.711s] INFO:colcon.colcon_core.shell:Creating environment descriptor '/home/utk/aura_ws/install/aura_bringup/share/aura_bringup/hook/cmake_prefix_path.dsv'
[0.711s] INFO:colcon.colcon_core.shell:Creating environment hook '/home/utk/aura_ws/install/aura_bringup/share/aura_bringup/hook/cmake_prefix_path.sh'
[0.712s] Level 1:colcon.colcon_core.environment:checking '/home/utk/aura_ws/install/aura_bringup/bin'
[0.712s] Level 1:colcon.colcon_core.environment:checking '/home/utk/aura_ws/install/aura_bringup/lib/pkgconfig/aura_bringup.pc'
[0.712s] Level 1:colcon.colcon_core.environment:checking '/home/utk/aura_ws/install/aura_bringup/lib/python3.10/site-packages'
[0.712s] Level 1:colcon.colcon_core.environment:checking '/home/utk/aura_ws/install/aura_bringup/bin'
[0.712s] INFO:colcon.colcon_core.shell:Creating package script '/home/utk/aura_ws/install/aura_bringup/share/aura_bringup/package.ps1'
[0.713s] INFO:colcon.colcon_core.shell:Creating package descriptor '/home/utk/aura_ws/install/aura_bringup/share/aura_bringup/package.dsv'
[0.713s] INFO:colcon.colcon_core.shell:Creating package script '/home/utk/aura_ws/install/aura_bringup/share/aura_bringup/package.sh'
[0.713s] INFO:colcon.colcon_core.shell:Creating package script '/home/utk/aura_ws/install/aura_bringup/share/aura_bringup/package.bash'
[0.713s] INFO:colcon.colcon_core.shell:Creating package script '/home/utk/aura_ws/install/aura_bringup/share/aura_bringup/package.zsh'
[0.714s] Level 1:colcon.colcon_core.environment:create_file_with_runtime_dependencies(/home/utk/aura_ws/install/aura_bringup/share/colcon-core/packages/aura_bringup)
[0.714s] DEBUG:colcon.colcon_parallel_executor.executor.parallel:closing loop
[0.714s] DEBUG:colcon.colcon_parallel_executor.executor.parallel:loop closed
[0.714s] DEBUG:colcon.colcon_parallel_executor.executor.parallel:run_until_complete finished with '0'
[0.714s] DEBUG:colcon.colcon_core.event_reactor:joining thread
[0.719s] INFO:colcon.colcon_core.plugin_system:Skipping extension 'colcon_notification.desktop_notification.terminal_notifier': Not used on non-Darwin systems
[0.719s] INFO:colcon.colcon_core.plugin_system:Skipping extension 'colcon_notification.desktop_notification.win32': Not used on non-Windows systems
[0.719s] INFO:colcon.colcon_notification.desktop_notification:Sending desktop notification using 'notify2'
[0.730s] DEBUG:colcon.colcon_core.event_reactor:joined thread
[0.730s] INFO:colcon.colcon_core.shell:Creating prefix script '/home/utk/aura_ws/install/local_setup.ps1'
[0.731s] INFO:colcon.colcon_core.shell:Creating prefix util module '/home/utk/aura_ws/install/_local_setup_util_ps1.py'
[0.732s] INFO:colcon.colcon_core.shell:Creating prefix chain script '/home/utk/aura_ws/install/setup.ps1'
[0.733s] INFO:colcon.colcon_core.shell:Creating prefix script '/home/utk/aura_ws/install/local_setup.sh'
[0.734s] INFO:colcon.colcon_core.shell:Creating prefix util module '/home/utk/aura_ws/install/_local_setup_util_sh.py'
[0.734s] INFO:colcon.colcon_core.shell:Creating prefix chain script '/home/utk/aura_ws/install/setup.sh'
[0.735s] INFO:colcon.colcon_core.shell:Creating prefix script '/home/utk/aura_ws/install/local_setup.bash'
[0.736s] INFO:colcon.colcon_core.shell:Creating prefix chain script '/home/utk/aura_ws/install/setup.bash'
[0.737s] INFO:colcon.colcon_core.shell:Creating prefix script '/home/utk/aura_ws/install/local_setup.zsh'
[0.738s] INFO:colcon.colcon_core.shell:Creating prefix chain script '/home/utk/aura_ws/install/setup.zsh'
