[0.007s] Invoking command in '/home/utk/aura_ws/build/aura_bringup': CMAKE_PREFIX_PATH=/home/utk/aura_ws/install/aura_description:/home/utk/aura_ws/install/aura_controller:/home/utk/aura_ws/install/aura_bringup:/home/utk/bumperbot_ws/install/bumperbot_utils:/home/utk/bumperbot_ws/install/bumperbot_cpp_examples:/home/utk/bumperbot_ws/install/bumperbot_msgs:/home/utk/bumperbot_ws/install/bumperbot_bringup:/home/utk/bumperbot_ws/install/bumperbot_mapping:/home/utk/bumperbot_ws/install/bumperbot_localization:/home/utk/bumperbot_ws/install/bumperbot_firmware:/home/utk/bumperbot_ws/install/bumperbot_description:/home/utk/bumperbot_ws/install/bumperbot_controller:/home/utk/bumperbot_ws/install/bumperbot_vision:/home/utk/bumperbot_ws/install/bumperbot_py_examples:/opt/ros/humble /usr/bin/cmake /home/utk/aura_ws/src/aura_bringup -DCMAKE_INSTALL_PREFIX=/home/utk/aura_ws/install/aura_bringup
[0.015s] -- Found ament_cmake: 1.3.11 (/opt/ros/humble/share/ament_cmake/cmake)
[0.093s] -- Override CMake install command with custom implementation using symlinks instead of copying resources
[0.098s] -- Found ament_lint_auto: 0.12.11 (/opt/ros/humble/share/ament_lint_auto/cmake)
[0.141s] -- Added test 'flake8' to check Python code syntax and style conventions
[0.141s] -- Added test 'lint_cmake' to check CMake code style
[0.141s] -- Added test 'pep257' to check Python code against some of the docstring style conventions in PEP 257
[0.142s] -- Added test 'xmllint' to check XML markup files
[0.143s] -- Configuring done
[0.145s] -- Generating done
[0.146s] -- Build files have been written to: /home/utk/aura_ws/build/aura_bringup
[0.148s] Invoked command in '/home/utk/aura_ws/build/aura_bringup' returned '0': CMAKE_PREFIX_PATH=/home/utk/aura_ws/install/aura_description:/home/utk/aura_ws/install/aura_controller:/home/utk/aura_ws/install/aura_bringup:/home/utk/bumperbot_ws/install/bumperbot_utils:/home/utk/bumperbot_ws/install/bumperbot_cpp_examples:/home/utk/bumperbot_ws/install/bumperbot_msgs:/home/utk/bumperbot_ws/install/bumperbot_bringup:/home/utk/bumperbot_ws/install/bumperbot_mapping:/home/utk/bumperbot_ws/install/bumperbot_localization:/home/utk/bumperbot_ws/install/bumperbot_firmware:/home/utk/bumperbot_ws/install/bumperbot_description:/home/utk/bumperbot_ws/install/bumperbot_controller:/home/utk/bumperbot_ws/install/bumperbot_vision:/home/utk/bumperbot_ws/install/bumperbot_py_examples:/opt/ros/humble /usr/bin/cmake /home/utk/aura_ws/src/aura_bringup -DCMAKE_INSTALL_PREFIX=/home/utk/aura_ws/install/aura_bringup
[0.149s] Invoking command in '/home/utk/aura_ws/build/aura_bringup': CMAKE_PREFIX_PATH=/home/utk/aura_ws/install/aura_description:/home/utk/aura_ws/install/aura_controller:/home/utk/aura_ws/install/aura_bringup:/home/utk/bumperbot_ws/install/bumperbot_utils:/home/utk/bumperbot_ws/install/bumperbot_cpp_examples:/home/utk/bumperbot_ws/install/bumperbot_msgs:/home/utk/bumperbot_ws/install/bumperbot_bringup:/home/utk/bumperbot_ws/install/bumperbot_mapping:/home/utk/bumperbot_ws/install/bumperbot_localization:/home/utk/bumperbot_ws/install/bumperbot_firmware:/home/utk/bumperbot_ws/install/bumperbot_description:/home/utk/bumperbot_ws/install/bumperbot_controller:/home/utk/bumperbot_ws/install/bumperbot_vision:/home/utk/bumperbot_ws/install/bumperbot_py_examples:/opt/ros/humble /usr/bin/cmake --build /home/utk/aura_ws/build/aura_bringup -- -j16 -l16
[0.172s] Invoked command in '/home/utk/aura_ws/build/aura_bringup' returned '0': CMAKE_PREFIX_PATH=/home/utk/aura_ws/install/aura_description:/home/utk/aura_ws/install/aura_controller:/home/utk/aura_ws/install/aura_bringup:/home/utk/bumperbot_ws/install/bumperbot_utils:/home/utk/bumperbot_ws/install/bumperbot_cpp_examples:/home/utk/bumperbot_ws/install/bumperbot_msgs:/home/utk/bumperbot_ws/install/bumperbot_bringup:/home/utk/bumperbot_ws/install/bumperbot_mapping:/home/utk/bumperbot_ws/install/bumperbot_localization:/home/utk/bumperbot_ws/install/bumperbot_firmware:/home/utk/bumperbot_ws/install/bumperbot_description:/home/utk/bumperbot_ws/install/bumperbot_controller:/home/utk/bumperbot_ws/install/bumperbot_vision:/home/utk/bumperbot_ws/install/bumperbot_py_examples:/opt/ros/humble /usr/bin/cmake --build /home/utk/aura_ws/build/aura_bringup -- -j16 -l16
[0.173s] Invoking command in '/home/utk/aura_ws/build/aura_bringup': CMAKE_PREFIX_PATH=/home/utk/aura_ws/install/aura_description:/home/utk/aura_ws/install/aura_controller:/home/utk/aura_ws/install/aura_bringup:/home/utk/bumperbot_ws/install/bumperbot_utils:/home/utk/bumperbot_ws/install/bumperbot_cpp_examples:/home/utk/bumperbot_ws/install/bumperbot_msgs:/home/utk/bumperbot_ws/install/bumperbot_bringup:/home/utk/bumperbot_ws/install/bumperbot_mapping:/home/utk/bumperbot_ws/install/bumperbot_localization:/home/utk/bumperbot_ws/install/bumperbot_firmware:/home/utk/bumperbot_ws/install/bumperbot_description:/home/utk/bumperbot_ws/install/bumperbot_controller:/home/utk/bumperbot_ws/install/bumperbot_vision:/home/utk/bumperbot_ws/install/bumperbot_py_examples:/opt/ros/humble /usr/bin/cmake --install /home/utk/aura_ws/build/aura_bringup
[0.177s] -- Install configuration: ""
[0.177s] -- Execute custom install script
[0.178s] -- Up-to-date symlink: /home/utk/aura_ws/install/aura_bringup/share/aura_bringup/launch/simulation.launch.py
[0.178s] -- Up-to-date symlink: /home/utk/aura_ws/install/aura_bringup/share/ament_index/resource_index/package_run_dependencies/aura_bringup
[0.178s] -- Up-to-date symlink: /home/utk/aura_ws/install/aura_bringup/share/ament_index/resource_index/parent_prefix_path/aura_bringup
[0.178s] -- Up-to-date symlink: /home/utk/aura_ws/install/aura_bringup/share/aura_bringup/environment/ament_prefix_path.sh
[0.178s] -- Up-to-date symlink: /home/utk/aura_ws/install/aura_bringup/share/aura_bringup/environment/ament_prefix_path.dsv
[0.178s] -- Up-to-date symlink: /home/utk/aura_ws/install/aura_bringup/share/aura_bringup/environment/path.sh
[0.178s] -- Up-to-date symlink: /home/utk/aura_ws/install/aura_bringup/share/aura_bringup/environment/path.dsv
[0.178s] -- Up-to-date symlink: /home/utk/aura_ws/install/aura_bringup/share/aura_bringup/local_setup.bash
[0.178s] -- Up-to-date symlink: /home/utk/aura_ws/install/aura_bringup/share/aura_bringup/local_setup.sh
[0.178s] -- Up-to-date symlink: /home/utk/aura_ws/install/aura_bringup/share/aura_bringup/local_setup.zsh
[0.178s] -- Up-to-date symlink: /home/utk/aura_ws/install/aura_bringup/share/aura_bringup/local_setup.dsv
[0.178s] -- Symlinking: /home/utk/aura_ws/install/aura_bringup/share/aura_bringup/package.dsv
[0.184s] -- Up-to-date symlink: /home/utk/aura_ws/install/aura_bringup/share/ament_index/resource_index/packages/aura_bringup
[0.184s] -- Up-to-date symlink: /home/utk/aura_ws/install/aura_bringup/share/aura_bringup/cmake/aura_bringupConfig.cmake
[0.184s] -- Up-to-date symlink: /home/utk/aura_ws/install/aura_bringup/share/aura_bringup/cmake/aura_bringupConfig-version.cmake
[0.184s] -- Up-to-date symlink: /home/utk/aura_ws/install/aura_bringup/share/aura_bringup/package.xml
[0.185s] Invoked command in '/home/utk/aura_ws/build/aura_bringup' returned '0': CMAKE_PREFIX_PATH=/home/utk/aura_ws/install/aura_description:/home/utk/aura_ws/install/aura_controller:/home/utk/aura_ws/install/aura_bringup:/home/utk/bumperbot_ws/install/bumperbot_utils:/home/utk/bumperbot_ws/install/bumperbot_cpp_examples:/home/utk/bumperbot_ws/install/bumperbot_msgs:/home/utk/bumperbot_ws/install/bumperbot_bringup:/home/utk/bumperbot_ws/install/bumperbot_mapping:/home/utk/bumperbot_ws/install/bumperbot_localization:/home/utk/bumperbot_ws/install/bumperbot_firmware:/home/utk/bumperbot_ws/install/bumperbot_description:/home/utk/bumperbot_ws/install/bumperbot_controller:/home/utk/bumperbot_ws/install/bumperbot_vision:/home/utk/bumperbot_ws/install/bumperbot_py_examples:/opt/ros/humble /usr/bin/cmake --install /home/utk/aura_ws/build/aura_bringup
