[0.023s] Invoking command in '/home/utk/aura_ws/build/aura_navigation': CMAKE_PREFIX_PATH=${CMAKE_PREFIX_PATH}:/home/utk/bumperbot_ws/install/bumperbot_vision:/home/utk/bumperbot_ws/install/bumperbot_py_examples:/opt/ros/humble /usr/bin/cmake --build /home/utk/aura_ws/build/aura_navigation -- -j16 -l16
[0.057s] -- Found ament_cmake: 1.3.11 (/opt/ros/humble/share/ament_cmake/cmake)
[0.162s] -- Override CMake install command with custom implementation using symlinks instead of copying resources
[0.185s] -- Found rclpy: 3.3.15 (/opt/ros/humble/share/rclpy/cmake)
[0.200s] [31mCMake Error at CMakeLists.txt:12 (find_package):
[0.200s]   By not providing "Findnav2_simple_commander.cmake" in CMAKE_MODULE_PATH
[0.200s]   this project has asked CMake to find a package configuration file provided
[0.200s]   by "nav2_simple_commander", but CMake did not find one.
[0.200s] 
[0.200s]   Could not find a package configuration file provided by
[0.200s]   "nav2_simple_commander" with any of the following names:
[0.200s] 
[0.200s]     nav2_simple_commanderConfig.cmake
[0.200s]     nav2_simple_commander-config.cmake
[0.200s] 
[0.200s]   Add the installation prefix of "nav2_simple_commander" to CMAKE_PREFIX_PATH
[0.200s]   or set "nav2_simple_commander_DIR" to a directory containing one of the
[0.200s]   above files.  If "nav2_simple_commander" provides a separate development
[0.200s]   package or SDK, be sure it has been installed.
[0.200s] 
[0.200s] [0m
[0.200s] -- Configuring incomplete, errors occurred!
[0.200s] See also "/home/utk/aura_ws/build/aura_navigation/CMakeFiles/CMakeOutput.log".
[0.202s] gmake: *** [Makefile:226: cmake_check_build_system] Error 1
[0.204s] Invoked command in '/home/utk/aura_ws/build/aura_navigation' returned '2': CMAKE_PREFIX_PATH=${CMAKE_PREFIX_PATH}:/home/utk/bumperbot_ws/install/bumperbot_vision:/home/utk/bumperbot_ws/install/bumperbot_py_examples:/opt/ros/humble /usr/bin/cmake --build /home/utk/aura_ws/build/aura_navigation -- -j16 -l16
