[0.017s] Invoking command in '/home/utk/aura_ws/build/aura_controller': CMAKE_PREFIX_PATH=${CMAKE_PREFIX_PATH}:/home/utk/bumperbot_ws/install/bumperbot_vision:/home/utk/bumperbot_ws/install/bumperbot_py_examples:/opt/ros/humble /usr/bin/cmake --build /home/utk/aura_ws/build/aura_controller -- -j16 -l16
[0.053s] Built target ament_cmake_python_symlink_aura_controller
[0.236s] running egg_info
[0.237s] writing aura_controller.egg-info/PKG-INFO
[0.237s] writing dependency_links to aura_controller.egg-info/dependency_links.txt
[0.237s] writing top-level names to aura_controller.egg-info/top_level.txt
[0.238s] reading manifest file 'aura_controller.egg-info/SOURCES.txt'
[0.239s] writing manifest file 'aura_controller.egg-info/SOURCES.txt'
[0.255s] Built target ament_cmake_python_build_aura_controller_egg
[0.262s] Invoked command in '/home/utk/aura_ws/build/aura_controller' returned '0': CMAKE_PREFIX_PATH=${CMAKE_PREFIX_PATH}:/home/utk/bumperbot_ws/install/bumperbot_vision:/home/utk/bumperbot_ws/install/bumperbot_py_examples:/opt/ros/humble /usr/bin/cmake --build /home/utk/aura_ws/build/aura_controller -- -j16 -l16
[0.264s] Invoking command in '/home/utk/aura_ws/build/aura_controller': CMAKE_PREFIX_PATH=${CMAKE_PREFIX_PATH}:/home/utk/bumperbot_ws/install/bumperbot_vision:/home/utk/bumperbot_ws/install/bumperbot_py_examples:/opt/ros/humble /usr/bin/cmake --install /home/utk/aura_ws/build/aura_controller
[0.268s] -- Install configuration: ""
[0.268s] -- Execute custom install script
[0.269s] -- Up-to-date symlink: /home/utk/aura_ws/install/aura_controller/share/aura_controller/environment/pythonpath.sh
[0.269s] -- Up-to-date symlink: /home/utk/aura_ws/install/aura_controller/share/aura_controller/environment/pythonpath.dsv
[0.269s] -- Up-to-date symlink: /home/utk/aura_ws/install/aura_controller/local/lib/python3.10/dist-packages/aura_controller-0.0.0-py3.10.egg-info/PKG-INFO
[0.269s] -- Up-to-date symlink: /home/utk/aura_ws/install/aura_controller/local/lib/python3.10/dist-packages/aura_controller-0.0.0-py3.10.egg-info/SOURCES.txt
[0.269s] -- Up-to-date symlink: /home/utk/aura_ws/install/aura_controller/local/lib/python3.10/dist-packages/aura_controller-0.0.0-py3.10.egg-info/dependency_links.txt
[0.269s] -- Up-to-date symlink: /home/utk/aura_ws/install/aura_controller/local/lib/python3.10/dist-packages/aura_controller-0.0.0-py3.10.egg-info/top_level.txt
[0.269s] -- Up-to-date symlink: /home/utk/aura_ws/install/aura_controller/local/lib/python3.10/dist-packages/aura_controller/__init__.py
[0.269s] -- Up-to-date symlink: /home/utk/aura_ws/install/aura_controller/local/lib/python3.10/dist-packages/aura_controller/twist_relay_node.py
[0.269s] -- Up-to-date symlink: /home/utk/aura_ws/install/aura_controller/share/aura_controller/launch/controller.launch.py
[0.269s] -- Up-to-date symlink: /home/utk/aura_ws/install/aura_controller/share/aura_controller/launch/joystick.launch.py
[0.270s] -- Up-to-date symlink: /home/utk/aura_ws/install/aura_controller/share/aura_controller/config/aura_controllers.yaml
[0.270s] -- Up-to-date symlink: /home/utk/aura_ws/install/aura_controller/share/aura_controller/config/joy_config.yaml
[0.270s] -- Up-to-date symlink: /home/utk/aura_ws/install/aura_controller/share/aura_controller/config/joy_teleop.yaml
[0.270s] -- Up-to-date symlink: /home/utk/aura_ws/install/aura_controller/share/aura_controller/config/twist_mux_joy.yaml
[0.270s] -- Up-to-date symlink: /home/utk/aura_ws/install/aura_controller/share/aura_controller/config/twist_mux_locks.yaml
[0.270s] -- Up-to-date symlink: /home/utk/aura_ws/install/aura_controller/share/aura_controller/config/twist_mux_topics.yaml
[0.270s] -- Up-to-date symlink: /home/utk/aura_ws/install/aura_controller/lib/aura_controller/twist_relay_node.py
[0.270s] -- Up-to-date symlink: /home/utk/aura_ws/install/aura_controller/share/ament_index/resource_index/package_run_dependencies/aura_controller
[0.270s] -- Up-to-date symlink: /home/utk/aura_ws/install/aura_controller/share/ament_index/resource_index/parent_prefix_path/aura_controller
[0.270s] -- Up-to-date symlink: /home/utk/aura_ws/install/aura_controller/share/aura_controller/environment/ament_prefix_path.sh
[0.270s] -- Up-to-date symlink: /home/utk/aura_ws/install/aura_controller/share/aura_controller/environment/ament_prefix_path.dsv
[0.270s] -- Up-to-date symlink: /home/utk/aura_ws/install/aura_controller/share/aura_controller/environment/path.sh
[0.270s] -- Up-to-date symlink: /home/utk/aura_ws/install/aura_controller/share/aura_controller/environment/path.dsv
[0.271s] -- Up-to-date symlink: /home/utk/aura_ws/install/aura_controller/share/aura_controller/local_setup.bash
[0.271s] -- Up-to-date symlink: /home/utk/aura_ws/install/aura_controller/share/aura_controller/local_setup.sh
[0.271s] -- Up-to-date symlink: /home/utk/aura_ws/install/aura_controller/share/aura_controller/local_setup.zsh
[0.271s] -- Up-to-date symlink: /home/utk/aura_ws/install/aura_controller/share/aura_controller/local_setup.dsv
[0.271s] -- Symlinking: /home/utk/aura_ws/install/aura_controller/share/aura_controller/package.dsv
[0.277s] -- Up-to-date symlink: /home/utk/aura_ws/install/aura_controller/share/ament_index/resource_index/packages/aura_controller
[0.277s] -- Up-to-date symlink: /home/utk/aura_ws/install/aura_controller/share/aura_controller/cmake/aura_controllerConfig.cmake
[0.277s] -- Up-to-date symlink: /home/utk/aura_ws/install/aura_controller/share/aura_controller/cmake/aura_controllerConfig-version.cmake
[0.277s] -- Up-to-date symlink: /home/utk/aura_ws/install/aura_controller/share/aura_controller/package.xml
[0.299s] Listing '/home/utk/aura_ws/install/aura_controller/local/lib/python3.10/dist-packages/aura_controller'...
[0.303s] Invoked command in '/home/utk/aura_ws/build/aura_controller' returned '0': CMAKE_PREFIX_PATH=${CMAKE_PREFIX_PATH}:/home/utk/bumperbot_ws/install/bumperbot_vision:/home/utk/bumperbot_ws/install/bumperbot_py_examples:/opt/ros/humble /usr/bin/cmake --install /home/utk/aura_ws/build/aura_controller
