[0.010s] Invoking command in '/home/utk/aura_ws/build/aura_controller': CMAKE_PREFIX_PATH=${CMAKE_PREFIX_PATH}:/home/utk/bumperbot_ws/install/bumperbot_vision:/home/utk/bumperbot_ws/install/bumperbot_py_examples:/opt/ros/humble /usr/bin/cmake --build /home/utk/aura_ws/build/aura_controller -- -j16 -l16
[0.035s] Invoked command in '/home/utk/aura_ws/build/aura_controller' returned '0': CMAKE_PREFIX_PATH=${CMAKE_PREFIX_PATH}:/home/utk/bumperbot_ws/install/bumperbot_vision:/home/utk/bumperbot_ws/install/bumperbot_py_examples:/opt/ros/humble /usr/bin/cmake --build /home/utk/aura_ws/build/aura_controller -- -j16 -l16
[0.042s] Invoking command in '/home/utk/aura_ws/build/aura_controller': CMAKE_PREFIX_PATH=${CMAKE_PREFIX_PATH}:/home/utk/bumperbot_ws/install/bumperbot_vision:/home/utk/bumperbot_ws/install/bumperbot_py_examples:/opt/ros/humble /usr/bin/cmake --install /home/utk/aura_ws/build/aura_controller
[0.046s] -- Install configuration: ""
[0.046s] -- Execute custom install script
[0.047s] -- Up-to-date symlink: /home/utk/aura_ws/install/aura_controller/share/aura_controller/launch/controller.launch.py
[0.047s] -- Up-to-date symlink: /home/utk/aura_ws/install/aura_controller/share/aura_controller/config/aura_controllers.yaml
[0.047s] -- Up-to-date symlink: /home/utk/aura_ws/install/aura_controller/share/ament_index/resource_index/package_run_dependencies/aura_controller
[0.047s] -- Up-to-date symlink: /home/utk/aura_ws/install/aura_controller/share/ament_index/resource_index/parent_prefix_path/aura_controller
[0.047s] -- Up-to-date symlink: /home/utk/aura_ws/install/aura_controller/share/aura_controller/environment/ament_prefix_path.sh
[0.047s] -- Up-to-date symlink: /home/utk/aura_ws/install/aura_controller/share/aura_controller/environment/ament_prefix_path.dsv
[0.047s] -- Up-to-date symlink: /home/utk/aura_ws/install/aura_controller/share/aura_controller/environment/path.sh
[0.047s] -- Up-to-date symlink: /home/utk/aura_ws/install/aura_controller/share/aura_controller/environment/path.dsv
[0.047s] -- Up-to-date symlink: /home/utk/aura_ws/install/aura_controller/share/aura_controller/local_setup.bash
[0.047s] -- Up-to-date symlink: /home/utk/aura_ws/install/aura_controller/share/aura_controller/local_setup.sh
[0.047s] -- Up-to-date symlink: /home/utk/aura_ws/install/aura_controller/share/aura_controller/local_setup.zsh
[0.048s] -- Up-to-date symlink: /home/utk/aura_ws/install/aura_controller/share/aura_controller/local_setup.dsv
[0.048s] -- Symlinking: /home/utk/aura_ws/install/aura_controller/share/aura_controller/package.dsv
[0.053s] -- Up-to-date symlink: /home/utk/aura_ws/install/aura_controller/share/ament_index/resource_index/packages/aura_controller
[0.053s] -- Up-to-date symlink: /home/utk/aura_ws/install/aura_controller/share/aura_controller/cmake/aura_controllerConfig.cmake
[0.053s] -- Up-to-date symlink: /home/utk/aura_ws/install/aura_controller/share/aura_controller/cmake/aura_controllerConfig-version.cmake
[0.053s] -- Up-to-date symlink: /home/utk/aura_ws/install/aura_controller/share/aura_controller/package.xml
[0.055s] Invoked command in '/home/utk/aura_ws/build/aura_controller' returned '0': CMAKE_PREFIX_PATH=${CMAKE_PREFIX_PATH}:/home/utk/bumperbot_ws/install/bumperbot_vision:/home/utk/bumperbot_ws/install/bumperbot_py_examples:/opt/ros/humble /usr/bin/cmake --install /home/utk/aura_ws/build/aura_controller
