Built target ament_cmake_python_copy_aura_mapping
running egg_info
creating aura_mapping.egg-info
writing aura_mapping.egg-info/PKG-INFO
writing dependency_links to aura_mapping.egg-info/dependency_links.txt
writing top-level names to aura_mapping.egg-info/top_level.txt
writing manifest file 'aura_mapping.egg-info/SOURCES.txt'
reading manifest file 'aura_mapping.egg-info/SOURCES.txt'
writing manifest file 'aura_mapping.egg-info/SOURCES.txt'
Built target ament_cmake_python_build_aura_mapping_egg
-- Install configuration: ""
-- Installing: /home/utk/aura_ws/install/aura_mapping/share/aura_mapping/environment/pythonpath.sh
-- Installing: /home/utk/aura_ws/install/aura_mapping/share/aura_mapping/environment/pythonpath.dsv
-- Installing: /home/utk/aura_ws/install/aura_mapping/local/lib/python3.10/dist-packages/aura_mapping-0.0.0-py3.10.egg-info
-- Installing: /home/utk/aura_ws/install/aura_mapping/local/lib/python3.10/dist-packages/aura_mapping-0.0.0-py3.10.egg-info/top_level.txt
-- Installing: /home/utk/aura_ws/install/aura_mapping/local/lib/python3.10/dist-packages/aura_mapping-0.0.0-py3.10.egg-info/dependency_links.txt
-- Installing: /home/utk/aura_ws/install/aura_mapping/local/lib/python3.10/dist-packages/aura_mapping-0.0.0-py3.10.egg-info/SOURCES.txt
-- Installing: /home/utk/aura_ws/install/aura_mapping/local/lib/python3.10/dist-packages/aura_mapping-0.0.0-py3.10.egg-info/PKG-INFO
-- Installing: /home/utk/aura_ws/install/aura_mapping/local/lib/python3.10/dist-packages/aura_mapping
-- Installing: /home/utk/aura_ws/install/aura_mapping/local/lib/python3.10/dist-packages/aura_mapping/__init__.py
-- Installing: /home/utk/aura_ws/install/aura_mapping/local/lib/python3.10/dist-packages/aura_mapping/aura_frontier_exploration.py
Listing '/home/utk/aura_ws/install/aura_mapping/local/lib/python3.10/dist-packages/aura_mapping'...
Compiling '/home/utk/aura_ws/install/aura_mapping/local/lib/python3.10/dist-packages/aura_mapping/__init__.py'...
Compiling '/home/utk/aura_ws/install/aura_mapping/local/lib/python3.10/dist-packages/aura_mapping/aura_frontier_exploration.py'...
-- Installing: /home/utk/aura_ws/install/aura_mapping/share/aura_mapping/config
-- Installing: /home/utk/aura_ws/install/aura_mapping/share/aura_mapping/config/slam_toolbox.yaml
-- Installing: /home/utk/aura_ws/install/aura_mapping/share/aura_mapping/config/exploration_params.yaml
-- Installing: /home/utk/aura_ws/install/aura_mapping/share/aura_mapping/launch
-- Installing: /home/utk/aura_ws/install/aura_mapping/share/aura_mapping/launch/slam.launch.py
-- Installing: /home/utk/aura_ws/install/aura_mapping/share/aura_mapping/maps
-- Installing: /home/utk/aura_ws/install/aura_mapping/share/aura_mapping/maps/small_warehouse
-- Installing: /home/utk/aura_ws/install/aura_mapping/share/aura_mapping/maps/small_warehouse/map.pgm
-- Installing: /home/utk/aura_ws/install/aura_mapping/share/aura_mapping/maps/small_warehouse/map.yaml
-- Installing: /home/utk/aura_ws/install/aura_mapping/share/aura_mapping/maps/small_house
-- Installing: /home/utk/aura_ws/install/aura_mapping/share/aura_mapping/maps/small_house/map.pgm
-- Installing: /home/utk/aura_ws/install/aura_mapping/share/aura_mapping/maps/small_house/map.yaml
-- Installing: /home/utk/aura_ws/install/aura_mapping/share/aura_mapping/rviz
-- Installing: /home/utk/aura_ws/install/aura_mapping/share/aura_mapping/rviz/slam.rviz
-- Installing: /home/utk/aura_ws/install/aura_mapping/lib/aura_mapping/aura_frontier_exploration.py
-- Installing: /home/utk/aura_ws/install/aura_mapping/share/ament_index/resource_index/package_run_dependencies/aura_mapping
-- Installing: /home/utk/aura_ws/install/aura_mapping/share/ament_index/resource_index/parent_prefix_path/aura_mapping
-- Installing: /home/utk/aura_ws/install/aura_mapping/share/aura_mapping/environment/ament_prefix_path.sh
-- Installing: /home/utk/aura_ws/install/aura_mapping/share/aura_mapping/environment/ament_prefix_path.dsv
-- Installing: /home/utk/aura_ws/install/aura_mapping/share/aura_mapping/environment/path.sh
-- Installing: /home/utk/aura_ws/install/aura_mapping/share/aura_mapping/environment/path.dsv
-- Installing: /home/utk/aura_ws/install/aura_mapping/share/aura_mapping/local_setup.bash
-- Installing: /home/utk/aura_ws/install/aura_mapping/share/aura_mapping/local_setup.sh
-- Installing: /home/utk/aura_ws/install/aura_mapping/share/aura_mapping/local_setup.zsh
-- Installing: /home/utk/aura_ws/install/aura_mapping/share/aura_mapping/local_setup.dsv
-- Installing: /home/utk/aura_ws/install/aura_mapping/share/aura_mapping/package.dsv
-- Installing: /home/utk/aura_ws/install/aura_mapping/share/ament_index/resource_index/packages/aura_mapping
-- Installing: /home/utk/aura_ws/install/aura_mapping/share/aura_mapping/cmake/aura_mappingConfig.cmake
-- Installing: /home/utk/aura_ws/install/aura_mapping/share/aura_mapping/cmake/aura_mappingConfig-version.cmake
-- Installing: /home/utk/aura_ws/install/aura_mapping/share/aura_mapping/package.xml
