[0.033s] Invoking command in '/home/utk/aura_ws/build/aura_mapping': CMAKE_PREFIX_PATH=${CMAKE_PREFIX_PATH}:/home/utk/aura_ws/install/aura_vision:/home/utk/aura_ws/install/aura_script:/home/utk/bumperbot_ws/install/bumperbot_vision:/home/utk/bumperbot_ws/install/bumperbot_py_examples:/opt/ros/humble /usr/bin/cmake --build /home/utk/aura_ws/build/aura_mapping -- -j16 -l16
[0.352s] Built target ament_cmake_python_copy_aura_mapping
[0.391s] running egg_info
[0.392s] creating aura_mapping.egg-info
[0.392s] writing aura_mapping.egg-info/PKG-INFO
[0.393s] writing dependency_links to aura_mapping.egg-info/dependency_links.txt
[0.393s] writing top-level names to aura_mapping.egg-info/top_level.txt
[0.393s] writing manifest file 'aura_mapping.egg-info/SOURCES.txt'
[0.395s] reading manifest file 'aura_mapping.egg-info/SOURCES.txt'
[0.396s] writing manifest file 'aura_mapping.egg-info/SOURCES.txt'
[0.425s] Built target ament_cmake_python_build_aura_mapping_egg
[0.605s] Invoked command in '/home/utk/aura_ws/build/aura_mapping' returned '0': CMAKE_PREFIX_PATH=${CMAKE_PREFIX_PATH}:/home/utk/aura_ws/install/aura_vision:/home/utk/aura_ws/install/aura_script:/home/utk/bumperbot_ws/install/bumperbot_vision:/home/utk/bumperbot_ws/install/bumperbot_py_examples:/opt/ros/humble /usr/bin/cmake --build /home/utk/aura_ws/build/aura_mapping -- -j16 -l16
[0.606s] Invoking command in '/home/utk/aura_ws/build/aura_mapping': CMAKE_PREFIX_PATH=${CMAKE_PREFIX_PATH}:/home/utk/aura_ws/install/aura_vision:/home/utk/aura_ws/install/aura_script:/home/utk/bumperbot_ws/install/bumperbot_vision:/home/utk/bumperbot_ws/install/bumperbot_py_examples:/opt/ros/humble /usr/bin/cmake --install /home/utk/aura_ws/build/aura_mapping
[0.648s] -- Install configuration: ""
[0.648s] -- Installing: /home/utk/aura_ws/install/aura_mapping/share/aura_mapping/environment/pythonpath.sh
[0.648s] -- Installing: /home/utk/aura_ws/install/aura_mapping/share/aura_mapping/environment/pythonpath.dsv
[0.649s] -- Installing: /home/utk/aura_ws/install/aura_mapping/local/lib/python3.10/dist-packages/aura_mapping-0.0.0-py3.10.egg-info
[0.649s] -- Installing: /home/utk/aura_ws/install/aura_mapping/local/lib/python3.10/dist-packages/aura_mapping-0.0.0-py3.10.egg-info/top_level.txt
[0.649s] -- Installing: /home/utk/aura_ws/install/aura_mapping/local/lib/python3.10/dist-packages/aura_mapping-0.0.0-py3.10.egg-info/dependency_links.txt
[0.649s] -- Installing: /home/utk/aura_ws/install/aura_mapping/local/lib/python3.10/dist-packages/aura_mapping-0.0.0-py3.10.egg-info/SOURCES.txt
[0.649s] -- Installing: /home/utk/aura_ws/install/aura_mapping/local/lib/python3.10/dist-packages/aura_mapping-0.0.0-py3.10.egg-info/PKG-INFO
[0.649s] -- Installing: /home/utk/aura_ws/install/aura_mapping/local/lib/python3.10/dist-packages/aura_mapping
[0.649s] -- Installing: /home/utk/aura_ws/install/aura_mapping/local/lib/python3.10/dist-packages/aura_mapping/__init__.py
[0.649s] -- Installing: /home/utk/aura_ws/install/aura_mapping/local/lib/python3.10/dist-packages/aura_mapping/aura_frontier_exploration.py
[0.716s] Listing '/home/utk/aura_ws/install/aura_mapping/local/lib/python3.10/dist-packages/aura_mapping'...
[0.716s] Compiling '/home/utk/aura_ws/install/aura_mapping/local/lib/python3.10/dist-packages/aura_mapping/__init__.py'...
[0.716s] Compiling '/home/utk/aura_ws/install/aura_mapping/local/lib/python3.10/dist-packages/aura_mapping/aura_frontier_exploration.py'...
[0.717s] -- Installing: /home/utk/aura_ws/install/aura_mapping/share/aura_mapping/config
[0.717s] -- Installing: /home/utk/aura_ws/install/aura_mapping/share/aura_mapping/config/slam_toolbox.yaml
[0.717s] -- Installing: /home/utk/aura_ws/install/aura_mapping/share/aura_mapping/config/exploration_params.yaml
[0.717s] -- Installing: /home/utk/aura_ws/install/aura_mapping/share/aura_mapping/launch
[0.717s] -- Installing: /home/utk/aura_ws/install/aura_mapping/share/aura_mapping/launch/slam.launch.py
[0.717s] -- Installing: /home/utk/aura_ws/install/aura_mapping/share/aura_mapping/maps
[0.717s] -- Installing: /home/utk/aura_ws/install/aura_mapping/share/aura_mapping/maps/small_warehouse
[0.717s] -- Installing: /home/utk/aura_ws/install/aura_mapping/share/aura_mapping/maps/small_warehouse/map.pgm
[0.718s] -- Installing: /home/utk/aura_ws/install/aura_mapping/share/aura_mapping/maps/small_warehouse/map.yaml
[0.718s] -- Installing: /home/utk/aura_ws/install/aura_mapping/share/aura_mapping/maps/small_house
[0.718s] -- Installing: /home/utk/aura_ws/install/aura_mapping/share/aura_mapping/maps/small_house/map.pgm
[0.718s] -- Installing: /home/utk/aura_ws/install/aura_mapping/share/aura_mapping/maps/small_house/map.yaml
[0.718s] -- Installing: /home/utk/aura_ws/install/aura_mapping/share/aura_mapping/rviz
[0.718s] -- Installing: /home/utk/aura_ws/install/aura_mapping/share/aura_mapping/rviz/slam.rviz
[0.718s] -- Installing: /home/utk/aura_ws/install/aura_mapping/lib/aura_mapping/aura_frontier_exploration.py
[0.718s] -- Installing: /home/utk/aura_ws/install/aura_mapping/share/ament_index/resource_index/package_run_dependencies/aura_mapping
[0.718s] -- Installing: /home/utk/aura_ws/install/aura_mapping/share/ament_index/resource_index/parent_prefix_path/aura_mapping
[0.718s] -- Installing: /home/utk/aura_ws/install/aura_mapping/share/aura_mapping/environment/ament_prefix_path.sh
[0.718s] -- Installing: /home/utk/aura_ws/install/aura_mapping/share/aura_mapping/environment/ament_prefix_path.dsv
[0.718s] -- Installing: /home/utk/aura_ws/install/aura_mapping/share/aura_mapping/environment/path.sh
[0.718s] -- Installing: /home/utk/aura_ws/install/aura_mapping/share/aura_mapping/environment/path.dsv
[0.719s] -- Installing: /home/utk/aura_ws/install/aura_mapping/share/aura_mapping/local_setup.bash
[0.719s] -- Installing: /home/utk/aura_ws/install/aura_mapping/share/aura_mapping/local_setup.sh
[0.719s] -- Installing: /home/utk/aura_ws/install/aura_mapping/share/aura_mapping/local_setup.zsh
[0.719s] -- Installing: /home/utk/aura_ws/install/aura_mapping/share/aura_mapping/local_setup.dsv
[0.719s] -- Installing: /home/utk/aura_ws/install/aura_mapping/share/aura_mapping/package.dsv
[0.719s] -- Installing: /home/utk/aura_ws/install/aura_mapping/share/ament_index/resource_index/packages/aura_mapping
[0.719s] -- Installing: /home/utk/aura_ws/install/aura_mapping/share/aura_mapping/cmake/aura_mappingConfig.cmake
[0.719s] -- Installing: /home/utk/aura_ws/install/aura_mapping/share/aura_mapping/cmake/aura_mappingConfig-version.cmake
[0.719s] -- Installing: /home/utk/aura_ws/install/aura_mapping/share/aura_mapping/package.xml
[0.735s] Invoked command in '/home/utk/aura_ws/build/aura_mapping' returned '0': CMAKE_PREFIX_PATH=${CMAKE_PREFIX_PATH}:/home/utk/aura_ws/install/aura_vision:/home/utk/aura_ws/install/aura_script:/home/utk/bumperbot_ws/install/bumperbot_vision:/home/utk/bumperbot_ws/install/bumperbot_py_examples:/opt/ros/humble /usr/bin/cmake --install /home/utk/aura_ws/build/aura_mapping
