[0.649s] Invoking command in '/home/utk/aura_ws/build/autonomous_exploration': PYTHONPATH=/home/utk/aura_ws/build/autonomous_exploration/prefix_override:/usr/lib/python3/dist-packages/colcon_core/task/python/colcon_distutils_commands:/home/utk/aura_ws/install/autonomous_exploration/lib/python3.10/site-packages:${PYTHONPATH} /usr/bin/python3 -W ignore:setup.py install is deprecated -W ignore:easy_install command is deprecated setup.py develop --editable --build-directory /home/utk/aura_ws/build/autonomous_exploration/build --no-deps symlink_data
[0.877s] running develop
[1.026s] running egg_info
[1.026s] creating autonomous_exploration.egg-info
[1.026s] writing autonomous_exploration.egg-info/PKG-INFO
[1.026s] writing dependency_links to autonomous_exploration.egg-info/dependency_links.txt
[1.026s] writing entry points to autonomous_exploration.egg-info/entry_points.txt
[1.026s] writing requirements to autonomous_exploration.egg-info/requires.txt
[1.026s] writing top-level names to autonomous_exploration.egg-info/top_level.txt
[1.026s] writing manifest file 'autonomous_exploration.egg-info/SOURCES.txt'
[1.028s] reading manifest file 'autonomous_exploration.egg-info/SOURCES.txt'
[1.028s] writing manifest file 'autonomous_exploration.egg-info/SOURCES.txt'
[1.030s] running build_ext
[1.030s] Creating /home/utk/aura_ws/install/autonomous_exploration/lib/python3.10/site-packages/autonomous-exploration.egg-link (link to .)
[1.030s] Installing control script to /home/utk/aura_ws/install/autonomous_exploration/lib/autonomous_exploration
[1.030s] 
[1.030s] Installed /home/utk/aura_ws/build/autonomous_exploration
[1.030s] running symlink_data
[1.030s] creating /home/utk/aura_ws/install/autonomous_exploration/share/ament_index
[1.030s] creating /home/utk/aura_ws/install/autonomous_exploration/share/ament_index/resource_index
[1.031s] creating /home/utk/aura_ws/install/autonomous_exploration/share/ament_index/resource_index/packages
[1.031s] symbolically linking /home/utk/aura_ws/build/autonomous_exploration/resource/autonomous_exploration -> /home/utk/aura_ws/install/autonomous_exploration/share/ament_index/resource_index/packages
[1.031s] symbolically linking /home/utk/aura_ws/build/autonomous_exploration/package.xml -> /home/utk/aura_ws/install/autonomous_exploration/share/autonomous_exploration
[1.049s] Invoked command in '/home/utk/aura_ws/build/autonomous_exploration' returned '0': PYTHONPATH=/home/utk/aura_ws/build/autonomous_exploration/prefix_override:/usr/lib/python3/dist-packages/colcon_core/task/python/colcon_distutils_commands:/home/utk/aura_ws/install/autonomous_exploration/lib/python3.10/site-packages:${PYTHONPATH} /usr/bin/python3 -W ignore:setup.py install is deprecated -W ignore:easy_install command is deprecated setup.py develop --editable --build-directory /home/utk/aura_ws/build/autonomous_exploration/build --no-deps symlink_data
