[0.030s] Invoking command in '/home/utk/aura_ws/build/aura_navigation': CMAKE_PREFIX_PATH=${CMAKE_PREFIX_PATH}:/home/utk/aura_ws/install/autonomous_exploration:/home/utk/bumperbot_ws/install/bumperbot_vision:/home/utk/bumperbot_ws/install/bumperbot_py_examples:/opt/ros/humble /usr/bin/cmake --build /home/utk/aura_ws/build/aura_navigation -- -j16 -l16
[0.094s] Invoked command in '/home/utk/aura_ws/build/aura_navigation' returned '0': CMAKE_PREFIX_PATH=${CMAKE_PREFIX_PATH}:/home/utk/aura_ws/install/autonomous_exploration:/home/utk/bumperbot_ws/install/bumperbot_vision:/home/utk/bumperbot_ws/install/bumperbot_py_examples:/opt/ros/humble /usr/bin/cmake --build /home/utk/aura_ws/build/aura_navigation -- -j16 -l16
[0.096s] Invoking command in '/home/utk/aura_ws/build/aura_navigation': CMAKE_PREFIX_PATH=${CMAKE_PREFIX_PATH}:/home/utk/aura_ws/install/autonomous_exploration:/home/utk/bumperbot_ws/install/bumperbot_vision:/home/utk/bumperbot_ws/install/bumperbot_py_examples:/opt/ros/humble /usr/bin/cmake --install /home/utk/aura_ws/build/aura_navigation
[0.110s] -- Install configuration: ""
[0.110s] -- Execute custom install script
[0.111s] -- Up-to-date symlink: /home/utk/aura_ws/install/aura_navigation/share/ament_index/resource_index/package_run_dependencies/aura_navigation
[0.111s] -- Up-to-date symlink: /home/utk/aura_ws/install/aura_navigation/share/ament_index/resource_index/parent_prefix_path/aura_navigation
[0.111s] -- Up-to-date symlink: /home/utk/aura_ws/install/aura_navigation/share/aura_navigation/environment/ament_prefix_path.sh
[0.112s] -- Up-to-date symlink: /home/utk/aura_ws/install/aura_navigation/share/aura_navigation/environment/ament_prefix_path.dsv
[0.112s] -- Up-to-date symlink: /home/utk/aura_ws/install/aura_navigation/share/aura_navigation/environment/path.sh
[0.112s] -- Up-to-date symlink: /home/utk/aura_ws/install/aura_navigation/share/aura_navigation/environment/path.dsv
[0.112s] -- Up-to-date symlink: /home/utk/aura_ws/install/aura_navigation/share/aura_navigation/local_setup.bash
[0.112s] -- Up-to-date symlink: /home/utk/aura_ws/install/aura_navigation/share/aura_navigation/local_setup.sh
[0.113s] -- Up-to-date symlink: /home/utk/aura_ws/install/aura_navigation/share/aura_navigation/local_setup.zsh
[0.113s] -- Up-to-date symlink: /home/utk/aura_ws/install/aura_navigation/share/aura_navigation/local_setup.dsv
[0.113s] -- Symlinking: /home/utk/aura_ws/install/aura_navigation/share/aura_navigation/package.dsv
[0.130s] -- Up-to-date symlink: /home/utk/aura_ws/install/aura_navigation/share/ament_index/resource_index/packages/aura_navigation
[0.131s] -- Up-to-date symlink: /home/utk/aura_ws/install/aura_navigation/share/aura_navigation/cmake/aura_navigationConfig.cmake
[0.131s] -- Up-to-date symlink: /home/utk/aura_ws/install/aura_navigation/share/aura_navigation/cmake/aura_navigationConfig-version.cmake
[0.131s] -- Up-to-date symlink: /home/utk/aura_ws/install/aura_navigation/share/aura_navigation/package.xml
[0.139s] Invoked command in '/home/utk/aura_ws/build/aura_navigation' returned '0': CMAKE_PREFIX_PATH=${CMAKE_PREFIX_PATH}:/home/utk/aura_ws/install/autonomous_exploration:/home/utk/bumperbot_ws/install/bumperbot_vision:/home/utk/bumperbot_ws/install/bumperbot_py_examples:/opt/ros/humble /usr/bin/cmake --install /home/utk/aura_ws/build/aura_navigation
