-- Found ament_cmake: 1.3.11 (/opt/ros/humble/share/ament_cmake/cmake)
-- Override CMake install command with custom implementation using symlinks instead of copying resources
-- Found ament_lint_auto: 0.12.11 (/opt/ros/humble/share/ament_lint_auto/cmake)
-- Added test 'flake8' to check Python code syntax and style conventions
-- Added test 'lint_cmake' to check CMake code style
-- Added test 'pep257' to check Python code against some of the docstring style conventions in PEP 257
-- Added test 'xmllint' to check XML markup files
-- Configuring done
-- Generating done
-- Build files have been written to: /home/utk/aura_ws/build/aura_mapping
-- Install configuration: ""
-- Execute custom install script
-- Symlinking: /home/utk/aura_ws/install/aura_mapping/share/aura_mapping/config/slam_toolbox.yaml
-- Symlinking: /home/utk/aura_ws/install/aura_mapping/share/aura_mapping/launch/slam.launch.py
-- Symlinking: /home/utk/aura_ws/install/aura_mapping/share/aura_mapping/rviz/slam.rviz
-- Symlinking: /home/utk/aura_ws/install/aura_mapping/share/ament_index/resource_index/package_run_dependencies/aura_mapping
-- Symlinking: /home/utk/aura_ws/install/aura_mapping/share/ament_index/resource_index/parent_prefix_path/aura_mapping
-- Symlinking: /home/utk/aura_ws/install/aura_mapping/share/aura_mapping/environment/ament_prefix_path.sh
-- Symlinking: /home/utk/aura_ws/install/aura_mapping/share/aura_mapping/environment/ament_prefix_path.dsv
-- Symlinking: /home/utk/aura_ws/install/aura_mapping/share/aura_mapping/environment/path.sh
-- Symlinking: /home/utk/aura_ws/install/aura_mapping/share/aura_mapping/environment/path.dsv
-- Symlinking: /home/utk/aura_ws/install/aura_mapping/share/aura_mapping/local_setup.bash
-- Symlinking: /home/utk/aura_ws/install/aura_mapping/share/aura_mapping/local_setup.sh
-- Symlinking: /home/utk/aura_ws/install/aura_mapping/share/aura_mapping/local_setup.zsh
-- Symlinking: /home/utk/aura_ws/install/aura_mapping/share/aura_mapping/local_setup.dsv
-- Symlinking: /home/utk/aura_ws/install/aura_mapping/share/aura_mapping/package.dsv
-- Symlinking: /home/utk/aura_ws/install/aura_mapping/share/ament_index/resource_index/packages/aura_mapping
-- Symlinking: /home/utk/aura_ws/install/aura_mapping/share/aura_mapping/cmake/aura_mappingConfig.cmake
-- Symlinking: /home/utk/aura_ws/install/aura_mapping/share/aura_mapping/cmake/aura_mappingConfig-version.cmake
-- Symlinking: /home/utk/aura_ws/install/aura_mapping/share/aura_mapping/package.xml
