[0.026s] Invoking command in '/home/utk/aura_ws/build/aura_description': CMAKE_PREFIX_PATH=${CMAKE_PREFIX_PATH}:/home/utk/aura_ws/install/aura_vision:/home/utk/aura_ws/install/aura_script:/home/utk/bumperbot_ws/install/bumperbot_vision:/home/utk/bumperbot_ws/install/bumperbot_py_examples:/opt/ros/humble /usr/bin/cmake --build /home/utk/aura_ws/build/aura_description -- -j16 -l16
[0.513s] Invoked command in '/home/utk/aura_ws/build/aura_description' returned '0': CMAKE_PREFIX_PATH=${CMAKE_PREFIX_PATH}:/home/utk/aura_ws/install/aura_vision:/home/utk/aura_ws/install/aura_script:/home/utk/bumperbot_ws/install/bumperbot_vision:/home/utk/bumperbot_ws/install/bumperbot_py_examples:/opt/ros/humble /usr/bin/cmake --build /home/utk/aura_ws/build/aura_description -- -j16 -l16
[0.521s] Invoking command in '/home/utk/aura_ws/build/aura_description': CMAKE_PREFIX_PATH=${CMAKE_PREFIX_PATH}:/home/utk/aura_ws/install/aura_vision:/home/utk/aura_ws/install/aura_script:/home/utk/bumperbot_ws/install/bumperbot_vision:/home/utk/bumperbot_ws/install/bumperbot_py_examples:/opt/ros/humble /usr/bin/cmake --install /home/utk/aura_ws/build/aura_description
[0.526s] -- Install configuration: ""
[0.527s] -- Execute custom install script
[0.528s] -- Up-to-date symlink: /home/utk/aura_ws/install/aura_description/share/aura_description/launch/display.launch.py
[0.528s] -- Up-to-date symlink: /home/utk/aura_ws/install/aura_description/share/aura_description/launch/gazebo.launch.py
[0.528s] -- Up-to-date symlink: /home/utk/aura_ws/install/aura_description/share/aura_description/meshes/arm_base.stl
[0.528s] -- Up-to-date symlink: /home/utk/aura_ws/install/aura_description/share/aura_description/meshes/arm_lower.stl
[0.528s] -- Up-to-date symlink: /home/utk/aura_ws/install/aura_description/share/aura_description/meshes/arm_stand.stl
[0.528s] -- Up-to-date symlink: /home/utk/aura_ws/install/aura_description/share/aura_description/meshes/arm_upper.stl
[0.528s] -- Up-to-date symlink: /home/utk/aura_ws/install/aura_description/share/aura_description/meshes/back_castor.stl
[0.528s] -- Up-to-date symlink: /home/utk/aura_ws/install/aura_description/share/aura_description/meshes/base_link.stl
[0.528s] -- Up-to-date symlink: /home/utk/aura_ws/install/aura_description/share/aura_description/meshes/camera.stl
[0.528s] -- Up-to-date symlink: /home/utk/aura_ws/install/aura_description/share/aura_description/meshes/end_effector.stl
[0.528s] -- Up-to-date symlink: /home/utk/aura_ws/install/aura_description/share/aura_description/meshes/front_castor.stl
[0.528s] -- Up-to-date symlink: /home/utk/aura_ws/install/aura_description/share/aura_description/meshes/gripper_base.stl
[0.528s] -- Up-to-date symlink: /home/utk/aura_ws/install/aura_description/share/aura_description/meshes/gripper_left.stl
[0.528s] -- Up-to-date symlink: /home/utk/aura_ws/install/aura_description/share/aura_description/meshes/gripper_right.stl
[0.528s] -- Up-to-date symlink: /home/utk/aura_ws/install/aura_description/share/aura_description/meshes/imu.stl
[0.528s] -- Up-to-date symlink: /home/utk/aura_ws/install/aura_description/share/aura_description/meshes/left_wheel.stl
[0.528s] -- Up-to-date symlink: /home/utk/aura_ws/install/aura_description/share/aura_description/meshes/lidar.stl
[0.529s] -- Up-to-date symlink: /home/utk/aura_ws/install/aura_description/share/aura_description/meshes/right_wheel.stl
[0.529s] -- Up-to-date symlink: /home/utk/aura_ws/install/aura_description/share/aura_description/meshes/top_plate.stl
[0.529s] -- Up-to-date symlink: /home/utk/aura_ws/install/aura_description/share/aura_description/meshes/wall.stl
[0.529s] -- Up-to-date symlink: /home/utk/aura_ws/install/aura_description/share/aura_description/rviz/display.rviz
[0.529s] -- Up-to-date symlink: /home/utk/aura_ws/install/aura_description/share/aura_description/urdf/aura.urdf.xacro
[0.529s] -- Up-to-date symlink: /home/utk/aura_ws/install/aura_description/share/aura_description/urdf/aura_arm.xacro
[0.529s] -- Up-to-date symlink: /home/utk/aura_ws/install/aura_description/share/aura_description/urdf/aura_base.xacro
[0.529s] -- Up-to-date symlink: /home/utk/aura_ws/install/aura_description/share/aura_description/urdf/aura_gazebo.xacro
[0.529s] -- Up-to-date symlink: /home/utk/aura_ws/install/aura_description/share/aura_description/urdf/aura_materials.xacro
[0.530s] -- Up-to-date symlink: /home/utk/aura_ws/install/aura_description/share/aura_description/urdf/aura_ros2control.xacro
[0.543s] -- Up-to-date symlink: /home/utk/aura_ws/install/aura_description/share/aura_description/models/Aura_Payload/materials/textures/Aura_Payload.png
[0.543s] -- Up-to-date symlink: /home/utk/aura_ws/install/aura_description/share/aura_description/models/Aura_Payload/meshes/aura_payload.stl
[0.543s] -- Up-to-date symlink: /home/utk/aura_ws/install/aura_description/share/aura_description/models/Aura_Payload/model.config
[0.543s] -- Up-to-date symlink: /home/utk/aura_ws/install/aura_description/share/aura_description/models/Aura_Payload/model.sdf
[0.546s] -- Up-to-date symlink: /home/utk/aura_ws/install/aura_description/share/aura_description/models/Aura_Payload_2/materials/textures/Aura_Payload_2.png
[0.546s] -- Up-to-date symlink: /home/utk/aura_ws/install/aura_description/share/aura_description/models/Aura_Payload_2/meshes/aura_payload.stl
[0.546s] -- Up-to-date symlink: /home/utk/aura_ws/install/aura_description/share/aura_description/models/Aura_Payload_2/model.config
[0.546s] -- Up-to-date symlink: /home/utk/aura_ws/install/aura_description/share/aura_description/models/Aura_Payload_2/model.sdf
[0.546s] -- Up-to-date symlink: /home/utk/aura_ws/install/aura_description/share/aura_description/models/Aura_Payload_3/materials/textures/Aura_Payload_3.png
[0.547s] -- Up-to-date symlink: /home/utk/aura_ws/install/aura_description/share/aura_description/models/Aura_Payload_3/meshes/aura_payload.stl
[0.547s] -- Up-to-date symlink: /home/utk/aura_ws/install/aura_description/share/aura_description/models/Aura_Payload_3/model.config
[0.547s] -- Up-to-date symlink: /home/utk/aura_ws/install/aura_description/share/aura_description/models/Aura_Payload_3/model.sdf
[0.547s] -- Up-to-date symlink: /home/utk/aura_ws/install/aura_description/share/aura_description/models/Docking_Station/materials/textures/Docking_Station.png
[0.547s] -- Up-to-date symlink: /home/utk/aura_ws/install/aura_description/share/aura_description/models/Docking_Station/meshes/Docking_Station.stl
[0.547s] -- Up-to-date symlink: /home/utk/aura_ws/install/aura_description/share/aura_description/models/Docking_Station/model.config
[0.547s] -- Up-to-date symlink: /home/utk/aura_ws/install/aura_description/share/aura_description/models/Docking_Station/model.sdf
[0.549s] -- Up-to-date symlink: /home/utk/aura_ws/install/aura_description/share/aura_description/models/aws_robomaker_residential_AirconditionerA_01/materials/textures/aws_AirconditionerA_01.png
[0.549s] -- Up-to-date symlink: /home/utk/aura_ws/install/aura_description/share/aura_description/models/aws_robomaker_residential_AirconditionerA_01/meshes/aws_AirconditionerA_01_collision.DAE
[0.551s] -- Up-to-date symlink: /home/utk/aura_ws/install/aura_description/share/aura_description/models/aws_robomaker_residential_AirconditionerA_01/meshes/aws_AirconditionerA_01_visual.DAE
[0.551s] -- Up-to-date symlink: /home/utk/aura_ws/install/aura_description/share/aura_description/models/aws_robomaker_residential_AirconditionerA_01/meshes/aws__Air conditioner_01.DAE
[0.551s] -- Up-to-date symlink: /home/utk/aura_ws/install/aura_description/share/aura_description/models/aws_robomaker_residential_AirconditionerA_01/model.config
[0.551s] -- Up-to-date symlink: /home/utk/aura_ws/install/aura_description/share/aura_description/models/aws_robomaker_residential_AirconditionerA_01/model.sdf
[0.551s] -- Up-to-date symlink: /home/utk/aura_ws/install/aura_description/share/aura_description/models/aws_robomaker_residential_AirconditionerB_01/materials/textures/aws_AirconditionerB_01.png
[0.551s] -- Up-to-date symlink: /home/utk/aura_ws/install/aura_description/share/aura_description/models/aws_robomaker_residential_AirconditionerB_01/meshes/aws_AirconditionerB_01_collision.DAE
[0.551s] -- Up-to-date symlink: /home/utk/aura_ws/install/aura_description/share/aura_description/models/aws_robomaker_residential_AirconditionerB_01/meshes/aws_AirconditionerB_01_visual.DAE
[0.551s] -- Up-to-date symlink: /home/utk/aura_ws/install/aura_description/share/aura_description/models/aws_robomaker_residential_AirconditionerB_01/model.config
[0.551s] -- Up-to-date symlink: /home/utk/aura_ws/install/aura_description/share/aura_description/models/aws_robomaker_residential_AirconditionerB_01/model.sdf
[0.551s] -- Up-to-date symlink: /home/utk/aura_ws/install/aura_description/share/aura_description/models/aws_robomaker_residential_BalconyTable_01/materials/textures/aws_BalconyTable_01.png
[0.551s] -- Up-to-date symlink: /home/utk/aura_ws/install/aura_description/share/aura_description/models/aws_robomaker_residential_BalconyTable_01/meshes/aws_BalconyTable_01_collision.DAE
[0.552s] -- Up-to-date symlink: /home/utk/aura_ws/install/aura_description/share/aura_description/models/aws_robomaker_residential_BalconyTable_01/meshes/aws_BalconyTable_01_visual.DAE
[0.552s] -- Up-to-date symlink: /home/utk/aura_ws/install/aura_description/share/aura_description/models/aws_robomaker_residential_BalconyTable_01/model.config
[0.552s] -- Up-to-date symlink: /home/utk/aura_ws/install/aura_description/share/aura_description/models/aws_robomaker_residential_BalconyTable_01/model.sdf
[0.554s] -- Up-to-date symlink: /home/utk/aura_ws/install/aura_description/share/aura_description/models/aws_robomaker_residential_Ball_01/materials/textures/aws_Ball_01.png
[0.554s] -- Up-to-date symlink: /home/utk/aura_ws/install/aura_description/share/aura_description/models/aws_robomaker_residential_Ball_01/meshes/aws_Ball_01_collision.DAE
[0.554s] -- Up-to-date symlink: /home/utk/aura_ws/install/aura_description/share/aura_description/models/aws_robomaker_residential_Ball_01/meshes/aws_Ball_01_visual.DAE
[0.554s] -- Up-to-date symlink: /home/utk/aura_ws/install/aura_description/share/aura_description/models/aws_robomaker_residential_Ball_01/model.config
[0.554s] -- Up-to-date symlink: /home/utk/aura_ws/install/aura_description/share/aura_description/models/aws_robomaker_residential_Ball_01/model.sdf
[0.554s] -- Up-to-date symlink: /home/utk/aura_ws/install/aura_description/share/aura_description/models/aws_robomaker_residential_Bed_01/materials/textures/aws_BedA_01.png
[0.554s] -- Up-to-date symlink: /home/utk/aura_ws/install/aura_description/share/aura_description/models/aws_robomaker_residential_Bed_01/materials/textures/aws_BedB_01.png
[0.554s] -- Up-to-date symlink: /home/utk/aura_ws/install/aura_description/share/aura_description/models/aws_robomaker_residential_Bed_01/materials/textures/aws_BedC_01.png
[0.554s] -- Up-to-date symlink: /home/utk/aura_ws/install/aura_description/share/aura_description/models/aws_robomaker_residential_Bed_01/materials/textures/aws_Bed_01.png
[0.555s] -- Up-to-date symlink: /home/utk/aura_ws/install/aura_description/share/aura_description/models/aws_robomaker_residential_Bed_01/meshes/aws_Bed_01_collision.DAE
[0.555s] -- Up-to-date symlink: /home/utk/aura_ws/install/aura_description/share/aura_description/models/aws_robomaker_residential_Bed_01/meshes/aws_Bed_01_visual.DAE
[0.555s] -- Up-to-date symlink: /home/utk/aura_ws/install/aura_description/share/aura_description/models/aws_robomaker_residential_Bed_01/model.config
[0.555s] -- Up-to-date symlink: /home/utk/aura_ws/install/aura_description/share/aura_description/models/aws_robomaker_residential_Bed_01/model.sdf
[0.555s] -- Up-to-date symlink: /home/utk/aura_ws/install/aura_description/share/aura_description/models/aws_robomaker_residential_Board_01/materials/textures/aws_Board_01.png
[0.555s] -- Up-to-date symlink: /home/utk/aura_ws/install/aura_description/share/aura_description/models/aws_robomaker_residential_Board_01/meshes/aws_Board_01_collision.DAE
[0.555s] -- Up-to-date symlink: /home/utk/aura_ws/install/aura_description/share/aura_description/models/aws_robomaker_residential_Board_01/meshes/aws_Board_01_visual.DAE
[0.555s] -- Up-to-date symlink: /home/utk/aura_ws/install/aura_description/share/aura_description/models/aws_robomaker_residential_Board_01/model.config
[0.555s] -- Up-to-date symlink: /home/utk/aura_ws/install/aura_description/share/aura_description/models/aws_robomaker_residential_Board_01/model.sdf
[0.555s] -- Up-to-date symlink: /home/utk/aura_ws/install/aura_description/share/aura_description/models/aws_robomaker_residential_Carpet_01/materials/textures/aws_Carpet_01.png
[0.555s] -- Up-to-date symlink: /home/utk/aura_ws/install/aura_description/share/aura_description/models/aws_robomaker_residential_Carpet_01/meshes/aws_Carpet_01_collision.DAE
[0.556s] -- Up-to-date symlink: /home/utk/aura_ws/install/aura_description/share/aura_description/models/aws_robomaker_residential_Carpet_01/meshes/aws_Carpet_01_visual.DAE
[0.556s] -- Up-to-date symlink: /home/utk/aura_ws/install/aura_description/share/aura_description/models/aws_robomaker_residential_Carpet_01/model.config
[0.556s] -- Up-to-date symlink: /home/utk/aura_ws/install/aura_description/share/aura_description/models/aws_robomaker_residential_Carpet_01/model.sdf
[0.556s] -- Up-to-date symlink: /home/utk/aura_ws/install/aura_description/share/aura_description/models/aws_robomaker_residential_ChairA_01/materials/textures/aws_ChairA_01.png
[0.556s] -- Up-to-date symlink: /home/utk/aura_ws/install/aura_description/share/aura_description/models/aws_robomaker_residential_ChairA_01/meshes/aws_ChairA_01_collision.DAE
[0.556s] -- Up-to-date symlink: /home/utk/aura_ws/install/aura_description/share/aura_description/models/aws_robomaker_residential_ChairA_01/meshes/aws_ChairA_01_visual.DAE
[0.556s] -- Up-to-date symlink: /home/utk/aura_ws/install/aura_description/share/aura_description/models/aws_robomaker_residential_ChairA_01/model.config
[0.557s] -- Up-to-date symlink: /home/utk/aura_ws/install/aura_description/share/aura_description/models/aws_robomaker_residential_ChairA_01/model.sdf
[0.557s] -- Up-to-date symlink: /home/utk/aura_ws/install/aura_description/share/aura_description/models/aws_robomaker_residential_ChairD_01/materials/textures/aws_ChairD_01.png
[0.557s] -- Up-to-date symlink: /home/utk/aura_ws/install/aura_description/share/aura_description/models/aws_robomaker_residential_ChairD_01/meshes/aws_ChairD_01_collision.DAE
[0.557s] -- Up-to-date symlink: /home/utk/aura_ws/install/aura_description/share/aura_description/models/aws_robomaker_residential_ChairD_01/meshes/aws_ChairD_01_visual.DAE
[0.557s] -- Up-to-date symlink: /home/utk/aura_ws/install/aura_description/share/aura_description/models/aws_robomaker_residential_ChairD_01/model.config
[0.557s] -- Up-to-date symlink: /home/utk/aura_ws/install/aura_description/share/aura_description/models/aws_robomaker_residential_ChairD_01/model.sdf
[0.557s] -- Up-to-date symlink: /home/utk/aura_ws/install/aura_description/share/aura_description/models/aws_robomaker_residential_Chandelier_01/materials/textures/aws_Chandelier_01.png
[0.558s] -- Up-to-date symlink: /home/utk/aura_ws/install/aura_description/share/aura_description/models/aws_robomaker_residential_Chandelier_01/meshes/aws_Chandelier_01.DAE
[0.558s] -- Up-to-date symlink: /home/utk/aura_ws/install/aura_description/share/aura_description/models/aws_robomaker_residential_Chandelier_01/meshes/aws_Chandelier_01_collision.DAE
[0.558s] -- Up-to-date symlink: /home/utk/aura_ws/install/aura_description/share/aura_description/models/aws_robomaker_residential_Chandelier_01/meshes/aws_Chandelier_01_visual.DAE
[0.558s] -- Up-to-date symlink: /home/utk/aura_ws/install/aura_description/share/aura_description/models/aws_robomaker_residential_Chandelier_01/model.config
[0.558s] -- Up-to-date symlink: /home/utk/aura_ws/install/aura_description/share/aura_description/models/aws_robomaker_residential_Chandelier_01/model.sdf
[0.558s] -- Up-to-date symlink: /home/utk/aura_ws/install/aura_description/share/aura_description/models/aws_robomaker_residential_CoffeeTable_01/materials/textures/aws_CoffeeTable_01.png
[0.558s] -- Up-to-date symlink: /home/utk/aura_ws/install/aura_description/share/aura_description/models/aws_robomaker_residential_CoffeeTable_01/meshes/aws_CoffeeTable_01_collision.DAE
[0.558s] -- Up-to-date symlink: /home/utk/aura_ws/install/aura_description/share/aura_description/models/aws_robomaker_residential_CoffeeTable_01/meshes/aws_CoffeeTable_01_visual.DAE
[0.558s] -- Up-to-date symlink: /home/utk/aura_ws/install/aura_description/share/aura_description/models/aws_robomaker_residential_CoffeeTable_01/model.config
[0.558s] -- Up-to-date symlink: /home/utk/aura_ws/install/aura_description/share/aura_description/models/aws_robomaker_residential_CoffeeTable_01/model.sdf
[0.558s] -- Up-to-date symlink: /home/utk/aura_ws/install/aura_description/share/aura_description/models/aws_robomaker_residential_CookingBench_01/materials/textures/aws_CookingBench_01.png
[0.559s] -- Up-to-date symlink: /home/utk/aura_ws/install/aura_description/share/aura_description/models/aws_robomaker_residential_CookingBench_01/meshes/aws_CookingBench_01.DAE
[0.559s] -- Up-to-date symlink: /home/utk/aura_ws/install/aura_description/share/aura_description/models/aws_robomaker_residential_CookingBench_01/meshes/aws_CookingBench_01_collision.DAE
[0.559s] -- Up-to-date symlink: /home/utk/aura_ws/install/aura_description/share/aura_description/models/aws_robomaker_residential_CookingBench_01/meshes/aws_CookingBench_01_visual.DAE
[0.559s] -- Up-to-date symlink: /home/utk/aura_ws/install/aura_description/share/aura_description/models/aws_robomaker_residential_CookingBench_01/model.config
[0.559s] -- Up-to-date symlink: /home/utk/aura_ws/install/aura_description/share/aura_description/models/aws_robomaker_residential_CookingBench_01/model.sdf
[0.559s] -- Up-to-date symlink: /home/utk/aura_ws/install/aura_description/share/aura_description/models/aws_robomaker_residential_Curtain_01/materials/textures/aws_Curtain_01.png
[0.559s] -- Up-to-date symlink: /home/utk/aura_ws/install/aura_description/share/aura_description/models/aws_robomaker_residential_Curtain_01/meshes/aws_Curtain_01_collision.DAE
[0.560s] -- Up-to-date symlink: /home/utk/aura_ws/install/aura_description/share/aura_description/models/aws_robomaker_residential_Curtain_01/meshes/aws_Curtain_01_visual.DAE
[0.560s] -- Up-to-date symlink: /home/utk/aura_ws/install/aura_description/share/aura_description/models/aws_robomaker_residential_Curtain_01/model.config
[0.560s] -- Up-to-date symlink: /home/utk/aura_ws/install/aura_description/share/aura_description/models/aws_robomaker_residential_Curtain_01/model.sdf
[0.560s] -- Up-to-date symlink: /home/utk/aura_ws/install/aura_description/share/aura_description/models/aws_robomaker_residential_DeskPortraitA_01/materials/textures/aws_DeskPortraitA_01.png
[0.560s] -- Up-to-date symlink: /home/utk/aura_ws/install/aura_description/share/aura_description/models/aws_robomaker_residential_DeskPortraitA_01/materials/textures/aws_DeskPortraitA_02.png
[0.560s] -- Up-to-date symlink: /home/utk/aura_ws/install/aura_description/share/aura_description/models/aws_robomaker_residential_DeskPortraitA_01/meshes/aws_DeskPortraitA_01_collision.DAE
[0.560s] -- Up-to-date symlink: /home/utk/aura_ws/install/aura_description/share/aura_description/models/aws_robomaker_residential_DeskPortraitA_01/meshes/aws_DeskPortraitA_01_visual.DAE
[0.560s] -- Up-to-date symlink: /home/utk/aura_ws/install/aura_description/share/aura_description/models/aws_robomaker_residential_DeskPortraitA_01/model.config
[0.560s] -- Up-to-date symlink: /home/utk/aura_ws/install/aura_description/share/aura_description/models/aws_robomaker_residential_DeskPortraitA_01/model.sdf
[0.561s] -- Up-to-date symlink: /home/utk/aura_ws/install/aura_description/share/aura_description/models/aws_robomaker_residential_DeskPortraitA_02/materials/textures/aws_DeskPortraitA_01.png
[0.561s] -- Up-to-date symlink: /home/utk/aura_ws/install/aura_description/share/aura_description/models/aws_robomaker_residential_DeskPortraitA_02/materials/textures/aws_DeskPortraitA_02.png
[0.561s] -- Up-to-date symlink: /home/utk/aura_ws/install/aura_description/share/aura_description/models/aws_robomaker_residential_DeskPortraitA_02/meshes/aws_DeskPortraitA_01_collision.DAE
[0.561s] -- Up-to-date symlink: /home/utk/aura_ws/install/aura_description/share/aura_description/models/aws_robomaker_residential_DeskPortraitA_02/meshes/aws_DeskPortraitA_01_visual.DAE
[0.561s] -- Up-to-date symlink: /home/utk/aura_ws/install/aura_description/share/aura_description/models/aws_robomaker_residential_DeskPortraitA_02/model.config
[0.561s] -- Up-to-date symlink: /home/utk/aura_ws/install/aura_description/share/aura_description/models/aws_robomaker_residential_DeskPortraitA_02/model.sdf
[0.561s] -- Up-to-date symlink: /home/utk/aura_ws/install/aura_description/share/aura_description/models/aws_robomaker_residential_DeskPortraitB_01/materials/textures/aws_DeskPortraitB_01.png
[0.561s] -- Up-to-date symlink: /home/utk/aura_ws/install/aura_description/share/aura_description/models/aws_robomaker_residential_DeskPortraitB_01/materials/textures/aws_DeskPortraitB_02.png
[0.561s] -- Up-to-date symlink: /home/utk/aura_ws/install/aura_description/share/aura_description/models/aws_robomaker_residential_DeskPortraitB_01/meshes/aws_DeskPortraitB_01_collision.DAE
[0.561s] -- Up-to-date symlink: /home/utk/aura_ws/install/aura_description/share/aura_description/models/aws_robomaker_residential_DeskPortraitB_01/meshes/aws_DeskPortraitB_01_visual.DAE
[0.561s] -- Up-to-date symlink: /home/utk/aura_ws/install/aura_description/share/aura_description/models/aws_robomaker_residential_DeskPortraitB_01/model.config
[0.562s] -- Up-to-date symlink: /home/utk/aura_ws/install/aura_description/share/aura_description/models/aws_robomaker_residential_DeskPortraitB_01/model.sdf
[0.562s] -- Up-to-date symlink: /home/utk/aura_ws/install/aura_description/share/aura_description/models/aws_robomaker_residential_DeskPortraitB_02/materials/textures/aws_DeskPortraitB_01.png
[0.562s] -- Up-to-date symlink: /home/utk/aura_ws/install/aura_description/share/aura_description/models/aws_robomaker_residential_DeskPortraitB_02/materials/textures/aws_DeskPortraitB_02.png
[0.562s] -- Up-to-date symlink: /home/utk/aura_ws/install/aura_description/share/aura_description/models/aws_robomaker_residential_DeskPortraitB_02/meshes/aws_DeskPortraitB_01_collision.DAE
[0.562s] -- Up-to-date symlink: /home/utk/aura_ws/install/aura_description/share/aura_description/models/aws_robomaker_residential_DeskPortraitB_02/meshes/aws_DeskPortraitB_01_visual.DAE
[0.562s] -- Up-to-date symlink: /home/utk/aura_ws/install/aura_description/share/aura_description/models/aws_robomaker_residential_DeskPortraitB_02/model.config
[0.562s] -- Up-to-date symlink: /home/utk/aura_ws/install/aura_description/share/aura_description/models/aws_robomaker_residential_DeskPortraitB_02/model.sdf
[0.562s] -- Up-to-date symlink: /home/utk/aura_ws/install/aura_description/share/aura_description/models/aws_robomaker_residential_DeskPortraitC_01/materials/textures/aws_DeskPortraitC_01.png
[0.562s] -- Up-to-date symlink: /home/utk/aura_ws/install/aura_description/share/aura_description/models/aws_robomaker_residential_DeskPortraitC_01/materials/textures/aws_DeskPortraitC_02.png
[0.562s] -- Up-to-date symlink: /home/utk/aura_ws/install/aura_description/share/aura_description/models/aws_robomaker_residential_DeskPortraitC_01/meshes/aws_DeskPortraitC_01_collision.DAE
[0.563s] -- Up-to-date symlink: /home/utk/aura_ws/install/aura_description/share/aura_description/models/aws_robomaker_residential_DeskPortraitC_01/meshes/aws_DeskPortraitC_01_visual.DAE
[0.563s] -- Up-to-date symlink: /home/utk/aura_ws/install/aura_description/share/aura_description/models/aws_robomaker_residential_DeskPortraitC_01/model.config
[0.563s] -- Up-to-date symlink: /home/utk/aura_ws/install/aura_description/share/aura_description/models/aws_robomaker_residential_DeskPortraitC_01/model.sdf
[0.563s] -- Up-to-date symlink: /home/utk/aura_ws/install/aura_description/share/aura_description/models/aws_robomaker_residential_DeskPortraitC_02/materials/textures/aws_DeskPortraitC_01.png
[0.563s] -- Up-to-date symlink: /home/utk/aura_ws/install/aura_description/share/aura_description/models/aws_robomaker_residential_DeskPortraitC_02/materials/textures/aws_DeskPortraitC_02.png
[0.563s] -- Up-to-date symlink: /home/utk/aura_ws/install/aura_description/share/aura_description/models/aws_robomaker_residential_DeskPortraitC_02/meshes/aws_DeskPortraitC_01_collision.DAE
[0.563s] -- Up-to-date symlink: /home/utk/aura_ws/install/aura_description/share/aura_description/models/aws_robomaker_residential_DeskPortraitC_02/meshes/aws_DeskPortraitC_01_visual.DAE
[0.564s] -- Up-to-date symlink: /home/utk/aura_ws/install/aura_description/share/aura_description/models/aws_robomaker_residential_DeskPortraitC_02/model.config
[0.564s] -- Up-to-date symlink: /home/utk/aura_ws/install/aura_description/share/aura_description/models/aws_robomaker_residential_DeskPortraitC_02/model.sdf
[0.564s] -- Up-to-date symlink: /home/utk/aura_ws/install/aura_description/share/aura_description/models/aws_robomaker_residential_DeskPortraitD_01/materials/textures/aws_DeskPortraitD_01.png
[0.564s] -- Up-to-date symlink: /home/utk/aura_ws/install/aura_description/share/aura_description/models/aws_robomaker_residential_DeskPortraitD_01/materials/textures/aws_DeskPortraitD_02.png
[0.564s] -- Up-to-date symlink: /home/utk/aura_ws/install/aura_description/share/aura_description/models/aws_robomaker_residential_DeskPortraitD_01/meshes/aws_DeskPortraitD_01_collision.DAE
[0.564s] -- Up-to-date symlink: /home/utk/aura_ws/install/aura_description/share/aura_description/models/aws_robomaker_residential_DeskPortraitD_01/meshes/aws_DeskPortraitD_01_visual.DAE
[0.564s] -- Up-to-date symlink: /home/utk/aura_ws/install/aura_description/share/aura_description/models/aws_robomaker_residential_DeskPortraitD_01/model.config
[0.565s] -- Up-to-date symlink: /home/utk/aura_ws/install/aura_description/share/aura_description/models/aws_robomaker_residential_DeskPortraitD_01/model.sdf
[0.565s] -- Up-to-date symlink: /home/utk/aura_ws/install/aura_description/share/aura_description/models/aws_robomaker_residential_DeskPortraitD_02/materials/textures/aws_DeskPortraitD_01.png
[0.565s] -- Up-to-date symlink: /home/utk/aura_ws/install/aura_description/share/aura_description/models/aws_robomaker_residential_DeskPortraitD_02/materials/textures/aws_DeskPortraitD_02.png
[0.565s] -- Up-to-date symlink: /home/utk/aura_ws/install/aura_description/share/aura_description/models/aws_robomaker_residential_DeskPortraitD_02/meshes/aws_DeskPortraitD_01_collision.DAE
[0.565s] -- Up-to-date symlink: /home/utk/aura_ws/install/aura_description/share/aura_description/models/aws_robomaker_residential_DeskPortraitD_02/meshes/aws_DeskPortraitD_01_visual.DAE
[0.565s] -- Up-to-date symlink: /home/utk/aura_ws/install/aura_description/share/aura_description/models/aws_robomaker_residential_DeskPortraitD_02/model.config
[0.565s] -- Up-to-date symlink: /home/utk/aura_ws/install/aura_description/share/aura_description/models/aws_robomaker_residential_DeskPortraitD_02/model.sdf
[0.565s] -- Up-to-date symlink: /home/utk/aura_ws/install/aura_description/share/aura_description/models/aws_robomaker_residential_DeskPortraitD_03/materials/textures/aws_DeskPortraitD_01.png
[0.565s] -- Up-to-date symlink: /home/utk/aura_ws/install/aura_description/share/aura_description/models/aws_robomaker_residential_DeskPortraitD_03/materials/textures/aws_DeskPortraitD_02.png
[0.565s] -- Up-to-date symlink: /home/utk/aura_ws/install/aura_description/share/aura_description/models/aws_robomaker_residential_DeskPortraitD_03/meshes/aws_DeskPortraitD_01_collision.DAE
[0.565s] -- Up-to-date symlink: /home/utk/aura_ws/install/aura_description/share/aura_description/models/aws_robomaker_residential_DeskPortraitD_03/meshes/aws_DeskPortraitD_01_visual.DAE
[0.565s] -- Up-to-date symlink: /home/utk/aura_ws/install/aura_description/share/aura_description/models/aws_robomaker_residential_DeskPortraitD_03/model.config
[0.566s] -- Up-to-date symlink: /home/utk/aura_ws/install/aura_description/share/aura_description/models/aws_robomaker_residential_DeskPortraitD_03/model.sdf
[0.566s] -- Up-to-date symlink: /home/utk/aura_ws/install/aura_description/share/aura_description/models/aws_robomaker_residential_DeskPortraitD_04/materials/textures/aws_DeskPortraitD_01.png
[0.566s] -- Up-to-date symlink: /home/utk/aura_ws/install/aura_description/share/aura_description/models/aws_robomaker_residential_DeskPortraitD_04/materials/textures/aws_DeskPortraitD_02.png
[0.566s] -- Up-to-date symlink: /home/utk/aura_ws/install/aura_description/share/aura_description/models/aws_robomaker_residential_DeskPortraitD_04/meshes/aws_DeskPortraitD_01_collision.DAE
[0.566s] -- Up-to-date symlink: /home/utk/aura_ws/install/aura_description/share/aura_description/models/aws_robomaker_residential_DeskPortraitD_04/meshes/aws_DeskPortraitD_01_visual.DAE
[0.566s] -- Up-to-date symlink: /home/utk/aura_ws/install/aura_description/share/aura_description/models/aws_robomaker_residential_DeskPortraitD_04/model.config
[0.566s] -- Up-to-date symlink: /home/utk/aura_ws/install/aura_description/share/aura_description/models/aws_robomaker_residential_DeskPortraitD_04/model.sdf
[0.566s] -- Up-to-date symlink: /home/utk/aura_ws/install/aura_description/share/aura_description/models/aws_robomaker_residential_Door_01/materials/textures/aws_Door_01.png
[0.566s] -- Up-to-date symlink: /home/utk/aura_ws/install/aura_description/share/aura_description/models/aws_robomaker_residential_Door_01/meshes/aws_Door_01_collision.DAE
[0.566s] -- Up-to-date symlink: /home/utk/aura_ws/install/aura_description/share/aura_description/models/aws_robomaker_residential_Door_01/meshes/aws_Door_01_visual.DAE
[0.567s] -- Up-to-date symlink: /home/utk/aura_ws/install/aura_description/share/aura_description/models/aws_robomaker_residential_Door_01/model.config
[0.567s] -- Up-to-date symlink: /home/utk/aura_ws/install/aura_description/share/aura_description/models/aws_robomaker_residential_Door_01/model.sdf
[0.567s] -- Up-to-date symlink: /home/utk/aura_ws/install/aura_description/share/aura_description/models/aws_robomaker_residential_Dumbbell_01/materials/textures/aws_Dumbbell_01.png
[0.567s] -- Up-to-date symlink: /home/utk/aura_ws/install/aura_description/share/aura_description/models/aws_robomaker_residential_Dumbbell_01/meshes/aws_Dumbbell_01_collision.DAE
[0.567s] -- Up-to-date symlink: /home/utk/aura_ws/install/aura_description/share/aura_description/models/aws_robomaker_residential_Dumbbell_01/meshes/aws_Dumbbell_01_visual.DAE
[0.567s] -- Up-to-date symlink: /home/utk/aura_ws/install/aura_description/share/aura_description/models/aws_robomaker_residential_Dumbbell_01/model.config
[0.568s] -- Up-to-date symlink: /home/utk/aura_ws/install/aura_description/share/aura_description/models/aws_robomaker_residential_Dumbbell_01/model.sdf
[0.568s] -- Up-to-date symlink: /home/utk/aura_ws/install/aura_description/share/aura_description/models/aws_robomaker_residential_FitnessEquipment_01/materials/textures/aws_FitnessEquipment_01.png
[0.568s] -- Up-to-date symlink: /home/utk/aura_ws/install/aura_description/share/aura_description/models/aws_robomaker_residential_FitnessEquipment_01/meshes/aws_FitnessEquipment_01_collision.DAE
[0.568s] -- Up-to-date symlink: /home/utk/aura_ws/install/aura_description/share/aura_description/models/aws_robomaker_residential_FitnessEquipment_01/meshes/aws_FitnessEquipment_01_visual.DAE
[0.568s] -- Up-to-date symlink: /home/utk/aura_ws/install/aura_description/share/aura_description/models/aws_robomaker_residential_FitnessEquipment_01/model.config
[0.568s] -- Up-to-date symlink: /home/utk/aura_ws/install/aura_description/share/aura_description/models/aws_robomaker_residential_FitnessEquipment_01/model.sdf
[0.568s] -- Up-to-date symlink: /home/utk/aura_ws/install/aura_description/share/aura_description/models/aws_robomaker_residential_FloorB_01/materials/textures/aws_FloorB_01.png
[0.568s] -- Up-to-date symlink: /home/utk/aura_ws/install/aura_description/share/aura_description/models/aws_robomaker_residential_FloorB_01/meshes/aws_FloorB_01_collision.DAE
[0.569s] -- Up-to-date symlink: /home/utk/aura_ws/install/aura_description/share/aura_description/models/aws_robomaker_residential_FloorB_01/meshes/aws_FloorB_01_visual.DAE
[0.569s] -- Up-to-date symlink: /home/utk/aura_ws/install/aura_description/share/aura_description/models/aws_robomaker_residential_FloorB_01/model.config
[0.569s] -- Up-to-date symlink: /home/utk/aura_ws/install/aura_description/share/aura_description/models/aws_robomaker_residential_FloorB_01/model.sdf
[0.569s] -- Up-to-date symlink: /home/utk/aura_ws/install/aura_description/share/aura_description/models/aws_robomaker_residential_FoldingDoor_01/materials/textures/aws_FoldingDoor_01.png
[0.569s] -- Up-to-date symlink: /home/utk/aura_ws/install/aura_description/share/aura_description/models/aws_robomaker_residential_FoldingDoor_01/meshes/aws_FoldingDoor_01_collision.DAE
[0.569s] -- Up-to-date symlink: /home/utk/aura_ws/install/aura_description/share/aura_description/models/aws_robomaker_residential_FoldingDoor_01/meshes/aws_FoldingDoor_01_visual.DAE
[0.569s] -- Up-to-date symlink: /home/utk/aura_ws/install/aura_description/share/aura_description/models/aws_robomaker_residential_FoldingDoor_01/model.config
[0.569s] -- Up-to-date symlink: /home/utk/aura_ws/install/aura_description/share/aura_description/models/aws_robomaker_residential_FoldingDoor_01/model.sdf
[0.569s] -- Up-to-date symlink: /home/utk/aura_ws/install/aura_description/share/aura_description/models/aws_robomaker_residential_FoldingDoor_02/materials/textures/aws_FoldingDoor_02.png
[0.569s] -- Up-to-date symlink: /home/utk/aura_ws/install/aura_description/share/aura_description/models/aws_robomaker_residential_FoldingDoor_02/meshes/aws_FoldingDoor_02_collision.DAE
[0.569s] -- Up-to-date symlink: /home/utk/aura_ws/install/aura_description/share/aura_description/models/aws_robomaker_residential_FoldingDoor_02/meshes/aws_FoldingDoor_02_visual.DAE
[0.569s] -- Up-to-date symlink: /home/utk/aura_ws/install/aura_description/share/aura_description/models/aws_robomaker_residential_FoldingDoor_02/model.config
[0.569s] -- Up-to-date symlink: /home/utk/aura_ws/install/aura_description/share/aura_description/models/aws_robomaker_residential_FoldingDoor_02/model.sdf
[0.570s] -- Up-to-date symlink: /home/utk/aura_ws/install/aura_description/share/aura_description/models/aws_robomaker_residential_Handle_01/materials/textures/aws_Handle_01.png
[0.570s] -- Up-to-date symlink: /home/utk/aura_ws/install/aura_description/share/aura_description/models/aws_robomaker_residential_Handle_01/meshes/aws_ handle_01_collision.DAE
[0.570s] -- Up-to-date symlink: /home/utk/aura_ws/install/aura_description/share/aura_description/models/aws_robomaker_residential_Handle_01/meshes/aws_Handle_01_collision.DAE
[0.570s] -- Up-to-date symlink: /home/utk/aura_ws/install/aura_description/share/aura_description/models/aws_robomaker_residential_Handle_01/meshes/aws_Handle_01_visual.DAE
[0.570s] -- Up-to-date symlink: /home/utk/aura_ws/install/aura_description/share/aura_description/models/aws_robomaker_residential_Handle_01/model.config
[0.570s] -- Up-to-date symlink: /home/utk/aura_ws/install/aura_description/share/aura_description/models/aws_robomaker_residential_Handle_01/model.sdf
[0.570s] -- Up-to-date symlink: /home/utk/aura_ws/install/aura_description/share/aura_description/models/aws_robomaker_residential_HouseWallB_01/materials/textures/aws_HouseWallB_01.png
[0.571s] -- Up-to-date symlink: /home/utk/aura_ws/install/aura_description/share/aura_description/models/aws_robomaker_residential_HouseWallB_01/meshes/aws_HouseWallB_01_collision.DAE
[0.571s] -- Up-to-date symlink: /home/utk/aura_ws/install/aura_description/share/aura_description/models/aws_robomaker_residential_HouseWallB_01/meshes/aws_HouseWallB_01_visual.DAE
[0.571s] -- Up-to-date symlink: /home/utk/aura_ws/install/aura_description/share/aura_description/models/aws_robomaker_residential_HouseWallB_01/model.config
[0.571s] -- Up-to-date symlink: /home/utk/aura_ws/install/aura_description/share/aura_description/models/aws_robomaker_residential_HouseWallB_01/model.sdf
[0.571s] -- Up-to-date symlink: /home/utk/aura_ws/install/aura_description/share/aura_description/models/aws_robomaker_residential_KitchenCabinet_01/materials/textures/aws_KitchenCabinet_01.png
[0.571s] -- Up-to-date symlink: /home/utk/aura_ws/install/aura_description/share/aura_description/models/aws_robomaker_residential_KitchenCabinet_01/meshes/aws_KitchenCabinet_01_collision.DAE
[0.571s] -- Up-to-date symlink: /home/utk/aura_ws/install/aura_description/share/aura_description/models/aws_robomaker_residential_KitchenCabinet_01/meshes/aws_KitchenCabinet_01_visual.DAE
[0.572s] -- Up-to-date symlink: /home/utk/aura_ws/install/aura_description/share/aura_description/models/aws_robomaker_residential_KitchenCabinet_01/model.config
[0.572s] -- Up-to-date symlink: /home/utk/aura_ws/install/aura_description/share/aura_description/models/aws_robomaker_residential_KitchenCabinet_01/model.sdf
[0.572s] -- Up-to-date symlink: /home/utk/aura_ws/install/aura_description/share/aura_description/models/aws_robomaker_residential_KitchenTable_01/materials/textures/aws_KitchenTable_01.png
[0.572s] -- Up-to-date symlink: /home/utk/aura_ws/install/aura_description/share/aura_description/models/aws_robomaker_residential_KitchenTable_01/meshes/aws_KitchenTable_01_collision.DAE
[0.572s] -- Up-to-date symlink: /home/utk/aura_ws/install/aura_description/share/aura_description/models/aws_robomaker_residential_KitchenTable_01/meshes/aws_KitchenTable_01_visual.DAE
[0.572s] -- Up-to-date symlink: /home/utk/aura_ws/install/aura_description/share/aura_description/models/aws_robomaker_residential_KitchenTable_01/model.config
[0.572s] -- Up-to-date symlink: /home/utk/aura_ws/install/aura_description/share/aura_description/models/aws_robomaker_residential_KitchenTable_01/model.sdf
[0.572s] -- Up-to-date symlink: /home/utk/aura_ws/install/aura_description/share/aura_description/models/aws_robomaker_residential_KitchenUtensils_01/materials/textures/aws_KitchenUtensils_01.png
[0.573s] -- Up-to-date symlink: /home/utk/aura_ws/install/aura_description/share/aura_description/models/aws_robomaker_residential_KitchenUtensils_01/meshes/aws_KitchenUtensils_01_collision.DAE
[0.573s] -- Up-to-date symlink: /home/utk/aura_ws/install/aura_description/share/aura_description/models/aws_robomaker_residential_KitchenUtensils_01/meshes/aws_KitchenUtensils_01_visual.DAE
[0.573s] -- Up-to-date symlink: /home/utk/aura_ws/install/aura_description/share/aura_description/models/aws_robomaker_residential_KitchenUtensils_01/model.config
[0.573s] -- Up-to-date symlink: /home/utk/aura_ws/install/aura_description/share/aura_description/models/aws_robomaker_residential_KitchenUtensils_01/model.sdf
[0.573s] -- Up-to-date symlink: /home/utk/aura_ws/install/aura_description/share/aura_description/models/aws_robomaker_residential_LightC_01/materials/textures/aws_LightC_01.png
[0.573s] -- Up-to-date symlink: /home/utk/aura_ws/install/aura_description/share/aura_description/models/aws_robomaker_residential_LightC_01/meshes/aws_LightC_01_collision.DAE
[0.573s] -- Up-to-date symlink: /home/utk/aura_ws/install/aura_description/share/aura_description/models/aws_robomaker_residential_LightC_01/meshes/aws_LightC_01_visual.DAE
[0.573s] -- Up-to-date symlink: /home/utk/aura_ws/install/aura_description/share/aura_description/models/aws_robomaker_residential_LightC_01/model.config
[0.573s] -- Up-to-date symlink: /home/utk/aura_ws/install/aura_description/share/aura_description/models/aws_robomaker_residential_LightC_01/model.sdf
[0.573s] -- Up-to-date symlink: /home/utk/aura_ws/install/aura_description/share/aura_description/models/aws_robomaker_residential_NightStand_01/materials/textures/aws_NightStand_01.png
[0.573s] -- Up-to-date symlink: /home/utk/aura_ws/install/aura_description/share/aura_description/models/aws_robomaker_residential_NightStand_01/meshes/aws_NightStand_01_collision.DAE
[0.573s] -- Up-to-date symlink: /home/utk/aura_ws/install/aura_description/share/aura_description/models/aws_robomaker_residential_NightStand_01/meshes/aws_NightStand_01_visual.DAE
[0.574s] -- Up-to-date symlink: /home/utk/aura_ws/install/aura_description/share/aura_description/models/aws_robomaker_residential_NightStand_01/model.config
[0.574s] -- Up-to-date symlink: /home/utk/aura_ws/install/aura_description/share/aura_description/models/aws_robomaker_residential_NightStand_01/model.sdf
[0.574s] -- Up-to-date symlink: /home/utk/aura_ws/install/aura_description/share/aura_description/models/aws_robomaker_residential_Pillow_01/materials/textures/aws_Pillow_01.png
[0.574s] -- Up-to-date symlink: /home/utk/aura_ws/install/aura_description/share/aura_description/models/aws_robomaker_residential_Pillow_01/meshes/aws_Pillow_01_collision.DAE
[0.574s] -- Up-to-date symlink: /home/utk/aura_ws/install/aura_description/share/aura_description/models/aws_robomaker_residential_Pillow_01/meshes/aws_Pillow_01_visual.DAE
[0.574s] -- Up-to-date symlink: /home/utk/aura_ws/install/aura_description/share/aura_description/models/aws_robomaker_residential_Pillow_01/model.config
[0.574s] -- Up-to-date symlink: /home/utk/aura_ws/install/aura_description/share/aura_description/models/aws_robomaker_residential_Pillow_01/model.sdf
[0.574s] -- Up-to-date symlink: /home/utk/aura_ws/install/aura_description/share/aura_description/models/aws_robomaker_residential_PortraitA_01/materials/textures/aws_PortraitA_01.png
[0.575s] -- Up-to-date symlink: /home/utk/aura_ws/install/aura_description/share/aura_description/models/aws_robomaker_residential_PortraitA_01/materials/textures/aws_PortraitA_02.png
[0.575s] -- Up-to-date symlink: /home/utk/aura_ws/install/aura_description/share/aura_description/models/aws_robomaker_residential_PortraitA_01/meshes/aws_PortraitA_01_collision.DAE
[0.575s] -- Up-to-date symlink: /home/utk/aura_ws/install/aura_description/share/aura_description/models/aws_robomaker_residential_PortraitA_01/meshes/aws_PortraitA_01_visual.DAE
[0.575s] -- Up-to-date symlink: /home/utk/aura_ws/install/aura_description/share/aura_description/models/aws_robomaker_residential_PortraitA_01/model.config
[0.575s] -- Up-to-date symlink: /home/utk/aura_ws/install/aura_description/share/aura_description/models/aws_robomaker_residential_PortraitA_01/model.sdf
[0.575s] -- Up-to-date symlink: /home/utk/aura_ws/install/aura_description/share/aura_description/models/aws_robomaker_residential_PortraitA_02/materials/textures/aws_PortraitA_01.png
[0.575s] -- Up-to-date symlink: /home/utk/aura_ws/install/aura_description/share/aura_description/models/aws_robomaker_residential_PortraitA_02/materials/textures/aws_PortraitA_02.png
[0.576s] -- Up-to-date symlink: /home/utk/aura_ws/install/aura_description/share/aura_description/models/aws_robomaker_residential_PortraitA_02/meshes/aws_PortraitA_01_collision.DAE
[0.576s] -- Up-to-date symlink: /home/utk/aura_ws/install/aura_description/share/aura_description/models/aws_robomaker_residential_PortraitA_02/meshes/aws_PortraitA_01_visual.DAE
[0.576s] -- Up-to-date symlink: /home/utk/aura_ws/install/aura_description/share/aura_description/models/aws_robomaker_residential_PortraitA_02/model.config
[0.576s] -- Up-to-date symlink: /home/utk/aura_ws/install/aura_description/share/aura_description/models/aws_robomaker_residential_PortraitA_02/model.sdf
[0.576s] -- Up-to-date symlink: /home/utk/aura_ws/install/aura_description/share/aura_description/models/aws_robomaker_residential_PortraitB_01/materials/textures/aws_PortraitB_01.png
[0.577s] -- Up-to-date symlink: /home/utk/aura_ws/install/aura_description/share/aura_description/models/aws_robomaker_residential_PortraitB_01/materials/textures/aws_PortraitB_02.png
[0.577s] -- Up-to-date symlink: /home/utk/aura_ws/install/aura_description/share/aura_description/models/aws_robomaker_residential_PortraitB_01/meshes/aws_PortraitB_01_collision.DAE
[0.577s] -- Up-to-date symlink: /home/utk/aura_ws/install/aura_description/share/aura_description/models/aws_robomaker_residential_PortraitB_01/meshes/aws_PortraitB_01_visual.DAE
[0.577s] -- Up-to-date symlink: /home/utk/aura_ws/install/aura_description/share/aura_description/models/aws_robomaker_residential_PortraitB_01/model.config
[0.577s] -- Up-to-date symlink: /home/utk/aura_ws/install/aura_description/share/aura_description/models/aws_robomaker_residential_PortraitB_01/model.sdf
[0.577s] -- Up-to-date symlink: /home/utk/aura_ws/install/aura_description/share/aura_description/models/aws_robomaker_residential_PortraitB_02/materials/textures/aws_PortraitB_01.png
[0.577s] -- Up-to-date symlink: /home/utk/aura_ws/install/aura_description/share/aura_description/models/aws_robomaker_residential_PortraitB_02/materials/textures/aws_PortraitB_02.png
[0.577s] -- Up-to-date symlink: /home/utk/aura_ws/install/aura_description/share/aura_description/models/aws_robomaker_residential_PortraitB_02/meshes/aws_PortraitB_01_collision.DAE
[0.577s] -- Up-to-date symlink: /home/utk/aura_ws/install/aura_description/share/aura_description/models/aws_robomaker_residential_PortraitB_02/meshes/aws_PortraitB_01_visual.DAE
[0.577s] -- Up-to-date symlink: /home/utk/aura_ws/install/aura_description/share/aura_description/models/aws_robomaker_residential_PortraitB_02/model.config
[0.577s] -- Up-to-date symlink: /home/utk/aura_ws/install/aura_description/share/aura_description/models/aws_robomaker_residential_PortraitB_02/model.sdf
[0.577s] -- Up-to-date symlink: /home/utk/aura_ws/install/aura_description/share/aura_description/models/aws_robomaker_residential_PortraitB_03/materials/textures/aws_PortraitB_01.png
[0.577s] -- Up-to-date symlink: /home/utk/aura_ws/install/aura_description/share/aura_description/models/aws_robomaker_residential_PortraitB_03/materials/textures/aws_PortraitB_02.png
[0.578s] -- Up-to-date symlink: /home/utk/aura_ws/install/aura_description/share/aura_description/models/aws_robomaker_residential_PortraitB_03/meshes/aws_PortraitB_01_collision.DAE
[0.578s] -- Up-to-date symlink: /home/utk/aura_ws/install/aura_description/share/aura_description/models/aws_robomaker_residential_PortraitB_03/meshes/aws_PortraitB_01_visual.DAE
[0.578s] -- Up-to-date symlink: /home/utk/aura_ws/install/aura_description/share/aura_description/models/aws_robomaker_residential_PortraitB_03/model.config
[0.578s] -- Up-to-date symlink: /home/utk/aura_ws/install/aura_description/share/aura_description/models/aws_robomaker_residential_PortraitB_03/model.sdf
[0.578s] -- Up-to-date symlink: /home/utk/aura_ws/install/aura_description/share/aura_description/models/aws_robomaker_residential_PortraitC_01/materials/textures/aws_PortraitC_01.png
[0.578s] -- Up-to-date symlink: /home/utk/aura_ws/install/aura_description/share/aura_description/models/aws_robomaker_residential_PortraitC_01/materials/textures/aws_PortraitC_02.png
[0.578s] -- Up-to-date symlink: /home/utk/aura_ws/install/aura_description/share/aura_description/models/aws_robomaker_residential_PortraitC_01/meshes/aws_PortraitC_01_collision.DAE
[0.578s] -- Up-to-date symlink: /home/utk/aura_ws/install/aura_description/share/aura_description/models/aws_robomaker_residential_PortraitC_01/meshes/aws_PortraitC_01_visual.DAE
[0.578s] -- Up-to-date symlink: /home/utk/aura_ws/install/aura_description/share/aura_description/models/aws_robomaker_residential_PortraitC_01/model.config
[0.578s] -- Up-to-date symlink: /home/utk/aura_ws/install/aura_description/share/aura_description/models/aws_robomaker_residential_PortraitC_01/model.sdf
[0.578s] -- Up-to-date symlink: /home/utk/aura_ws/install/aura_description/share/aura_description/models/aws_robomaker_residential_PortraitD_01/materials/textures/aws_PortraitD_01.png
[0.579s] -- Up-to-date symlink: /home/utk/aura_ws/install/aura_description/share/aura_description/models/aws_robomaker_residential_PortraitD_01/materials/textures/aws_PortraitD_02.png
[0.579s] -- Up-to-date symlink: /home/utk/aura_ws/install/aura_description/share/aura_description/models/aws_robomaker_residential_PortraitD_01/meshes/aws_PortraitD_01_collision.DAE
[0.579s] -- Up-to-date symlink: /home/utk/aura_ws/install/aura_description/share/aura_description/models/aws_robomaker_residential_PortraitD_01/meshes/aws_PortraitD_01_visual.DAE
[0.579s] -- Up-to-date symlink: /home/utk/aura_ws/install/aura_description/share/aura_description/models/aws_robomaker_residential_PortraitD_01/model.config
[0.579s] -- Up-to-date symlink: /home/utk/aura_ws/install/aura_description/share/aura_description/models/aws_robomaker_residential_PortraitD_01/model.sdf
[0.579s] -- Up-to-date symlink: /home/utk/aura_ws/install/aura_description/share/aura_description/models/aws_robomaker_residential_PortraitD_02/materials/textures/aws_PortraitD_01.png
[0.579s] -- Up-to-date symlink: /home/utk/aura_ws/install/aura_description/share/aura_description/models/aws_robomaker_residential_PortraitD_02/materials/textures/aws_PortraitD_02.png
[0.580s] -- Up-to-date symlink: /home/utk/aura_ws/install/aura_description/share/aura_description/models/aws_robomaker_residential_PortraitD_02/meshes/aws_PortraitD_01_collision.DAE
[0.580s] -- Up-to-date symlink: /home/utk/aura_ws/install/aura_description/share/aura_description/models/aws_robomaker_residential_PortraitD_02/meshes/aws_PortraitD_01_visual.DAE
[0.580s] -- Up-to-date symlink: /home/utk/aura_ws/install/aura_description/share/aura_description/models/aws_robomaker_residential_PortraitD_02/model.config
[0.580s] -- Up-to-date symlink: /home/utk/aura_ws/install/aura_description/share/aura_description/models/aws_robomaker_residential_PortraitD_02/model.sdf
[0.580s] -- Up-to-date symlink: /home/utk/aura_ws/install/aura_description/share/aura_description/models/aws_robomaker_residential_PortraitE_01/materials/textures/aws_PortraitE_01.png
[0.580s] -- Up-to-date symlink: /home/utk/aura_ws/install/aura_description/share/aura_description/models/aws_robomaker_residential_PortraitE_01/materials/textures/aws_PortraitE_02.png
[0.580s] -- Up-to-date symlink: /home/utk/aura_ws/install/aura_description/share/aura_description/models/aws_robomaker_residential_PortraitE_01/meshes/aws_PortraitE_01_collision.DAE
[0.580s] -- Up-to-date symlink: /home/utk/aura_ws/install/aura_description/share/aura_description/models/aws_robomaker_residential_PortraitE_01/meshes/aws_PortraitE_01_visual.DAE
[0.580s] -- Up-to-date symlink: /home/utk/aura_ws/install/aura_description/share/aura_description/models/aws_robomaker_residential_PortraitE_01/model.config
[0.580s] -- Up-to-date symlink: /home/utk/aura_ws/install/aura_description/share/aura_description/models/aws_robomaker_residential_PortraitE_01/model.sdf
[0.580s] -- Up-to-date symlink: /home/utk/aura_ws/install/aura_description/share/aura_description/models/aws_robomaker_residential_PortraitE_02/materials/textures/aws_PortraitE_01.png
[0.580s] -- Up-to-date symlink: /home/utk/aura_ws/install/aura_description/share/aura_description/models/aws_robomaker_residential_PortraitE_02/materials/textures/aws_PortraitE_02.png
[0.580s] -- Up-to-date symlink: /home/utk/aura_ws/install/aura_description/share/aura_description/models/aws_robomaker_residential_PortraitE_02/meshes/aws_PortraitE_01_collision.DAE
[0.581s] -- Up-to-date symlink: /home/utk/aura_ws/install/aura_description/share/aura_description/models/aws_robomaker_residential_PortraitE_02/meshes/aws_PortraitE_01_visual.DAE
[0.581s] -- Up-to-date symlink: /home/utk/aura_ws/install/aura_description/share/aura_description/models/aws_robomaker_residential_PortraitE_02/model.config
[0.581s] -- Up-to-date symlink: /home/utk/aura_ws/install/aura_description/share/aura_description/models/aws_robomaker_residential_PortraitE_02/model.sdf
[0.581s] -- Up-to-date symlink: /home/utk/aura_ws/install/aura_description/share/aura_description/models/aws_robomaker_residential_Quilt_01/materials/textures/aws_Quilt_01.png
[0.581s] -- Up-to-date symlink: /home/utk/aura_ws/install/aura_description/share/aura_description/models/aws_robomaker_residential_Quilt_01/meshes/aws_Quilt_01_collision.DAE
[0.581s] -- Up-to-date symlink: /home/utk/aura_ws/install/aura_description/share/aura_description/models/aws_robomaker_residential_Quilt_01/meshes/aws_Quilt_01_visual.DAE
[0.581s] -- Up-to-date symlink: /home/utk/aura_ws/install/aura_description/share/aura_description/models/aws_robomaker_residential_Quilt_01/model.config
[0.581s] -- Up-to-date symlink: /home/utk/aura_ws/install/aura_description/share/aura_description/models/aws_robomaker_residential_Quilt_01/model.sdf
[0.581s] -- Up-to-date symlink: /home/utk/aura_ws/install/aura_description/share/aura_description/models/aws_robomaker_residential_Rangehood_01/materials/textures/aws_Rangehood_01.png
[0.581s] -- Up-to-date symlink: /home/utk/aura_ws/install/aura_description/share/aura_description/models/aws_robomaker_residential_Rangehood_01/meshes/aws_Rangehood_01_collision.DAE
[0.581s] -- Up-to-date symlink: /home/utk/aura_ws/install/aura_description/share/aura_description/models/aws_robomaker_residential_Rangehood_01/meshes/aws_Rangehood_01_visual.DAE
[0.581s] -- Up-to-date symlink: /home/utk/aura_ws/install/aura_description/share/aura_description/models/aws_robomaker_residential_Rangehood_01/model.config
[0.581s] -- Up-to-date symlink: /home/utk/aura_ws/install/aura_description/share/aura_description/models/aws_robomaker_residential_Rangehood_01/model.sdf
[0.581s] -- Up-to-date symlink: /home/utk/aura_ws/install/aura_description/share/aura_description/models/aws_robomaker_residential_ReadingDesk_01/materials/textures/aws_ReadingDesk_01.png
[0.582s] -- Up-to-date symlink: /home/utk/aura_ws/install/aura_description/share/aura_description/models/aws_robomaker_residential_ReadingDesk_01/meshes/aws_ReadingDesk_01_collision.DAE
[0.582s] -- Up-to-date symlink: /home/utk/aura_ws/install/aura_description/share/aura_description/models/aws_robomaker_residential_ReadingDesk_01/meshes/aws_ReadingDesk_01_visual.DAE
[0.582s] -- Up-to-date symlink: /home/utk/aura_ws/install/aura_description/share/aura_description/models/aws_robomaker_residential_ReadingDesk_01/model.config
[0.582s] -- Up-to-date symlink: /home/utk/aura_ws/install/aura_description/share/aura_description/models/aws_robomaker_residential_ReadingDesk_01/model.sdf
[0.582s] -- Up-to-date symlink: /home/utk/aura_ws/install/aura_description/share/aura_description/models/aws_robomaker_residential_Refrigerator_01/materials/textures/aws_Refrigerator_01.png
[0.582s] -- Up-to-date symlink: /home/utk/aura_ws/install/aura_description/share/aura_description/models/aws_robomaker_residential_Refrigerator_01/materials/textures/aws_Refrigerator_02.png
[0.582s] -- Up-to-date symlink: /home/utk/aura_ws/install/aura_description/share/aura_description/models/aws_robomaker_residential_Refrigerator_01/meshes/aws_Refrigerator_01.DAE
[0.582s] -- Up-to-date symlink: /home/utk/aura_ws/install/aura_description/share/aura_description/models/aws_robomaker_residential_Refrigerator_01/meshes/aws_Refrigerator_01_collision.DAE
[0.582s] -- Up-to-date symlink: /home/utk/aura_ws/install/aura_description/share/aura_description/models/aws_robomaker_residential_Refrigerator_01/meshes/aws_Refrigerator_01_visual.DAE
[0.582s] -- Up-to-date symlink: /home/utk/aura_ws/install/aura_description/share/aura_description/models/aws_robomaker_residential_Refrigerator_01/model.config
[0.582s] -- Up-to-date symlink: /home/utk/aura_ws/install/aura_description/share/aura_description/models/aws_robomaker_residential_Refrigerator_01/model.sdf
[0.582s] -- Up-to-date symlink: /home/utk/aura_ws/install/aura_description/share/aura_description/models/aws_robomaker_residential_RoomCeiling_01/materials/textures/aws_RoomCeiling_01.png
[0.582s] -- Up-to-date symlink: /home/utk/aura_ws/install/aura_description/share/aura_description/models/aws_robomaker_residential_RoomCeiling_01/meshes/aws_RoomCeiling_01_collision.DAE
[0.582s] -- Up-to-date symlink: /home/utk/aura_ws/install/aura_description/share/aura_description/models/aws_robomaker_residential_RoomCeiling_01/meshes/aws_RoomCeiling_01_visual.DAE
[0.582s] -- Up-to-date symlink: /home/utk/aura_ws/install/aura_description/share/aura_description/models/aws_robomaker_residential_RoomCeiling_01/model.config
[0.582s] -- Up-to-date symlink: /home/utk/aura_ws/install/aura_description/share/aura_description/models/aws_robomaker_residential_RoomCeiling_01/model.sdf
[0.582s] -- Up-to-date symlink: /home/utk/aura_ws/install/aura_description/share/aura_description/models/aws_robomaker_residential_RoomWall_01/materials/textures/aws_RoomWall_01.png
[0.582s] -- Up-to-date symlink: /home/utk/aura_ws/install/aura_description/share/aura_description/models/aws_robomaker_residential_RoomWall_01/meshes/aws_RoomWall_01_collision.DAE
[0.583s] -- Up-to-date symlink: /home/utk/aura_ws/install/aura_description/share/aura_description/models/aws_robomaker_residential_RoomWall_01/meshes/aws_RoomWall_01_visual.DAE
[0.583s] -- Up-to-date symlink: /home/utk/aura_ws/install/aura_description/share/aura_description/models/aws_robomaker_residential_RoomWall_01/model.config
[0.583s] -- Up-to-date symlink: /home/utk/aura_ws/install/aura_description/share/aura_description/models/aws_robomaker_residential_RoomWall_01/model.sdf
[0.583s] -- Up-to-date symlink: /home/utk/aura_ws/install/aura_description/share/aura_description/models/aws_robomaker_residential_RoomWindow_01/materials/textures/aws_RoomWindow_01.png
[0.583s] -- Up-to-date symlink: /home/utk/aura_ws/install/aura_description/share/aura_description/models/aws_robomaker_residential_RoomWindow_01/meshes/aws_RoomWindow_01_collision.DAE
[0.583s] -- Up-to-date symlink: /home/utk/aura_ws/install/aura_description/share/aura_description/models/aws_robomaker_residential_RoomWindow_01/meshes/aws_RoomWindow_01_visual.DAE
[0.583s] -- Up-to-date symlink: /home/utk/aura_ws/install/aura_description/share/aura_description/models/aws_robomaker_residential_RoomWindow_01/model.config
[0.583s] -- Up-to-date symlink: /home/utk/aura_ws/install/aura_description/share/aura_description/models/aws_robomaker_residential_RoomWindow_01/model.sdf
[0.583s] -- Up-to-date symlink: /home/utk/aura_ws/install/aura_description/share/aura_description/models/aws_robomaker_residential_SeasoningBox_01/materials/textures/aws_SeasoningBox_01.png
[0.583s] -- Up-to-date symlink: /home/utk/aura_ws/install/aura_description/share/aura_description/models/aws_robomaker_residential_SeasoningBox_01/meshes/aws_SeasoningBox_01_collision.DAE
[0.583s] -- Up-to-date symlink: /home/utk/aura_ws/install/aura_description/share/aura_description/models/aws_robomaker_residential_SeasoningBox_01/meshes/aws_SeasoningBox_01_visual.DAE
[0.584s] -- Up-to-date symlink: /home/utk/aura_ws/install/aura_description/share/aura_description/models/aws_robomaker_residential_SeasoningBox_01/model.config
[0.584s] -- Up-to-date symlink: /home/utk/aura_ws/install/aura_description/share/aura_description/models/aws_robomaker_residential_SeasoningBox_01/model.sdf
[0.584s] -- Up-to-date symlink: /home/utk/aura_ws/install/aura_description/share/aura_description/models/aws_robomaker_residential_SecurityCamera_01/materials/textures/aws_SecurityCamera_01.png
[0.584s] -- Up-to-date symlink: /home/utk/aura_ws/install/aura_description/share/aura_description/models/aws_robomaker_residential_SecurityCamera_01/meshes/aws_SecurityCamera_01_collision.DAE
[0.584s] -- Up-to-date symlink: /home/utk/aura_ws/install/aura_description/share/aura_description/models/aws_robomaker_residential_SecurityCamera_01/meshes/aws_SecurityCamera_01_visual.DAE
[0.584s] -- Up-to-date symlink: /home/utk/aura_ws/install/aura_description/share/aura_description/models/aws_robomaker_residential_SecurityCamera_01/model.config
[0.584s] -- Up-to-date symlink: /home/utk/aura_ws/install/aura_description/share/aura_description/models/aws_robomaker_residential_SecurityCamera_01/model.sdf
[0.584s] -- Up-to-date symlink: /home/utk/aura_ws/install/aura_description/share/aura_description/models/aws_robomaker_residential_ShoeRack_01/materials/textures/aws_ShoeRack_01.png
[0.584s] -- Up-to-date symlink: /home/utk/aura_ws/install/aura_description/share/aura_description/models/aws_robomaker_residential_ShoeRack_01/meshes/aws_ShoeRack_01_collision.DAE
[0.584s] -- Up-to-date symlink: /home/utk/aura_ws/install/aura_description/share/aura_description/models/aws_robomaker_residential_ShoeRack_01/meshes/aws_ShoeRack_01_visual.DAE
[0.584s] -- Up-to-date symlink: /home/utk/aura_ws/install/aura_description/share/aura_description/models/aws_robomaker_residential_ShoeRack_01/model.config
[0.584s] -- Up-to-date symlink: /home/utk/aura_ws/install/aura_description/share/aura_description/models/aws_robomaker_residential_ShoeRack_01/model.sdf
[0.584s] -- Up-to-date symlink: /home/utk/aura_ws/install/aura_description/share/aura_description/models/aws_robomaker_residential_SofaB_01/materials/textures/aws_SofaB_01.png
[0.584s] -- Up-to-date symlink: /home/utk/aura_ws/install/aura_description/share/aura_description/models/aws_robomaker_residential_SofaB_01/meshes/aws_SofaB_01_collision.DAE
[0.585s] -- Up-to-date symlink: /home/utk/aura_ws/install/aura_description/share/aura_description/models/aws_robomaker_residential_SofaB_01/meshes/aws_SofaB_01_visual.DAE
[0.585s] -- Up-to-date symlink: /home/utk/aura_ws/install/aura_description/share/aura_description/models/aws_robomaker_residential_SofaB_01/model.config
[0.585s] -- Up-to-date symlink: /home/utk/aura_ws/install/aura_description/share/aura_description/models/aws_robomaker_residential_SofaB_01/model.sdf
[0.585s] -- Up-to-date symlink: /home/utk/aura_ws/install/aura_description/share/aura_description/models/aws_robomaker_residential_SofaC_01/materials/textures/aws_SofaC_01.png
[0.585s] -- Up-to-date symlink: /home/utk/aura_ws/install/aura_description/share/aura_description/models/aws_robomaker_residential_SofaC_01/meshes/aws_SofaC_01_collision.DAE
[0.585s] -- Up-to-date symlink: /home/utk/aura_ws/install/aura_description/share/aura_description/models/aws_robomaker_residential_SofaC_01/meshes/aws_SofaC_01_visual.DAE
[0.585s] -- Up-to-date symlink: /home/utk/aura_ws/install/aura_description/share/aura_description/models/aws_robomaker_residential_SofaC_01/model.config
[0.585s] -- Up-to-date symlink: /home/utk/aura_ws/install/aura_description/share/aura_description/models/aws_robomaker_residential_SofaC_01/model.sdf
[0.585s] -- Up-to-date symlink: /home/utk/aura_ws/install/aura_description/share/aura_description/models/aws_robomaker_residential_Sofa_01/materials/textures/aws_Sofa_01.png
[0.585s] -- Up-to-date symlink: /home/utk/aura_ws/install/aura_description/share/aura_description/models/aws_robomaker_residential_Sofa_01/meshes/aws_Sofa_01.DAE
[0.585s] -- Up-to-date symlink: /home/utk/aura_ws/install/aura_description/share/aura_description/models/aws_robomaker_residential_Sofa_01/meshes/aws_Sofa_01_collision.DAE
[0.585s] -- Up-to-date symlink: /home/utk/aura_ws/install/aura_description/share/aura_description/models/aws_robomaker_residential_Sofa_01/meshes/aws_Sofa_01_visual.DAE
[0.586s] -- Up-to-date symlink: /home/utk/aura_ws/install/aura_description/share/aura_description/models/aws_robomaker_residential_Sofa_01/model.config
[0.586s] -- Up-to-date symlink: /home/utk/aura_ws/install/aura_description/share/aura_description/models/aws_robomaker_residential_Sofa_01/model.sdf
[0.586s] -- Up-to-date symlink: /home/utk/aura_ws/install/aura_description/share/aura_description/models/aws_robomaker_residential_TVCabinet_01/materials/textures/aws_TVCabinet_01.png
[0.586s] -- Up-to-date symlink: /home/utk/aura_ws/install/aura_description/share/aura_description/models/aws_robomaker_residential_TVCabinet_01/meshes/aws_TVCabinet_01_collision.DAE
[0.586s] -- Up-to-date symlink: /home/utk/aura_ws/install/aura_description/share/aura_description/models/aws_robomaker_residential_TVCabinet_01/meshes/aws_TVCabinet_01_visual.DAE
[0.586s] -- Up-to-date symlink: /home/utk/aura_ws/install/aura_description/share/aura_description/models/aws_robomaker_residential_TVCabinet_01/model.config
[0.586s] -- Up-to-date symlink: /home/utk/aura_ws/install/aura_description/share/aura_description/models/aws_robomaker_residential_TVCabinet_01/model.sdf
[0.586s] -- Up-to-date symlink: /home/utk/aura_ws/install/aura_description/share/aura_description/models/aws_robomaker_residential_TV_01/materials/textures/aws_TV_01.png
[0.586s] -- Up-to-date symlink: /home/utk/aura_ws/install/aura_description/share/aura_description/models/aws_robomaker_residential_TV_01/meshes/aws_TV_01_collision.DAE
[0.586s] -- Up-to-date symlink: /home/utk/aura_ws/install/aura_description/share/aura_description/models/aws_robomaker_residential_TV_01/meshes/aws_TV_01_visual.DAE
[0.586s] -- Up-to-date symlink: /home/utk/aura_ws/install/aura_description/share/aura_description/models/aws_robomaker_residential_TV_01/model.config
[0.586s] -- Up-to-date symlink: /home/utk/aura_ws/install/aura_description/share/aura_description/models/aws_robomaker_residential_TV_01/model.sdf
[0.587s] -- Up-to-date symlink: /home/utk/aura_ws/install/aura_description/share/aura_description/models/aws_robomaker_residential_TV_02/materials/textures/aws_TV_01.png
[0.587s] -- Up-to-date symlink: /home/utk/aura_ws/install/aura_description/share/aura_description/models/aws_robomaker_residential_TV_02/meshes/aws_TV_01_collision.DAE
[0.587s] -- Up-to-date symlink: /home/utk/aura_ws/install/aura_description/share/aura_description/models/aws_robomaker_residential_TV_02/meshes/aws_TV_01_visual.DAE
[0.587s] -- Up-to-date symlink: /home/utk/aura_ws/install/aura_description/share/aura_description/models/aws_robomaker_residential_TV_02/model.config
[0.587s] -- Up-to-date symlink: /home/utk/aura_ws/install/aura_description/share/aura_description/models/aws_robomaker_residential_TV_02/model.sdf
[0.587s] -- Up-to-date symlink: /home/utk/aura_ws/install/aura_description/share/aura_description/models/aws_robomaker_residential_Tablet_01/materials/textures/aws_Tablet_01_nologo.png
[0.587s] -- Up-to-date symlink: /home/utk/aura_ws/install/aura_description/share/aura_description/models/aws_robomaker_residential_Tablet_01/meshes/aws_Tablet_01_collision.DAE
[0.587s] -- Up-to-date symlink: /home/utk/aura_ws/install/aura_description/share/aura_description/models/aws_robomaker_residential_Tablet_01/meshes/aws_Tablet_01_visual.DAE
[0.587s] -- Up-to-date symlink: /home/utk/aura_ws/install/aura_description/share/aura_description/models/aws_robomaker_residential_Tablet_01/model.config
[0.587s] -- Up-to-date symlink: /home/utk/aura_ws/install/aura_description/share/aura_description/models/aws_robomaker_residential_Tablet_01/model.sdf
[0.587s] -- Up-to-date symlink: /home/utk/aura_ws/install/aura_description/share/aura_description/models/aws_robomaker_residential_Tableware_01/materials/textures/aws_Tableware_01.png
[0.587s] -- Up-to-date symlink: /home/utk/aura_ws/install/aura_description/share/aura_description/models/aws_robomaker_residential_Tableware_01/meshes/aws_Tableware_01_collision.DAE
[0.587s] -- Up-to-date symlink: /home/utk/aura_ws/install/aura_description/share/aura_description/models/aws_robomaker_residential_Tableware_01/meshes/aws_Tableware_01_visual.DAE
[0.587s] -- Up-to-date symlink: /home/utk/aura_ws/install/aura_description/share/aura_description/models/aws_robomaker_residential_Tableware_01/model.config
[0.587s] -- Up-to-date symlink: /home/utk/aura_ws/install/aura_description/share/aura_description/models/aws_robomaker_residential_Tableware_01/model.sdf
[0.587s] -- Up-to-date symlink: /home/utk/aura_ws/install/aura_description/share/aura_description/models/aws_robomaker_residential_Trash_01/materials/textures/aws_Trash_01.png
[0.587s] -- Up-to-date symlink: /home/utk/aura_ws/install/aura_description/share/aura_description/models/aws_robomaker_residential_Trash_01/meshes/aws_Trash_01_collision.DAE
[0.587s] -- Up-to-date symlink: /home/utk/aura_ws/install/aura_description/share/aura_description/models/aws_robomaker_residential_Trash_01/meshes/aws_Trash_01_visual.DAE
[0.587s] -- Up-to-date symlink: /home/utk/aura_ws/install/aura_description/share/aura_description/models/aws_robomaker_residential_Trash_01/model.config
[0.587s] -- Up-to-date symlink: /home/utk/aura_ws/install/aura_description/share/aura_description/models/aws_robomaker_residential_Trash_01/model.sdf
[0.587s] -- Up-to-date symlink: /home/utk/aura_ws/install/aura_description/share/aura_description/models/aws_robomaker_residential_Vase_01/materials/textures/aws_Vase_01.png
[0.587s] -- Up-to-date symlink: /home/utk/aura_ws/install/aura_description/share/aura_description/models/aws_robomaker_residential_Vase_01/meshes/aws_Vase_01_collision.DAE
[0.587s] -- Up-to-date symlink: /home/utk/aura_ws/install/aura_description/share/aura_description/models/aws_robomaker_residential_Vase_01/meshes/aws_Vase_01_visual.DAE
[0.588s] -- Up-to-date symlink: /home/utk/aura_ws/install/aura_description/share/aura_description/models/aws_robomaker_residential_Vase_01/model.config
[0.588s] -- Up-to-date symlink: /home/utk/aura_ws/install/aura_description/share/aura_description/models/aws_robomaker_residential_Vase_01/model.sdf
[0.588s] -- Up-to-date symlink: /home/utk/aura_ws/install/aura_description/share/aura_description/models/aws_robomaker_residential_Wardrobe_01/materials/textures/aws_Wardrobe_01.png
[0.588s] -- Up-to-date symlink: /home/utk/aura_ws/install/aura_description/share/aura_description/models/aws_robomaker_residential_Wardrobe_01/meshes/aws_Wardrobe_01_collision.DAE
[0.588s] -- Up-to-date symlink: /home/utk/aura_ws/install/aura_description/share/aura_description/models/aws_robomaker_residential_Wardrobe_01/meshes/aws_Wardrobe_01_visual.DAE
[0.588s] -- Up-to-date symlink: /home/utk/aura_ws/install/aura_description/share/aura_description/models/aws_robomaker_residential_Wardrobe_01/model.config
[0.588s] -- Up-to-date symlink: /home/utk/aura_ws/install/aura_description/share/aura_description/models/aws_robomaker_residential_Wardrobe_01/model.sdf
[0.588s] -- Up-to-date symlink: /home/utk/aura_ws/install/aura_description/share/aura_description/models/aws_robomaker_warehouse_Bucket_01/.DS_Store
[0.588s] -- Up-to-date symlink: /home/utk/aura_ws/install/aura_description/share/aura_description/models/aws_robomaker_warehouse_Bucket_01/materials/.DS_Store
[0.588s] -- Up-to-date symlink: /home/utk/aura_ws/install/aura_description/share/aura_description/models/aws_robomaker_warehouse_Bucket_01/materials/textures/aws_robomaker_warehouse_Bucket_01.png
[0.588s] -- Up-to-date symlink: /home/utk/aura_ws/install/aura_description/share/aura_description/models/aws_robomaker_warehouse_Bucket_01/meshes/aws_robomaker_warehouse_Bucket_01_collision.DAE
[0.588s] -- Up-to-date symlink: /home/utk/aura_ws/install/aura_description/share/aura_description/models/aws_robomaker_warehouse_Bucket_01/meshes/aws_robomaker_warehouse_Bucket_01_visual.DAE
[0.588s] -- Up-to-date symlink: /home/utk/aura_ws/install/aura_description/share/aura_description/models/aws_robomaker_warehouse_Bucket_01/model.config
[0.588s] -- Up-to-date symlink: /home/utk/aura_ws/install/aura_description/share/aura_description/models/aws_robomaker_warehouse_Bucket_01/model.sdf
[0.589s] -- Up-to-date symlink: /home/utk/aura_ws/install/aura_description/share/aura_description/models/aws_robomaker_warehouse_ClutteringA_01/.DS_Store
[0.589s] -- Up-to-date symlink: /home/utk/aura_ws/install/aura_description/share/aura_description/models/aws_robomaker_warehouse_ClutteringA_01/materials/.DS_Store
[0.589s] -- Up-to-date symlink: /home/utk/aura_ws/install/aura_description/share/aura_description/models/aws_robomaker_warehouse_ClutteringA_01/materials/textures/.DS_Store
[0.589s] -- Up-to-date symlink: /home/utk/aura_ws/install/aura_description/share/aura_description/models/aws_robomaker_warehouse_ClutteringA_01/materials/textures/aws_robomaker_warehouse_ClutteringA_01.png
[0.589s] -- Up-to-date symlink: /home/utk/aura_ws/install/aura_description/share/aura_description/models/aws_robomaker_warehouse_ClutteringA_01/materials/textures/aws_robomaker_warehouse_ClutteringA_02.png
[0.589s] -- Up-to-date symlink: /home/utk/aura_ws/install/aura_description/share/aura_description/models/aws_robomaker_warehouse_ClutteringA_01/materials/textures/aws_robomaker_warehouse_ClutteringA_03.png
[0.589s] -- Up-to-date symlink: /home/utk/aura_ws/install/aura_description/share/aura_description/models/aws_robomaker_warehouse_ClutteringA_01/meshes/aws_robomaker_warehouse_ClutteringA_01_collision.DAE
[0.589s] -- Up-to-date symlink: /home/utk/aura_ws/install/aura_description/share/aura_description/models/aws_robomaker_warehouse_ClutteringA_01/meshes/aws_robomaker_warehouse_ClutteringA_01_visual.DAE
[0.589s] -- Up-to-date symlink: /home/utk/aura_ws/install/aura_description/share/aura_description/models/aws_robomaker_warehouse_ClutteringA_01/model.config
[0.589s] -- Up-to-date symlink: /home/utk/aura_ws/install/aura_description/share/aura_description/models/aws_robomaker_warehouse_ClutteringA_01/model.sdf
[0.590s] -- Up-to-date symlink: /home/utk/aura_ws/install/aura_description/share/aura_description/models/aws_robomaker_warehouse_ClutteringC_01/materials/textures/aws_robomaker_warehouse_ClutteringC_01.png
[0.590s] -- Up-to-date symlink: /home/utk/aura_ws/install/aura_description/share/aura_description/models/aws_robomaker_warehouse_ClutteringC_01/materials/textures/aws_robomaker_warehouse_ClutteringC_02.png
[0.590s] -- Up-to-date symlink: /home/utk/aura_ws/install/aura_description/share/aura_description/models/aws_robomaker_warehouse_ClutteringC_01/meshes/aws_robomaker_warehouse_ClutteringC_01_collision.DAE
[0.590s] -- Up-to-date symlink: /home/utk/aura_ws/install/aura_description/share/aura_description/models/aws_robomaker_warehouse_ClutteringC_01/meshes/aws_robomaker_warehouse_ClutteringC_01_visual.DAE
[0.590s] -- Up-to-date symlink: /home/utk/aura_ws/install/aura_description/share/aura_description/models/aws_robomaker_warehouse_ClutteringC_01/model.config
[0.590s] -- Up-to-date symlink: /home/utk/aura_ws/install/aura_description/share/aura_description/models/aws_robomaker_warehouse_ClutteringC_01/model.sdf
[0.590s] -- Up-to-date symlink: /home/utk/aura_ws/install/aura_description/share/aura_description/models/aws_robomaker_warehouse_ClutteringD_01/materials/textures/aws_robomaker_warehouse_ClutteringD_01.png
[0.590s] -- Up-to-date symlink: /home/utk/aura_ws/install/aura_description/share/aura_description/models/aws_robomaker_warehouse_ClutteringD_01/materials/textures/aws_robomaker_warehouse_ClutteringD_02.png
[0.590s] -- Up-to-date symlink: /home/utk/aura_ws/install/aura_description/share/aura_description/models/aws_robomaker_warehouse_ClutteringD_01/meshes/aws_robomaker_warehouse_ClutteringD_01_collision.DAE
[0.590s] -- Up-to-date symlink: /home/utk/aura_ws/install/aura_description/share/aura_description/models/aws_robomaker_warehouse_ClutteringD_01/meshes/aws_robomaker_warehouse_ClutteringD_01_visual.DAE
[0.590s] -- Up-to-date symlink: /home/utk/aura_ws/install/aura_description/share/aura_description/models/aws_robomaker_warehouse_ClutteringD_01/model.config
[0.590s] -- Up-to-date symlink: /home/utk/aura_ws/install/aura_description/share/aura_description/models/aws_robomaker_warehouse_ClutteringD_01/model.sdf
[0.590s] -- Up-to-date symlink: /home/utk/aura_ws/install/aura_description/share/aura_description/models/aws_robomaker_warehouse_DeskC_01/materials/.DS_Store
[0.590s] -- Up-to-date symlink: /home/utk/aura_ws/install/aura_description/share/aura_description/models/aws_robomaker_warehouse_DeskC_01/materials/textures/aws_robomaker_warehouse_DeskC_01.png
[0.590s] -- Up-to-date symlink: /home/utk/aura_ws/install/aura_description/share/aura_description/models/aws_robomaker_warehouse_DeskC_01/materials/textures/aws_robomaker_warehouse_DeskC_02.png
[0.590s] -- Up-to-date symlink: /home/utk/aura_ws/install/aura_description/share/aura_description/models/aws_robomaker_warehouse_DeskC_01/materials/textures/aws_robomaker_warehouse_DeskC_03.png
[0.590s] -- Up-to-date symlink: /home/utk/aura_ws/install/aura_description/share/aura_description/models/aws_robomaker_warehouse_DeskC_01/materials/textures/aws_robomaker_warehouse_DeskC_03.psd
[0.590s] -- Up-to-date symlink: /home/utk/aura_ws/install/aura_description/share/aura_description/models/aws_robomaker_warehouse_DeskC_01/materials/textures/aws_robomaker_warehouse_DeskC_04.png
[0.590s] -- Up-to-date symlink: /home/utk/aura_ws/install/aura_description/share/aura_description/models/aws_robomaker_warehouse_DeskC_01/meshes/aws_robomaker_warehouse_DeskC_01_collision.DAE
[0.590s] -- Up-to-date symlink: /home/utk/aura_ws/install/aura_description/share/aura_description/models/aws_robomaker_warehouse_DeskC_01/meshes/aws_robomaker_warehouse_DeskC_01_visual.DAE
[0.590s] -- Up-to-date symlink: /home/utk/aura_ws/install/aura_description/share/aura_description/models/aws_robomaker_warehouse_DeskC_01/model.config
[0.590s] -- Up-to-date symlink: /home/utk/aura_ws/install/aura_description/share/aura_description/models/aws_robomaker_warehouse_DeskC_01/model.sdf
[0.590s] -- Up-to-date symlink: /home/utk/aura_ws/install/aura_description/share/aura_description/models/aws_robomaker_warehouse_GroundB_01/materials/textures/aws_robomaker_warehouse_GroundB_01.png
[0.590s] -- Up-to-date symlink: /home/utk/aura_ws/install/aura_description/share/aura_description/models/aws_robomaker_warehouse_GroundB_01/materials/textures/aws_robomaker_warehouse_GroundB_02.png
[0.590s] -- Up-to-date symlink: /home/utk/aura_ws/install/aura_description/share/aura_description/models/aws_robomaker_warehouse_GroundB_01/meshes/aws_robomaker_warehouse_GroundB_01_collision.DAE
[0.590s] -- Up-to-date symlink: /home/utk/aura_ws/install/aura_description/share/aura_description/models/aws_robomaker_warehouse_GroundB_01/meshes/aws_robomaker_warehouse_GroundB_01_visual.DAE
[0.591s] -- Up-to-date symlink: /home/utk/aura_ws/install/aura_description/share/aura_description/models/aws_robomaker_warehouse_GroundB_01/model.config
[0.591s] -- Up-to-date symlink: /home/utk/aura_ws/install/aura_description/share/aura_description/models/aws_robomaker_warehouse_GroundB_01/model.sdf
[0.591s] -- Up-to-date symlink: /home/utk/aura_ws/install/aura_description/share/aura_description/models/aws_robomaker_warehouse_Lamp_01/materials/textures/aws_robomaker_warehouse_Lamp_01.png
[0.591s] -- Up-to-date symlink: /home/utk/aura_ws/install/aura_description/share/aura_description/models/aws_robomaker_warehouse_Lamp_01/meshes/aws_robomaker_warehouse_Lamp_01_collision.DAE
[0.591s] -- Up-to-date symlink: /home/utk/aura_ws/install/aura_description/share/aura_description/models/aws_robomaker_warehouse_Lamp_01/meshes/aws_robomaker_warehouse_Lamp_01_visual.DAE
[0.591s] -- Up-to-date symlink: /home/utk/aura_ws/install/aura_description/share/aura_description/models/aws_robomaker_warehouse_Lamp_01/model.config
[0.591s] -- Up-to-date symlink: /home/utk/aura_ws/install/aura_description/share/aura_description/models/aws_robomaker_warehouse_Lamp_01/model.sdf
[0.591s] -- Up-to-date symlink: /home/utk/aura_ws/install/aura_description/share/aura_description/models/aws_robomaker_warehouse_PalletJackB_01/.DS_Store
[0.591s] -- Up-to-date symlink: /home/utk/aura_ws/install/aura_description/share/aura_description/models/aws_robomaker_warehouse_PalletJackB_01/materials/.DS_Store
[0.591s] -- Up-to-date symlink: /home/utk/aura_ws/install/aura_description/share/aura_description/models/aws_robomaker_warehouse_PalletJackB_01/materials/textures/aws_robomaker_warehouse_PalletJackB_01.png
[0.591s] -- Up-to-date symlink: /home/utk/aura_ws/install/aura_description/share/aura_description/models/aws_robomaker_warehouse_PalletJackB_01/materials/textures/aws_robomaker_warehouse_PalletJackB_02.png
[0.591s] -- Up-to-date symlink: /home/utk/aura_ws/install/aura_description/share/aura_description/models/aws_robomaker_warehouse_PalletJackB_01/meshes/aws_robomaker_warehouse_PalletJackB_01_collision.DAE
[0.591s] -- Up-to-date symlink: /home/utk/aura_ws/install/aura_description/share/aura_description/models/aws_robomaker_warehouse_PalletJackB_01/meshes/aws_robomaker_warehouse_PalletJackB_01_visual.DAE
[0.591s] -- Up-to-date symlink: /home/utk/aura_ws/install/aura_description/share/aura_description/models/aws_robomaker_warehouse_PalletJackB_01/model.config
[0.591s] -- Up-to-date symlink: /home/utk/aura_ws/install/aura_description/share/aura_description/models/aws_robomaker_warehouse_PalletJackB_01/model.sdf
[0.591s] -- Up-to-date symlink: /home/utk/aura_ws/install/aura_description/share/aura_description/models/aws_robomaker_warehouse_RoofB_01/materials/textures/aws_robomaker_warehouse_RoofB_01.png
[0.591s] -- Up-to-date symlink: /home/utk/aura_ws/install/aura_description/share/aura_description/models/aws_robomaker_warehouse_RoofB_01/meshes/aws_robomaker_warehouse_RoofB_01_collision.DAE
[0.591s] -- Up-to-date symlink: /home/utk/aura_ws/install/aura_description/share/aura_description/models/aws_robomaker_warehouse_RoofB_01/meshes/aws_robomaker_warehouse_RoofB_01_visual.DAE
[0.591s] -- Up-to-date symlink: /home/utk/aura_ws/install/aura_description/share/aura_description/models/aws_robomaker_warehouse_RoofB_01/model.config
[0.591s] -- Up-to-date symlink: /home/utk/aura_ws/install/aura_description/share/aura_description/models/aws_robomaker_warehouse_RoofB_01/model.sdf
[0.591s] -- Up-to-date symlink: /home/utk/aura_ws/install/aura_description/share/aura_description/models/aws_robomaker_warehouse_ShelfD_01/materials/textures/aws_robomaker_warehouse_ShelfD_01.png
[0.591s] -- Up-to-date symlink: /home/utk/aura_ws/install/aura_description/share/aura_description/models/aws_robomaker_warehouse_ShelfD_01/materials/textures/aws_robomaker_warehouse_ShelfD_02.png
[0.592s] -- Up-to-date symlink: /home/utk/aura_ws/install/aura_description/share/aura_description/models/aws_robomaker_warehouse_ShelfD_01/materials/textures/aws_robomaker_warehouse_ShelfD_03.png
[0.592s] -- Up-to-date symlink: /home/utk/aura_ws/install/aura_description/share/aura_description/models/aws_robomaker_warehouse_ShelfD_01/materials/textures/aws_robomaker_warehouse_ShelfD_04.png
[0.592s] -- Up-to-date symlink: /home/utk/aura_ws/install/aura_description/share/aura_description/models/aws_robomaker_warehouse_ShelfD_01/meshes/aws_robomaker_warehouse_ShelfD_01_collision.DAE
[0.592s] -- Up-to-date symlink: /home/utk/aura_ws/install/aura_description/share/aura_description/models/aws_robomaker_warehouse_ShelfD_01/meshes/aws_robomaker_warehouse_ShelfD_01_visual.DAE
[0.592s] -- Up-to-date symlink: /home/utk/aura_ws/install/aura_description/share/aura_description/models/aws_robomaker_warehouse_ShelfD_01/model.config
[0.592s] -- Up-to-date symlink: /home/utk/aura_ws/install/aura_description/share/aura_description/models/aws_robomaker_warehouse_ShelfD_01/model.sdf
[0.592s] -- Up-to-date symlink: /home/utk/aura_ws/install/aura_description/share/aura_description/models/aws_robomaker_warehouse_ShelfE_01/.DS_Store
[0.592s] -- Up-to-date symlink: /home/utk/aura_ws/install/aura_description/share/aura_description/models/aws_robomaker_warehouse_ShelfE_01/materials/.DS_Store
[0.592s] -- Up-to-date symlink: /home/utk/aura_ws/install/aura_description/share/aura_description/models/aws_robomaker_warehouse_ShelfE_01/materials/textures/aws_robomaker_warehouse_ShelfE_01.png
[0.592s] -- Up-to-date symlink: /home/utk/aura_ws/install/aura_description/share/aura_description/models/aws_robomaker_warehouse_ShelfE_01/materials/textures/aws_robomaker_warehouse_ShelfE_02.png
[0.592s] -- Up-to-date symlink: /home/utk/aura_ws/install/aura_description/share/aura_description/models/aws_robomaker_warehouse_ShelfE_01/materials/textures/aws_robomaker_warehouse_ShelfE_03.png
[0.592s] -- Up-to-date symlink: /home/utk/aura_ws/install/aura_description/share/aura_description/models/aws_robomaker_warehouse_ShelfE_01/materials/textures/aws_robomaker_warehouse_ShelfE_04.png
[0.592s] -- Up-to-date symlink: /home/utk/aura_ws/install/aura_description/share/aura_description/models/aws_robomaker_warehouse_ShelfE_01/meshes/aws_robomaker_warehouse_ShelfE_01_collision.DAE
[0.592s] -- Up-to-date symlink: /home/utk/aura_ws/install/aura_description/share/aura_description/models/aws_robomaker_warehouse_ShelfE_01/meshes/aws_robomaker_warehouse_ShelfE_01_visual.DAE
[0.592s] -- Up-to-date symlink: /home/utk/aura_ws/install/aura_description/share/aura_description/models/aws_robomaker_warehouse_ShelfE_01/model.config
[0.592s] -- Up-to-date symlink: /home/utk/aura_ws/install/aura_description/share/aura_description/models/aws_robomaker_warehouse_ShelfE_01/model.sdf
[0.592s] -- Up-to-date symlink: /home/utk/aura_ws/install/aura_description/share/aura_description/models/aws_robomaker_warehouse_ShelfF_01/materials/textures/aws_robomaker_warehouse_ShelfF_01.png
[0.592s] -- Up-to-date symlink: /home/utk/aura_ws/install/aura_description/share/aura_description/models/aws_robomaker_warehouse_ShelfF_01/materials/textures/aws_robomaker_warehouse_ShelfF_02.png
[0.592s] -- Up-to-date symlink: /home/utk/aura_ws/install/aura_description/share/aura_description/models/aws_robomaker_warehouse_ShelfF_01/materials/textures/aws_robomaker_warehouse_ShelfF_03.png
[0.592s] -- Up-to-date symlink: /home/utk/aura_ws/install/aura_description/share/aura_description/models/aws_robomaker_warehouse_ShelfF_01/meshes/aws_robomaker_warehouse_ShelfF_01_collision.DAE
[0.593s] -- Up-to-date symlink: /home/utk/aura_ws/install/aura_description/share/aura_description/models/aws_robomaker_warehouse_ShelfF_01/meshes/aws_robomaker_warehouse_ShelfF_01_visual.DAE
[0.593s] -- Up-to-date symlink: /home/utk/aura_ws/install/aura_description/share/aura_description/models/aws_robomaker_warehouse_ShelfF_01/model.config
[0.593s] -- Up-to-date symlink: /home/utk/aura_ws/install/aura_description/share/aura_description/models/aws_robomaker_warehouse_ShelfF_01/model.sdf
[0.593s] -- Up-to-date symlink: /home/utk/aura_ws/install/aura_description/share/aura_description/models/aws_robomaker_warehouse_TrashCanC_01/materials/textures/aws_robomaker_warehouse_TrashCanC_01.png
[0.593s] -- Up-to-date symlink: /home/utk/aura_ws/install/aura_description/share/aura_description/models/aws_robomaker_warehouse_TrashCanC_01/meshes/aws_robomaker_warehouse_TrashCanC_01_collision.DAE
[0.593s] -- Up-to-date symlink: /home/utk/aura_ws/install/aura_description/share/aura_description/models/aws_robomaker_warehouse_TrashCanC_01/meshes/aws_robomaker_warehouse_TrashCanC_01_visual.DAE
[0.593s] -- Up-to-date symlink: /home/utk/aura_ws/install/aura_description/share/aura_description/models/aws_robomaker_warehouse_TrashCanC_01/model.config
[0.593s] -- Up-to-date symlink: /home/utk/aura_ws/install/aura_description/share/aura_description/models/aws_robomaker_warehouse_TrashCanC_01/model.sdf
[0.593s] -- Up-to-date symlink: /home/utk/aura_ws/install/aura_description/share/aura_description/models/aws_robomaker_warehouse_WallB_01/materials/textures/aws_robomaker_warehouse_WallB_01.png
[0.593s] -- Up-to-date symlink: /home/utk/aura_ws/install/aura_description/share/aura_description/models/aws_robomaker_warehouse_WallB_01/meshes/aws_robomaker_warehouse_WallB_01_collision.DAE
[0.593s] -- Up-to-date symlink: /home/utk/aura_ws/install/aura_description/share/aura_description/models/aws_robomaker_warehouse_WallB_01/meshes/aws_robomaker_warehouse_WallB_01_visual.DAE
[0.593s] -- Up-to-date symlink: /home/utk/aura_ws/install/aura_description/share/aura_description/models/aws_robomaker_warehouse_WallB_01/model.config
[0.593s] -- Up-to-date symlink: /home/utk/aura_ws/install/aura_description/share/aura_description/models/aws_robomaker_warehouse_WallB_01/model.sdf
[0.593s] -- Up-to-date symlink: /home/utk/aura_ws/install/aura_description/share/aura_description/models/marker0/materials/textures/Marker0.png
[0.593s] -- Up-to-date symlink: /home/utk/aura_ws/install/aura_description/share/aura_description/models/marker0/materials/textures/Marker000.png
[0.593s] -- Up-to-date symlink: /home/utk/aura_ws/install/aura_description/share/aura_description/models/marker0/meshes/Marker0.dae
[0.593s] -- Up-to-date symlink: /home/utk/aura_ws/install/aura_description/share/aura_description/models/marker0/model-1_4.sdf
[0.593s] -- Up-to-date symlink: /home/utk/aura_ws/install/aura_description/share/aura_description/models/marker0/model.config
[0.593s] -- Up-to-date symlink: /home/utk/aura_ws/install/aura_description/share/aura_description/models/marker0/model.sdf
[0.593s] -- Up-to-date symlink: /home/utk/aura_ws/install/aura_description/share/aura_description/models/marker1/materials/textures/Marker1.png
[0.593s] -- Up-to-date symlink: /home/utk/aura_ws/install/aura_description/share/aura_description/models/marker1/materials/textures/Marker111.png
[0.593s] -- Up-to-date symlink: /home/utk/aura_ws/install/aura_description/share/aura_description/models/marker1/meshes/Marker1.dae
[0.594s] -- Up-to-date symlink: /home/utk/aura_ws/install/aura_description/share/aura_description/models/marker1/model-1_4.sdf
[0.594s] -- Up-to-date symlink: /home/utk/aura_ws/install/aura_description/share/aura_description/models/marker1/model.config
[0.594s] -- Up-to-date symlink: /home/utk/aura_ws/install/aura_description/share/aura_description/models/marker1/model.sdf
[0.594s] -- Up-to-date symlink: /home/utk/aura_ws/install/aura_description/share/aura_description/models/marker2/materials/textures/Marker2.png
[0.594s] -- Up-to-date symlink: /home/utk/aura_ws/install/aura_description/share/aura_description/models/marker2/meshes/Marker2.dae
[0.594s] -- Up-to-date symlink: /home/utk/aura_ws/install/aura_description/share/aura_description/models/marker2/model-1_4.sdf
[0.594s] -- Up-to-date symlink: /home/utk/aura_ws/install/aura_description/share/aura_description/models/marker2/model.config
[0.595s] -- Up-to-date symlink: /home/utk/aura_ws/install/aura_description/share/aura_description/models/marker2/model.sdf
[0.595s] -- Up-to-date symlink: /home/utk/aura_ws/install/aura_description/share/aura_description/worlds/empty.world
[0.595s] -- Up-to-date symlink: /home/utk/aura_ws/install/aura_description/share/aura_description/worlds/small_house.world
[0.595s] -- Up-to-date symlink: /home/utk/aura_ws/install/aura_description/share/aura_description/worlds/small_warehouse.world
[0.595s] -- Up-to-date symlink: /home/utk/aura_ws/install/aura_description/share/ament_index/resource_index/package_run_dependencies/aura_description
[0.596s] -- Up-to-date symlink: /home/utk/aura_ws/install/aura_description/share/ament_index/resource_index/parent_prefix_path/aura_description
[0.596s] -- Up-to-date symlink: /home/utk/aura_ws/install/aura_description/share/aura_description/environment/ament_prefix_path.sh
[0.596s] -- Up-to-date symlink: /home/utk/aura_ws/install/aura_description/share/aura_description/environment/ament_prefix_path.dsv
[0.596s] -- Up-to-date symlink: /home/utk/aura_ws/install/aura_description/share/aura_description/environment/path.sh
[0.596s] -- Up-to-date symlink: /home/utk/aura_ws/install/aura_description/share/aura_description/environment/path.dsv
[0.596s] -- Up-to-date symlink: /home/utk/aura_ws/install/aura_description/share/aura_description/local_setup.bash
[0.596s] -- Up-to-date symlink: /home/utk/aura_ws/install/aura_description/share/aura_description/local_setup.sh
[0.596s] -- Up-to-date symlink: /home/utk/aura_ws/install/aura_description/share/aura_description/local_setup.zsh
[0.596s] -- Up-to-date symlink: /home/utk/aura_ws/install/aura_description/share/aura_description/local_setup.dsv
[0.596s] -- Symlinking: /home/utk/aura_ws/install/aura_description/share/aura_description/package.dsv
[0.601s] -- Up-to-date symlink: /home/utk/aura_ws/install/aura_description/share/ament_index/resource_index/packages/aura_description
[0.601s] -- Up-to-date symlink: /home/utk/aura_ws/install/aura_description/share/aura_description/cmake/aura_descriptionConfig.cmake
[0.601s] -- Up-to-date symlink: /home/utk/aura_ws/install/aura_description/share/aura_description/cmake/aura_descriptionConfig-version.cmake
[0.601s] -- Up-to-date symlink: /home/utk/aura_ws/install/aura_description/share/aura_description/package.xml
[0.647s] Invoked command in '/home/utk/aura_ws/build/aura_description' returned '0': CMAKE_PREFIX_PATH=${CMAKE_PREFIX_PATH}:/home/utk/aura_ws/install/aura_vision:/home/utk/aura_ws/install/aura_script:/home/utk/bumperbot_ws/install/bumperbot_vision:/home/utk/bumperbot_ws/install/bumperbot_py_examples:/opt/ros/humble /usr/bin/cmake --install /home/utk/aura_ws/build/aura_description
