[0.019s] Invoking command in '/home/utk/aura_ws/build/aura_navigation': CMAKE_PREFIX_PATH=${CMAKE_PREFIX_PATH}:/home/utk/bumperbot_ws/install/bumperbot_vision:/home/utk/bumperbot_ws/install/bumperbot_py_examples:/opt/ros/humble /usr/bin/cmake /home/utk/aura_ws/src/aura_navigation -DCMAKE_INSTALL_PREFIX=/home/utk/aura_ws/install/aura_navigation
[0.048s] -- Found ament_cmake: 1.3.11 (/opt/ros/humble/share/ament_cmake/cmake)
[0.148s] -- Override CMake install command with custom implementation using symlinks instead of copying resources
[0.166s] -- Found rclpy: 3.3.15 (/opt/ros/humble/share/rclpy/cmake)
[0.210s] -- Found ament_lint_auto: 0.12.11 (/opt/ros/humble/share/ament_lint_auto/cmake)
[0.260s] -- Added test 'flake8' to check Python code syntax and style conventions
[0.260s] -- Added test 'lint_cmake' to check CMake code style
[0.261s] -- Added test 'pep257' to check Python code against some of the docstring style conventions in PEP 257
[0.261s] -- Added test 'xmllint' to check XML markup files
[0.263s] -- Configuring done
[0.268s] -- Generating done
[0.269s] -- Build files have been written to: /home/utk/aura_ws/build/aura_navigation
[0.273s] Invoked command in '/home/utk/aura_ws/build/aura_navigation' returned '0': CMAKE_PREFIX_PATH=${CMAKE_PREFIX_PATH}:/home/utk/bumperbot_ws/install/bumperbot_vision:/home/utk/bumperbot_ws/install/bumperbot_py_examples:/opt/ros/humble /usr/bin/cmake /home/utk/aura_ws/src/aura_navigation -DCMAKE_INSTALL_PREFIX=/home/utk/aura_ws/install/aura_navigation
[0.274s] Invoking command in '/home/utk/aura_ws/build/aura_navigation': CMAKE_PREFIX_PATH=${CMAKE_PREFIX_PATH}:/home/utk/bumperbot_ws/install/bumperbot_vision:/home/utk/bumperbot_ws/install/bumperbot_py_examples:/opt/ros/humble /usr/bin/cmake --build /home/utk/aura_ws/build/aura_navigation -- -j16 -l16
[0.313s] Built target ament_cmake_python_symlink_aura_navigation
[0.512s] running egg_info
[0.513s] writing aura_navigation.egg-info/PKG-INFO
[0.513s] writing dependency_links to aura_navigation.egg-info/dependency_links.txt
[0.513s] writing top-level names to aura_navigation.egg-info/top_level.txt
[0.515s] reading manifest file 'aura_navigation.egg-info/SOURCES.txt'
[0.516s] writing manifest file 'aura_navigation.egg-info/SOURCES.txt'
[0.533s] Built target ament_cmake_python_build_aura_navigation_egg
[0.540s] Invoked command in '/home/utk/aura_ws/build/aura_navigation' returned '0': CMAKE_PREFIX_PATH=${CMAKE_PREFIX_PATH}:/home/utk/bumperbot_ws/install/bumperbot_vision:/home/utk/bumperbot_ws/install/bumperbot_py_examples:/opt/ros/humble /usr/bin/cmake --build /home/utk/aura_ws/build/aura_navigation -- -j16 -l16
[0.542s] Invoking command in '/home/utk/aura_ws/build/aura_navigation': CMAKE_PREFIX_PATH=${CMAKE_PREFIX_PATH}:/home/utk/bumperbot_ws/install/bumperbot_vision:/home/utk/bumperbot_ws/install/bumperbot_py_examples:/opt/ros/humble /usr/bin/cmake --install /home/utk/aura_ws/build/aura_navigation
[0.546s] -- Install configuration: ""
[0.547s] -- Execute custom install script
[0.547s] -- Up-to-date symlink: /home/utk/aura_ws/install/aura_navigation/share/aura_navigation/environment/pythonpath.sh
[0.547s] -- Up-to-date symlink: /home/utk/aura_ws/install/aura_navigation/share/aura_navigation/environment/pythonpath.dsv
[0.547s] -- Up-to-date symlink: /home/utk/aura_ws/install/aura_navigation/local/lib/python3.10/dist-packages/aura_navigation-0.0.0-py3.10.egg-info/PKG-INFO
[0.547s] -- Up-to-date symlink: /home/utk/aura_ws/install/aura_navigation/local/lib/python3.10/dist-packages/aura_navigation-0.0.0-py3.10.egg-info/SOURCES.txt
[0.548s] -- Up-to-date symlink: /home/utk/aura_ws/install/aura_navigation/local/lib/python3.10/dist-packages/aura_navigation-0.0.0-py3.10.egg-info/dependency_links.txt
[0.548s] -- Up-to-date symlink: /home/utk/aura_ws/install/aura_navigation/local/lib/python3.10/dist-packages/aura_navigation-0.0.0-py3.10.egg-info/top_level.txt
[0.548s] -- Up-to-date symlink: /home/utk/aura_ws/install/aura_navigation/local/lib/python3.10/dist-packages/aura_navigation/__init__.py
[0.548s] -- Up-to-date symlink: /home/utk/aura_ws/install/aura_navigation/local/lib/python3.10/dist-packages/aura_navigation/navigation.py
[0.548s] -- Up-to-date symlink: /home/utk/aura_ws/install/aura_navigation/local/lib/python3.10/dist-packages/aura_navigation/pose_estimator.py
[0.549s] -- Up-to-date symlink: /home/utk/aura_ws/install/aura_navigation/share/aura_navigation/launch/navigation.launch.py
[0.549s] -- Up-to-date symlink: /home/utk/aura_ws/install/aura_navigation/share/aura_navigation/config/nav2_params.yaml
[0.550s] -- Up-to-date symlink: /home/utk/aura_ws/install/aura_navigation/lib/aura_navigation/navigation.py
[0.550s] -- Up-to-date symlink: /home/utk/aura_ws/install/aura_navigation/lib/aura_navigation/pose_estimator.py
[0.550s] -- Up-to-date symlink: /home/utk/aura_ws/install/aura_navigation/share/ament_index/resource_index/package_run_dependencies/aura_navigation
[0.550s] -- Up-to-date symlink: /home/utk/aura_ws/install/aura_navigation/share/ament_index/resource_index/parent_prefix_path/aura_navigation
[0.551s] -- Up-to-date symlink: /home/utk/aura_ws/install/aura_navigation/share/aura_navigation/environment/ament_prefix_path.sh
[0.551s] -- Up-to-date symlink: /home/utk/aura_ws/install/aura_navigation/share/aura_navigation/environment/ament_prefix_path.dsv
[0.551s] -- Up-to-date symlink: /home/utk/aura_ws/install/aura_navigation/share/aura_navigation/environment/path.sh
[0.551s] -- Up-to-date symlink: /home/utk/aura_ws/install/aura_navigation/share/aura_navigation/environment/path.dsv
[0.551s] -- Up-to-date symlink: /home/utk/aura_ws/install/aura_navigation/share/aura_navigation/local_setup.bash
[0.552s] -- Up-to-date symlink: /home/utk/aura_ws/install/aura_navigation/share/aura_navigation/local_setup.sh
[0.552s] -- Up-to-date symlink: /home/utk/aura_ws/install/aura_navigation/share/aura_navigation/local_setup.zsh
[0.552s] -- Up-to-date symlink: /home/utk/aura_ws/install/aura_navigation/share/aura_navigation/local_setup.dsv
[0.552s] -- Symlinking: /home/utk/aura_ws/install/aura_navigation/share/aura_navigation/package.dsv
[0.559s] -- Up-to-date symlink: /home/utk/aura_ws/install/aura_navigation/share/ament_index/resource_index/packages/aura_navigation
[0.560s] -- Up-to-date symlink: /home/utk/aura_ws/install/aura_navigation/share/aura_navigation/cmake/aura_navigationConfig.cmake
[0.560s] -- Up-to-date symlink: /home/utk/aura_ws/install/aura_navigation/share/aura_navigation/cmake/aura_navigationConfig-version.cmake
[0.560s] -- Up-to-date symlink: /home/utk/aura_ws/install/aura_navigation/share/aura_navigation/package.xml
[0.584s] Listing '/home/utk/aura_ws/install/aura_navigation/local/lib/python3.10/dist-packages/aura_navigation'...
[0.584s] Compiling '/home/utk/aura_ws/install/aura_navigation/local/lib/python3.10/dist-packages/aura_navigation/pose_estimator.py'...
[0.589s] Invoked command in '/home/utk/aura_ws/build/aura_navigation' returned '0': CMAKE_PREFIX_PATH=${CMAKE_PREFIX_PATH}:/home/utk/bumperbot_ws/install/bumperbot_vision:/home/utk/bumperbot_ws/install/bumperbot_py_examples:/opt/ros/humble /usr/bin/cmake --install /home/utk/aura_ws/build/aura_navigation
