[0.021s] Invoking command in '/home/utk/aura_ws/build/aura_localization': CMAKE_PREFIX_PATH=/home/utk/aura_ws/install/aura_mapping:/home/utk/aura_ws/install/aura_msgs:/home/utk/aura_ws/install/aura_bringup:/home/utk/aura_ws/install/aura_navigation:/home/utk/aura_ws/install/aura_moveit:/home/utk/aura_ws/install/aura_localization:/home/utk/aura_ws/install/aura_description:/home/utk/aura_ws/install/aura_controller:/home/utk/bumperbot_ws/install/bumperbot_utils:/home/utk/bumperbot_ws/install/bumperbot_cpp_examples:/home/utk/bumperbot_ws/install/bumperbot_msgs:/home/utk/bumperbot_ws/install/bumperbot_bringup:/home/utk/bumperbot_ws/install/bumperbot_mapping:/home/utk/bumperbot_ws/install/bumperbot_localization:/home/utk/bumperbot_ws/install/bumperbot_firmware:/home/utk/bumperbot_ws/install/bumperbot_description:/home/utk/bumperbot_ws/install/bumperbot_controller:/home/utk/aura_ws/install/aura_vision:/home/utk/aura_ws/install/aura_script:/home/utk/bumperbot_ws/install/bumperbot_vision:/home/utk/bumperbot_ws/install/bumperbot_py_examples:/opt/ros/humble /usr/bin/cmake /home/utk/aura_ws/src/aura_localization -DCMAKE_INSTALL_PREFIX=/home/utk/aura_ws/install/aura_localization
[0.077s] -- The C compiler identification is GNU 11.4.0
[0.130s] -- The CXX compiler identification is GNU 11.4.0
[0.136s] -- Detecting C compiler ABI info
[0.198s] -- Detecting C compiler ABI info - done
[0.204s] -- Check for working C compiler: /usr/bin/cc - skipped
[0.204s] -- Detecting C compile features
[0.204s] -- Detecting C compile features - done
[0.207s] -- Detecting CXX compiler ABI info
[0.285s] -- Detecting CXX compiler ABI info - done
[0.292s] -- Check for working CXX compiler: /usr/bin/c++ - skipped
[0.292s] -- Detecting CXX compile features
[0.293s] -- Detecting CXX compile features - done
[0.296s] -- Found ament_cmake: 1.3.11 (/opt/ros/humble/share/ament_cmake/cmake)
[0.498s] -- Found Python3: /usr/bin/python3 (found version "3.10.12") found components: Interpreter 
[0.639s] -- Found ament_lint_auto: 0.12.11 (/opt/ros/humble/share/ament_lint_auto/cmake)
[0.735s] -- Added test 'flake8' to check Python code syntax and style conventions
[0.736s] -- Added test 'lint_cmake' to check CMake code style
[0.737s] -- Added test 'pep257' to check Python code against some of the docstring style conventions in PEP 257
[0.738s] -- Added test 'xmllint' to check XML markup files
[0.739s] -- Configuring done
[0.742s] -- Generating done
[0.743s] -- Build files have been written to: /home/utk/aura_ws/build/aura_localization
[0.748s] Invoked command in '/home/utk/aura_ws/build/aura_localization' returned '0': CMAKE_PREFIX_PATH=/home/utk/aura_ws/install/aura_mapping:/home/utk/aura_ws/install/aura_msgs:/home/utk/aura_ws/install/aura_bringup:/home/utk/aura_ws/install/aura_navigation:/home/utk/aura_ws/install/aura_moveit:/home/utk/aura_ws/install/aura_localization:/home/utk/aura_ws/install/aura_description:/home/utk/aura_ws/install/aura_controller:/home/utk/bumperbot_ws/install/bumperbot_utils:/home/utk/bumperbot_ws/install/bumperbot_cpp_examples:/home/utk/bumperbot_ws/install/bumperbot_msgs:/home/utk/bumperbot_ws/install/bumperbot_bringup:/home/utk/bumperbot_ws/install/bumperbot_mapping:/home/utk/bumperbot_ws/install/bumperbot_localization:/home/utk/bumperbot_ws/install/bumperbot_firmware:/home/utk/bumperbot_ws/install/bumperbot_description:/home/utk/bumperbot_ws/install/bumperbot_controller:/home/utk/aura_ws/install/aura_vision:/home/utk/aura_ws/install/aura_script:/home/utk/bumperbot_ws/install/bumperbot_vision:/home/utk/bumperbot_ws/install/bumperbot_py_examples:/opt/ros/humble /usr/bin/cmake /home/utk/aura_ws/src/aura_localization -DCMAKE_INSTALL_PREFIX=/home/utk/aura_ws/install/aura_localization
[0.749s] Invoking command in '/home/utk/aura_ws/build/aura_localization': CMAKE_PREFIX_PATH=/home/utk/aura_ws/install/aura_mapping:/home/utk/aura_ws/install/aura_msgs:/home/utk/aura_ws/install/aura_bringup:/home/utk/aura_ws/install/aura_navigation:/home/utk/aura_ws/install/aura_moveit:/home/utk/aura_ws/install/aura_localization:/home/utk/aura_ws/install/aura_description:/home/utk/aura_ws/install/aura_controller:/home/utk/bumperbot_ws/install/bumperbot_utils:/home/utk/bumperbot_ws/install/bumperbot_cpp_examples:/home/utk/bumperbot_ws/install/bumperbot_msgs:/home/utk/bumperbot_ws/install/bumperbot_bringup:/home/utk/bumperbot_ws/install/bumperbot_mapping:/home/utk/bumperbot_ws/install/bumperbot_localization:/home/utk/bumperbot_ws/install/bumperbot_firmware:/home/utk/bumperbot_ws/install/bumperbot_description:/home/utk/bumperbot_ws/install/bumperbot_controller:/home/utk/aura_ws/install/aura_vision:/home/utk/aura_ws/install/aura_script:/home/utk/bumperbot_ws/install/bumperbot_vision:/home/utk/bumperbot_ws/install/bumperbot_py_examples:/opt/ros/humble /usr/bin/cmake --build /home/utk/aura_ws/build/aura_localization -- -j16 -l16
[0.793s] Invoked command in '/home/utk/aura_ws/build/aura_localization' returned '0': CMAKE_PREFIX_PATH=/home/utk/aura_ws/install/aura_mapping:/home/utk/aura_ws/install/aura_msgs:/home/utk/aura_ws/install/aura_bringup:/home/utk/aura_ws/install/aura_navigation:/home/utk/aura_ws/install/aura_moveit:/home/utk/aura_ws/install/aura_localization:/home/utk/aura_ws/install/aura_description:/home/utk/aura_ws/install/aura_controller:/home/utk/bumperbot_ws/install/bumperbot_utils:/home/utk/bumperbot_ws/install/bumperbot_cpp_examples:/home/utk/bumperbot_ws/install/bumperbot_msgs:/home/utk/bumperbot_ws/install/bumperbot_bringup:/home/utk/bumperbot_ws/install/bumperbot_mapping:/home/utk/bumperbot_ws/install/bumperbot_localization:/home/utk/bumperbot_ws/install/bumperbot_firmware:/home/utk/bumperbot_ws/install/bumperbot_description:/home/utk/bumperbot_ws/install/bumperbot_controller:/home/utk/aura_ws/install/aura_vision:/home/utk/aura_ws/install/aura_script:/home/utk/bumperbot_ws/install/bumperbot_vision:/home/utk/bumperbot_ws/install/bumperbot_py_examples:/opt/ros/humble /usr/bin/cmake --build /home/utk/aura_ws/build/aura_localization -- -j16 -l16
[0.794s] Invoking command in '/home/utk/aura_ws/build/aura_localization': CMAKE_PREFIX_PATH=/home/utk/aura_ws/install/aura_mapping:/home/utk/aura_ws/install/aura_msgs:/home/utk/aura_ws/install/aura_bringup:/home/utk/aura_ws/install/aura_navigation:/home/utk/aura_ws/install/aura_moveit:/home/utk/aura_ws/install/aura_localization:/home/utk/aura_ws/install/aura_description:/home/utk/aura_ws/install/aura_controller:/home/utk/bumperbot_ws/install/bumperbot_utils:/home/utk/bumperbot_ws/install/bumperbot_cpp_examples:/home/utk/bumperbot_ws/install/bumperbot_msgs:/home/utk/bumperbot_ws/install/bumperbot_bringup:/home/utk/bumperbot_ws/install/bumperbot_mapping:/home/utk/bumperbot_ws/install/bumperbot_localization:/home/utk/bumperbot_ws/install/bumperbot_firmware:/home/utk/bumperbot_ws/install/bumperbot_description:/home/utk/bumperbot_ws/install/bumperbot_controller:/home/utk/aura_ws/install/aura_vision:/home/utk/aura_ws/install/aura_script:/home/utk/bumperbot_ws/install/bumperbot_vision:/home/utk/bumperbot_ws/install/bumperbot_py_examples:/opt/ros/humble /usr/bin/cmake --install /home/utk/aura_ws/build/aura_localization
[0.802s] -- Install configuration: ""
[0.803s] -- Installing: /home/utk/aura_ws/install/aura_localization/share/aura_localization/launch
[0.803s] -- Installing: /home/utk/aura_ws/install/aura_localization/share/aura_localization/launch/global_localization.launch.py
[0.803s] -- Installing: /home/utk/aura_ws/install/aura_localization/share/aura_localization/config
[0.803s] -- Installing: /home/utk/aura_ws/install/aura_localization/share/aura_localization/config/amcl.yaml
[0.803s] -- Installing: /home/utk/aura_ws/install/aura_localization/share/aura_localization/rviz
[0.803s] -- Installing: /home/utk/aura_ws/install/aura_localization/share/aura_localization/rviz/global_localization.rviz
[0.804s] -- Installing: /home/utk/aura_ws/install/aura_localization/share/ament_index/resource_index/package_run_dependencies/aura_localization
[0.804s] -- Installing: /home/utk/aura_ws/install/aura_localization/share/ament_index/resource_index/parent_prefix_path/aura_localization
[0.804s] -- Installing: /home/utk/aura_ws/install/aura_localization/share/aura_localization/environment/ament_prefix_path.sh
[0.805s] -- Installing: /home/utk/aura_ws/install/aura_localization/share/aura_localization/environment/ament_prefix_path.dsv
[0.805s] -- Installing: /home/utk/aura_ws/install/aura_localization/share/aura_localization/environment/path.sh
[0.805s] -- Installing: /home/utk/aura_ws/install/aura_localization/share/aura_localization/environment/path.dsv
[0.805s] -- Installing: /home/utk/aura_ws/install/aura_localization/share/aura_localization/local_setup.bash
[0.805s] -- Installing: /home/utk/aura_ws/install/aura_localization/share/aura_localization/local_setup.sh
[0.805s] -- Installing: /home/utk/aura_ws/install/aura_localization/share/aura_localization/local_setup.zsh
[0.805s] -- Installing: /home/utk/aura_ws/install/aura_localization/share/aura_localization/local_setup.dsv
[0.805s] -- Installing: /home/utk/aura_ws/install/aura_localization/share/aura_localization/package.dsv
[0.805s] -- Installing: /home/utk/aura_ws/install/aura_localization/share/ament_index/resource_index/packages/aura_localization
[0.806s] -- Installing: /home/utk/aura_ws/install/aura_localization/share/aura_localization/cmake/aura_localizationConfig.cmake
[0.806s] -- Installing: /home/utk/aura_ws/install/aura_localization/share/aura_localization/cmake/aura_localizationConfig-version.cmake
[0.806s] -- Installing: /home/utk/aura_ws/install/aura_localization/share/aura_localization/package.xml
[0.808s] Invoked command in '/home/utk/aura_ws/build/aura_localization' returned '0': CMAKE_PREFIX_PATH=/home/utk/aura_ws/install/aura_mapping:/home/utk/aura_ws/install/aura_msgs:/home/utk/aura_ws/install/aura_bringup:/home/utk/aura_ws/install/aura_navigation:/home/utk/aura_ws/install/aura_moveit:/home/utk/aura_ws/install/aura_localization:/home/utk/aura_ws/install/aura_description:/home/utk/aura_ws/install/aura_controller:/home/utk/bumperbot_ws/install/bumperbot_utils:/home/utk/bumperbot_ws/install/bumperbot_cpp_examples:/home/utk/bumperbot_ws/install/bumperbot_msgs:/home/utk/bumperbot_ws/install/bumperbot_bringup:/home/utk/bumperbot_ws/install/bumperbot_mapping:/home/utk/bumperbot_ws/install/bumperbot_localization:/home/utk/bumperbot_ws/install/bumperbot_firmware:/home/utk/bumperbot_ws/install/bumperbot_description:/home/utk/bumperbot_ws/install/bumperbot_controller:/home/utk/aura_ws/install/aura_vision:/home/utk/aura_ws/install/aura_script:/home/utk/bumperbot_ws/install/bumperbot_vision:/home/utk/bumperbot_ws/install/bumperbot_py_examples:/opt/ros/humble /usr/bin/cmake --install /home/utk/aura_ws/build/aura_localization
