[0.026s] Invoking command in '/home/utk/aura_ws/build/aura_msgs': CMAKE_PREFIX_PATH=${CMAKE_PREFIX_PATH}:/home/utk/aura_ws/install/aura_vision:/home/utk/aura_ws/install/aura_script:/home/utk/bumperbot_ws/install/bumperbot_vision:/home/utk/bumperbot_ws/install/bumperbot_py_examples:/opt/ros/humble /usr/bin/cmake --build /home/utk/aura_ws/build/aura_msgs -- -j16 -l16
[0.284s] [  3%] Built target aura_msgs__cpp
[0.284s] [ 12%] Built target aura_msgs__rosidl_generator_c
[0.284s] [ 12%] Built target ament_cmake_python_copy_aura_msgs
[0.284s] [ 22%] Built target aura_msgs__rosidl_typesupport_cpp
[0.284s] [ 32%] Built target aura_msgs__rosidl_typesupport_c
[0.285s] [ 41%] Built target aura_msgs__rosidl_typesupport_introspection_cpp
[0.285s] [ 51%] Built target aura_msgs__rosidl_typesupport_fastrtps_cpp
[0.285s] [ 61%] Built target aura_msgs__rosidl_typesupport_introspection_c
[0.285s] [ 70%] Built target aura_msgs__rosidl_typesupport_fastrtps_c
[0.285s] [ 70%] Built target aura_msgs
[0.285s] [ 74%] Built target aura_msgs__py
[0.285s] [ 80%] Built target aura_msgs__rosidl_generator_py
[0.285s] [100%] Built target aura_msgs__rosidl_typesupport_c__pyext
[0.285s] [100%] Built target aura_msgs__rosidl_typesupport_introspection_c__pyext
[0.285s] [100%] Built target aura_msgs__rosidl_typesupport_fastrtps_c__pyext
[0.322s] running egg_info
[0.323s] writing aura_msgs.egg-info/PKG-INFO
[0.323s] writing dependency_links to aura_msgs.egg-info/dependency_links.txt
[0.324s] writing top-level names to aura_msgs.egg-info/top_level.txt
[0.326s] reading manifest file 'aura_msgs.egg-info/SOURCES.txt'
[0.327s] writing manifest file 'aura_msgs.egg-info/SOURCES.txt'
[0.353s] [100%] Built target ament_cmake_python_build_aura_msgs_egg
[0.524s] Invoked command in '/home/utk/aura_ws/build/aura_msgs' returned '0': CMAKE_PREFIX_PATH=${CMAKE_PREFIX_PATH}:/home/utk/aura_ws/install/aura_vision:/home/utk/aura_ws/install/aura_script:/home/utk/bumperbot_ws/install/bumperbot_vision:/home/utk/bumperbot_ws/install/bumperbot_py_examples:/opt/ros/humble /usr/bin/cmake --build /home/utk/aura_ws/build/aura_msgs -- -j16 -l16
[0.525s] Invoking command in '/home/utk/aura_ws/build/aura_msgs': CMAKE_PREFIX_PATH=${CMAKE_PREFIX_PATH}:/home/utk/aura_ws/install/aura_vision:/home/utk/aura_ws/install/aura_script:/home/utk/bumperbot_ws/install/bumperbot_vision:/home/utk/bumperbot_ws/install/bumperbot_py_examples:/opt/ros/humble /usr/bin/cmake --install /home/utk/aura_ws/build/aura_msgs
[0.607s] -- Install configuration: ""
[0.607s] -- Up-to-date: /home/utk/aura_ws/install/aura_msgs/share/ament_index/resource_index/rosidl_interfaces/aura_msgs
[0.608s] -- Up-to-date: /home/utk/aura_ws/install/aura_msgs/include/aura_msgs/aura_msgs
[0.608s] -- Up-to-date: /home/utk/aura_ws/install/aura_msgs/include/aura_msgs/aura_msgs/msg
[0.608s] -- Up-to-date: /home/utk/aura_ws/install/aura_msgs/include/aura_msgs/aura_msgs/msg/rosidl_generator_c__visibility_control.h
[0.608s] -- Up-to-date: /home/utk/aura_ws/install/aura_msgs/include/aura_msgs/aura_msgs/action
[0.608s] -- Up-to-date: /home/utk/aura_ws/install/aura_msgs/include/aura_msgs/aura_msgs/action/aura_task.h
[0.608s] -- Up-to-date: /home/utk/aura_ws/install/aura_msgs/include/aura_msgs/aura_msgs/action/detail
[0.608s] -- Up-to-date: /home/utk/aura_ws/install/aura_msgs/include/aura_msgs/aura_msgs/action/detail/aura_task__struct.h
[0.608s] -- Up-to-date: /home/utk/aura_ws/install/aura_msgs/include/aura_msgs/aura_msgs/action/detail/aura_task__functions.c
[0.608s] -- Up-to-date: /home/utk/aura_ws/install/aura_msgs/include/aura_msgs/aura_msgs/action/detail/aura_task__type_support.h
[0.608s] -- Up-to-date: /home/utk/aura_ws/install/aura_msgs/include/aura_msgs/aura_msgs/action/detail/aura_task__functions.h
[0.608s] -- Up-to-date: /home/utk/aura_ws/install/aura_msgs/share/aura_msgs/environment/library_path.sh
[0.609s] -- Up-to-date: /home/utk/aura_ws/install/aura_msgs/share/aura_msgs/environment/library_path.dsv
[0.609s] -- Up-to-date: /home/utk/aura_ws/install/aura_msgs/lib/libaura_msgs__rosidl_generator_c.so
[0.609s] -- Up-to-date: /home/utk/aura_ws/install/aura_msgs/include/aura_msgs/aura_msgs
[0.609s] -- Up-to-date: /home/utk/aura_ws/install/aura_msgs/include/aura_msgs/aura_msgs/msg
[0.609s] -- Up-to-date: /home/utk/aura_ws/install/aura_msgs/include/aura_msgs/aura_msgs/msg/rosidl_typesupport_fastrtps_c__visibility_control.h
[0.609s] -- Up-to-date: /home/utk/aura_ws/install/aura_msgs/include/aura_msgs/aura_msgs/action
[0.609s] -- Up-to-date: /home/utk/aura_ws/install/aura_msgs/include/aura_msgs/aura_msgs/action/detail
[0.610s] -- Up-to-date: /home/utk/aura_ws/install/aura_msgs/include/aura_msgs/aura_msgs/action/detail/aura_task__rosidl_typesupport_fastrtps_c.h
[0.610s] -- Up-to-date: /home/utk/aura_ws/install/aura_msgs/lib/libaura_msgs__rosidl_typesupport_fastrtps_c.so
[0.610s] -- Up-to-date: /home/utk/aura_ws/install/aura_msgs/include/aura_msgs/aura_msgs
[0.610s] -- Up-to-date: /home/utk/aura_ws/install/aura_msgs/include/aura_msgs/aura_msgs/msg
[0.610s] -- Up-to-date: /home/utk/aura_ws/install/aura_msgs/include/aura_msgs/aura_msgs/msg/rosidl_generator_cpp__visibility_control.hpp
[0.610s] -- Up-to-date: /home/utk/aura_ws/install/aura_msgs/include/aura_msgs/aura_msgs/action
[0.610s] -- Up-to-date: /home/utk/aura_ws/install/aura_msgs/include/aura_msgs/aura_msgs/action/detail
[0.610s] -- Up-to-date: /home/utk/aura_ws/install/aura_msgs/include/aura_msgs/aura_msgs/action/detail/aura_task__type_support.hpp
[0.610s] -- Up-to-date: /home/utk/aura_ws/install/aura_msgs/include/aura_msgs/aura_msgs/action/detail/aura_task__builder.hpp
[0.611s] -- Up-to-date: /home/utk/aura_ws/install/aura_msgs/include/aura_msgs/aura_msgs/action/detail/aura_task__traits.hpp
[0.611s] -- Up-to-date: /home/utk/aura_ws/install/aura_msgs/include/aura_msgs/aura_msgs/action/detail/aura_task__struct.hpp
[0.611s] -- Up-to-date: /home/utk/aura_ws/install/aura_msgs/include/aura_msgs/aura_msgs/action/aura_task.hpp
[0.611s] -- Up-to-date: /home/utk/aura_ws/install/aura_msgs/include/aura_msgs/aura_msgs
[0.611s] -- Up-to-date: /home/utk/aura_ws/install/aura_msgs/include/aura_msgs/aura_msgs/msg
[0.611s] -- Up-to-date: /home/utk/aura_ws/install/aura_msgs/include/aura_msgs/aura_msgs/msg/rosidl_typesupport_fastrtps_cpp__visibility_control.h
[0.611s] -- Up-to-date: /home/utk/aura_ws/install/aura_msgs/include/aura_msgs/aura_msgs/action
[0.611s] -- Up-to-date: /home/utk/aura_ws/install/aura_msgs/include/aura_msgs/aura_msgs/action/detail
[0.611s] -- Up-to-date: /home/utk/aura_ws/install/aura_msgs/include/aura_msgs/aura_msgs/action/detail/aura_task__rosidl_typesupport_fastrtps_cpp.hpp
[0.611s] -- Up-to-date: /home/utk/aura_ws/install/aura_msgs/include/aura_msgs/aura_msgs/action/detail/dds_fastrtps
[0.616s] -- Up-to-date: /home/utk/aura_ws/install/aura_msgs/lib/libaura_msgs__rosidl_typesupport_fastrtps_cpp.so
[0.616s] -- Up-to-date: /home/utk/aura_ws/install/aura_msgs/include/aura_msgs/aura_msgs
[0.617s] -- Up-to-date: /home/utk/aura_ws/install/aura_msgs/include/aura_msgs/aura_msgs/msg
[0.617s] -- Up-to-date: /home/utk/aura_ws/install/aura_msgs/include/aura_msgs/aura_msgs/msg/rosidl_typesupport_introspection_c__visibility_control.h
[0.617s] -- Up-to-date: /home/utk/aura_ws/install/aura_msgs/include/aura_msgs/aura_msgs/action
[0.617s] -- Up-to-date: /home/utk/aura_ws/install/aura_msgs/include/aura_msgs/aura_msgs/action/detail
[0.617s] -- Up-to-date: /home/utk/aura_ws/install/aura_msgs/include/aura_msgs/aura_msgs/action/detail/aura_task__type_support.c
[0.617s] -- Up-to-date: /home/utk/aura_ws/install/aura_msgs/include/aura_msgs/aura_msgs/action/detail/aura_task__rosidl_typesupport_introspection_c.h
[0.619s] -- Up-to-date: /home/utk/aura_ws/install/aura_msgs/lib/libaura_msgs__rosidl_typesupport_introspection_c.so
[0.621s] -- Up-to-date: /home/utk/aura_ws/install/aura_msgs/lib/libaura_msgs__rosidl_typesupport_c.so
[0.623s] -- Up-to-date: /home/utk/aura_ws/install/aura_msgs/include/aura_msgs/aura_msgs
[0.623s] -- Up-to-date: /home/utk/aura_ws/install/aura_msgs/include/aura_msgs/aura_msgs/action
[0.623s] -- Up-to-date: /home/utk/aura_ws/install/aura_msgs/include/aura_msgs/aura_msgs/action/detail
[0.623s] -- Up-to-date: /home/utk/aura_ws/install/aura_msgs/include/aura_msgs/aura_msgs/action/detail/aura_task__rosidl_typesupport_introspection_cpp.hpp
[0.623s] -- Up-to-date: /home/utk/aura_ws/install/aura_msgs/include/aura_msgs/aura_msgs/action/detail/aura_task__type_support.cpp
[0.623s] -- Up-to-date: /home/utk/aura_ws/install/aura_msgs/lib/libaura_msgs__rosidl_typesupport_introspection_cpp.so
[0.624s] -- Up-to-date: /home/utk/aura_ws/install/aura_msgs/lib/libaura_msgs__rosidl_typesupport_cpp.so
[0.625s] -- Up-to-date: /home/utk/aura_ws/install/aura_msgs/share/aura_msgs/environment/pythonpath.sh
[0.625s] -- Up-to-date: /home/utk/aura_ws/install/aura_msgs/share/aura_msgs/environment/pythonpath.dsv
[0.625s] -- Up-to-date: /home/utk/aura_ws/install/aura_msgs/local/lib/python3.10/dist-packages/aura_msgs-0.0.0-py3.10.egg-info
[0.626s] -- Installing: /home/utk/aura_ws/install/aura_msgs/local/lib/python3.10/dist-packages/aura_msgs-0.0.0-py3.10.egg-info/top_level.txt
[0.626s] -- Installing: /home/utk/aura_ws/install/aura_msgs/local/lib/python3.10/dist-packages/aura_msgs-0.0.0-py3.10.egg-info/dependency_links.txt
[0.627s] -- Installing: /home/utk/aura_ws/install/aura_msgs/local/lib/python3.10/dist-packages/aura_msgs-0.0.0-py3.10.egg-info/SOURCES.txt
[0.627s] -- Installing: /home/utk/aura_ws/install/aura_msgs/local/lib/python3.10/dist-packages/aura_msgs-0.0.0-py3.10.egg-info/PKG-INFO
[0.627s] -- Up-to-date: /home/utk/aura_ws/install/aura_msgs/local/lib/python3.10/dist-packages/aura_msgs
[0.627s] -- Up-to-date: /home/utk/aura_ws/install/aura_msgs/local/lib/python3.10/dist-packages/aura_msgs/__init__.py
[0.627s] -- Up-to-date: /home/utk/aura_ws/install/aura_msgs/local/lib/python3.10/dist-packages/aura_msgs/_aura_msgs_s.ep.rosidl_typesupport_c.c
[0.627s] -- Up-to-date: /home/utk/aura_ws/install/aura_msgs/local/lib/python3.10/dist-packages/aura_msgs/libaura_msgs__rosidl_generator_py.so
[0.627s] -- Up-to-date: /home/utk/aura_ws/install/aura_msgs/local/lib/python3.10/dist-packages/aura_msgs/_aura_msgs_s.ep.rosidl_typesupport_fastrtps_c.c
[0.627s] -- Up-to-date: /home/utk/aura_ws/install/aura_msgs/local/lib/python3.10/dist-packages/aura_msgs/action
[0.627s] -- Up-to-date: /home/utk/aura_ws/install/aura_msgs/local/lib/python3.10/dist-packages/aura_msgs/action/__init__.py
[0.627s] -- Up-to-date: /home/utk/aura_ws/install/aura_msgs/local/lib/python3.10/dist-packages/aura_msgs/action/_aura_task.py
[0.627s] -- Up-to-date: /home/utk/aura_ws/install/aura_msgs/local/lib/python3.10/dist-packages/aura_msgs/action/_aura_task_s.c
[0.627s] -- Up-to-date: /home/utk/aura_ws/install/aura_msgs/local/lib/python3.10/dist-packages/aura_msgs/_aura_msgs_s.ep.rosidl_typesupport_introspection_c.c
[0.627s] -- Up-to-date: /home/utk/aura_ws/install/aura_msgs/local/lib/python3.10/dist-packages/aura_msgs/aura_msgs_s__rosidl_typesupport_c.cpython-310-x86_64-linux-gnu.so
[0.628s] -- Up-to-date: /home/utk/aura_ws/install/aura_msgs/local/lib/python3.10/dist-packages/aura_msgs/aura_msgs_s__rosidl_typesupport_fastrtps_c.cpython-310-x86_64-linux-gnu.so
[0.628s] -- Up-to-date: /home/utk/aura_ws/install/aura_msgs/local/lib/python3.10/dist-packages/aura_msgs/aura_msgs_s__rosidl_typesupport_introspection_c.cpython-310-x86_64-linux-gnu.so
[0.636s] Listing '/home/utk/aura_ws/install/aura_msgs/local/lib/python3.10/dist-packages/aura_msgs'...
[0.636s] Listing '/home/utk/aura_ws/install/aura_msgs/local/lib/python3.10/dist-packages/aura_msgs/action'...
[0.637s] -- Up-to-date: /home/utk/aura_ws/install/aura_msgs/local/lib/python3.10/dist-packages/aura_msgs/aura_msgs_s__rosidl_typesupport_fastrtps_c.cpython-310-x86_64-linux-gnu.so
[0.637s] -- Up-to-date: /home/utk/aura_ws/install/aura_msgs/local/lib/python3.10/dist-packages/aura_msgs/aura_msgs_s__rosidl_typesupport_introspection_c.cpython-310-x86_64-linux-gnu.so
[0.638s] -- Up-to-date: /home/utk/aura_ws/install/aura_msgs/local/lib/python3.10/dist-packages/aura_msgs/aura_msgs_s__rosidl_typesupport_c.cpython-310-x86_64-linux-gnu.so
[0.638s] -- Up-to-date: /home/utk/aura_ws/install/aura_msgs/lib/libaura_msgs__rosidl_generator_py.so
[0.638s] -- Up-to-date: /home/utk/aura_ws/install/aura_msgs/share/aura_msgs/action/AuraTask.idl
[0.638s] -- Up-to-date: /home/utk/aura_ws/install/aura_msgs/share/aura_msgs/action/AuraTask.action
[0.638s] -- Up-to-date: /home/utk/aura_ws/install/aura_msgs/share/ament_index/resource_index/package_run_dependencies/aura_msgs
[0.638s] -- Up-to-date: /home/utk/aura_ws/install/aura_msgs/share/ament_index/resource_index/parent_prefix_path/aura_msgs
[0.638s] -- Up-to-date: /home/utk/aura_ws/install/aura_msgs/share/aura_msgs/environment/ament_prefix_path.sh
[0.638s] -- Up-to-date: /home/utk/aura_ws/install/aura_msgs/share/aura_msgs/environment/ament_prefix_path.dsv
[0.638s] -- Up-to-date: /home/utk/aura_ws/install/aura_msgs/share/aura_msgs/environment/path.sh
[0.638s] -- Up-to-date: /home/utk/aura_ws/install/aura_msgs/share/aura_msgs/environment/path.dsv
[0.638s] -- Up-to-date: /home/utk/aura_ws/install/aura_msgs/share/aura_msgs/local_setup.bash
[0.638s] -- Up-to-date: /home/utk/aura_ws/install/aura_msgs/share/aura_msgs/local_setup.sh
[0.638s] -- Up-to-date: /home/utk/aura_ws/install/aura_msgs/share/aura_msgs/local_setup.zsh
[0.638s] -- Up-to-date: /home/utk/aura_ws/install/aura_msgs/share/aura_msgs/local_setup.dsv
[0.638s] -- Installing: /home/utk/aura_ws/install/aura_msgs/share/aura_msgs/package.dsv
[0.638s] -- Up-to-date: /home/utk/aura_ws/install/aura_msgs/share/ament_index/resource_index/packages/aura_msgs
[0.638s] -- Up-to-date: /home/utk/aura_ws/install/aura_msgs/share/aura_msgs/cmake/export_aura_msgs__rosidl_generator_cExport.cmake
[0.638s] -- Up-to-date: /home/utk/aura_ws/install/aura_msgs/share/aura_msgs/cmake/export_aura_msgs__rosidl_generator_cExport-noconfig.cmake
[0.639s] -- Up-to-date: /home/utk/aura_ws/install/aura_msgs/share/aura_msgs/cmake/export_aura_msgs__rosidl_typesupport_fastrtps_cExport.cmake
[0.639s] -- Up-to-date: /home/utk/aura_ws/install/aura_msgs/share/aura_msgs/cmake/export_aura_msgs__rosidl_typesupport_fastrtps_cExport-noconfig.cmake
[0.639s] -- Up-to-date: /home/utk/aura_ws/install/aura_msgs/share/aura_msgs/cmake/export_aura_msgs__rosidl_generator_cppExport.cmake
[0.639s] -- Up-to-date: /home/utk/aura_ws/install/aura_msgs/share/aura_msgs/cmake/export_aura_msgs__rosidl_typesupport_fastrtps_cppExport.cmake
[0.639s] -- Up-to-date: /home/utk/aura_ws/install/aura_msgs/share/aura_msgs/cmake/export_aura_msgs__rosidl_typesupport_fastrtps_cppExport-noconfig.cmake
[0.639s] -- Up-to-date: /home/utk/aura_ws/install/aura_msgs/share/aura_msgs/cmake/aura_msgs__rosidl_typesupport_introspection_cExport.cmake
[0.639s] -- Up-to-date: /home/utk/aura_ws/install/aura_msgs/share/aura_msgs/cmake/aura_msgs__rosidl_typesupport_introspection_cExport-noconfig.cmake
[0.639s] -- Up-to-date: /home/utk/aura_ws/install/aura_msgs/share/aura_msgs/cmake/aura_msgs__rosidl_typesupport_cExport.cmake
[0.639s] -- Up-to-date: /home/utk/aura_ws/install/aura_msgs/share/aura_msgs/cmake/aura_msgs__rosidl_typesupport_cExport-noconfig.cmake
[0.639s] -- Up-to-date: /home/utk/aura_ws/install/aura_msgs/share/aura_msgs/cmake/aura_msgs__rosidl_typesupport_introspection_cppExport.cmake
[0.639s] -- Up-to-date: /home/utk/aura_ws/install/aura_msgs/share/aura_msgs/cmake/aura_msgs__rosidl_typesupport_introspection_cppExport-noconfig.cmake
[0.639s] -- Up-to-date: /home/utk/aura_ws/install/aura_msgs/share/aura_msgs/cmake/aura_msgs__rosidl_typesupport_cppExport.cmake
[0.639s] -- Up-to-date: /home/utk/aura_ws/install/aura_msgs/share/aura_msgs/cmake/aura_msgs__rosidl_typesupport_cppExport-noconfig.cmake
[0.639s] -- Up-to-date: /home/utk/aura_ws/install/aura_msgs/share/aura_msgs/cmake/export_aura_msgs__rosidl_generator_pyExport.cmake
[0.639s] -- Up-to-date: /home/utk/aura_ws/install/aura_msgs/share/aura_msgs/cmake/export_aura_msgs__rosidl_generator_pyExport-noconfig.cmake
[0.640s] -- Up-to-date: /home/utk/aura_ws/install/aura_msgs/share/aura_msgs/cmake/rosidl_cmake-extras.cmake
[0.640s] -- Up-to-date: /home/utk/aura_ws/install/aura_msgs/share/aura_msgs/cmake/ament_cmake_export_dependencies-extras.cmake
[0.640s] -- Up-to-date: /home/utk/aura_ws/install/aura_msgs/share/aura_msgs/cmake/ament_cmake_export_include_directories-extras.cmake
[0.640s] -- Up-to-date: /home/utk/aura_ws/install/aura_msgs/share/aura_msgs/cmake/ament_cmake_export_libraries-extras.cmake
[0.640s] -- Up-to-date: /home/utk/aura_ws/install/aura_msgs/share/aura_msgs/cmake/ament_cmake_export_targets-extras.cmake
[0.640s] -- Up-to-date: /home/utk/aura_ws/install/aura_msgs/share/aura_msgs/cmake/rosidl_cmake_export_typesupport_targets-extras.cmake
[0.640s] -- Up-to-date: /home/utk/aura_ws/install/aura_msgs/share/aura_msgs/cmake/rosidl_cmake_export_typesupport_libraries-extras.cmake
[0.640s] -- Up-to-date: /home/utk/aura_ws/install/aura_msgs/share/aura_msgs/cmake/aura_msgsConfig.cmake
[0.640s] -- Up-to-date: /home/utk/aura_ws/install/aura_msgs/share/aura_msgs/cmake/aura_msgsConfig-version.cmake
[0.640s] -- Up-to-date: /home/utk/aura_ws/install/aura_msgs/share/aura_msgs/package.xml
[0.653s] Invoked command in '/home/utk/aura_ws/build/aura_msgs' returned '0': CMAKE_PREFIX_PATH=${CMAKE_PREFIX_PATH}:/home/utk/aura_ws/install/aura_vision:/home/utk/aura_ws/install/aura_script:/home/utk/bumperbot_ws/install/bumperbot_vision:/home/utk/bumperbot_ws/install/bumperbot_py_examples:/opt/ros/humble /usr/bin/cmake --install /home/utk/aura_ws/build/aura_msgs
