[0.007s] Invoking command in '/home/utk/aura_ws/build/aura_description': CMAKE_PREFIX_PATH=${CMAKE_PREFIX_PATH}:/home/utk/bumperbot_ws/install/bumperbot_vision:/home/utk/bumperbot_ws/install/bumperbot_py_examples:/opt/ros/humble /usr/bin/cmake /home/utk/aura_ws/src/aura_description -DAMENT_CMAKE_SYMLINK_INSTALL=1 -DCMAKE_INSTALL_PREFIX=/home/utk/aura_ws/install/aura_description
[0.016s] -- Found ament_cmake: 1.3.11 (/opt/ros/humble/share/ament_cmake/cmake)
[0.092s] -- Override CMake install command with custom implementation using symlinks instead of copying resources
[0.098s] -- Found ament_lint_auto: 0.12.11 (/opt/ros/humble/share/ament_lint_auto/cmake)
[0.162s] -- Added test 'flake8' to check Python code syntax and style conventions
[0.167s] -- Added test 'lint_cmake' to check CMake code style
[0.169s] -- Added test 'pep257' to check Python code against some of the docstring style conventions in PEP 257
[0.188s] -- Added test 'xmllint' to check XML markup files
[0.188s] -- Configuring done
[0.190s] -- Generating done
[0.191s] -- Build files have been written to: /home/utk/aura_ws/build/aura_description
[0.194s] Invoked command in '/home/utk/aura_ws/build/aura_description' returned '0': CMAKE_PREFIX_PATH=${CMAKE_PREFIX_PATH}:/home/utk/bumperbot_ws/install/bumperbot_vision:/home/utk/bumperbot_ws/install/bumperbot_py_examples:/opt/ros/humble /usr/bin/cmake /home/utk/aura_ws/src/aura_description -DAMENT_CMAKE_SYMLINK_INSTALL=1 -DCMAKE_INSTALL_PREFIX=/home/utk/aura_ws/install/aura_description
[0.194s] Invoking command in '/home/utk/aura_ws/build/aura_description': CMAKE_PREFIX_PATH=${CMAKE_PREFIX_PATH}:/home/utk/bumperbot_ws/install/bumperbot_vision:/home/utk/bumperbot_ws/install/bumperbot_py_examples:/opt/ros/humble /usr/bin/cmake --build /home/utk/aura_ws/build/aura_description -- -j16 -l16
[0.223s] Invoked command in '/home/utk/aura_ws/build/aura_description' returned '0': CMAKE_PREFIX_PATH=${CMAKE_PREFIX_PATH}:/home/utk/bumperbot_ws/install/bumperbot_vision:/home/utk/bumperbot_ws/install/bumperbot_py_examples:/opt/ros/humble /usr/bin/cmake --build /home/utk/aura_ws/build/aura_description -- -j16 -l16
[0.238s] Invoking command in '/home/utk/aura_ws/build/aura_description': CMAKE_PREFIX_PATH=${CMAKE_PREFIX_PATH}:/home/utk/bumperbot_ws/install/bumperbot_vision:/home/utk/bumperbot_ws/install/bumperbot_py_examples:/opt/ros/humble /usr/bin/cmake --install /home/utk/aura_ws/build/aura_description
[0.246s] -- Install configuration: ""
[0.246s] -- Execute custom install script
[0.247s] -- Symlinking: /home/utk/aura_ws/install/aura_description/share/aura_description/launch/display.launch.py
[0.255s] -- Symlinking: /home/utk/aura_ws/install/aura_description/share/aura_description/meshes/back_castor.stl
[0.262s] -- Symlinking: /home/utk/aura_ws/install/aura_description/share/aura_description/meshes/base_link.stl
[0.269s] -- Symlinking: /home/utk/aura_ws/install/aura_description/share/aura_description/meshes/camera.stl
[0.274s] -- Symlinking: /home/utk/aura_ws/install/aura_description/share/aura_description/meshes/front_castor.stl
[0.279s] -- Symlinking: /home/utk/aura_ws/install/aura_description/share/aura_description/meshes/imu.stl
[0.284s] -- Symlinking: /home/utk/aura_ws/install/aura_description/share/aura_description/meshes/left_wheel.stl
[0.289s] -- Symlinking: /home/utk/aura_ws/install/aura_description/share/aura_description/meshes/lidar.stl
[0.294s] -- Symlinking: /home/utk/aura_ws/install/aura_description/share/aura_description/meshes/right_wheel.stl
[0.299s] -- Symlinking: /home/utk/aura_ws/install/aura_description/share/aura_description/rviz/display.rviz
[0.304s] -- Symlinking: /home/utk/aura_ws/install/aura_description/share/aura_description/urdf/aura.urdf.xacro
[0.309s] -- Symlinking: /home/utk/aura_ws/install/aura_description/share/aura_description/urdf/base.xacro
[0.318s] -- Symlinking: /home/utk/aura_ws/install/aura_description/share/aura_description/models/aws_robomaker_residential_AirconditionerA_01/materials/textures/aws_AirconditionerA_01.png
[0.323s] -- Symlinking: /home/utk/aura_ws/install/aura_description/share/aura_description/models/aws_robomaker_residential_AirconditionerA_01/meshes/aws_AirconditionerA_01_collision.DAE
[0.327s] -- Symlinking: /home/utk/aura_ws/install/aura_description/share/aura_description/models/aws_robomaker_residential_AirconditionerA_01/meshes/aws_AirconditionerA_01_visual.DAE
[0.332s] -- Symlinking: /home/utk/aura_ws/install/aura_description/share/aura_description/models/aws_robomaker_residential_AirconditionerA_01/meshes/aws__Air conditioner_01.DAE
[0.337s] -- Symlinking: /home/utk/aura_ws/install/aura_description/share/aura_description/models/aws_robomaker_residential_AirconditionerA_01/model.config
[0.342s] -- Symlinking: /home/utk/aura_ws/install/aura_description/share/aura_description/models/aws_robomaker_residential_AirconditionerA_01/model.sdf
[0.347s] -- Symlinking: /home/utk/aura_ws/install/aura_description/share/aura_description/models/aws_robomaker_residential_AirconditionerB_01/materials/textures/aws_AirconditionerB_01.png
[0.352s] -- Symlinking: /home/utk/aura_ws/install/aura_description/share/aura_description/models/aws_robomaker_residential_AirconditionerB_01/meshes/aws_AirconditionerB_01_collision.DAE
[0.357s] -- Symlinking: /home/utk/aura_ws/install/aura_description/share/aura_description/models/aws_robomaker_residential_AirconditionerB_01/meshes/aws_AirconditionerB_01_visual.DAE
[0.362s] -- Symlinking: /home/utk/aura_ws/install/aura_description/share/aura_description/models/aws_robomaker_residential_AirconditionerB_01/model.config
[0.366s] -- Symlinking: /home/utk/aura_ws/install/aura_description/share/aura_description/models/aws_robomaker_residential_AirconditionerB_01/model.sdf
[0.371s] -- Symlinking: /home/utk/aura_ws/install/aura_description/share/aura_description/models/aws_robomaker_residential_BalconyTable_01/materials/textures/aws_BalconyTable_01.png
[0.376s] -- Symlinking: /home/utk/aura_ws/install/aura_description/share/aura_description/models/aws_robomaker_residential_BalconyTable_01/meshes/aws_BalconyTable_01_collision.DAE
[0.381s] -- Symlinking: /home/utk/aura_ws/install/aura_description/share/aura_description/models/aws_robomaker_residential_BalconyTable_01/meshes/aws_BalconyTable_01_visual.DAE
[0.386s] -- Symlinking: /home/utk/aura_ws/install/aura_description/share/aura_description/models/aws_robomaker_residential_BalconyTable_01/model.config
[0.390s] -- Symlinking: /home/utk/aura_ws/install/aura_description/share/aura_description/models/aws_robomaker_residential_BalconyTable_01/model.sdf
[0.396s] -- Symlinking: /home/utk/aura_ws/install/aura_description/share/aura_description/models/aws_robomaker_residential_Ball_01/materials/textures/aws_Ball_01.png
[0.402s] -- Symlinking: /home/utk/aura_ws/install/aura_description/share/aura_description/models/aws_robomaker_residential_Ball_01/meshes/aws_Ball_01_collision.DAE
[0.408s] -- Symlinking: /home/utk/aura_ws/install/aura_description/share/aura_description/models/aws_robomaker_residential_Ball_01/meshes/aws_Ball_01_visual.DAE
[0.414s] -- Symlinking: /home/utk/aura_ws/install/aura_description/share/aura_description/models/aws_robomaker_residential_Ball_01/model.config
[0.420s] -- Symlinking: /home/utk/aura_ws/install/aura_description/share/aura_description/models/aws_robomaker_residential_Ball_01/model.sdf
[0.425s] -- Symlinking: /home/utk/aura_ws/install/aura_description/share/aura_description/models/aws_robomaker_residential_Bed_01/materials/textures/aws_BedA_01.png
[0.432s] -- Symlinking: /home/utk/aura_ws/install/aura_description/share/aura_description/models/aws_robomaker_residential_Bed_01/materials/textures/aws_BedB_01.png
[0.438s] -- Symlinking: /home/utk/aura_ws/install/aura_description/share/aura_description/models/aws_robomaker_residential_Bed_01/materials/textures/aws_BedC_01.png
[0.445s] -- Symlinking: /home/utk/aura_ws/install/aura_description/share/aura_description/models/aws_robomaker_residential_Bed_01/materials/textures/aws_Bed_01.png
[0.451s] -- Symlinking: /home/utk/aura_ws/install/aura_description/share/aura_description/models/aws_robomaker_residential_Bed_01/meshes/aws_Bed_01_collision.DAE
[0.458s] -- Symlinking: /home/utk/aura_ws/install/aura_description/share/aura_description/models/aws_robomaker_residential_Bed_01/meshes/aws_Bed_01_visual.DAE
[0.464s] -- Symlinking: /home/utk/aura_ws/install/aura_description/share/aura_description/models/aws_robomaker_residential_Bed_01/model.config
[0.470s] -- Symlinking: /home/utk/aura_ws/install/aura_description/share/aura_description/models/aws_robomaker_residential_Bed_01/model.sdf
[0.477s] -- Symlinking: /home/utk/aura_ws/install/aura_description/share/aura_description/models/aws_robomaker_residential_Board_01/materials/textures/aws_Board_01.png
[0.483s] -- Symlinking: /home/utk/aura_ws/install/aura_description/share/aura_description/models/aws_robomaker_residential_Board_01/meshes/aws_Board_01_collision.DAE
[0.490s] -- Symlinking: /home/utk/aura_ws/install/aura_description/share/aura_description/models/aws_robomaker_residential_Board_01/meshes/aws_Board_01_visual.DAE
[0.496s] -- Symlinking: /home/utk/aura_ws/install/aura_description/share/aura_description/models/aws_robomaker_residential_Board_01/model.config
[0.503s] -- Symlinking: /home/utk/aura_ws/install/aura_description/share/aura_description/models/aws_robomaker_residential_Board_01/model.sdf
[0.510s] -- Symlinking: /home/utk/aura_ws/install/aura_description/share/aura_description/models/aws_robomaker_residential_Carpet_01/materials/textures/aws_Carpet_01.png
[0.517s] -- Symlinking: /home/utk/aura_ws/install/aura_description/share/aura_description/models/aws_robomaker_residential_Carpet_01/meshes/aws_Carpet_01_collision.DAE
[0.523s] -- Symlinking: /home/utk/aura_ws/install/aura_description/share/aura_description/models/aws_robomaker_residential_Carpet_01/meshes/aws_Carpet_01_visual.DAE
[0.529s] -- Symlinking: /home/utk/aura_ws/install/aura_description/share/aura_description/models/aws_robomaker_residential_Carpet_01/model.config
[0.535s] -- Symlinking: /home/utk/aura_ws/install/aura_description/share/aura_description/models/aws_robomaker_residential_Carpet_01/model.sdf
[0.540s] -- Symlinking: /home/utk/aura_ws/install/aura_description/share/aura_description/models/aws_robomaker_residential_ChairA_01/materials/textures/aws_ChairA_01.png
[0.545s] -- Symlinking: /home/utk/aura_ws/install/aura_description/share/aura_description/models/aws_robomaker_residential_ChairA_01/meshes/aws_ChairA_01_collision.DAE
[0.549s] -- Symlinking: /home/utk/aura_ws/install/aura_description/share/aura_description/models/aws_robomaker_residential_ChairA_01/meshes/aws_ChairA_01_visual.DAE
[0.554s] -- Symlinking: /home/utk/aura_ws/install/aura_description/share/aura_description/models/aws_robomaker_residential_ChairA_01/model.config
[0.559s] -- Symlinking: /home/utk/aura_ws/install/aura_description/share/aura_description/models/aws_robomaker_residential_ChairA_01/model.sdf
[0.564s] -- Symlinking: /home/utk/aura_ws/install/aura_description/share/aura_description/models/aws_robomaker_residential_ChairD_01/materials/textures/aws_ChairD_01.png
[0.569s] -- Symlinking: /home/utk/aura_ws/install/aura_description/share/aura_description/models/aws_robomaker_residential_ChairD_01/meshes/aws_ChairD_01_collision.DAE
[0.574s] -- Symlinking: /home/utk/aura_ws/install/aura_description/share/aura_description/models/aws_robomaker_residential_ChairD_01/meshes/aws_ChairD_01_visual.DAE
[0.578s] -- Symlinking: /home/utk/aura_ws/install/aura_description/share/aura_description/models/aws_robomaker_residential_ChairD_01/model.config
[0.583s] -- Symlinking: /home/utk/aura_ws/install/aura_description/share/aura_description/models/aws_robomaker_residential_ChairD_01/model.sdf
[0.588s] -- Symlinking: /home/utk/aura_ws/install/aura_description/share/aura_description/models/aws_robomaker_residential_Chandelier_01/materials/textures/aws_Chandelier_01.png
[0.593s] -- Symlinking: /home/utk/aura_ws/install/aura_description/share/aura_description/models/aws_robomaker_residential_Chandelier_01/meshes/aws_Chandelier_01.DAE
[0.598s] -- Symlinking: /home/utk/aura_ws/install/aura_description/share/aura_description/models/aws_robomaker_residential_Chandelier_01/meshes/aws_Chandelier_01_collision.DAE
[0.603s] -- Symlinking: /home/utk/aura_ws/install/aura_description/share/aura_description/models/aws_robomaker_residential_Chandelier_01/meshes/aws_Chandelier_01_visual.DAE
[0.607s] -- Symlinking: /home/utk/aura_ws/install/aura_description/share/aura_description/models/aws_robomaker_residential_Chandelier_01/model.config
[0.612s] -- Symlinking: /home/utk/aura_ws/install/aura_description/share/aura_description/models/aws_robomaker_residential_Chandelier_01/model.sdf
[0.617s] -- Symlinking: /home/utk/aura_ws/install/aura_description/share/aura_description/models/aws_robomaker_residential_CoffeeTable_01/materials/textures/aws_CoffeeTable_01.png
[0.622s] -- Symlinking: /home/utk/aura_ws/install/aura_description/share/aura_description/models/aws_robomaker_residential_CoffeeTable_01/meshes/aws_CoffeeTable_01_collision.DAE
[0.627s] -- Symlinking: /home/utk/aura_ws/install/aura_description/share/aura_description/models/aws_robomaker_residential_CoffeeTable_01/meshes/aws_CoffeeTable_01_visual.DAE
[0.632s] -- Symlinking: /home/utk/aura_ws/install/aura_description/share/aura_description/models/aws_robomaker_residential_CoffeeTable_01/model.config
[0.637s] -- Symlinking: /home/utk/aura_ws/install/aura_description/share/aura_description/models/aws_robomaker_residential_CoffeeTable_01/model.sdf
[0.643s] -- Symlinking: /home/utk/aura_ws/install/aura_description/share/aura_description/models/aws_robomaker_residential_CookingBench_01/materials/textures/aws_CookingBench_01.png
[0.649s] -- Symlinking: /home/utk/aura_ws/install/aura_description/share/aura_description/models/aws_robomaker_residential_CookingBench_01/meshes/aws_CookingBench_01.DAE
[0.654s] -- Symlinking: /home/utk/aura_ws/install/aura_description/share/aura_description/models/aws_robomaker_residential_CookingBench_01/meshes/aws_CookingBench_01_collision.DAE
[0.659s] -- Symlinking: /home/utk/aura_ws/install/aura_description/share/aura_description/models/aws_robomaker_residential_CookingBench_01/meshes/aws_CookingBench_01_visual.DAE
[0.664s] -- Symlinking: /home/utk/aura_ws/install/aura_description/share/aura_description/models/aws_robomaker_residential_CookingBench_01/model.config
[0.669s] -- Symlinking: /home/utk/aura_ws/install/aura_description/share/aura_description/models/aws_robomaker_residential_CookingBench_01/model.sdf
[0.674s] -- Symlinking: /home/utk/aura_ws/install/aura_description/share/aura_description/models/aws_robomaker_residential_Curtain_01/materials/textures/aws_Curtain_01.png
[0.678s] -- Symlinking: /home/utk/aura_ws/install/aura_description/share/aura_description/models/aws_robomaker_residential_Curtain_01/meshes/aws_Curtain_01_collision.DAE
[0.683s] -- Symlinking: /home/utk/aura_ws/install/aura_description/share/aura_description/models/aws_robomaker_residential_Curtain_01/meshes/aws_Curtain_01_visual.DAE
[0.688s] -- Symlinking: /home/utk/aura_ws/install/aura_description/share/aura_description/models/aws_robomaker_residential_Curtain_01/model.config
[0.693s] -- Symlinking: /home/utk/aura_ws/install/aura_description/share/aura_description/models/aws_robomaker_residential_Curtain_01/model.sdf
[0.698s] -- Symlinking: /home/utk/aura_ws/install/aura_description/share/aura_description/models/aws_robomaker_residential_DeskPortraitA_01/materials/textures/aws_DeskPortraitA_01.png
[0.702s] -- Symlinking: /home/utk/aura_ws/install/aura_description/share/aura_description/models/aws_robomaker_residential_DeskPortraitA_01/materials/textures/aws_DeskPortraitA_02.png
[0.707s] -- Symlinking: /home/utk/aura_ws/install/aura_description/share/aura_description/models/aws_robomaker_residential_DeskPortraitA_01/meshes/aws_DeskPortraitA_01_collision.DAE
[0.712s] -- Symlinking: /home/utk/aura_ws/install/aura_description/share/aura_description/models/aws_robomaker_residential_DeskPortraitA_01/meshes/aws_DeskPortraitA_01_visual.DAE
[0.728s] -- Symlinking: /home/utk/aura_ws/install/aura_description/share/aura_description/models/aws_robomaker_residential_DeskPortraitA_01/model.config
[0.733s] -- Symlinking: /home/utk/aura_ws/install/aura_description/share/aura_description/models/aws_robomaker_residential_DeskPortraitA_01/model.sdf
[0.738s] -- Symlinking: /home/utk/aura_ws/install/aura_description/share/aura_description/models/aws_robomaker_residential_DeskPortraitA_02/materials/textures/aws_DeskPortraitA_01.png
[0.743s] -- Symlinking: /home/utk/aura_ws/install/aura_description/share/aura_description/models/aws_robomaker_residential_DeskPortraitA_02/materials/textures/aws_DeskPortraitA_02.png
[0.748s] -- Symlinking: /home/utk/aura_ws/install/aura_description/share/aura_description/models/aws_robomaker_residential_DeskPortraitA_02/meshes/aws_DeskPortraitA_01_collision.DAE
[0.753s] -- Symlinking: /home/utk/aura_ws/install/aura_description/share/aura_description/models/aws_robomaker_residential_DeskPortraitA_02/meshes/aws_DeskPortraitA_01_visual.DAE
[0.757s] -- Symlinking: /home/utk/aura_ws/install/aura_description/share/aura_description/models/aws_robomaker_residential_DeskPortraitA_02/model.config
[0.762s] -- Symlinking: /home/utk/aura_ws/install/aura_description/share/aura_description/models/aws_robomaker_residential_DeskPortraitA_02/model.sdf
[0.767s] -- Symlinking: /home/utk/aura_ws/install/aura_description/share/aura_description/models/aws_robomaker_residential_DeskPortraitB_01/materials/textures/aws_DeskPortraitB_01.png
[0.772s] -- Symlinking: /home/utk/aura_ws/install/aura_description/share/aura_description/models/aws_robomaker_residential_DeskPortraitB_01/materials/textures/aws_DeskPortraitB_02.png
[0.777s] -- Symlinking: /home/utk/aura_ws/install/aura_description/share/aura_description/models/aws_robomaker_residential_DeskPortraitB_01/meshes/aws_DeskPortraitB_01_collision.DAE
[0.782s] -- Symlinking: /home/utk/aura_ws/install/aura_description/share/aura_description/models/aws_robomaker_residential_DeskPortraitB_01/meshes/aws_DeskPortraitB_01_visual.DAE
[0.787s] -- Symlinking: /home/utk/aura_ws/install/aura_description/share/aura_description/models/aws_robomaker_residential_DeskPortraitB_01/model.config
[0.791s] -- Symlinking: /home/utk/aura_ws/install/aura_description/share/aura_description/models/aws_robomaker_residential_DeskPortraitB_01/model.sdf
[0.796s] -- Symlinking: /home/utk/aura_ws/install/aura_description/share/aura_description/models/aws_robomaker_residential_DeskPortraitB_02/materials/textures/aws_DeskPortraitB_01.png
[0.801s] -- Symlinking: /home/utk/aura_ws/install/aura_description/share/aura_description/models/aws_robomaker_residential_DeskPortraitB_02/materials/textures/aws_DeskPortraitB_02.png
[0.806s] -- Symlinking: /home/utk/aura_ws/install/aura_description/share/aura_description/models/aws_robomaker_residential_DeskPortraitB_02/meshes/aws_DeskPortraitB_01_collision.DAE
[0.811s] -- Symlinking: /home/utk/aura_ws/install/aura_description/share/aura_description/models/aws_robomaker_residential_DeskPortraitB_02/meshes/aws_DeskPortraitB_01_visual.DAE
[0.816s] -- Symlinking: /home/utk/aura_ws/install/aura_description/share/aura_description/models/aws_robomaker_residential_DeskPortraitB_02/model.config
[0.820s] -- Symlinking: /home/utk/aura_ws/install/aura_description/share/aura_description/models/aws_robomaker_residential_DeskPortraitB_02/model.sdf
[0.825s] -- Symlinking: /home/utk/aura_ws/install/aura_description/share/aura_description/models/aws_robomaker_residential_DeskPortraitC_01/materials/textures/aws_DeskPortraitC_01.png
[0.830s] -- Symlinking: /home/utk/aura_ws/install/aura_description/share/aura_description/models/aws_robomaker_residential_DeskPortraitC_01/materials/textures/aws_DeskPortraitC_02.png
[0.835s] -- Symlinking: /home/utk/aura_ws/install/aura_description/share/aura_description/models/aws_robomaker_residential_DeskPortraitC_01/meshes/aws_DeskPortraitC_01_collision.DAE
[0.841s] -- Symlinking: /home/utk/aura_ws/install/aura_description/share/aura_description/models/aws_robomaker_residential_DeskPortraitC_01/meshes/aws_DeskPortraitC_01_visual.DAE
[0.847s] -- Symlinking: /home/utk/aura_ws/install/aura_description/share/aura_description/models/aws_robomaker_residential_DeskPortraitC_01/model.config
[0.852s] -- Symlinking: /home/utk/aura_ws/install/aura_description/share/aura_description/models/aws_robomaker_residential_DeskPortraitC_01/model.sdf
[0.857s] -- Symlinking: /home/utk/aura_ws/install/aura_description/share/aura_description/models/aws_robomaker_residential_DeskPortraitC_02/materials/textures/aws_DeskPortraitC_01.png
[0.861s] -- Symlinking: /home/utk/aura_ws/install/aura_description/share/aura_description/models/aws_robomaker_residential_DeskPortraitC_02/materials/textures/aws_DeskPortraitC_02.png
[0.866s] -- Symlinking: /home/utk/aura_ws/install/aura_description/share/aura_description/models/aws_robomaker_residential_DeskPortraitC_02/meshes/aws_DeskPortraitC_01_collision.DAE
[0.871s] -- Symlinking: /home/utk/aura_ws/install/aura_description/share/aura_description/models/aws_robomaker_residential_DeskPortraitC_02/meshes/aws_DeskPortraitC_01_visual.DAE
[0.876s] -- Symlinking: /home/utk/aura_ws/install/aura_description/share/aura_description/models/aws_robomaker_residential_DeskPortraitC_02/model.config
[0.881s] -- Symlinking: /home/utk/aura_ws/install/aura_description/share/aura_description/models/aws_robomaker_residential_DeskPortraitC_02/model.sdf
[0.885s] -- Symlinking: /home/utk/aura_ws/install/aura_description/share/aura_description/models/aws_robomaker_residential_DeskPortraitD_01/materials/textures/aws_DeskPortraitD_01.png
[0.890s] -- Symlinking: /home/utk/aura_ws/install/aura_description/share/aura_description/models/aws_robomaker_residential_DeskPortraitD_01/materials/textures/aws_DeskPortraitD_02.png
[0.895s] -- Symlinking: /home/utk/aura_ws/install/aura_description/share/aura_description/models/aws_robomaker_residential_DeskPortraitD_01/meshes/aws_DeskPortraitD_01_collision.DAE
[0.900s] -- Symlinking: /home/utk/aura_ws/install/aura_description/share/aura_description/models/aws_robomaker_residential_DeskPortraitD_01/meshes/aws_DeskPortraitD_01_visual.DAE
[0.905s] -- Symlinking: /home/utk/aura_ws/install/aura_description/share/aura_description/models/aws_robomaker_residential_DeskPortraitD_01/model.config
[0.909s] -- Symlinking: /home/utk/aura_ws/install/aura_description/share/aura_description/models/aws_robomaker_residential_DeskPortraitD_01/model.sdf
[0.914s] -- Symlinking: /home/utk/aura_ws/install/aura_description/share/aura_description/models/aws_robomaker_residential_DeskPortraitD_02/materials/textures/aws_DeskPortraitD_01.png
[0.919s] -- Symlinking: /home/utk/aura_ws/install/aura_description/share/aura_description/models/aws_robomaker_residential_DeskPortraitD_02/materials/textures/aws_DeskPortraitD_02.png
[0.924s] -- Symlinking: /home/utk/aura_ws/install/aura_description/share/aura_description/models/aws_robomaker_residential_DeskPortraitD_02/meshes/aws_DeskPortraitD_01_collision.DAE
[0.929s] -- Symlinking: /home/utk/aura_ws/install/aura_description/share/aura_description/models/aws_robomaker_residential_DeskPortraitD_02/meshes/aws_DeskPortraitD_01_visual.DAE
[0.934s] -- Symlinking: /home/utk/aura_ws/install/aura_description/share/aura_description/models/aws_robomaker_residential_DeskPortraitD_02/model.config
[0.939s] -- Symlinking: /home/utk/aura_ws/install/aura_description/share/aura_description/models/aws_robomaker_residential_DeskPortraitD_02/model.sdf
[0.943s] -- Symlinking: /home/utk/aura_ws/install/aura_description/share/aura_description/models/aws_robomaker_residential_DeskPortraitD_03/materials/textures/aws_DeskPortraitD_01.png
[0.948s] -- Symlinking: /home/utk/aura_ws/install/aura_description/share/aura_description/models/aws_robomaker_residential_DeskPortraitD_03/materials/textures/aws_DeskPortraitD_02.png
[0.953s] -- Symlinking: /home/utk/aura_ws/install/aura_description/share/aura_description/models/aws_robomaker_residential_DeskPortraitD_03/meshes/aws_DeskPortraitD_01_collision.DAE
[0.958s] -- Symlinking: /home/utk/aura_ws/install/aura_description/share/aura_description/models/aws_robomaker_residential_DeskPortraitD_03/meshes/aws_DeskPortraitD_01_visual.DAE
[0.963s] -- Symlinking: /home/utk/aura_ws/install/aura_description/share/aura_description/models/aws_robomaker_residential_DeskPortraitD_03/model.config
[0.968s] -- Symlinking: /home/utk/aura_ws/install/aura_description/share/aura_description/models/aws_robomaker_residential_DeskPortraitD_03/model.sdf
[0.973s] -- Symlinking: /home/utk/aura_ws/install/aura_description/share/aura_description/models/aws_robomaker_residential_DeskPortraitD_04/materials/textures/aws_DeskPortraitD_01.png
[0.978s] -- Symlinking: /home/utk/aura_ws/install/aura_description/share/aura_description/models/aws_robomaker_residential_DeskPortraitD_04/materials/textures/aws_DeskPortraitD_02.png
[0.983s] -- Symlinking: /home/utk/aura_ws/install/aura_description/share/aura_description/models/aws_robomaker_residential_DeskPortraitD_04/meshes/aws_DeskPortraitD_01_collision.DAE
[0.987s] -- Symlinking: /home/utk/aura_ws/install/aura_description/share/aura_description/models/aws_robomaker_residential_DeskPortraitD_04/meshes/aws_DeskPortraitD_01_visual.DAE
[0.992s] -- Symlinking: /home/utk/aura_ws/install/aura_description/share/aura_description/models/aws_robomaker_residential_DeskPortraitD_04/model.config
[0.997s] -- Symlinking: /home/utk/aura_ws/install/aura_description/share/aura_description/models/aws_robomaker_residential_DeskPortraitD_04/model.sdf
[1.002s] -- Symlinking: /home/utk/aura_ws/install/aura_description/share/aura_description/models/aws_robomaker_residential_Door_01/materials/textures/aws_Door_01.png
[1.007s] -- Symlinking: /home/utk/aura_ws/install/aura_description/share/aura_description/models/aws_robomaker_residential_Door_01/meshes/aws_Door_01_collision.DAE
[1.011s] -- Symlinking: /home/utk/aura_ws/install/aura_description/share/aura_description/models/aws_robomaker_residential_Door_01/meshes/aws_Door_01_visual.DAE
[1.016s] -- Symlinking: /home/utk/aura_ws/install/aura_description/share/aura_description/models/aws_robomaker_residential_Door_01/model.config
[1.021s] -- Symlinking: /home/utk/aura_ws/install/aura_description/share/aura_description/models/aws_robomaker_residential_Door_01/model.sdf
[1.026s] -- Symlinking: /home/utk/aura_ws/install/aura_description/share/aura_description/models/aws_robomaker_residential_Dumbbell_01/materials/textures/aws_Dumbbell_01.png
[1.031s] -- Symlinking: /home/utk/aura_ws/install/aura_description/share/aura_description/models/aws_robomaker_residential_Dumbbell_01/meshes/aws_Dumbbell_01_collision.DAE
[1.036s] -- Symlinking: /home/utk/aura_ws/install/aura_description/share/aura_description/models/aws_robomaker_residential_Dumbbell_01/meshes/aws_Dumbbell_01_visual.DAE
[1.041s] -- Symlinking: /home/utk/aura_ws/install/aura_description/share/aura_description/models/aws_robomaker_residential_Dumbbell_01/model.config
[1.047s] -- Symlinking: /home/utk/aura_ws/install/aura_description/share/aura_description/models/aws_robomaker_residential_Dumbbell_01/model.sdf
[1.052s] -- Symlinking: /home/utk/aura_ws/install/aura_description/share/aura_description/models/aws_robomaker_residential_FitnessEquipment_01/materials/textures/aws_FitnessEquipment_01.png
[1.057s] -- Symlinking: /home/utk/aura_ws/install/aura_description/share/aura_description/models/aws_robomaker_residential_FitnessEquipment_01/meshes/aws_FitnessEquipment_01_collision.DAE
[1.062s] -- Symlinking: /home/utk/aura_ws/install/aura_description/share/aura_description/models/aws_robomaker_residential_FitnessEquipment_01/meshes/aws_FitnessEquipment_01_visual.DAE
[1.067s] -- Symlinking: /home/utk/aura_ws/install/aura_description/share/aura_description/models/aws_robomaker_residential_FitnessEquipment_01/model.config
[1.072s] -- Symlinking: /home/utk/aura_ws/install/aura_description/share/aura_description/models/aws_robomaker_residential_FitnessEquipment_01/model.sdf
[1.078s] -- Symlinking: /home/utk/aura_ws/install/aura_description/share/aura_description/models/aws_robomaker_residential_FloorB_01/materials/textures/aws_FloorB_01.png
[1.083s] -- Symlinking: /home/utk/aura_ws/install/aura_description/share/aura_description/models/aws_robomaker_residential_FloorB_01/meshes/aws_FloorB_01_collision.DAE
[1.088s] -- Symlinking: /home/utk/aura_ws/install/aura_description/share/aura_description/models/aws_robomaker_residential_FloorB_01/meshes/aws_FloorB_01_visual.DAE
[1.093s] -- Symlinking: /home/utk/aura_ws/install/aura_description/share/aura_description/models/aws_robomaker_residential_FloorB_01/model.config
[1.098s] -- Symlinking: /home/utk/aura_ws/install/aura_description/share/aura_description/models/aws_robomaker_residential_FloorB_01/model.sdf
[1.103s] -- Symlinking: /home/utk/aura_ws/install/aura_description/share/aura_description/models/aws_robomaker_residential_FoldingDoor_01/materials/textures/aws_FoldingDoor_01.png
[1.108s] -- Symlinking: /home/utk/aura_ws/install/aura_description/share/aura_description/models/aws_robomaker_residential_FoldingDoor_01/meshes/aws_FoldingDoor_01_collision.DAE
[1.112s] -- Symlinking: /home/utk/aura_ws/install/aura_description/share/aura_description/models/aws_robomaker_residential_FoldingDoor_01/meshes/aws_FoldingDoor_01_visual.DAE
[1.117s] -- Symlinking: /home/utk/aura_ws/install/aura_description/share/aura_description/models/aws_robomaker_residential_FoldingDoor_01/model.config
[1.122s] -- Symlinking: /home/utk/aura_ws/install/aura_description/share/aura_description/models/aws_robomaker_residential_FoldingDoor_01/model.sdf
[1.127s] -- Symlinking: /home/utk/aura_ws/install/aura_description/share/aura_description/models/aws_robomaker_residential_FoldingDoor_02/materials/textures/aws_FoldingDoor_02.png
[1.132s] -- Symlinking: /home/utk/aura_ws/install/aura_description/share/aura_description/models/aws_robomaker_residential_FoldingDoor_02/meshes/aws_FoldingDoor_02_collision.DAE
[1.137s] -- Symlinking: /home/utk/aura_ws/install/aura_description/share/aura_description/models/aws_robomaker_residential_FoldingDoor_02/meshes/aws_FoldingDoor_02_visual.DAE
[1.142s] -- Symlinking: /home/utk/aura_ws/install/aura_description/share/aura_description/models/aws_robomaker_residential_FoldingDoor_02/model.config
[1.147s] -- Symlinking: /home/utk/aura_ws/install/aura_description/share/aura_description/models/aws_robomaker_residential_FoldingDoor_02/model.sdf
[1.152s] -- Symlinking: /home/utk/aura_ws/install/aura_description/share/aura_description/models/aws_robomaker_residential_Handle_01/materials/textures/aws_Handle_01.png
[1.157s] -- Symlinking: /home/utk/aura_ws/install/aura_description/share/aura_description/models/aws_robomaker_residential_Handle_01/meshes/aws_ handle_01_collision.DAE
[1.162s] -- Symlinking: /home/utk/aura_ws/install/aura_description/share/aura_description/models/aws_robomaker_residential_Handle_01/meshes/aws_Handle_01_collision.DAE
[1.167s] -- Symlinking: /home/utk/aura_ws/install/aura_description/share/aura_description/models/aws_robomaker_residential_Handle_01/meshes/aws_Handle_01_visual.DAE
[1.172s] -- Symlinking: /home/utk/aura_ws/install/aura_description/share/aura_description/models/aws_robomaker_residential_Handle_01/model.config
[1.177s] -- Symlinking: /home/utk/aura_ws/install/aura_description/share/aura_description/models/aws_robomaker_residential_Handle_01/model.sdf
[1.181s] -- Symlinking: /home/utk/aura_ws/install/aura_description/share/aura_description/models/aws_robomaker_residential_HouseWallB_01/materials/textures/aws_HouseWallB_01.png
[1.186s] -- Symlinking: /home/utk/aura_ws/install/aura_description/share/aura_description/models/aws_robomaker_residential_HouseWallB_01/meshes/aws_HouseWallB_01_collision.DAE
[1.191s] -- Symlinking: /home/utk/aura_ws/install/aura_description/share/aura_description/models/aws_robomaker_residential_HouseWallB_01/meshes/aws_HouseWallB_01_visual.DAE
[1.195s] -- Symlinking: /home/utk/aura_ws/install/aura_description/share/aura_description/models/aws_robomaker_residential_HouseWallB_01/model.config
[1.200s] -- Symlinking: /home/utk/aura_ws/install/aura_description/share/aura_description/models/aws_robomaker_residential_HouseWallB_01/model.sdf
[1.205s] -- Symlinking: /home/utk/aura_ws/install/aura_description/share/aura_description/models/aws_robomaker_residential_KitchenCabinet_01/materials/textures/aws_KitchenCabinet_01.png
[1.210s] -- Symlinking: /home/utk/aura_ws/install/aura_description/share/aura_description/models/aws_robomaker_residential_KitchenCabinet_01/meshes/aws_KitchenCabinet_01_collision.DAE
[1.215s] -- Symlinking: /home/utk/aura_ws/install/aura_description/share/aura_description/models/aws_robomaker_residential_KitchenCabinet_01/meshes/aws_KitchenCabinet_01_visual.DAE
[1.219s] -- Symlinking: /home/utk/aura_ws/install/aura_description/share/aura_description/models/aws_robomaker_residential_KitchenCabinet_01/model.config
[1.224s] -- Symlinking: /home/utk/aura_ws/install/aura_description/share/aura_description/models/aws_robomaker_residential_KitchenCabinet_01/model.sdf
[1.229s] -- Symlinking: /home/utk/aura_ws/install/aura_description/share/aura_description/models/aws_robomaker_residential_KitchenTable_01/materials/textures/aws_KitchenTable_01.png
[1.234s] -- Symlinking: /home/utk/aura_ws/install/aura_description/share/aura_description/models/aws_robomaker_residential_KitchenTable_01/meshes/aws_KitchenTable_01_collision.DAE
[1.239s] -- Symlinking: /home/utk/aura_ws/install/aura_description/share/aura_description/models/aws_robomaker_residential_KitchenTable_01/meshes/aws_KitchenTable_01_visual.DAE
[1.245s] -- Symlinking: /home/utk/aura_ws/install/aura_description/share/aura_description/models/aws_robomaker_residential_KitchenTable_01/model.config
[1.251s] -- Symlinking: /home/utk/aura_ws/install/aura_description/share/aura_description/models/aws_robomaker_residential_KitchenTable_01/model.sdf
[1.255s] -- Symlinking: /home/utk/aura_ws/install/aura_description/share/aura_description/models/aws_robomaker_residential_KitchenUtensils_01/materials/textures/aws_KitchenUtensils_01.png
[1.260s] -- Symlinking: /home/utk/aura_ws/install/aura_description/share/aura_description/models/aws_robomaker_residential_KitchenUtensils_01/meshes/aws_KitchenUtensils_01_collision.DAE
[1.265s] -- Symlinking: /home/utk/aura_ws/install/aura_description/share/aura_description/models/aws_robomaker_residential_KitchenUtensils_01/meshes/aws_KitchenUtensils_01_visual.DAE
[1.270s] -- Symlinking: /home/utk/aura_ws/install/aura_description/share/aura_description/models/aws_robomaker_residential_KitchenUtensils_01/model.config
[1.275s] -- Symlinking: /home/utk/aura_ws/install/aura_description/share/aura_description/models/aws_robomaker_residential_KitchenUtensils_01/model.sdf
[1.280s] -- Symlinking: /home/utk/aura_ws/install/aura_description/share/aura_description/models/aws_robomaker_residential_LightC_01/materials/textures/aws_LightC_01.png
[1.285s] -- Symlinking: /home/utk/aura_ws/install/aura_description/share/aura_description/models/aws_robomaker_residential_LightC_01/meshes/aws_LightC_01_collision.DAE
[1.289s] -- Symlinking: /home/utk/aura_ws/install/aura_description/share/aura_description/models/aws_robomaker_residential_LightC_01/meshes/aws_LightC_01_visual.DAE
[1.294s] -- Symlinking: /home/utk/aura_ws/install/aura_description/share/aura_description/models/aws_robomaker_residential_LightC_01/model.config
[1.299s] -- Symlinking: /home/utk/aura_ws/install/aura_description/share/aura_description/models/aws_robomaker_residential_LightC_01/model.sdf
[1.304s] -- Symlinking: /home/utk/aura_ws/install/aura_description/share/aura_description/models/aws_robomaker_residential_NightStand_01/materials/textures/aws_NightStand_01.png
[1.309s] -- Symlinking: /home/utk/aura_ws/install/aura_description/share/aura_description/models/aws_robomaker_residential_NightStand_01/meshes/aws_NightStand_01_collision.DAE
[1.313s] -- Symlinking: /home/utk/aura_ws/install/aura_description/share/aura_description/models/aws_robomaker_residential_NightStand_01/meshes/aws_NightStand_01_visual.DAE
[1.318s] -- Symlinking: /home/utk/aura_ws/install/aura_description/share/aura_description/models/aws_robomaker_residential_NightStand_01/model.config
[1.323s] -- Symlinking: /home/utk/aura_ws/install/aura_description/share/aura_description/models/aws_robomaker_residential_NightStand_01/model.sdf
[1.328s] -- Symlinking: /home/utk/aura_ws/install/aura_description/share/aura_description/models/aws_robomaker_residential_Pillow_01/materials/textures/aws_Pillow_01.png
[1.333s] -- Symlinking: /home/utk/aura_ws/install/aura_description/share/aura_description/models/aws_robomaker_residential_Pillow_01/meshes/aws_Pillow_01_collision.DAE
[1.338s] -- Symlinking: /home/utk/aura_ws/install/aura_description/share/aura_description/models/aws_robomaker_residential_Pillow_01/meshes/aws_Pillow_01_visual.DAE
[1.343s] -- Symlinking: /home/utk/aura_ws/install/aura_description/share/aura_description/models/aws_robomaker_residential_Pillow_01/model.config
[1.348s] -- Symlinking: /home/utk/aura_ws/install/aura_description/share/aura_description/models/aws_robomaker_residential_Pillow_01/model.sdf
[1.352s] -- Symlinking: /home/utk/aura_ws/install/aura_description/share/aura_description/models/aws_robomaker_residential_PortraitA_01/materials/textures/aws_PortraitA_01.png
[1.357s] -- Symlinking: /home/utk/aura_ws/install/aura_description/share/aura_description/models/aws_robomaker_residential_PortraitA_01/materials/textures/aws_PortraitA_02.png
[1.362s] -- Symlinking: /home/utk/aura_ws/install/aura_description/share/aura_description/models/aws_robomaker_residential_PortraitA_01/meshes/aws_PortraitA_01_collision.DAE
[1.367s] -- Symlinking: /home/utk/aura_ws/install/aura_description/share/aura_description/models/aws_robomaker_residential_PortraitA_01/meshes/aws_PortraitA_01_visual.DAE
[1.372s] -- Symlinking: /home/utk/aura_ws/install/aura_description/share/aura_description/models/aws_robomaker_residential_PortraitA_01/model.config
[1.377s] -- Symlinking: /home/utk/aura_ws/install/aura_description/share/aura_description/models/aws_robomaker_residential_PortraitA_01/model.sdf
[1.381s] -- Symlinking: /home/utk/aura_ws/install/aura_description/share/aura_description/models/aws_robomaker_residential_PortraitA_02/materials/textures/aws_PortraitA_01.png
[1.386s] -- Symlinking: /home/utk/aura_ws/install/aura_description/share/aura_description/models/aws_robomaker_residential_PortraitA_02/materials/textures/aws_PortraitA_02.png
[1.391s] -- Symlinking: /home/utk/aura_ws/install/aura_description/share/aura_description/models/aws_robomaker_residential_PortraitA_02/meshes/aws_PortraitA_01_collision.DAE
[1.396s] -- Symlinking: /home/utk/aura_ws/install/aura_description/share/aura_description/models/aws_robomaker_residential_PortraitA_02/meshes/aws_PortraitA_01_visual.DAE
[1.401s] -- Symlinking: /home/utk/aura_ws/install/aura_description/share/aura_description/models/aws_robomaker_residential_PortraitA_02/model.config
[1.406s] -- Symlinking: /home/utk/aura_ws/install/aura_description/share/aura_description/models/aws_robomaker_residential_PortraitA_02/model.sdf
[1.410s] -- Symlinking: /home/utk/aura_ws/install/aura_description/share/aura_description/models/aws_robomaker_residential_PortraitB_01/materials/textures/aws_PortraitB_01.png
[1.415s] -- Symlinking: /home/utk/aura_ws/install/aura_description/share/aura_description/models/aws_robomaker_residential_PortraitB_01/materials/textures/aws_PortraitB_02.png
[1.420s] -- Symlinking: /home/utk/aura_ws/install/aura_description/share/aura_description/models/aws_robomaker_residential_PortraitB_01/meshes/aws_PortraitB_01_collision.DAE
[1.425s] -- Symlinking: /home/utk/aura_ws/install/aura_description/share/aura_description/models/aws_robomaker_residential_PortraitB_01/meshes/aws_PortraitB_01_visual.DAE
[1.430s] -- Symlinking: /home/utk/aura_ws/install/aura_description/share/aura_description/models/aws_robomaker_residential_PortraitB_01/model.config
[1.435s] -- Symlinking: /home/utk/aura_ws/install/aura_description/share/aura_description/models/aws_robomaker_residential_PortraitB_01/model.sdf
[1.440s] -- Symlinking: /home/utk/aura_ws/install/aura_description/share/aura_description/models/aws_robomaker_residential_PortraitB_02/materials/textures/aws_PortraitB_01.png
[1.446s] -- Symlinking: /home/utk/aura_ws/install/aura_description/share/aura_description/models/aws_robomaker_residential_PortraitB_02/materials/textures/aws_PortraitB_02.png
[1.451s] -- Symlinking: /home/utk/aura_ws/install/aura_description/share/aura_description/models/aws_robomaker_residential_PortraitB_02/meshes/aws_PortraitB_01_collision.DAE
[1.456s] -- Symlinking: /home/utk/aura_ws/install/aura_description/share/aura_description/models/aws_robomaker_residential_PortraitB_02/meshes/aws_PortraitB_01_visual.DAE
[1.461s] -- Symlinking: /home/utk/aura_ws/install/aura_description/share/aura_description/models/aws_robomaker_residential_PortraitB_02/model.config
[1.466s] -- Symlinking: /home/utk/aura_ws/install/aura_description/share/aura_description/models/aws_robomaker_residential_PortraitB_02/model.sdf
[1.471s] -- Symlinking: /home/utk/aura_ws/install/aura_description/share/aura_description/models/aws_robomaker_residential_PortraitB_03/materials/textures/aws_PortraitB_01.png
[1.475s] -- Symlinking: /home/utk/aura_ws/install/aura_description/share/aura_description/models/aws_robomaker_residential_PortraitB_03/materials/textures/aws_PortraitB_02.png
[1.480s] -- Symlinking: /home/utk/aura_ws/install/aura_description/share/aura_description/models/aws_robomaker_residential_PortraitB_03/meshes/aws_PortraitB_01_collision.DAE
[1.485s] -- Symlinking: /home/utk/aura_ws/install/aura_description/share/aura_description/models/aws_robomaker_residential_PortraitB_03/meshes/aws_PortraitB_01_visual.DAE
[1.490s] -- Symlinking: /home/utk/aura_ws/install/aura_description/share/aura_description/models/aws_robomaker_residential_PortraitB_03/model.config
[1.495s] -- Symlinking: /home/utk/aura_ws/install/aura_description/share/aura_description/models/aws_robomaker_residential_PortraitB_03/model.sdf
[1.500s] -- Symlinking: /home/utk/aura_ws/install/aura_description/share/aura_description/models/aws_robomaker_residential_PortraitC_01/materials/textures/aws_PortraitC_01.png
[1.505s] -- Symlinking: /home/utk/aura_ws/install/aura_description/share/aura_description/models/aws_robomaker_residential_PortraitC_01/materials/textures/aws_PortraitC_02.png
[1.510s] -- Symlinking: /home/utk/aura_ws/install/aura_description/share/aura_description/models/aws_robomaker_residential_PortraitC_01/meshes/aws_PortraitC_01_collision.DAE
[1.515s] -- Symlinking: /home/utk/aura_ws/install/aura_description/share/aura_description/models/aws_robomaker_residential_PortraitC_01/meshes/aws_PortraitC_01_visual.DAE
[1.520s] -- Symlinking: /home/utk/aura_ws/install/aura_description/share/aura_description/models/aws_robomaker_residential_PortraitC_01/model.config
[1.525s] -- Symlinking: /home/utk/aura_ws/install/aura_description/share/aura_description/models/aws_robomaker_residential_PortraitC_01/model.sdf
[1.530s] -- Symlinking: /home/utk/aura_ws/install/aura_description/share/aura_description/models/aws_robomaker_residential_PortraitD_01/materials/textures/aws_PortraitD_01.png
[1.535s] -- Symlinking: /home/utk/aura_ws/install/aura_description/share/aura_description/models/aws_robomaker_residential_PortraitD_01/materials/textures/aws_PortraitD_02.png
[1.540s] -- Symlinking: /home/utk/aura_ws/install/aura_description/share/aura_description/models/aws_robomaker_residential_PortraitD_01/meshes/aws_PortraitD_01_collision.DAE
[1.544s] -- Symlinking: /home/utk/aura_ws/install/aura_description/share/aura_description/models/aws_robomaker_residential_PortraitD_01/meshes/aws_PortraitD_01_visual.DAE
[1.549s] -- Symlinking: /home/utk/aura_ws/install/aura_description/share/aura_description/models/aws_robomaker_residential_PortraitD_01/model.config
[1.554s] -- Symlinking: /home/utk/aura_ws/install/aura_description/share/aura_description/models/aws_robomaker_residential_PortraitD_01/model.sdf
[1.559s] -- Symlinking: /home/utk/aura_ws/install/aura_description/share/aura_description/models/aws_robomaker_residential_PortraitD_02/materials/textures/aws_PortraitD_01.png
[1.564s] -- Symlinking: /home/utk/aura_ws/install/aura_description/share/aura_description/models/aws_robomaker_residential_PortraitD_02/materials/textures/aws_PortraitD_02.png
[1.568s] -- Symlinking: /home/utk/aura_ws/install/aura_description/share/aura_description/models/aws_robomaker_residential_PortraitD_02/meshes/aws_PortraitD_01_collision.DAE
[1.573s] -- Symlinking: /home/utk/aura_ws/install/aura_description/share/aura_description/models/aws_robomaker_residential_PortraitD_02/meshes/aws_PortraitD_01_visual.DAE
[1.578s] -- Symlinking: /home/utk/aura_ws/install/aura_description/share/aura_description/models/aws_robomaker_residential_PortraitD_02/model.config
[1.583s] -- Symlinking: /home/utk/aura_ws/install/aura_description/share/aura_description/models/aws_robomaker_residential_PortraitD_02/model.sdf
[1.588s] -- Symlinking: /home/utk/aura_ws/install/aura_description/share/aura_description/models/aws_robomaker_residential_PortraitE_01/materials/textures/aws_PortraitE_01.png
[1.593s] -- Symlinking: /home/utk/aura_ws/install/aura_description/share/aura_description/models/aws_robomaker_residential_PortraitE_01/materials/textures/aws_PortraitE_02.png
[1.598s] -- Symlinking: /home/utk/aura_ws/install/aura_description/share/aura_description/models/aws_robomaker_residential_PortraitE_01/meshes/aws_PortraitE_01_collision.DAE
[1.602s] -- Symlinking: /home/utk/aura_ws/install/aura_description/share/aura_description/models/aws_robomaker_residential_PortraitE_01/meshes/aws_PortraitE_01_visual.DAE
[1.607s] -- Symlinking: /home/utk/aura_ws/install/aura_description/share/aura_description/models/aws_robomaker_residential_PortraitE_01/model.config
[1.612s] -- Symlinking: /home/utk/aura_ws/install/aura_description/share/aura_description/models/aws_robomaker_residential_PortraitE_01/model.sdf
[1.617s] -- Symlinking: /home/utk/aura_ws/install/aura_description/share/aura_description/models/aws_robomaker_residential_PortraitE_02/materials/textures/aws_PortraitE_01.png
[1.622s] -- Symlinking: /home/utk/aura_ws/install/aura_description/share/aura_description/models/aws_robomaker_residential_PortraitE_02/materials/textures/aws_PortraitE_02.png
[1.627s] -- Symlinking: /home/utk/aura_ws/install/aura_description/share/aura_description/models/aws_robomaker_residential_PortraitE_02/meshes/aws_PortraitE_01_collision.DAE
[1.632s] -- Symlinking: /home/utk/aura_ws/install/aura_description/share/aura_description/models/aws_robomaker_residential_PortraitE_02/meshes/aws_PortraitE_01_visual.DAE
[1.637s] -- Symlinking: /home/utk/aura_ws/install/aura_description/share/aura_description/models/aws_robomaker_residential_PortraitE_02/model.config
[1.643s] -- Symlinking: /home/utk/aura_ws/install/aura_description/share/aura_description/models/aws_robomaker_residential_PortraitE_02/model.sdf
[1.648s] -- Symlinking: /home/utk/aura_ws/install/aura_description/share/aura_description/models/aws_robomaker_residential_Quilt_01/materials/textures/aws_Quilt_01.png
[1.654s] -- Symlinking: /home/utk/aura_ws/install/aura_description/share/aura_description/models/aws_robomaker_residential_Quilt_01/meshes/aws_Quilt_01_collision.DAE
[1.659s] -- Symlinking: /home/utk/aura_ws/install/aura_description/share/aura_description/models/aws_robomaker_residential_Quilt_01/meshes/aws_Quilt_01_visual.DAE
[1.664s] -- Symlinking: /home/utk/aura_ws/install/aura_description/share/aura_description/models/aws_robomaker_residential_Quilt_01/model.config
[1.669s] -- Symlinking: /home/utk/aura_ws/install/aura_description/share/aura_description/models/aws_robomaker_residential_Quilt_01/model.sdf
[1.674s] -- Symlinking: /home/utk/aura_ws/install/aura_description/share/aura_description/models/aws_robomaker_residential_Rangehood_01/materials/textures/aws_Rangehood_01.png
[1.679s] -- Symlinking: /home/utk/aura_ws/install/aura_description/share/aura_description/models/aws_robomaker_residential_Rangehood_01/meshes/aws_Rangehood_01_collision.DAE
[1.684s] -- Symlinking: /home/utk/aura_ws/install/aura_description/share/aura_description/models/aws_robomaker_residential_Rangehood_01/meshes/aws_Rangehood_01_visual.DAE
[1.689s] -- Symlinking: /home/utk/aura_ws/install/aura_description/share/aura_description/models/aws_robomaker_residential_Rangehood_01/model.config
[1.694s] -- Symlinking: /home/utk/aura_ws/install/aura_description/share/aura_description/models/aws_robomaker_residential_Rangehood_01/model.sdf
[1.698s] -- Symlinking: /home/utk/aura_ws/install/aura_description/share/aura_description/models/aws_robomaker_residential_ReadingDesk_01/materials/textures/aws_ReadingDesk_01.png
[1.703s] -- Symlinking: /home/utk/aura_ws/install/aura_description/share/aura_description/models/aws_robomaker_residential_ReadingDesk_01/meshes/aws_ReadingDesk_01_collision.DAE
[1.708s] -- Symlinking: /home/utk/aura_ws/install/aura_description/share/aura_description/models/aws_robomaker_residential_ReadingDesk_01/meshes/aws_ReadingDesk_01_visual.DAE
[1.713s] -- Symlinking: /home/utk/aura_ws/install/aura_description/share/aura_description/models/aws_robomaker_residential_ReadingDesk_01/model.config
[1.718s] -- Symlinking: /home/utk/aura_ws/install/aura_description/share/aura_description/models/aws_robomaker_residential_ReadingDesk_01/model.sdf
[1.723s] -- Symlinking: /home/utk/aura_ws/install/aura_description/share/aura_description/models/aws_robomaker_residential_Refrigerator_01/materials/textures/aws_Refrigerator_01.png
[1.728s] -- Symlinking: /home/utk/aura_ws/install/aura_description/share/aura_description/models/aws_robomaker_residential_Refrigerator_01/materials/textures/aws_Refrigerator_02.png
[1.733s] -- Symlinking: /home/utk/aura_ws/install/aura_description/share/aura_description/models/aws_robomaker_residential_Refrigerator_01/meshes/aws_Refrigerator_01.DAE
[1.738s] -- Symlinking: /home/utk/aura_ws/install/aura_description/share/aura_description/models/aws_robomaker_residential_Refrigerator_01/meshes/aws_Refrigerator_01_collision.DAE
[1.743s] -- Symlinking: /home/utk/aura_ws/install/aura_description/share/aura_description/models/aws_robomaker_residential_Refrigerator_01/meshes/aws_Refrigerator_01_visual.DAE
[1.747s] -- Symlinking: /home/utk/aura_ws/install/aura_description/share/aura_description/models/aws_robomaker_residential_Refrigerator_01/model.config
[1.752s] -- Symlinking: /home/utk/aura_ws/install/aura_description/share/aura_description/models/aws_robomaker_residential_Refrigerator_01/model.sdf
[1.757s] -- Symlinking: /home/utk/aura_ws/install/aura_description/share/aura_description/models/aws_robomaker_residential_RoomCeiling_01/materials/textures/aws_RoomCeiling_01.png
[1.762s] -- Symlinking: /home/utk/aura_ws/install/aura_description/share/aura_description/models/aws_robomaker_residential_RoomCeiling_01/meshes/aws_RoomCeiling_01_collision.DAE
[1.766s] -- Symlinking: /home/utk/aura_ws/install/aura_description/share/aura_description/models/aws_robomaker_residential_RoomCeiling_01/meshes/aws_RoomCeiling_01_visual.DAE
[1.771s] -- Symlinking: /home/utk/aura_ws/install/aura_description/share/aura_description/models/aws_robomaker_residential_RoomCeiling_01/model.config
[1.776s] -- Symlinking: /home/utk/aura_ws/install/aura_description/share/aura_description/models/aws_robomaker_residential_RoomCeiling_01/model.sdf
[1.781s] -- Symlinking: /home/utk/aura_ws/install/aura_description/share/aura_description/models/aws_robomaker_residential_RoomWall_01/materials/textures/aws_RoomWall_01.png
[1.786s] -- Symlinking: /home/utk/aura_ws/install/aura_description/share/aura_description/models/aws_robomaker_residential_RoomWall_01/meshes/aws_RoomWall_01_collision.DAE
[1.790s] -- Symlinking: /home/utk/aura_ws/install/aura_description/share/aura_description/models/aws_robomaker_residential_RoomWall_01/meshes/aws_RoomWall_01_visual.DAE
[1.795s] -- Symlinking: /home/utk/aura_ws/install/aura_description/share/aura_description/models/aws_robomaker_residential_RoomWall_01/model.config
[1.800s] -- Symlinking: /home/utk/aura_ws/install/aura_description/share/aura_description/models/aws_robomaker_residential_RoomWall_01/model.sdf
[1.805s] -- Symlinking: /home/utk/aura_ws/install/aura_description/share/aura_description/models/aws_robomaker_residential_RoomWindow_01/materials/textures/aws_RoomWindow_01.png
[1.810s] -- Symlinking: /home/utk/aura_ws/install/aura_description/share/aura_description/models/aws_robomaker_residential_RoomWindow_01/meshes/aws_RoomWindow_01_collision.DAE
[1.814s] -- Symlinking: /home/utk/aura_ws/install/aura_description/share/aura_description/models/aws_robomaker_residential_RoomWindow_01/meshes/aws_RoomWindow_01_visual.DAE
[1.819s] -- Symlinking: /home/utk/aura_ws/install/aura_description/share/aura_description/models/aws_robomaker_residential_RoomWindow_01/model.config
[1.824s] -- Symlinking: /home/utk/aura_ws/install/aura_description/share/aura_description/models/aws_robomaker_residential_RoomWindow_01/model.sdf
[1.829s] -- Symlinking: /home/utk/aura_ws/install/aura_description/share/aura_description/models/aws_robomaker_residential_SeasoningBox_01/materials/textures/aws_SeasoningBox_01.png
[1.834s] -- Symlinking: /home/utk/aura_ws/install/aura_description/share/aura_description/models/aws_robomaker_residential_SeasoningBox_01/meshes/aws_SeasoningBox_01_collision.DAE
[1.839s] -- Symlinking: /home/utk/aura_ws/install/aura_description/share/aura_description/models/aws_robomaker_residential_SeasoningBox_01/meshes/aws_SeasoningBox_01_visual.DAE
[1.845s] -- Symlinking: /home/utk/aura_ws/install/aura_description/share/aura_description/models/aws_robomaker_residential_SeasoningBox_01/model.config
[1.850s] -- Symlinking: /home/utk/aura_ws/install/aura_description/share/aura_description/models/aws_robomaker_residential_SeasoningBox_01/model.sdf
[1.855s] -- Symlinking: /home/utk/aura_ws/install/aura_description/share/aura_description/models/aws_robomaker_residential_SecurityCamera_01/materials/textures/aws_SecurityCamera_01.png
[1.860s] -- Symlinking: /home/utk/aura_ws/install/aura_description/share/aura_description/models/aws_robomaker_residential_SecurityCamera_01/meshes/aws_SecurityCamera_01_collision.DAE
[1.865s] -- Symlinking: /home/utk/aura_ws/install/aura_description/share/aura_description/models/aws_robomaker_residential_SecurityCamera_01/meshes/aws_SecurityCamera_01_visual.DAE
[1.870s] -- Symlinking: /home/utk/aura_ws/install/aura_description/share/aura_description/models/aws_robomaker_residential_SecurityCamera_01/model.config
[1.875s] -- Symlinking: /home/utk/aura_ws/install/aura_description/share/aura_description/models/aws_robomaker_residential_SecurityCamera_01/model.sdf
[1.880s] -- Symlinking: /home/utk/aura_ws/install/aura_description/share/aura_description/models/aws_robomaker_residential_ShoeRack_01/materials/textures/aws_ShoeRack_01.png
[1.884s] -- Symlinking: /home/utk/aura_ws/install/aura_description/share/aura_description/models/aws_robomaker_residential_ShoeRack_01/meshes/aws_ShoeRack_01_collision.DAE
[1.889s] -- Symlinking: /home/utk/aura_ws/install/aura_description/share/aura_description/models/aws_robomaker_residential_ShoeRack_01/meshes/aws_ShoeRack_01_visual.DAE
[1.894s] -- Symlinking: /home/utk/aura_ws/install/aura_description/share/aura_description/models/aws_robomaker_residential_ShoeRack_01/model.config
[1.899s] -- Symlinking: /home/utk/aura_ws/install/aura_description/share/aura_description/models/aws_robomaker_residential_ShoeRack_01/model.sdf
[1.904s] -- Symlinking: /home/utk/aura_ws/install/aura_description/share/aura_description/models/aws_robomaker_residential_SofaB_01/materials/textures/aws_SofaB_01.png
[1.909s] -- Symlinking: /home/utk/aura_ws/install/aura_description/share/aura_description/models/aws_robomaker_residential_SofaB_01/meshes/aws_SofaB_01_collision.DAE
[1.914s] -- Symlinking: /home/utk/aura_ws/install/aura_description/share/aura_description/models/aws_robomaker_residential_SofaB_01/meshes/aws_SofaB_01_visual.DAE
[1.918s] -- Symlinking: /home/utk/aura_ws/install/aura_description/share/aura_description/models/aws_robomaker_residential_SofaB_01/model.config
[1.923s] -- Symlinking: /home/utk/aura_ws/install/aura_description/share/aura_description/models/aws_robomaker_residential_SofaB_01/model.sdf
[1.928s] -- Symlinking: /home/utk/aura_ws/install/aura_description/share/aura_description/models/aws_robomaker_residential_SofaC_01/materials/textures/aws_SofaC_01.png
[1.934s] -- Symlinking: /home/utk/aura_ws/install/aura_description/share/aura_description/models/aws_robomaker_residential_SofaC_01/meshes/aws_SofaC_01_collision.DAE
[1.938s] -- Symlinking: /home/utk/aura_ws/install/aura_description/share/aura_description/models/aws_robomaker_residential_SofaC_01/meshes/aws_SofaC_01_visual.DAE
[1.943s] -- Symlinking: /home/utk/aura_ws/install/aura_description/share/aura_description/models/aws_robomaker_residential_SofaC_01/model.config
[1.948s] -- Symlinking: /home/utk/aura_ws/install/aura_description/share/aura_description/models/aws_robomaker_residential_SofaC_01/model.sdf
[1.953s] -- Symlinking: /home/utk/aura_ws/install/aura_description/share/aura_description/models/aws_robomaker_residential_Sofa_01/materials/textures/aws_Sofa_01.png
[1.958s] -- Symlinking: /home/utk/aura_ws/install/aura_description/share/aura_description/models/aws_robomaker_residential_Sofa_01/meshes/aws_Sofa_01.DAE
[1.963s] -- Symlinking: /home/utk/aura_ws/install/aura_description/share/aura_description/models/aws_robomaker_residential_Sofa_01/meshes/aws_Sofa_01_collision.DAE
[1.968s] -- Symlinking: /home/utk/aura_ws/install/aura_description/share/aura_description/models/aws_robomaker_residential_Sofa_01/meshes/aws_Sofa_01_visual.DAE
[1.973s] -- Symlinking: /home/utk/aura_ws/install/aura_description/share/aura_description/models/aws_robomaker_residential_Sofa_01/model.config
[1.977s] -- Symlinking: /home/utk/aura_ws/install/aura_description/share/aura_description/models/aws_robomaker_residential_Sofa_01/model.sdf
[1.982s] -- Symlinking: /home/utk/aura_ws/install/aura_description/share/aura_description/models/aws_robomaker_residential_TVCabinet_01/materials/textures/aws_TVCabinet_01.png
[1.987s] -- Symlinking: /home/utk/aura_ws/install/aura_description/share/aura_description/models/aws_robomaker_residential_TVCabinet_01/meshes/aws_TVCabinet_01_collision.DAE
[1.992s] -- Symlinking: /home/utk/aura_ws/install/aura_description/share/aura_description/models/aws_robomaker_residential_TVCabinet_01/meshes/aws_TVCabinet_01_visual.DAE
[1.996s] -- Symlinking: /home/utk/aura_ws/install/aura_description/share/aura_description/models/aws_robomaker_residential_TVCabinet_01/model.config
[2.001s] -- Symlinking: /home/utk/aura_ws/install/aura_description/share/aura_description/models/aws_robomaker_residential_TVCabinet_01/model.sdf
[2.006s] -- Symlinking: /home/utk/aura_ws/install/aura_description/share/aura_description/models/aws_robomaker_residential_TV_01/materials/textures/aws_TV_01.png
[2.011s] -- Symlinking: /home/utk/aura_ws/install/aura_description/share/aura_description/models/aws_robomaker_residential_TV_01/meshes/aws_TV_01_collision.DAE
[2.016s] -- Symlinking: /home/utk/aura_ws/install/aura_description/share/aura_description/models/aws_robomaker_residential_TV_01/meshes/aws_TV_01_visual.DAE
[2.021s] -- Symlinking: /home/utk/aura_ws/install/aura_description/share/aura_description/models/aws_robomaker_residential_TV_01/model.config
[2.025s] -- Symlinking: /home/utk/aura_ws/install/aura_description/share/aura_description/models/aws_robomaker_residential_TV_01/model.sdf
[2.030s] -- Symlinking: /home/utk/aura_ws/install/aura_description/share/aura_description/models/aws_robomaker_residential_TV_02/materials/textures/aws_TV_01.png
[2.035s] -- Symlinking: /home/utk/aura_ws/install/aura_description/share/aura_description/models/aws_robomaker_residential_TV_02/meshes/aws_TV_01_collision.DAE
[2.040s] -- Symlinking: /home/utk/aura_ws/install/aura_description/share/aura_description/models/aws_robomaker_residential_TV_02/meshes/aws_TV_01_visual.DAE
[2.046s] -- Symlinking: /home/utk/aura_ws/install/aura_description/share/aura_description/models/aws_robomaker_residential_TV_02/model.config
[2.051s] -- Symlinking: /home/utk/aura_ws/install/aura_description/share/aura_description/models/aws_robomaker_residential_TV_02/model.sdf
[2.056s] -- Symlinking: /home/utk/aura_ws/install/aura_description/share/aura_description/models/aws_robomaker_residential_Tablet_01/materials/textures/aws_Tablet_01_nologo.png
[2.061s] -- Symlinking: /home/utk/aura_ws/install/aura_description/share/aura_description/models/aws_robomaker_residential_Tablet_01/meshes/aws_Tablet_01_collision.DAE
[2.065s] -- Symlinking: /home/utk/aura_ws/install/aura_description/share/aura_description/models/aws_robomaker_residential_Tablet_01/meshes/aws_Tablet_01_visual.DAE
[2.070s] -- Symlinking: /home/utk/aura_ws/install/aura_description/share/aura_description/models/aws_robomaker_residential_Tablet_01/model.config
[2.075s] -- Symlinking: /home/utk/aura_ws/install/aura_description/share/aura_description/models/aws_robomaker_residential_Tablet_01/model.sdf
[2.080s] -- Symlinking: /home/utk/aura_ws/install/aura_description/share/aura_description/models/aws_robomaker_residential_Tableware_01/materials/textures/aws_Tableware_01.png
[2.085s] -- Symlinking: /home/utk/aura_ws/install/aura_description/share/aura_description/models/aws_robomaker_residential_Tableware_01/meshes/aws_Tableware_01_collision.DAE
[2.090s] -- Symlinking: /home/utk/aura_ws/install/aura_description/share/aura_description/models/aws_robomaker_residential_Tableware_01/meshes/aws_Tableware_01_visual.DAE
[2.095s] -- Symlinking: /home/utk/aura_ws/install/aura_description/share/aura_description/models/aws_robomaker_residential_Tableware_01/model.config
[2.099s] -- Symlinking: /home/utk/aura_ws/install/aura_description/share/aura_description/models/aws_robomaker_residential_Tableware_01/model.sdf
[2.104s] -- Symlinking: /home/utk/aura_ws/install/aura_description/share/aura_description/models/aws_robomaker_residential_Trash_01/materials/textures/aws_Trash_01.png
[2.109s] -- Symlinking: /home/utk/aura_ws/install/aura_description/share/aura_description/models/aws_robomaker_residential_Trash_01/meshes/aws_Trash_01_collision.DAE
[2.114s] -- Symlinking: /home/utk/aura_ws/install/aura_description/share/aura_description/models/aws_robomaker_residential_Trash_01/meshes/aws_Trash_01_visual.DAE
[2.119s] -- Symlinking: /home/utk/aura_ws/install/aura_description/share/aura_description/models/aws_robomaker_residential_Trash_01/model.config
[2.124s] -- Symlinking: /home/utk/aura_ws/install/aura_description/share/aura_description/models/aws_robomaker_residential_Trash_01/model.sdf
[2.129s] -- Symlinking: /home/utk/aura_ws/install/aura_description/share/aura_description/models/aws_robomaker_residential_Vase_01/materials/textures/aws_Vase_01.png
[2.134s] -- Symlinking: /home/utk/aura_ws/install/aura_description/share/aura_description/models/aws_robomaker_residential_Vase_01/meshes/aws_Vase_01_collision.DAE
[2.139s] -- Symlinking: /home/utk/aura_ws/install/aura_description/share/aura_description/models/aws_robomaker_residential_Vase_01/meshes/aws_Vase_01_visual.DAE
[2.143s] -- Symlinking: /home/utk/aura_ws/install/aura_description/share/aura_description/models/aws_robomaker_residential_Vase_01/model.config
[2.148s] -- Symlinking: /home/utk/aura_ws/install/aura_description/share/aura_description/models/aws_robomaker_residential_Vase_01/model.sdf
[2.153s] -- Symlinking: /home/utk/aura_ws/install/aura_description/share/aura_description/models/aws_robomaker_residential_Wardrobe_01/materials/textures/aws_Wardrobe_01.png
[2.158s] -- Symlinking: /home/utk/aura_ws/install/aura_description/share/aura_description/models/aws_robomaker_residential_Wardrobe_01/meshes/aws_Wardrobe_01_collision.DAE
[2.163s] -- Symlinking: /home/utk/aura_ws/install/aura_description/share/aura_description/models/aws_robomaker_residential_Wardrobe_01/meshes/aws_Wardrobe_01_visual.DAE
[2.168s] -- Symlinking: /home/utk/aura_ws/install/aura_description/share/aura_description/models/aws_robomaker_residential_Wardrobe_01/model.config
[2.173s] -- Symlinking: /home/utk/aura_ws/install/aura_description/share/aura_description/models/aws_robomaker_residential_Wardrobe_01/model.sdf
[2.178s] -- Symlinking: /home/utk/aura_ws/install/aura_description/share/aura_description/models/aws_robomaker_warehouse_Bucket_01/.DS_Store
[2.183s] -- Symlinking: /home/utk/aura_ws/install/aura_description/share/aura_description/models/aws_robomaker_warehouse_Bucket_01/materials/.DS_Store
[2.187s] -- Symlinking: /home/utk/aura_ws/install/aura_description/share/aura_description/models/aws_robomaker_warehouse_Bucket_01/materials/textures/aws_robomaker_warehouse_Bucket_01.png
[2.192s] -- Symlinking: /home/utk/aura_ws/install/aura_description/share/aura_description/models/aws_robomaker_warehouse_Bucket_01/meshes/aws_robomaker_warehouse_Bucket_01_collision.DAE
[2.197s] -- Symlinking: /home/utk/aura_ws/install/aura_description/share/aura_description/models/aws_robomaker_warehouse_Bucket_01/meshes/aws_robomaker_warehouse_Bucket_01_visual.DAE
[2.202s] -- Symlinking: /home/utk/aura_ws/install/aura_description/share/aura_description/models/aws_robomaker_warehouse_Bucket_01/model.config
[2.207s] -- Symlinking: /home/utk/aura_ws/install/aura_description/share/aura_description/models/aws_robomaker_warehouse_Bucket_01/model.sdf
[2.211s] -- Symlinking: /home/utk/aura_ws/install/aura_description/share/aura_description/models/aws_robomaker_warehouse_ClutteringA_01/.DS_Store
[2.216s] -- Symlinking: /home/utk/aura_ws/install/aura_description/share/aura_description/models/aws_robomaker_warehouse_ClutteringA_01/materials/.DS_Store
[2.221s] -- Symlinking: /home/utk/aura_ws/install/aura_description/share/aura_description/models/aws_robomaker_warehouse_ClutteringA_01/materials/textures/.DS_Store
[2.226s] -- Symlinking: /home/utk/aura_ws/install/aura_description/share/aura_description/models/aws_robomaker_warehouse_ClutteringA_01/materials/textures/aws_robomaker_warehouse_ClutteringA_01.png
[2.231s] -- Symlinking: /home/utk/aura_ws/install/aura_description/share/aura_description/models/aws_robomaker_warehouse_ClutteringA_01/materials/textures/aws_robomaker_warehouse_ClutteringA_02.png
[2.236s] -- Symlinking: /home/utk/aura_ws/install/aura_description/share/aura_description/models/aws_robomaker_warehouse_ClutteringA_01/materials/textures/aws_robomaker_warehouse_ClutteringA_03.png
[2.241s] -- Symlinking: /home/utk/aura_ws/install/aura_description/share/aura_description/models/aws_robomaker_warehouse_ClutteringA_01/meshes/aws_robomaker_warehouse_ClutteringA_01_collision.DAE
[2.246s] -- Symlinking: /home/utk/aura_ws/install/aura_description/share/aura_description/models/aws_robomaker_warehouse_ClutteringA_01/meshes/aws_robomaker_warehouse_ClutteringA_01_visual.DAE
[2.251s] -- Symlinking: /home/utk/aura_ws/install/aura_description/share/aura_description/models/aws_robomaker_warehouse_ClutteringA_01/model.config
[2.256s] -- Symlinking: /home/utk/aura_ws/install/aura_description/share/aura_description/models/aws_robomaker_warehouse_ClutteringA_01/model.sdf
[2.261s] -- Symlinking: /home/utk/aura_ws/install/aura_description/share/aura_description/models/aws_robomaker_warehouse_ClutteringC_01/materials/textures/aws_robomaker_warehouse_ClutteringC_01.png
[2.266s] -- Symlinking: /home/utk/aura_ws/install/aura_description/share/aura_description/models/aws_robomaker_warehouse_ClutteringC_01/materials/textures/aws_robomaker_warehouse_ClutteringC_02.png
[2.270s] -- Symlinking: /home/utk/aura_ws/install/aura_description/share/aura_description/models/aws_robomaker_warehouse_ClutteringC_01/meshes/aws_robomaker_warehouse_ClutteringC_01_collision.DAE
[2.275s] -- Symlinking: /home/utk/aura_ws/install/aura_description/share/aura_description/models/aws_robomaker_warehouse_ClutteringC_01/meshes/aws_robomaker_warehouse_ClutteringC_01_visual.DAE
[2.280s] -- Symlinking: /home/utk/aura_ws/install/aura_description/share/aura_description/models/aws_robomaker_warehouse_ClutteringC_01/model.config
[2.285s] -- Symlinking: /home/utk/aura_ws/install/aura_description/share/aura_description/models/aws_robomaker_warehouse_ClutteringC_01/model.sdf
[2.290s] -- Symlinking: /home/utk/aura_ws/install/aura_description/share/aura_description/models/aws_robomaker_warehouse_ClutteringD_01/materials/textures/aws_robomaker_warehouse_ClutteringD_01.png
[2.294s] -- Symlinking: /home/utk/aura_ws/install/aura_description/share/aura_description/models/aws_robomaker_warehouse_ClutteringD_01/materials/textures/aws_robomaker_warehouse_ClutteringD_02.png
[2.299s] -- Symlinking: /home/utk/aura_ws/install/aura_description/share/aura_description/models/aws_robomaker_warehouse_ClutteringD_01/meshes/aws_robomaker_warehouse_ClutteringD_01_collision.DAE
[2.304s] -- Symlinking: /home/utk/aura_ws/install/aura_description/share/aura_description/models/aws_robomaker_warehouse_ClutteringD_01/meshes/aws_robomaker_warehouse_ClutteringD_01_visual.DAE
[2.309s] -- Symlinking: /home/utk/aura_ws/install/aura_description/share/aura_description/models/aws_robomaker_warehouse_ClutteringD_01/model.config
[2.314s] -- Symlinking: /home/utk/aura_ws/install/aura_description/share/aura_description/models/aws_robomaker_warehouse_ClutteringD_01/model.sdf
[2.318s] -- Symlinking: /home/utk/aura_ws/install/aura_description/share/aura_description/models/aws_robomaker_warehouse_DeskC_01/materials/.DS_Store
[2.323s] -- Symlinking: /home/utk/aura_ws/install/aura_description/share/aura_description/models/aws_robomaker_warehouse_DeskC_01/materials/textures/aws_robomaker_warehouse_DeskC_01.png
[2.328s] -- Symlinking: /home/utk/aura_ws/install/aura_description/share/aura_description/models/aws_robomaker_warehouse_DeskC_01/materials/textures/aws_robomaker_warehouse_DeskC_02.png
[2.333s] -- Symlinking: /home/utk/aura_ws/install/aura_description/share/aura_description/models/aws_robomaker_warehouse_DeskC_01/materials/textures/aws_robomaker_warehouse_DeskC_03.png
[2.338s] -- Symlinking: /home/utk/aura_ws/install/aura_description/share/aura_description/models/aws_robomaker_warehouse_DeskC_01/materials/textures/aws_robomaker_warehouse_DeskC_03.psd
[2.343s] -- Symlinking: /home/utk/aura_ws/install/aura_description/share/aura_description/models/aws_robomaker_warehouse_DeskC_01/materials/textures/aws_robomaker_warehouse_DeskC_04.png
[2.348s] -- Symlinking: /home/utk/aura_ws/install/aura_description/share/aura_description/models/aws_robomaker_warehouse_DeskC_01/meshes/aws_robomaker_warehouse_DeskC_01_collision.DAE
[2.353s] -- Symlinking: /home/utk/aura_ws/install/aura_description/share/aura_description/models/aws_robomaker_warehouse_DeskC_01/meshes/aws_robomaker_warehouse_DeskC_01_visual.DAE
[2.358s] -- Symlinking: /home/utk/aura_ws/install/aura_description/share/aura_description/models/aws_robomaker_warehouse_DeskC_01/model.config
[2.363s] -- Symlinking: /home/utk/aura_ws/install/aura_description/share/aura_description/models/aws_robomaker_warehouse_DeskC_01/model.sdf
[2.368s] -- Symlinking: /home/utk/aura_ws/install/aura_description/share/aura_description/models/aws_robomaker_warehouse_GroundB_01/materials/textures/aws_robomaker_warehouse_GroundB_01.png
[2.373s] -- Symlinking: /home/utk/aura_ws/install/aura_description/share/aura_description/models/aws_robomaker_warehouse_GroundB_01/materials/textures/aws_robomaker_warehouse_GroundB_02.png
[2.378s] -- Symlinking: /home/utk/aura_ws/install/aura_description/share/aura_description/models/aws_robomaker_warehouse_GroundB_01/meshes/aws_robomaker_warehouse_GroundB_01_collision.DAE
[2.383s] -- Symlinking: /home/utk/aura_ws/install/aura_description/share/aura_description/models/aws_robomaker_warehouse_GroundB_01/meshes/aws_robomaker_warehouse_GroundB_01_visual.DAE
[2.387s] -- Symlinking: /home/utk/aura_ws/install/aura_description/share/aura_description/models/aws_robomaker_warehouse_GroundB_01/model.config
[2.392s] -- Symlinking: /home/utk/aura_ws/install/aura_description/share/aura_description/models/aws_robomaker_warehouse_GroundB_01/model.sdf
[2.397s] -- Symlinking: /home/utk/aura_ws/install/aura_description/share/aura_description/models/aws_robomaker_warehouse_Lamp_01/materials/textures/aws_robomaker_warehouse_Lamp_01.png
[2.402s] -- Symlinking: /home/utk/aura_ws/install/aura_description/share/aura_description/models/aws_robomaker_warehouse_Lamp_01/meshes/aws_robomaker_warehouse_Lamp_01_collision.DAE
[2.407s] -- Symlinking: /home/utk/aura_ws/install/aura_description/share/aura_description/models/aws_robomaker_warehouse_Lamp_01/meshes/aws_robomaker_warehouse_Lamp_01_visual.DAE
[2.412s] -- Symlinking: /home/utk/aura_ws/install/aura_description/share/aura_description/models/aws_robomaker_warehouse_Lamp_01/model.config
[2.417s] -- Symlinking: /home/utk/aura_ws/install/aura_description/share/aura_description/models/aws_robomaker_warehouse_Lamp_01/model.sdf
[2.421s] -- Symlinking: /home/utk/aura_ws/install/aura_description/share/aura_description/models/aws_robomaker_warehouse_PalletJackB_01/.DS_Store
[2.426s] -- Symlinking: /home/utk/aura_ws/install/aura_description/share/aura_description/models/aws_robomaker_warehouse_PalletJackB_01/materials/.DS_Store
[2.431s] -- Symlinking: /home/utk/aura_ws/install/aura_description/share/aura_description/models/aws_robomaker_warehouse_PalletJackB_01/materials/textures/aws_robomaker_warehouse_PalletJackB_01.png
[2.436s] -- Symlinking: /home/utk/aura_ws/install/aura_description/share/aura_description/models/aws_robomaker_warehouse_PalletJackB_01/materials/textures/aws_robomaker_warehouse_PalletJackB_02.png
[2.441s] -- Symlinking: /home/utk/aura_ws/install/aura_description/share/aura_description/models/aws_robomaker_warehouse_PalletJackB_01/meshes/aws_robomaker_warehouse_PalletJackB_01_collision.DAE
[2.446s] -- Symlinking: /home/utk/aura_ws/install/aura_description/share/aura_description/models/aws_robomaker_warehouse_PalletJackB_01/meshes/aws_robomaker_warehouse_PalletJackB_01_visual.DAE
[2.451s] -- Symlinking: /home/utk/aura_ws/install/aura_description/share/aura_description/models/aws_robomaker_warehouse_PalletJackB_01/model.config
[2.457s] -- Symlinking: /home/utk/aura_ws/install/aura_description/share/aura_description/models/aws_robomaker_warehouse_PalletJackB_01/model.sdf
[2.461s] -- Symlinking: /home/utk/aura_ws/install/aura_description/share/aura_description/models/aws_robomaker_warehouse_RoofB_01/materials/textures/aws_robomaker_warehouse_RoofB_01.png
[2.466s] -- Symlinking: /home/utk/aura_ws/install/aura_description/share/aura_description/models/aws_robomaker_warehouse_RoofB_01/meshes/aws_robomaker_warehouse_RoofB_01_collision.DAE
[2.471s] -- Symlinking: /home/utk/aura_ws/install/aura_description/share/aura_description/models/aws_robomaker_warehouse_RoofB_01/meshes/aws_robomaker_warehouse_RoofB_01_visual.DAE
[2.476s] -- Symlinking: /home/utk/aura_ws/install/aura_description/share/aura_description/models/aws_robomaker_warehouse_RoofB_01/model.config
[2.481s] -- Symlinking: /home/utk/aura_ws/install/aura_description/share/aura_description/models/aws_robomaker_warehouse_RoofB_01/model.sdf
[2.485s] -- Symlinking: /home/utk/aura_ws/install/aura_description/share/aura_description/models/aws_robomaker_warehouse_ShelfD_01/materials/textures/aws_robomaker_warehouse_ShelfD_01.png
[2.490s] -- Symlinking: /home/utk/aura_ws/install/aura_description/share/aura_description/models/aws_robomaker_warehouse_ShelfD_01/materials/textures/aws_robomaker_warehouse_ShelfD_02.png
[2.495s] -- Symlinking: /home/utk/aura_ws/install/aura_description/share/aura_description/models/aws_robomaker_warehouse_ShelfD_01/materials/textures/aws_robomaker_warehouse_ShelfD_03.png
[2.499s] -- Symlinking: /home/utk/aura_ws/install/aura_description/share/aura_description/models/aws_robomaker_warehouse_ShelfD_01/materials/textures/aws_robomaker_warehouse_ShelfD_04.png
[2.504s] -- Symlinking: /home/utk/aura_ws/install/aura_description/share/aura_description/models/aws_robomaker_warehouse_ShelfD_01/meshes/aws_robomaker_warehouse_ShelfD_01_collision.DAE
[2.510s] -- Symlinking: /home/utk/aura_ws/install/aura_description/share/aura_description/models/aws_robomaker_warehouse_ShelfD_01/meshes/aws_robomaker_warehouse_ShelfD_01_visual.DAE
[2.515s] -- Symlinking: /home/utk/aura_ws/install/aura_description/share/aura_description/models/aws_robomaker_warehouse_ShelfD_01/model.config
[2.520s] -- Symlinking: /home/utk/aura_ws/install/aura_description/share/aura_description/models/aws_robomaker_warehouse_ShelfD_01/model.sdf
[2.526s] -- Symlinking: /home/utk/aura_ws/install/aura_description/share/aura_description/models/aws_robomaker_warehouse_ShelfE_01/.DS_Store
[2.531s] -- Symlinking: /home/utk/aura_ws/install/aura_description/share/aura_description/models/aws_robomaker_warehouse_ShelfE_01/materials/.DS_Store
[2.536s] -- Symlinking: /home/utk/aura_ws/install/aura_description/share/aura_description/models/aws_robomaker_warehouse_ShelfE_01/materials/textures/aws_robomaker_warehouse_ShelfE_01.png
[2.542s] -- Symlinking: /home/utk/aura_ws/install/aura_description/share/aura_description/models/aws_robomaker_warehouse_ShelfE_01/materials/textures/aws_robomaker_warehouse_ShelfE_02.png
[2.546s] -- Symlinking: /home/utk/aura_ws/install/aura_description/share/aura_description/models/aws_robomaker_warehouse_ShelfE_01/materials/textures/aws_robomaker_warehouse_ShelfE_03.png
[2.551s] -- Symlinking: /home/utk/aura_ws/install/aura_description/share/aura_description/models/aws_robomaker_warehouse_ShelfE_01/materials/textures/aws_robomaker_warehouse_ShelfE_04.png
[2.556s] -- Symlinking: /home/utk/aura_ws/install/aura_description/share/aura_description/models/aws_robomaker_warehouse_ShelfE_01/meshes/aws_robomaker_warehouse_ShelfE_01_collision.DAE
[2.561s] -- Symlinking: /home/utk/aura_ws/install/aura_description/share/aura_description/models/aws_robomaker_warehouse_ShelfE_01/meshes/aws_robomaker_warehouse_ShelfE_01_visual.DAE
[2.566s] -- Symlinking: /home/utk/aura_ws/install/aura_description/share/aura_description/models/aws_robomaker_warehouse_ShelfE_01/model.config
[2.571s] -- Symlinking: /home/utk/aura_ws/install/aura_description/share/aura_description/models/aws_robomaker_warehouse_ShelfE_01/model.sdf
[2.577s] -- Symlinking: /home/utk/aura_ws/install/aura_description/share/aura_description/models/aws_robomaker_warehouse_ShelfF_01/materials/textures/aws_robomaker_warehouse_ShelfF_01.png
[2.581s] -- Symlinking: /home/utk/aura_ws/install/aura_description/share/aura_description/models/aws_robomaker_warehouse_ShelfF_01/materials/textures/aws_robomaker_warehouse_ShelfF_02.png
[2.587s] -- Symlinking: /home/utk/aura_ws/install/aura_description/share/aura_description/models/aws_robomaker_warehouse_ShelfF_01/materials/textures/aws_robomaker_warehouse_ShelfF_03.png
[2.591s] -- Symlinking: /home/utk/aura_ws/install/aura_description/share/aura_description/models/aws_robomaker_warehouse_ShelfF_01/meshes/aws_robomaker_warehouse_ShelfF_01_collision.DAE
[2.596s] -- Symlinking: /home/utk/aura_ws/install/aura_description/share/aura_description/models/aws_robomaker_warehouse_ShelfF_01/meshes/aws_robomaker_warehouse_ShelfF_01_visual.DAE
[2.606s] -- Symlinking: /home/utk/aura_ws/install/aura_description/share/aura_description/models/aws_robomaker_warehouse_ShelfF_01/model.config
[2.619s] -- Symlinking: /home/utk/aura_ws/install/aura_description/share/aura_description/models/aws_robomaker_warehouse_ShelfF_01/model.sdf
[2.635s] -- Symlinking: /home/utk/aura_ws/install/aura_description/share/aura_description/models/aws_robomaker_warehouse_TrashCanC_01/materials/textures/aws_robomaker_warehouse_TrashCanC_01.png
[2.649s] -- Symlinking: /home/utk/aura_ws/install/aura_description/share/aura_description/models/aws_robomaker_warehouse_TrashCanC_01/meshes/aws_robomaker_warehouse_TrashCanC_01_collision.DAE
[2.656s] -- Symlinking: /home/utk/aura_ws/install/aura_description/share/aura_description/models/aws_robomaker_warehouse_TrashCanC_01/meshes/aws_robomaker_warehouse_TrashCanC_01_visual.DAE
[2.661s] -- Symlinking: /home/utk/aura_ws/install/aura_description/share/aura_description/models/aws_robomaker_warehouse_TrashCanC_01/model.config
[2.669s] -- Symlinking: /home/utk/aura_ws/install/aura_description/share/aura_description/models/aws_robomaker_warehouse_TrashCanC_01/model.sdf
[2.680s] -- Symlinking: /home/utk/aura_ws/install/aura_description/share/aura_description/models/aws_robomaker_warehouse_WallB_01/materials/textures/aws_robomaker_warehouse_WallB_01.png
[2.691s] -- Symlinking: /home/utk/aura_ws/install/aura_description/share/aura_description/models/aws_robomaker_warehouse_WallB_01/meshes/aws_robomaker_warehouse_WallB_01_collision.DAE
[2.703s] -- Symlinking: /home/utk/aura_ws/install/aura_description/share/aura_description/models/aws_robomaker_warehouse_WallB_01/meshes/aws_robomaker_warehouse_WallB_01_visual.DAE
[2.717s] -- Symlinking: /home/utk/aura_ws/install/aura_description/share/aura_description/models/aws_robomaker_warehouse_WallB_01/model.config
[2.729s] -- Symlinking: /home/utk/aura_ws/install/aura_description/share/aura_description/models/aws_robomaker_warehouse_WallB_01/model.sdf
[2.741s] -- Symlinking: /home/utk/aura_ws/install/aura_description/share/aura_description/worlds/empty.world
[2.752s] -- Symlinking: /home/utk/aura_ws/install/aura_description/share/aura_description/worlds/small_house.world
[2.769s] -- Symlinking: /home/utk/aura_ws/install/aura_description/share/aura_description/worlds/small_warehouse.world
[2.778s] -- Symlinking: /home/utk/aura_ws/install/aura_description/share/ament_index/resource_index/package_run_dependencies/aura_description
[2.783s] -- Symlinking: /home/utk/aura_ws/install/aura_description/share/ament_index/resource_index/parent_prefix_path/aura_description
[2.787s] -- Symlinking: /home/utk/aura_ws/install/aura_description/share/aura_description/environment/ament_prefix_path.sh
[2.792s] -- Symlinking: /home/utk/aura_ws/install/aura_description/share/aura_description/environment/ament_prefix_path.dsv
[2.797s] -- Symlinking: /home/utk/aura_ws/install/aura_description/share/aura_description/environment/path.sh
[2.805s] -- Symlinking: /home/utk/aura_ws/install/aura_description/share/aura_description/environment/path.dsv
[2.816s] -- Symlinking: /home/utk/aura_ws/install/aura_description/share/aura_description/local_setup.bash
[2.823s] -- Symlinking: /home/utk/aura_ws/install/aura_description/share/aura_description/local_setup.sh
[2.836s] -- Symlinking: /home/utk/aura_ws/install/aura_description/share/aura_description/local_setup.zsh
[2.848s] -- Symlinking: /home/utk/aura_ws/install/aura_description/share/aura_description/local_setup.dsv
[2.860s] -- Symlinking: /home/utk/aura_ws/install/aura_description/share/aura_description/package.dsv
[2.874s] -- Symlinking: /home/utk/aura_ws/install/aura_description/share/ament_index/resource_index/packages/aura_description
[2.887s] -- Symlinking: /home/utk/aura_ws/install/aura_description/share/aura_description/cmake/aura_descriptionConfig.cmake
[2.903s] -- Symlinking: /home/utk/aura_ws/install/aura_description/share/aura_description/cmake/aura_descriptionConfig-version.cmake
[2.919s] -- Symlinking: /home/utk/aura_ws/install/aura_description/share/aura_description/package.xml
[2.932s] Invoked command in '/home/utk/aura_ws/build/aura_description' returned '0': CMAKE_PREFIX_PATH=${CMAKE_PREFIX_PATH}:/home/utk/bumperbot_ws/install/bumperbot_vision:/home/utk/bumperbot_ws/install/bumperbot_py_examples:/opt/ros/humble /usr/bin/cmake --install /home/utk/aura_ws/build/aura_description
