[0.030s] Invoking command in '/home/utk/aura_ws/build/aura_mapping': CMAKE_PREFIX_PATH=${CMAKE_PREFIX_PATH}:/home/utk/aura_ws/install/autonomous_exploration:/home/utk/bumperbot_ws/install/bumperbot_vision:/home/utk/bumperbot_ws/install/bumperbot_py_examples:/opt/ros/humble /usr/bin/cmake --build /home/utk/aura_ws/build/aura_mapping -- -j16 -l16
[0.117s] Built target ament_cmake_python_symlink_aura_mapping
[0.565s] running egg_info
[0.566s] writing aura_mapping.egg-info/PKG-INFO
[0.566s] writing dependency_links to aura_mapping.egg-info/dependency_links.txt
[0.567s] writing top-level names to aura_mapping.egg-info/top_level.txt
[0.571s] reading manifest file 'aura_mapping.egg-info/SOURCES.txt'
[0.572s] writing manifest file 'aura_mapping.egg-info/SOURCES.txt'
[0.624s] Built target ament_cmake_python_build_aura_mapping_egg
[0.640s] Invoked command in '/home/utk/aura_ws/build/aura_mapping' returned '0': CMAKE_PREFIX_PATH=${CMAKE_PREFIX_PATH}:/home/utk/aura_ws/install/autonomous_exploration:/home/utk/bumperbot_ws/install/bumperbot_vision:/home/utk/bumperbot_ws/install/bumperbot_py_examples:/opt/ros/humble /usr/bin/cmake --build /home/utk/aura_ws/build/aura_mapping -- -j16 -l16
[0.643s] Invoking command in '/home/utk/aura_ws/build/aura_mapping': CMAKE_PREFIX_PATH=${CMAKE_PREFIX_PATH}:/home/utk/aura_ws/install/autonomous_exploration:/home/utk/bumperbot_ws/install/bumperbot_vision:/home/utk/bumperbot_ws/install/bumperbot_py_examples:/opt/ros/humble /usr/bin/cmake --install /home/utk/aura_ws/build/aura_mapping
[0.655s] -- Install configuration: ""
[0.656s] -- Execute custom install script
[0.656s] -- Up-to-date symlink: /home/utk/aura_ws/install/aura_mapping/share/aura_mapping/environment/pythonpath.sh
[0.656s] -- Up-to-date symlink: /home/utk/aura_ws/install/aura_mapping/share/aura_mapping/environment/pythonpath.dsv
[0.657s] -- Up-to-date symlink: /home/utk/aura_ws/install/aura_mapping/local/lib/python3.10/dist-packages/aura_mapping-0.0.0-py3.10.egg-info/PKG-INFO
[0.657s] -- Up-to-date symlink: /home/utk/aura_ws/install/aura_mapping/local/lib/python3.10/dist-packages/aura_mapping-0.0.0-py3.10.egg-info/SOURCES.txt
[0.657s] -- Up-to-date symlink: /home/utk/aura_ws/install/aura_mapping/local/lib/python3.10/dist-packages/aura_mapping-0.0.0-py3.10.egg-info/dependency_links.txt
[0.657s] -- Up-to-date symlink: /home/utk/aura_ws/install/aura_mapping/local/lib/python3.10/dist-packages/aura_mapping-0.0.0-py3.10.egg-info/top_level.txt
[0.658s] -- Up-to-date symlink: /home/utk/aura_ws/install/aura_mapping/local/lib/python3.10/dist-packages/aura_mapping/__init__.py
[0.658s] -- Up-to-date symlink: /home/utk/aura_ws/install/aura_mapping/local/lib/python3.10/dist-packages/aura_mapping/aura_frontier_exploration.py
[0.658s] -- Up-to-date symlink: /home/utk/aura_ws/install/aura_mapping/share/aura_mapping/config/exploration_params.yaml
[0.658s] -- Up-to-date symlink: /home/utk/aura_ws/install/aura_mapping/share/aura_mapping/config/slam_toolbox.yaml
[0.659s] -- Up-to-date symlink: /home/utk/aura_ws/install/aura_mapping/share/aura_mapping/launch/slam.launch.py
[0.659s] -- Up-to-date symlink: /home/utk/aura_ws/install/aura_mapping/share/aura_mapping/rviz/slam.rviz
[0.659s] -- Up-to-date symlink: /home/utk/aura_ws/install/aura_mapping/lib/aura_mapping/aura_frontier_exploration.py
[0.660s] -- Up-to-date symlink: /home/utk/aura_ws/install/aura_mapping/share/ament_index/resource_index/package_run_dependencies/aura_mapping
[0.660s] -- Up-to-date symlink: /home/utk/aura_ws/install/aura_mapping/share/ament_index/resource_index/parent_prefix_path/aura_mapping
[0.660s] -- Up-to-date symlink: /home/utk/aura_ws/install/aura_mapping/share/aura_mapping/environment/ament_prefix_path.sh
[0.661s] -- Up-to-date symlink: /home/utk/aura_ws/install/aura_mapping/share/aura_mapping/environment/ament_prefix_path.dsv
[0.661s] -- Up-to-date symlink: /home/utk/aura_ws/install/aura_mapping/share/aura_mapping/environment/path.sh
[0.661s] -- Up-to-date symlink: /home/utk/aura_ws/install/aura_mapping/share/aura_mapping/environment/path.dsv
[0.661s] -- Up-to-date symlink: /home/utk/aura_ws/install/aura_mapping/share/aura_mapping/local_setup.bash
[0.662s] -- Up-to-date symlink: /home/utk/aura_ws/install/aura_mapping/share/aura_mapping/local_setup.sh
[0.662s] -- Up-to-date symlink: /home/utk/aura_ws/install/aura_mapping/share/aura_mapping/local_setup.zsh
[0.662s] -- Up-to-date symlink: /home/utk/aura_ws/install/aura_mapping/share/aura_mapping/local_setup.dsv
[0.662s] -- Symlinking: /home/utk/aura_ws/install/aura_mapping/share/aura_mapping/package.dsv
[0.675s] -- Up-to-date symlink: /home/utk/aura_ws/install/aura_mapping/share/ament_index/resource_index/packages/aura_mapping
[0.676s] -- Up-to-date symlink: /home/utk/aura_ws/install/aura_mapping/share/aura_mapping/cmake/aura_mappingConfig.cmake
[0.676s] -- Up-to-date symlink: /home/utk/aura_ws/install/aura_mapping/share/aura_mapping/cmake/aura_mappingConfig-version.cmake
[0.676s] -- Up-to-date symlink: /home/utk/aura_ws/install/aura_mapping/share/aura_mapping/package.xml
[0.735s] Listing '/home/utk/aura_ws/install/aura_mapping/local/lib/python3.10/dist-packages/aura_mapping'...
[0.735s] Compiling '/home/utk/aura_ws/install/aura_mapping/local/lib/python3.10/dist-packages/aura_mapping/aura_frontier_exploration.py'...
[0.775s] Invoked command in '/home/utk/aura_ws/build/aura_mapping' returned '0': CMAKE_PREFIX_PATH=${CMAKE_PREFIX_PATH}:/home/utk/aura_ws/install/autonomous_exploration:/home/utk/bumperbot_ws/install/bumperbot_vision:/home/utk/bumperbot_ws/install/bumperbot_py_examples:/opt/ros/humble /usr/bin/cmake --install /home/utk/aura_ws/build/aura_mapping
