[0.038s] Invoking command in '/home/utk/aura_ws/build/aura_controller': CMAKE_PREFIX_PATH=${CMAKE_PREFIX_PATH}:/home/utk/aura_ws/install/autonomous_exploration:/home/utk/bumperbot_ws/install/bumperbot_vision:/home/utk/bumperbot_ws/install/bumperbot_py_examples:/opt/ros/humble /usr/bin/cmake --build /home/utk/aura_ws/build/aura_controller -- -j16 -l16
[0.127s] Built target ament_cmake_python_symlink_aura_controller
[0.585s] running egg_info
[0.586s] writing aura_controller.egg-info/PKG-INFO
[0.586s] writing dependency_links to aura_controller.egg-info/dependency_links.txt
[0.586s] writing top-level names to aura_controller.egg-info/top_level.txt
[0.590s] reading manifest file 'aura_controller.egg-info/SOURCES.txt'
[0.591s] writing manifest file 'aura_controller.egg-info/SOURCES.txt'
[0.646s] Built target ament_cmake_python_build_aura_controller_egg
[0.664s] Invoked command in '/home/utk/aura_ws/build/aura_controller' returned '0': CMAKE_PREFIX_PATH=${CMAKE_PREFIX_PATH}:/home/utk/aura_ws/install/autonomous_exploration:/home/utk/bumperbot_ws/install/bumperbot_vision:/home/utk/bumperbot_ws/install/bumperbot_py_examples:/opt/ros/humble /usr/bin/cmake --build /home/utk/aura_ws/build/aura_controller -- -j16 -l16
[0.666s] Invoking command in '/home/utk/aura_ws/build/aura_controller': CMAKE_PREFIX_PATH=${CMAKE_PREFIX_PATH}:/home/utk/aura_ws/install/autonomous_exploration:/home/utk/bumperbot_ws/install/bumperbot_vision:/home/utk/bumperbot_ws/install/bumperbot_py_examples:/opt/ros/humble /usr/bin/cmake --install /home/utk/aura_ws/build/aura_controller
[0.676s] -- Install configuration: ""
[0.677s] -- Execute custom install script
[0.678s] -- Up-to-date symlink: /home/utk/aura_ws/install/aura_controller/share/aura_controller/environment/pythonpath.sh
[0.678s] -- Up-to-date symlink: /home/utk/aura_ws/install/aura_controller/share/aura_controller/environment/pythonpath.dsv
[0.679s] -- Up-to-date symlink: /home/utk/aura_ws/install/aura_controller/local/lib/python3.10/dist-packages/aura_controller-0.0.0-py3.10.egg-info/PKG-INFO
[0.679s] -- Up-to-date symlink: /home/utk/aura_ws/install/aura_controller/local/lib/python3.10/dist-packages/aura_controller-0.0.0-py3.10.egg-info/SOURCES.txt
[0.679s] -- Up-to-date symlink: /home/utk/aura_ws/install/aura_controller/local/lib/python3.10/dist-packages/aura_controller-0.0.0-py3.10.egg-info/dependency_links.txt
[0.679s] -- Up-to-date symlink: /home/utk/aura_ws/install/aura_controller/local/lib/python3.10/dist-packages/aura_controller-0.0.0-py3.10.egg-info/top_level.txt
[0.680s] -- Up-to-date symlink: /home/utk/aura_ws/install/aura_controller/local/lib/python3.10/dist-packages/aura_controller/__init__.py
[0.680s] -- Up-to-date symlink: /home/utk/aura_ws/install/aura_controller/local/lib/python3.10/dist-packages/aura_controller/twist_relay_node.py
[0.681s] -- Up-to-date symlink: /home/utk/aura_ws/install/aura_controller/share/aura_controller/launch/controller.launch.py
[0.681s] -- Up-to-date symlink: /home/utk/aura_ws/install/aura_controller/share/aura_controller/launch/joystick.launch.py
[0.681s] -- Up-to-date symlink: /home/utk/aura_ws/install/aura_controller/share/aura_controller/config/aura_controllers.yaml
[0.681s] -- Up-to-date symlink: /home/utk/aura_ws/install/aura_controller/share/aura_controller/config/joy_config.yaml
[0.681s] -- Up-to-date symlink: /home/utk/aura_ws/install/aura_controller/share/aura_controller/config/joy_teleop.yaml
[0.682s] -- Up-to-date symlink: /home/utk/aura_ws/install/aura_controller/share/aura_controller/config/twist_mux_joy.yaml
[0.682s] -- Up-to-date symlink: /home/utk/aura_ws/install/aura_controller/share/aura_controller/config/twist_mux_locks.yaml
[0.682s] -- Up-to-date symlink: /home/utk/aura_ws/install/aura_controller/share/aura_controller/config/twist_mux_topics.yaml
[0.682s] -- Up-to-date symlink: /home/utk/aura_ws/install/aura_controller/lib/aura_controller/twist_relay_node.py
[0.682s] -- Up-to-date symlink: /home/utk/aura_ws/install/aura_controller/share/ament_index/resource_index/package_run_dependencies/aura_controller
[0.682s] -- Up-to-date symlink: /home/utk/aura_ws/install/aura_controller/share/ament_index/resource_index/parent_prefix_path/aura_controller
[0.682s] -- Up-to-date symlink: /home/utk/aura_ws/install/aura_controller/share/aura_controller/environment/ament_prefix_path.sh
[0.682s] -- Up-to-date symlink: /home/utk/aura_ws/install/aura_controller/share/aura_controller/environment/ament_prefix_path.dsv
[0.683s] -- Up-to-date symlink: /home/utk/aura_ws/install/aura_controller/share/aura_controller/environment/path.sh
[0.683s] -- Up-to-date symlink: /home/utk/aura_ws/install/aura_controller/share/aura_controller/environment/path.dsv
[0.683s] -- Up-to-date symlink: /home/utk/aura_ws/install/aura_controller/share/aura_controller/local_setup.bash
[0.683s] -- Up-to-date symlink: /home/utk/aura_ws/install/aura_controller/share/aura_controller/local_setup.sh
[0.683s] -- Up-to-date symlink: /home/utk/aura_ws/install/aura_controller/share/aura_controller/local_setup.zsh
[0.683s] -- Up-to-date symlink: /home/utk/aura_ws/install/aura_controller/share/aura_controller/local_setup.dsv
[0.683s] -- Symlinking: /home/utk/aura_ws/install/aura_controller/share/aura_controller/package.dsv
[0.697s] -- Up-to-date symlink: /home/utk/aura_ws/install/aura_controller/share/ament_index/resource_index/packages/aura_controller
[0.697s] -- Up-to-date symlink: /home/utk/aura_ws/install/aura_controller/share/aura_controller/cmake/aura_controllerConfig.cmake
[0.698s] -- Up-to-date symlink: /home/utk/aura_ws/install/aura_controller/share/aura_controller/cmake/aura_controllerConfig-version.cmake
[0.698s] -- Up-to-date symlink: /home/utk/aura_ws/install/aura_controller/share/aura_controller/package.xml
[0.752s] Listing '/home/utk/aura_ws/install/aura_controller/local/lib/python3.10/dist-packages/aura_controller'...
[0.763s] Invoked command in '/home/utk/aura_ws/build/aura_controller' returned '0': CMAKE_PREFIX_PATH=${CMAKE_PREFIX_PATH}:/home/utk/aura_ws/install/autonomous_exploration:/home/utk/bumperbot_ws/install/bumperbot_vision:/home/utk/bumperbot_ws/install/bumperbot_py_examples:/opt/ros/humble /usr/bin/cmake --install /home/utk/aura_ws/build/aura_controller
