-- Found ament_cmake: 1.3.11 (/opt/ros/humble/share/ament_cmake/cmake)
-- Override CMake install command with custom implementation using symlinks instead of copying resources
-- Found rclpy: 3.3.15 (/opt/ros/humble/share/rclpy/cmake)
-- Found ament_lint_auto: 0.12.11 (/opt/ros/humble/share/ament_lint_auto/cmake)
-- Added test 'flake8' to check Python code syntax and style conventions
-- Added test 'lint_cmake' to check CMake code style
-- Added test 'pep257' to check Python code against some of the docstring style conventions in PEP 257
-- Added test 'xmllint' to check XML markup files
-- Configuring done
-- Generating done
-- Build files have been written to: /home/utk/aura_ws/build/aura_navigation
Built target ament_cmake_python_symlink_aura_navigation
running egg_info
writing aura_navigation.egg-info/PKG-INFO
writing dependency_links to aura_navigation.egg-info/dependency_links.txt
writing top-level names to aura_navigation.egg-info/top_level.txt
reading manifest file 'aura_navigation.egg-info/SOURCES.txt'
writing manifest file 'aura_navigation.egg-info/SOURCES.txt'
Built target ament_cmake_python_build_aura_navigation_egg
-- Install configuration: ""
-- Execute custom install script
-- Up-to-date symlink: /home/utk/aura_ws/install/aura_navigation/share/aura_navigation/environment/pythonpath.sh
-- Up-to-date symlink: /home/utk/aura_ws/install/aura_navigation/share/aura_navigation/environment/pythonpath.dsv
-- Up-to-date symlink: /home/utk/aura_ws/install/aura_navigation/local/lib/python3.10/dist-packages/aura_navigation-0.0.0-py3.10.egg-info/PKG-INFO
-- Up-to-date symlink: /home/utk/aura_ws/install/aura_navigation/local/lib/python3.10/dist-packages/aura_navigation-0.0.0-py3.10.egg-info/SOURCES.txt
-- Up-to-date symlink: /home/utk/aura_ws/install/aura_navigation/local/lib/python3.10/dist-packages/aura_navigation-0.0.0-py3.10.egg-info/dependency_links.txt
-- Up-to-date symlink: /home/utk/aura_ws/install/aura_navigation/local/lib/python3.10/dist-packages/aura_navigation-0.0.0-py3.10.egg-info/top_level.txt
-- Up-to-date symlink: /home/utk/aura_ws/install/aura_navigation/local/lib/python3.10/dist-packages/aura_navigation/__init__.py
-- Up-to-date symlink: /home/utk/aura_ws/install/aura_navigation/local/lib/python3.10/dist-packages/aura_navigation/pose_estimator.py
-- Symlinking: /home/utk/aura_ws/install/aura_navigation/local/lib/python3.10/dist-packages/aura_navigation/waypoint_following.py
-- Up-to-date symlink: /home/utk/aura_ws/install/aura_navigation/share/aura_navigation/launch/navigation.launch.py
-- Up-to-date symlink: /home/utk/aura_ws/install/aura_navigation/share/aura_navigation/config/nav2_params.yaml
-- Symlinking: /home/utk/aura_ws/install/aura_navigation/lib/aura_navigation/waypoint_following.py
-- Up-to-date symlink: /home/utk/aura_ws/install/aura_navigation/lib/aura_navigation/pose_estimator.py
-- Up-to-date symlink: /home/utk/aura_ws/install/aura_navigation/share/ament_index/resource_index/package_run_dependencies/aura_navigation
-- Up-to-date symlink: /home/utk/aura_ws/install/aura_navigation/share/ament_index/resource_index/parent_prefix_path/aura_navigation
-- Up-to-date symlink: /home/utk/aura_ws/install/aura_navigation/share/aura_navigation/environment/ament_prefix_path.sh
-- Up-to-date symlink: /home/utk/aura_ws/install/aura_navigation/share/aura_navigation/environment/ament_prefix_path.dsv
-- Up-to-date symlink: /home/utk/aura_ws/install/aura_navigation/share/aura_navigation/environment/path.sh
-- Up-to-date symlink: /home/utk/aura_ws/install/aura_navigation/share/aura_navigation/environment/path.dsv
-- Up-to-date symlink: /home/utk/aura_ws/install/aura_navigation/share/aura_navigation/local_setup.bash
-- Up-to-date symlink: /home/utk/aura_ws/install/aura_navigation/share/aura_navigation/local_setup.sh
-- Up-to-date symlink: /home/utk/aura_ws/install/aura_navigation/share/aura_navigation/local_setup.zsh
-- Up-to-date symlink: /home/utk/aura_ws/install/aura_navigation/share/aura_navigation/local_setup.dsv
-- Symlinking: /home/utk/aura_ws/install/aura_navigation/share/aura_navigation/package.dsv
-- Up-to-date symlink: /home/utk/aura_ws/install/aura_navigation/share/ament_index/resource_index/packages/aura_navigation
-- Up-to-date symlink: /home/utk/aura_ws/install/aura_navigation/share/aura_navigation/cmake/aura_navigationConfig.cmake
-- Up-to-date symlink: /home/utk/aura_ws/install/aura_navigation/share/aura_navigation/cmake/aura_navigationConfig-version.cmake
-- Up-to-date symlink: /home/utk/aura_ws/install/aura_navigation/share/aura_navigation/package.xml
Listing '/home/utk/aura_ws/install/aura_navigation/local/lib/python3.10/dist-packages/aura_navigation'...
Compiling '/home/utk/aura_ws/install/aura_navigation/local/lib/python3.10/dist-packages/aura_navigation/waypoint_following.py'...
