[0.078s] DEBUG:colcon:Command line arguments: ['/usr/bin/colcon', 'build']
[0.078s] DEBUG:colcon:Parsed command line arguments: Namespace(log_base=None, log_level=None, verb_name='build', build_base='build', install_base='install', merge_install=False, symlink_install=False, test_result_base=None, continue_on_error=False, executor='parallel', parallel_workers=16, event_handlers=None, ignore_user_meta=False, metas=['./colcon.meta'], base_paths=['.'], packages_ignore=None, packages_ignore_regex=None, paths=None, packages_up_to=None, packages_up_to_regex=None, packages_above=None, packages_above_and_dependencies=None, packages_above_depth=None, packages_select_by_dep=None, packages_skip_by_dep=None, packages_skip_up_to=None, packages_select_build_failed=False, packages_skip_build_finished=False, packages_select_test_failures=False, packages_skip_test_passed=False, packages_select=None, packages_skip=None, packages_select_regex=None, packages_skip_regex=None, packages_start=None, packages_end=None, allow_overriding=[], cmake_args=None, cmake_target=None, cmake_target_skip_unavailable=False, cmake_clean_cache=False, cmake_clean_first=False, cmake_force_configure=False, ament_cmake_args=None, catkin_cmake_args=None, catkin_skip_building_tests=False, verb_parser=<colcon_defaults.argument_parser.defaults.DefaultArgumentsDecorator object at 0x782bb77bec50>, verb_extension=<colcon_core.verb.build.BuildVerb object at 0x782bb7937f70>, main=<bound method BuildVerb.main of <colcon_core.verb.build.BuildVerb object at 0x782bb7937f70>>)
[0.236s] Level 1:colcon.colcon_core.package_discovery:discover_packages(colcon_meta) check parameters
[0.236s] Level 1:colcon.colcon_core.package_discovery:discover_packages(recursive) check parameters
[0.236s] Level 1:colcon.colcon_core.package_discovery:discover_packages(ignore) check parameters
[0.236s] Level 1:colcon.colcon_core.package_discovery:discover_packages(path) check parameters
[0.236s] Level 1:colcon.colcon_core.package_discovery:discover_packages(colcon_meta) discover
[0.236s] Level 1:colcon.colcon_core.package_discovery:discover_packages(recursive) discover
[0.236s] INFO:colcon.colcon_core.package_discovery:Crawling recursively for packages in '/home/utk/aura_ws'
[0.236s] Level 1:colcon.colcon_core.package_identification:_identify(.) by extensions ['ignore', 'ignore_ament_install']
[0.236s] Level 1:colcon.colcon_core.package_identification:_identify(.) by extension 'ignore'
[0.237s] Level 1:colcon.colcon_core.package_identification:_identify(.) by extension 'ignore_ament_install'
[0.237s] Level 1:colcon.colcon_core.package_identification:_identify(.) by extensions ['colcon_pkg']
[0.237s] Level 1:colcon.colcon_core.package_identification:_identify(.) by extension 'colcon_pkg'
[0.237s] Level 1:colcon.colcon_core.package_identification:_identify(.) by extensions ['colcon_meta']
[0.237s] Level 1:colcon.colcon_core.package_identification:_identify(.) by extension 'colcon_meta'
[0.237s] Level 1:colcon.colcon_core.package_identification:_identify(.) by extensions ['ros']
[0.237s] Level 1:colcon.colcon_core.package_identification:_identify(.) by extension 'ros'
[0.248s] Level 1:colcon.colcon_core.package_identification:_identify(.) by extensions ['cmake', 'python']
[0.248s] Level 1:colcon.colcon_core.package_identification:_identify(.) by extension 'cmake'
[0.248s] Level 1:colcon.colcon_core.package_identification:_identify(.) by extension 'python'
[0.248s] Level 1:colcon.colcon_core.package_identification:_identify(.) by extensions ['python_setup_py']
[0.248s] Level 1:colcon.colcon_core.package_identification:_identify(.) by extension 'python_setup_py'
[0.248s] Level 1:colcon.colcon_core.package_identification:_identify(build) by extensions ['ignore', 'ignore_ament_install']
[0.248s] Level 1:colcon.colcon_core.package_identification:_identify(build) by extension 'ignore'
[0.248s] Level 1:colcon.colcon_core.package_identification:_identify(build) ignored
[0.248s] Level 1:colcon.colcon_core.package_identification:_identify(install) by extensions ['ignore', 'ignore_ament_install']
[0.248s] Level 1:colcon.colcon_core.package_identification:_identify(install) by extension 'ignore'
[0.249s] Level 1:colcon.colcon_core.package_identification:_identify(install) ignored
[0.249s] Level 1:colcon.colcon_core.package_identification:_identify(log) by extensions ['ignore', 'ignore_ament_install']
[0.249s] Level 1:colcon.colcon_core.package_identification:_identify(log) by extension 'ignore'
[0.249s] Level 1:colcon.colcon_core.package_identification:_identify(log) ignored
[0.249s] Level 1:colcon.colcon_core.package_identification:_identify(src) by extensions ['ignore', 'ignore_ament_install']
[0.249s] Level 1:colcon.colcon_core.package_identification:_identify(src) by extension 'ignore'
[0.249s] Level 1:colcon.colcon_core.package_identification:_identify(src) by extension 'ignore_ament_install'
[0.249s] Level 1:colcon.colcon_core.package_identification:_identify(src) by extensions ['colcon_pkg']
[0.249s] Level 1:colcon.colcon_core.package_identification:_identify(src) by extension 'colcon_pkg'
[0.249s] Level 1:colcon.colcon_core.package_identification:_identify(src) by extensions ['colcon_meta']
[0.249s] Level 1:colcon.colcon_core.package_identification:_identify(src) by extension 'colcon_meta'
[0.249s] Level 1:colcon.colcon_core.package_identification:_identify(src) by extensions ['ros']
[0.249s] Level 1:colcon.colcon_core.package_identification:_identify(src) by extension 'ros'
[0.249s] Level 1:colcon.colcon_core.package_identification:_identify(src) by extensions ['cmake', 'python']
[0.249s] Level 1:colcon.colcon_core.package_identification:_identify(src) by extension 'cmake'
[0.249s] Level 1:colcon.colcon_core.package_identification:_identify(src) by extension 'python'
[0.249s] Level 1:colcon.colcon_core.package_identification:_identify(src) by extensions ['python_setup_py']
[0.249s] Level 1:colcon.colcon_core.package_identification:_identify(src) by extension 'python_setup_py'
[0.249s] Level 1:colcon.colcon_core.package_identification:_identify(src/aura_description) by extensions ['ignore', 'ignore_ament_install']
[0.250s] Level 1:colcon.colcon_core.package_identification:_identify(src/aura_description) by extension 'ignore'
[0.250s] Level 1:colcon.colcon_core.package_identification:_identify(src/aura_description) by extension 'ignore_ament_install'
[0.250s] Level 1:colcon.colcon_core.package_identification:_identify(src/aura_description) by extensions ['colcon_pkg']
[0.250s] Level 1:colcon.colcon_core.package_identification:_identify(src/aura_description) by extension 'colcon_pkg'
[0.250s] Level 1:colcon.colcon_core.package_identification:_identify(src/aura_description) by extensions ['colcon_meta']
[0.250s] Level 1:colcon.colcon_core.package_identification:_identify(src/aura_description) by extension 'colcon_meta'
[0.250s] Level 1:colcon.colcon_core.package_identification:_identify(src/aura_description) by extensions ['ros']
[0.250s] Level 1:colcon.colcon_core.package_identification:_identify(src/aura_description) by extension 'ros'
[0.260s] DEBUG:colcon.colcon_core.package_identification:Package 'src/aura_description' with type 'ros.ament_cmake' and name 'aura_description'
[0.260s] Level 1:colcon.colcon_core.package_discovery:discover_packages(recursive) using defaults
[0.260s] Level 1:colcon.colcon_core.package_discovery:discover_packages(ignore) discover
[0.260s] Level 1:colcon.colcon_core.package_discovery:discover_packages(ignore) using defaults
[0.261s] Level 1:colcon.colcon_core.package_discovery:discover_packages(path) discover
[0.261s] Level 1:colcon.colcon_core.package_discovery:discover_packages(path) using defaults
[0.278s] Level 1:colcon.colcon_core.package_discovery:discover_packages(prefix_path) check parameters
[0.278s] Level 1:colcon.colcon_core.package_discovery:discover_packages(prefix_path) discover
[0.280s] DEBUG:colcon.colcon_installed_package_information.package_discovery:Found 1 installed packages in /home/utk/aura_ws/install
[0.280s] DEBUG:colcon.colcon_installed_package_information.package_discovery:Found 11 installed packages in /home/utk/bumperbot_ws/install
[0.282s] DEBUG:colcon.colcon_installed_package_information.package_discovery:Found 508 installed packages in /opt/ros/humble
[0.285s] Level 1:colcon.colcon_core.package_discovery:discover_packages(prefix_path) using defaults
[0.331s] Level 5:colcon.colcon_core.verb:set package 'aura_description' build argument 'cmake_args' from command line to 'None'
[0.331s] Level 5:colcon.colcon_core.verb:set package 'aura_description' build argument 'cmake_target' from command line to 'None'
[0.331s] Level 5:colcon.colcon_core.verb:set package 'aura_description' build argument 'cmake_target_skip_unavailable' from command line to 'False'
[0.331s] Level 5:colcon.colcon_core.verb:set package 'aura_description' build argument 'cmake_clean_cache' from command line to 'False'
[0.331s] Level 5:colcon.colcon_core.verb:set package 'aura_description' build argument 'cmake_clean_first' from command line to 'False'
[0.331s] Level 5:colcon.colcon_core.verb:set package 'aura_description' build argument 'cmake_force_configure' from command line to 'False'
[0.331s] Level 5:colcon.colcon_core.verb:set package 'aura_description' build argument 'ament_cmake_args' from command line to 'None'
[0.331s] Level 5:colcon.colcon_core.verb:set package 'aura_description' build argument 'catkin_cmake_args' from command line to 'None'
[0.331s] Level 5:colcon.colcon_core.verb:set package 'aura_description' build argument 'catkin_skip_building_tests' from command line to 'False'
[0.331s] DEBUG:colcon.colcon_core.verb:Building package 'aura_description' with the following arguments: {'ament_cmake_args': None, 'build_base': '/home/utk/aura_ws/build/aura_description', 'catkin_cmake_args': None, 'catkin_skip_building_tests': False, 'cmake_args': None, 'cmake_clean_cache': False, 'cmake_clean_first': False, 'cmake_force_configure': False, 'cmake_target': None, 'cmake_target_skip_unavailable': False, 'install_base': '/home/utk/aura_ws/install/aura_description', 'merge_install': False, 'path': '/home/utk/aura_ws/src/aura_description', 'symlink_install': False, 'test_result_base': None}
[0.331s] INFO:colcon.colcon_core.executor:Executing jobs using 'parallel' executor
[0.332s] DEBUG:colcon.colcon_parallel_executor.executor.parallel:run_until_complete
[0.332s] INFO:colcon.colcon_ros.task.ament_cmake.build:Building ROS package in '/home/utk/aura_ws/src/aura_description' with build type 'ament_cmake'
[0.333s] INFO:colcon.colcon_cmake.task.cmake.build:Building CMake package in '/home/utk/aura_ws/src/aura_description'
[0.335s] INFO:colcon.colcon_core.plugin_system:Skipping extension 'colcon_core.shell.bat': Not used on non-Windows systems
[0.335s] INFO:colcon.colcon_core.shell:Skip shell extension 'powershell' for command environment: Not usable outside of PowerShell
[0.335s] DEBUG:colcon.colcon_core.shell:Skip shell extension 'dsv' for command environment
[0.346s] DEBUG:colcon.colcon_core.event_handler.log_command:Invoking command in '/home/utk/aura_ws/build/aura_description': CMAKE_PREFIX_PATH=${CMAKE_PREFIX_PATH}:/home/utk/bumperbot_ws/install/bumperbot_vision:/home/utk/bumperbot_ws/install/bumperbot_py_examples:/opt/ros/humble /usr/bin/cmake --build /home/utk/aura_ws/build/aura_description -- -j16 -l16
[0.386s] DEBUG:colcon.colcon_core.event_handler.log_command:Invoked command in '/home/utk/aura_ws/build/aura_description' returned '0': CMAKE_PREFIX_PATH=${CMAKE_PREFIX_PATH}:/home/utk/bumperbot_ws/install/bumperbot_vision:/home/utk/bumperbot_ws/install/bumperbot_py_examples:/opt/ros/humble /usr/bin/cmake --build /home/utk/aura_ws/build/aura_description -- -j16 -l16
[0.395s] DEBUG:colcon.colcon_core.event_handler.log_command:Invoking command in '/home/utk/aura_ws/build/aura_description': CMAKE_PREFIX_PATH=${CMAKE_PREFIX_PATH}:/home/utk/bumperbot_ws/install/bumperbot_vision:/home/utk/bumperbot_ws/install/bumperbot_py_examples:/opt/ros/humble /usr/bin/cmake --install /home/utk/aura_ws/build/aura_description
[0.469s] Level 1:colcon.colcon_core.environment:create_environment_scripts_only(aura_description)
[0.470s] DEBUG:colcon.colcon_core.event_handler.log_command:Invoked command in '/home/utk/aura_ws/build/aura_description' returned '0': CMAKE_PREFIX_PATH=${CMAKE_PREFIX_PATH}:/home/utk/bumperbot_ws/install/bumperbot_vision:/home/utk/bumperbot_ws/install/bumperbot_py_examples:/opt/ros/humble /usr/bin/cmake --install /home/utk/aura_ws/build/aura_description
[0.473s] Level 1:colcon.colcon_core.environment:checking '/home/utk/aura_ws/install/aura_description' for CMake module files
[0.473s] Level 1:colcon.colcon_core.environment:checking '/home/utk/aura_ws/install/aura_description' for CMake config files
[0.473s] Level 1:colcon.colcon_core.shell:create_environment_hook('aura_description', 'cmake_prefix_path')
[0.473s] INFO:colcon.colcon_core.shell:Creating environment hook '/home/utk/aura_ws/install/aura_description/share/aura_description/hook/cmake_prefix_path.ps1'
[0.474s] INFO:colcon.colcon_core.shell:Creating environment descriptor '/home/utk/aura_ws/install/aura_description/share/aura_description/hook/cmake_prefix_path.dsv'
[0.474s] INFO:colcon.colcon_core.shell:Creating environment hook '/home/utk/aura_ws/install/aura_description/share/aura_description/hook/cmake_prefix_path.sh'
[0.475s] Level 1:colcon.colcon_core.environment:checking '/home/utk/aura_ws/install/aura_description/bin'
[0.475s] Level 1:colcon.colcon_core.environment:checking '/home/utk/aura_ws/install/aura_description/lib/pkgconfig/aura_description.pc'
[0.475s] Level 1:colcon.colcon_core.environment:checking '/home/utk/aura_ws/install/aura_description/lib/python3.10/site-packages'
[0.475s] Level 1:colcon.colcon_core.environment:checking '/home/utk/aura_ws/install/aura_description/bin'
[0.476s] INFO:colcon.colcon_core.shell:Creating package script '/home/utk/aura_ws/install/aura_description/share/aura_description/package.ps1'
[0.476s] INFO:colcon.colcon_core.shell:Creating package descriptor '/home/utk/aura_ws/install/aura_description/share/aura_description/package.dsv'
[0.477s] INFO:colcon.colcon_core.shell:Creating package script '/home/utk/aura_ws/install/aura_description/share/aura_description/package.sh'
[0.477s] INFO:colcon.colcon_core.shell:Creating package script '/home/utk/aura_ws/install/aura_description/share/aura_description/package.bash'
[0.478s] INFO:colcon.colcon_core.shell:Creating package script '/home/utk/aura_ws/install/aura_description/share/aura_description/package.zsh'
[0.478s] Level 1:colcon.colcon_core.environment:create_file_with_runtime_dependencies(/home/utk/aura_ws/install/aura_description/share/colcon-core/packages/aura_description)
[0.479s] Level 1:colcon.colcon_core.environment:create_environment_scripts_only(aura_description)
[0.479s] Level 1:colcon.colcon_core.environment:checking '/home/utk/aura_ws/install/aura_description' for CMake module files
[0.479s] Level 1:colcon.colcon_core.environment:checking '/home/utk/aura_ws/install/aura_description' for CMake config files
[0.480s] Level 1:colcon.colcon_core.shell:create_environment_hook('aura_description', 'cmake_prefix_path')
[0.480s] INFO:colcon.colcon_core.shell:Creating environment hook '/home/utk/aura_ws/install/aura_description/share/aura_description/hook/cmake_prefix_path.ps1'
[0.485s] INFO:colcon.colcon_core.shell:Creating environment descriptor '/home/utk/aura_ws/install/aura_description/share/aura_description/hook/cmake_prefix_path.dsv'
[0.485s] INFO:colcon.colcon_core.shell:Creating environment hook '/home/utk/aura_ws/install/aura_description/share/aura_description/hook/cmake_prefix_path.sh'
[0.486s] Level 1:colcon.colcon_core.environment:checking '/home/utk/aura_ws/install/aura_description/bin'
[0.486s] Level 1:colcon.colcon_core.environment:checking '/home/utk/aura_ws/install/aura_description/lib/pkgconfig/aura_description.pc'
[0.486s] Level 1:colcon.colcon_core.environment:checking '/home/utk/aura_ws/install/aura_description/lib/python3.10/site-packages'
[0.486s] Level 1:colcon.colcon_core.environment:checking '/home/utk/aura_ws/install/aura_description/bin'
[0.486s] INFO:colcon.colcon_core.shell:Creating package script '/home/utk/aura_ws/install/aura_description/share/aura_description/package.ps1'
[0.487s] INFO:colcon.colcon_core.shell:Creating package descriptor '/home/utk/aura_ws/install/aura_description/share/aura_description/package.dsv'
[0.487s] INFO:colcon.colcon_core.shell:Creating package script '/home/utk/aura_ws/install/aura_description/share/aura_description/package.sh'
[0.488s] INFO:colcon.colcon_core.shell:Creating package script '/home/utk/aura_ws/install/aura_description/share/aura_description/package.bash'
[0.488s] INFO:colcon.colcon_core.shell:Creating package script '/home/utk/aura_ws/install/aura_description/share/aura_description/package.zsh'
[0.488s] Level 1:colcon.colcon_core.environment:create_file_with_runtime_dependencies(/home/utk/aura_ws/install/aura_description/share/colcon-core/packages/aura_description)
[0.489s] DEBUG:colcon.colcon_parallel_executor.executor.parallel:closing loop
[0.489s] DEBUG:colcon.colcon_parallel_executor.executor.parallel:loop closed
[0.489s] DEBUG:colcon.colcon_parallel_executor.executor.parallel:run_until_complete finished with '0'
[0.489s] DEBUG:colcon.colcon_core.event_reactor:joining thread
[0.496s] INFO:colcon.colcon_core.plugin_system:Skipping extension 'colcon_notification.desktop_notification.terminal_notifier': Not used on non-Darwin systems
[0.496s] INFO:colcon.colcon_core.plugin_system:Skipping extension 'colcon_notification.desktop_notification.win32': Not used on non-Windows systems
[0.496s] INFO:colcon.colcon_notification.desktop_notification:Sending desktop notification using 'notify2'
[0.509s] DEBUG:colcon.colcon_core.event_reactor:joined thread
[0.509s] INFO:colcon.colcon_core.shell:Creating prefix script '/home/utk/aura_ws/install/local_setup.ps1'
[0.510s] INFO:colcon.colcon_core.shell:Creating prefix util module '/home/utk/aura_ws/install/_local_setup_util_ps1.py'
[0.512s] INFO:colcon.colcon_core.shell:Creating prefix chain script '/home/utk/aura_ws/install/setup.ps1'
[0.514s] INFO:colcon.colcon_core.shell:Creating prefix script '/home/utk/aura_ws/install/local_setup.sh'
[0.514s] INFO:colcon.colcon_core.shell:Creating prefix util module '/home/utk/aura_ws/install/_local_setup_util_sh.py'
[0.515s] INFO:colcon.colcon_core.shell:Creating prefix chain script '/home/utk/aura_ws/install/setup.sh'
[0.516s] INFO:colcon.colcon_core.shell:Creating prefix script '/home/utk/aura_ws/install/local_setup.bash'
[0.517s] INFO:colcon.colcon_core.shell:Creating prefix chain script '/home/utk/aura_ws/install/setup.bash'
[0.518s] INFO:colcon.colcon_core.shell:Creating prefix script '/home/utk/aura_ws/install/local_setup.zsh'
[0.519s] INFO:colcon.colcon_core.shell:Creating prefix chain script '/home/utk/aura_ws/install/setup.zsh'
