Built target ament_cmake_python_copy_aura_controller
running egg_info
creating aura_controller.egg-info
writing aura_controller.egg-info/PKG-INFO
writing dependency_links to aura_controller.egg-info/dependency_links.txt
writing top-level names to aura_controller.egg-info/top_level.txt
writing manifest file 'aura_controller.egg-info/SOURCES.txt'
reading manifest file 'aura_controller.egg-info/SOURCES.txt'
writing manifest file 'aura_controller.egg-info/SOURCES.txt'
Built target ament_cmake_python_build_aura_controller_egg
-- Install configuration: ""
-- Installing: /home/utk/aura_ws/install/aura_controller/share/aura_controller/environment/pythonpath.sh
-- Installing: /home/utk/aura_ws/install/aura_controller/share/aura_controller/environment/pythonpath.dsv
-- Installing: /home/utk/aura_ws/install/aura_controller/local/lib/python3.10/dist-packages/aura_controller-0.0.0-py3.10.egg-info
-- Installing: /home/utk/aura_ws/install/aura_controller/local/lib/python3.10/dist-packages/aura_controller-0.0.0-py3.10.egg-info/top_level.txt
-- Installing: /home/utk/aura_ws/install/aura_controller/local/lib/python3.10/dist-packages/aura_controller-0.0.0-py3.10.egg-info/dependency_links.txt
-- Installing: /home/utk/aura_ws/install/aura_controller/local/lib/python3.10/dist-packages/aura_controller-0.0.0-py3.10.egg-info/SOURCES.txt
-- Installing: /home/utk/aura_ws/install/aura_controller/local/lib/python3.10/dist-packages/aura_controller-0.0.0-py3.10.egg-info/PKG-INFO
-- Installing: /home/utk/aura_ws/install/aura_controller/local/lib/python3.10/dist-packages/aura_controller
-- Installing: /home/utk/aura_ws/install/aura_controller/local/lib/python3.10/dist-packages/aura_controller/__init__.py
-- Installing: /home/utk/aura_ws/install/aura_controller/local/lib/python3.10/dist-packages/aura_controller/slider_arm.py
-- Installing: /home/utk/aura_ws/install/aura_controller/local/lib/python3.10/dist-packages/aura_controller/twist_relay_node.py
Listing '/home/utk/aura_ws/install/aura_controller/local/lib/python3.10/dist-packages/aura_controller'...
Compiling '/home/utk/aura_ws/install/aura_controller/local/lib/python3.10/dist-packages/aura_controller/__init__.py'...
Compiling '/home/utk/aura_ws/install/aura_controller/local/lib/python3.10/dist-packages/aura_controller/slider_arm.py'...
Compiling '/home/utk/aura_ws/install/aura_controller/local/lib/python3.10/dist-packages/aura_controller/twist_relay_node.py'...
-- Installing: /home/utk/aura_ws/install/aura_controller/share/aura_controller/launch
-- Installing: /home/utk/aura_ws/install/aura_controller/share/aura_controller/launch/slider.launch.py
-- Installing: /home/utk/aura_ws/install/aura_controller/share/aura_controller/launch/controller.launch.py
-- Installing: /home/utk/aura_ws/install/aura_controller/share/aura_controller/launch/joystick.launch.py
-- Installing: /home/utk/aura_ws/install/aura_controller/share/aura_controller/config
-- Installing: /home/utk/aura_ws/install/aura_controller/share/aura_controller/config/twist_mux_joy.yaml
-- Installing: /home/utk/aura_ws/install/aura_controller/share/aura_controller/config/twist_mux_locks.yaml
-- Installing: /home/utk/aura_ws/install/aura_controller/share/aura_controller/config/aura_controllers.yaml
-- Installing: /home/utk/aura_ws/install/aura_controller/share/aura_controller/config/twist_mux_topics.yaml
-- Installing: /home/utk/aura_ws/install/aura_controller/share/aura_controller/config/joy_teleop.yaml
-- Installing: /home/utk/aura_ws/install/aura_controller/share/aura_controller/config/joy_config.yaml
-- Installing: /home/utk/aura_ws/install/aura_controller/lib/aura_controller/twist_relay_node.py
-- Installing: /home/utk/aura_ws/install/aura_controller/lib/aura_controller/slider_arm.py
-- Installing: /home/utk/aura_ws/install/aura_controller/share/ament_index/resource_index/package_run_dependencies/aura_controller
-- Installing: /home/utk/aura_ws/install/aura_controller/share/ament_index/resource_index/parent_prefix_path/aura_controller
-- Installing: /home/utk/aura_ws/install/aura_controller/share/aura_controller/environment/ament_prefix_path.sh
-- Installing: /home/utk/aura_ws/install/aura_controller/share/aura_controller/environment/ament_prefix_path.dsv
-- Installing: /home/utk/aura_ws/install/aura_controller/share/aura_controller/environment/path.sh
-- Installing: /home/utk/aura_ws/install/aura_controller/share/aura_controller/environment/path.dsv
-- Installing: /home/utk/aura_ws/install/aura_controller/share/aura_controller/local_setup.bash
-- Installing: /home/utk/aura_ws/install/aura_controller/share/aura_controller/local_setup.sh
-- Installing: /home/utk/aura_ws/install/aura_controller/share/aura_controller/local_setup.zsh
-- Installing: /home/utk/aura_ws/install/aura_controller/share/aura_controller/local_setup.dsv
-- Installing: /home/utk/aura_ws/install/aura_controller/share/aura_controller/package.dsv
-- Installing: /home/utk/aura_ws/install/aura_controller/share/ament_index/resource_index/packages/aura_controller
-- Installing: /home/utk/aura_ws/install/aura_controller/share/aura_controller/cmake/aura_controllerConfig.cmake
-- Installing: /home/utk/aura_ws/install/aura_controller/share/aura_controller/cmake/aura_controllerConfig-version.cmake
-- Installing: /home/utk/aura_ws/install/aura_controller/share/aura_controller/package.xml
