-- Found ament_cmake: 1.3.11 (/opt/ros/humble/share/ament_cmake/cmake)
-- Override CMake install command with custom implementation using symlinks instead of copying resources
-- Found ament_lint_auto: 0.12.11 (/opt/ros/humble/share/ament_lint_auto/cmake)
-- Added test 'flake8' to check Python code syntax and style conventions
-- Added test 'lint_cmake' to check CMake code style
-- Added test 'pep257' to check Python code against some of the docstring style conventions in PEP 257
-- Added test 'xmllint' to check XML markup files
-- Configuring done
-- Generating done
-- Build files have been written to: /home/utk/aura_ws/build/aura_localization
-- Install configuration: ""
-- Execute custom install script
-- Symlinking: /home/utk/aura_ws/install/aura_localization/share/aura_localization/launch/global_localization.launch.py
-- Symlinking: /home/utk/aura_ws/install/aura_localization/share/aura_localization/config/amcl.yaml
-- Symlinking: /home/utk/aura_ws/install/aura_localization/share/aura_localization/rviz/global_localization.rviz
-- Symlinking: /home/utk/aura_ws/install/aura_localization/share/ament_index/resource_index/package_run_dependencies/aura_localization
-- Symlinking: /home/utk/aura_ws/install/aura_localization/share/ament_index/resource_index/parent_prefix_path/aura_localization
-- Symlinking: /home/utk/aura_ws/install/aura_localization/share/aura_localization/environment/ament_prefix_path.sh
-- Symlinking: /home/utk/aura_ws/install/aura_localization/share/aura_localization/environment/ament_prefix_path.dsv
-- Symlinking: /home/utk/aura_ws/install/aura_localization/share/aura_localization/environment/path.sh
-- Symlinking: /home/utk/aura_ws/install/aura_localization/share/aura_localization/environment/path.dsv
-- Symlinking: /home/utk/aura_ws/install/aura_localization/share/aura_localization/local_setup.bash
-- Symlinking: /home/utk/aura_ws/install/aura_localization/share/aura_localization/local_setup.sh
-- Symlinking: /home/utk/aura_ws/install/aura_localization/share/aura_localization/local_setup.zsh
-- Symlinking: /home/utk/aura_ws/install/aura_localization/share/aura_localization/local_setup.dsv
-- Symlinking: /home/utk/aura_ws/install/aura_localization/share/aura_localization/package.dsv
-- Symlinking: /home/utk/aura_ws/install/aura_localization/share/ament_index/resource_index/packages/aura_localization
-- Symlinking: /home/utk/aura_ws/install/aura_localization/share/aura_localization/cmake/aura_localizationConfig.cmake
-- Symlinking: /home/utk/aura_ws/install/aura_localization/share/aura_localization/cmake/aura_localizationConfig-version.cmake
-- Symlinking: /home/utk/aura_ws/install/aura_localization/share/aura_localization/package.xml
