[0.012s] Invoking command in '/home/utk/aura_ws/build/aura_localization': CMAKE_PREFIX_PATH=${CMAKE_PREFIX_PATH}:/home/utk/bumperbot_ws/install/bumperbot_vision:/home/utk/bumperbot_ws/install/bumperbot_py_examples:/opt/ros/humble /usr/bin/cmake /home/utk/aura_ws/src/aura_localization -DAMENT_CMAKE_SYMLINK_INSTALL=1 -DCMAKE_INSTALL_PREFIX=/home/utk/aura_ws/install/aura_localization
[0.019s] -- Found ament_cmake: 1.3.11 (/opt/ros/humble/share/ament_cmake/cmake)
[0.113s] -- Override CMake install command with custom implementation using symlinks instead of copying resources
[0.120s] -- Found ament_lint_auto: 0.12.11 (/opt/ros/humble/share/ament_lint_auto/cmake)
[0.186s] -- Added test 'flake8' to check Python code syntax and style conventions
[0.187s] -- Added test 'lint_cmake' to check CMake code style
[0.187s] -- Added test 'pep257' to check Python code against some of the docstring style conventions in PEP 257
[0.188s] -- Added test 'xmllint' to check XML markup files
[0.190s] -- Configuring done
[0.193s] -- Generating done
[0.194s] -- Build files have been written to: /home/utk/aura_ws/build/aura_localization
[0.197s] Invoked command in '/home/utk/aura_ws/build/aura_localization' returned '0': CMAKE_PREFIX_PATH=${CMAKE_PREFIX_PATH}:/home/utk/bumperbot_ws/install/bumperbot_vision:/home/utk/bumperbot_ws/install/bumperbot_py_examples:/opt/ros/humble /usr/bin/cmake /home/utk/aura_ws/src/aura_localization -DAMENT_CMAKE_SYMLINK_INSTALL=1 -DCMAKE_INSTALL_PREFIX=/home/utk/aura_ws/install/aura_localization
[0.198s] Invoking command in '/home/utk/aura_ws/build/aura_localization': CMAKE_PREFIX_PATH=${CMAKE_PREFIX_PATH}:/home/utk/bumperbot_ws/install/bumperbot_vision:/home/utk/bumperbot_ws/install/bumperbot_py_examples:/opt/ros/humble /usr/bin/cmake --build /home/utk/aura_ws/build/aura_localization -- -j16 -l16
[0.224s] Invoked command in '/home/utk/aura_ws/build/aura_localization' returned '0': CMAKE_PREFIX_PATH=${CMAKE_PREFIX_PATH}:/home/utk/bumperbot_ws/install/bumperbot_vision:/home/utk/bumperbot_ws/install/bumperbot_py_examples:/opt/ros/humble /usr/bin/cmake --build /home/utk/aura_ws/build/aura_localization -- -j16 -l16
[0.225s] Invoking command in '/home/utk/aura_ws/build/aura_localization': CMAKE_PREFIX_PATH=${CMAKE_PREFIX_PATH}:/home/utk/bumperbot_ws/install/bumperbot_vision:/home/utk/bumperbot_ws/install/bumperbot_py_examples:/opt/ros/humble /usr/bin/cmake --install /home/utk/aura_ws/build/aura_localization
[0.230s] -- Install configuration: ""
[0.230s] -- Execute custom install script
[0.230s] -- Symlinking: /home/utk/aura_ws/install/aura_localization/share/aura_localization/launch/global_localization.launch.py
[0.236s] -- Symlinking: /home/utk/aura_ws/install/aura_localization/share/aura_localization/config/amcl.yaml
[0.242s] -- Symlinking: /home/utk/aura_ws/install/aura_localization/share/aura_localization/rviz/global_localization.rviz
[0.248s] -- Symlinking: /home/utk/aura_ws/install/aura_localization/share/ament_index/resource_index/package_run_dependencies/aura_localization
[0.254s] -- Symlinking: /home/utk/aura_ws/install/aura_localization/share/ament_index/resource_index/parent_prefix_path/aura_localization
[0.260s] -- Symlinking: /home/utk/aura_ws/install/aura_localization/share/aura_localization/environment/ament_prefix_path.sh
[0.266s] -- Symlinking: /home/utk/aura_ws/install/aura_localization/share/aura_localization/environment/ament_prefix_path.dsv
[0.272s] -- Symlinking: /home/utk/aura_ws/install/aura_localization/share/aura_localization/environment/path.sh
[0.277s] -- Symlinking: /home/utk/aura_ws/install/aura_localization/share/aura_localization/environment/path.dsv
[0.282s] -- Symlinking: /home/utk/aura_ws/install/aura_localization/share/aura_localization/local_setup.bash
[0.288s] -- Symlinking: /home/utk/aura_ws/install/aura_localization/share/aura_localization/local_setup.sh
[0.294s] -- Symlinking: /home/utk/aura_ws/install/aura_localization/share/aura_localization/local_setup.zsh
[0.300s] -- Symlinking: /home/utk/aura_ws/install/aura_localization/share/aura_localization/local_setup.dsv
[0.305s] -- Symlinking: /home/utk/aura_ws/install/aura_localization/share/aura_localization/package.dsv
[0.312s] -- Symlinking: /home/utk/aura_ws/install/aura_localization/share/ament_index/resource_index/packages/aura_localization
[0.318s] -- Symlinking: /home/utk/aura_ws/install/aura_localization/share/aura_localization/cmake/aura_localizationConfig.cmake
[0.324s] -- Symlinking: /home/utk/aura_ws/install/aura_localization/share/aura_localization/cmake/aura_localizationConfig-version.cmake
[0.330s] -- Symlinking: /home/utk/aura_ws/install/aura_localization/share/aura_localization/package.xml
[0.337s] Invoked command in '/home/utk/aura_ws/build/aura_localization' returned '0': CMAKE_PREFIX_PATH=${CMAKE_PREFIX_PATH}:/home/utk/bumperbot_ws/install/bumperbot_vision:/home/utk/bumperbot_ws/install/bumperbot_py_examples:/opt/ros/humble /usr/bin/cmake --install /home/utk/aura_ws/build/aura_localization
