[0.797s] Invoking command in '/home/utk/aura_ws/src/aura_vision': PYTHONPATH=/home/utk/aura_ws/build/aura_vision/prefix_override:/usr/lib/python3/dist-packages/colcon_core/task/python/colcon_distutils_commands:/home/utk/aura_ws/install/aura_vision/lib/python3.10/site-packages:${PYTHONPATH} /usr/bin/python3 -W ignore:setup.py install is deprecated -W ignore:easy_install command is deprecated setup.py egg_info --egg-base ../../build/aura_vision build --build-base /home/utk/aura_ws/build/aura_vision/build install --record /home/utk/aura_ws/build/aura_vision/install.log --single-version-externally-managed install_data
[0.994s] running egg_info
[0.995s] writing ../../build/aura_vision/aura_vision.egg-info/PKG-INFO
[0.995s] writing dependency_links to ../../build/aura_vision/aura_vision.egg-info/dependency_links.txt
[0.995s] writing entry points to ../../build/aura_vision/aura_vision.egg-info/entry_points.txt
[0.995s] writing requirements to ../../build/aura_vision/aura_vision.egg-info/requires.txt
[0.995s] writing top-level names to ../../build/aura_vision/aura_vision.egg-info/top_level.txt
[0.996s] reading manifest file '../../build/aura_vision/aura_vision.egg-info/SOURCES.txt'
[0.997s] writing manifest file '../../build/aura_vision/aura_vision.egg-info/SOURCES.txt'
[0.997s] running build
[0.997s] running build_py
[0.997s] running install
[0.997s] running install_lib
[0.998s] running install_data
[0.999s] running install_egg_info
[1.000s] removing '/home/utk/aura_ws/install/aura_vision/lib/python3.10/site-packages/aura_vision-0.0.0-py3.10.egg-info' (and everything under it)
[1.000s] Copying ../../build/aura_vision/aura_vision.egg-info to /home/utk/aura_ws/install/aura_vision/lib/python3.10/site-packages/aura_vision-0.0.0-py3.10.egg-info
[1.000s] running install_scripts
[1.017s] Installing homing script to /home/utk/aura_ws/install/aura_vision/lib/aura_vision
[1.017s] writing list of installed files to '/home/utk/aura_ws/build/aura_vision/install.log'
[1.038s] Invoked command in '/home/utk/aura_ws/src/aura_vision' returned '0': PYTHONPATH=/home/utk/aura_ws/build/aura_vision/prefix_override:/usr/lib/python3/dist-packages/colcon_core/task/python/colcon_distutils_commands:/home/utk/aura_ws/install/aura_vision/lib/python3.10/site-packages:${PYTHONPATH} /usr/bin/python3 -W ignore:setup.py install is deprecated -W ignore:easy_install command is deprecated setup.py egg_info --egg-base ../../build/aura_vision build --build-base /home/utk/aura_ws/build/aura_vision/build install --record /home/utk/aura_ws/build/aura_vision/install.log --single-version-externally-managed install_data
