running develop
Removing /home/utk/aura_ws/install/aura_script/lib/python3.10/site-packages/aura-script.egg-link (link to .)
running egg_info
writing ../../build/aura_script/aura_script.egg-info/PKG-INFO
writing dependency_links to ../../build/aura_script/aura_script.egg-info/dependency_links.txt
writing entry points to ../../build/aura_script/aura_script.egg-info/entry_points.txt
writing requirements to ../../build/aura_script/aura_script.egg-info/requires.txt
writing top-level names to ../../build/aura_script/aura_script.egg-info/top_level.txt
reading manifest file '../../build/aura_script/aura_script.egg-info/SOURCES.txt'
writing manifest file '../../build/aura_script/aura_script.egg-info/SOURCES.txt'
running build
running build_py
copying aura_script/task.py -> /home/utk/aura_ws/build/aura_script/build/lib/aura_script
running install
running install_lib
creating /home/utk/aura_ws/install/aura_script/lib/python3.10/site-packages/aura_script
copying /home/utk/aura_ws/build/aura_script/build/lib/aura_script/__init__.py -> /home/utk/aura_ws/install/aura_script/lib/python3.10/site-packages/aura_script
copying /home/utk/aura_ws/build/aura_script/build/lib/aura_script/task.py -> /home/utk/aura_ws/install/aura_script/lib/python3.10/site-packages/aura_script
byte-compiling /home/utk/aura_ws/install/aura_script/lib/python3.10/site-packages/aura_script/__init__.py to __init__.cpython-310.pyc
byte-compiling /home/utk/aura_ws/install/aura_script/lib/python3.10/site-packages/aura_script/task.py to task.cpython-310.pyc
running install_data
copying resource/aura_script -> /home/utk/aura_ws/install/aura_script/share/ament_index/resource_index/packages
copying package.xml -> /home/utk/aura_ws/install/aura_script/share/aura_script
running install_egg_info
Copying ../../build/aura_script/aura_script.egg-info to /home/utk/aura_ws/install/aura_script/lib/python3.10/site-packages/aura_script-0.0.0-py3.10.egg-info
running install_scripts
Installing task script to /home/utk/aura_ws/install/aura_script/lib/aura_script
writing list of installed files to '/home/utk/aura_ws/build/aura_script/install.log'
