running egg_info
creating ../../build/aura_vision/aura_vision.egg-info
writing ../../build/aura_vision/aura_vision.egg-info/PKG-INFO
writing dependency_links to ../../build/aura_vision/aura_vision.egg-info/dependency_links.txt
writing entry points to ../../build/aura_vision/aura_vision.egg-info/entry_points.txt
writing requirements to ../../build/aura_vision/aura_vision.egg-info/requires.txt
writing top-level names to ../../build/aura_vision/aura_vision.egg-info/top_level.txt
writing manifest file '../../build/aura_vision/aura_vision.egg-info/SOURCES.txt'
reading manifest file '../../build/aura_vision/aura_vision.egg-info/SOURCES.txt'
writing manifest file '../../build/aura_vision/aura_vision.egg-info/SOURCES.txt'
running build
running build_py
creating /home/utk/aura_ws/build/aura_vision/build
creating /home/utk/aura_ws/build/aura_vision/build/lib
creating /home/utk/aura_ws/build/aura_vision/build/lib/aura_vision
copying aura_vision/__init__.py -> /home/utk/aura_ws/build/aura_vision/build/lib/aura_vision
copying aura_vision/homing.py -> /home/utk/aura_ws/build/aura_vision/build/lib/aura_vision
running install
running install_lib
creating /home/utk/aura_ws/install/aura_vision/lib/python3.10/site-packages/aura_vision
copying /home/utk/aura_ws/build/aura_vision/build/lib/aura_vision/__init__.py -> /home/utk/aura_ws/install/aura_vision/lib/python3.10/site-packages/aura_vision
copying /home/utk/aura_ws/build/aura_vision/build/lib/aura_vision/homing.py -> /home/utk/aura_ws/install/aura_vision/lib/python3.10/site-packages/aura_vision
byte-compiling /home/utk/aura_ws/install/aura_vision/lib/python3.10/site-packages/aura_vision/__init__.py to __init__.cpython-310.pyc
byte-compiling /home/utk/aura_ws/install/aura_vision/lib/python3.10/site-packages/aura_vision/homing.py to homing.cpython-310.pyc
running install_data
creating /home/utk/aura_ws/install/aura_vision/share/ament_index
creating /home/utk/aura_ws/install/aura_vision/share/ament_index/resource_index
creating /home/utk/aura_ws/install/aura_vision/share/ament_index/resource_index/packages
copying resource/aura_vision -> /home/utk/aura_ws/install/aura_vision/share/ament_index/resource_index/packages
copying package.xml -> /home/utk/aura_ws/install/aura_vision/share/aura_vision
running install_egg_info
Copying ../../build/aura_vision/aura_vision.egg-info to /home/utk/aura_ws/install/aura_vision/lib/python3.10/site-packages/aura_vision-0.0.0-py3.10.egg-info
running install_scripts
Installing homing script to /home/utk/aura_ws/install/aura_vision/lib/aura_vision
writing list of installed files to '/home/utk/aura_ws/build/aura_vision/install.log'
