[0.979s] Invoking command in '/home/utk/aura_ws/src/aura_vision': PYTHONPATH=/home/utk/aura_ws/build/aura_vision/prefix_override:/usr/lib/python3/dist-packages/colcon_core/task/python/colcon_distutils_commands:/home/utk/aura_ws/install/aura_vision/lib/python3.10/site-packages:${PYTHONPATH} /usr/bin/python3 -W ignore:setup.py install is deprecated -W ignore:easy_install command is deprecated setup.py egg_info --egg-base ../../build/aura_vision build --build-base /home/utk/aura_ws/build/aura_vision/build install --record /home/utk/aura_ws/build/aura_vision/install.log --single-version-externally-managed install_data
[1.290s] running egg_info
[1.291s] creating ../../build/aura_vision/aura_vision.egg-info
[1.292s] writing ../../build/aura_vision/aura_vision.egg-info/PKG-INFO
[1.292s] writing dependency_links to ../../build/aura_vision/aura_vision.egg-info/dependency_links.txt
[1.292s] writing entry points to ../../build/aura_vision/aura_vision.egg-info/entry_points.txt
[1.292s] writing requirements to ../../build/aura_vision/aura_vision.egg-info/requires.txt
[1.292s] writing top-level names to ../../build/aura_vision/aura_vision.egg-info/top_level.txt
[1.293s] writing manifest file '../../build/aura_vision/aura_vision.egg-info/SOURCES.txt'
[1.295s] reading manifest file '../../build/aura_vision/aura_vision.egg-info/SOURCES.txt'
[1.296s] writing manifest file '../../build/aura_vision/aura_vision.egg-info/SOURCES.txt'
[1.297s] running build
[1.297s] running build_py
[1.297s] creating /home/utk/aura_ws/build/aura_vision/build
[1.297s] creating /home/utk/aura_ws/build/aura_vision/build/lib
[1.297s] creating /home/utk/aura_ws/build/aura_vision/build/lib/aura_vision
[1.297s] copying aura_vision/__init__.py -> /home/utk/aura_ws/build/aura_vision/build/lib/aura_vision
[1.297s] copying aura_vision/homing.py -> /home/utk/aura_ws/build/aura_vision/build/lib/aura_vision
[1.297s] running install
[1.298s] running install_lib
[1.299s] creating /home/utk/aura_ws/install/aura_vision/lib/python3.10/site-packages/aura_vision
[1.299s] copying /home/utk/aura_ws/build/aura_vision/build/lib/aura_vision/__init__.py -> /home/utk/aura_ws/install/aura_vision/lib/python3.10/site-packages/aura_vision
[1.299s] copying /home/utk/aura_ws/build/aura_vision/build/lib/aura_vision/homing.py -> /home/utk/aura_ws/install/aura_vision/lib/python3.10/site-packages/aura_vision
[1.300s] byte-compiling /home/utk/aura_ws/install/aura_vision/lib/python3.10/site-packages/aura_vision/__init__.py to __init__.cpython-310.pyc
[1.301s] byte-compiling /home/utk/aura_ws/install/aura_vision/lib/python3.10/site-packages/aura_vision/homing.py to homing.cpython-310.pyc
[1.302s] running install_data
[1.302s] creating /home/utk/aura_ws/install/aura_vision/share/ament_index
[1.302s] creating /home/utk/aura_ws/install/aura_vision/share/ament_index/resource_index
[1.302s] creating /home/utk/aura_ws/install/aura_vision/share/ament_index/resource_index/packages
[1.303s] copying resource/aura_vision -> /home/utk/aura_ws/install/aura_vision/share/ament_index/resource_index/packages
[1.303s] copying package.xml -> /home/utk/aura_ws/install/aura_vision/share/aura_vision
[1.303s] running install_egg_info
[1.306s] Copying ../../build/aura_vision/aura_vision.egg-info to /home/utk/aura_ws/install/aura_vision/lib/python3.10/site-packages/aura_vision-0.0.0-py3.10.egg-info
[1.307s] running install_scripts
[1.333s] Installing homing script to /home/utk/aura_ws/install/aura_vision/lib/aura_vision
[1.334s] writing list of installed files to '/home/utk/aura_ws/build/aura_vision/install.log'
[1.362s] Invoked command in '/home/utk/aura_ws/src/aura_vision' returned '0': PYTHONPATH=/home/utk/aura_ws/build/aura_vision/prefix_override:/usr/lib/python3/dist-packages/colcon_core/task/python/colcon_distutils_commands:/home/utk/aura_ws/install/aura_vision/lib/python3.10/site-packages:${PYTHONPATH} /usr/bin/python3 -W ignore:setup.py install is deprecated -W ignore:easy_install command is deprecated setup.py egg_info --egg-base ../../build/aura_vision build --build-base /home/utk/aura_ws/build/aura_vision/build install --record /home/utk/aura_ws/build/aura_vision/install.log --single-version-externally-managed install_data
