[0.012s] Invoking command in '/home/utk/aura_ws/build/aura_localization': CMAKE_PREFIX_PATH=${CMAKE_PREFIX_PATH}:/home/utk/bumperbot_ws/install/bumperbot_vision:/home/utk/bumperbot_ws/install/bumperbot_py_examples:/opt/ros/humble /usr/bin/cmake /home/utk/aura_ws/src/aura_localization -DAMENT_CMAKE_SYMLINK_INSTALL=1 -DCMAKE_INSTALL_PREFIX=/home/utk/aura_ws/install/aura_localization
[0.085s] -- The C compiler identification is GNU 11.4.0
[0.146s] -- The CXX compiler identification is GNU 11.4.0
[0.153s] -- Detecting C compiler ABI info
[0.203s] -- Detecting C compiler ABI info - done
[0.209s] -- Check for working C compiler: /usr/bin/cc - skipped
[0.209s] -- Detecting C compile features
[0.210s] -- Detecting C compile features - done
[0.212s] -- Detecting CXX compiler ABI info
[0.270s] -- Detecting CXX compiler ABI info - done
[0.275s] -- Check for working CXX compiler: /usr/bin/c++ - skipped
[0.275s] -- Detecting CXX compile features
[0.275s] -- Detecting CXX compile features - done
[0.286s] -- Found ament_cmake: 1.3.11 (/opt/ros/humble/share/ament_cmake/cmake)
[0.400s] -- Found Python3: /usr/bin/python3 (found version "3.10.12") found components: Interpreter 
[0.446s] -- Override CMake install command with custom implementation using symlinks instead of copying resources
[0.539s] [31mCMake Error at /opt/ros/humble/share/ament_cmake_python/cmake/ament_python_install_package.cmake:66 (message):
[0.539s]   ament_python_install_package() the Python package folder
[0.539s]   '/home/utk/aura_ws/src/aura_localization/aura_localization' doesn't contain
[0.539s]   an '__init__.py' file
[0.539s] Call Stack (most recent call first):
[0.540s]   /opt/ros/humble/share/ament_cmake_python/cmake/ament_python_install_package.cmake:39 (_ament_cmake_python_install_package)
[0.540s]   CMakeLists.txt:12 (ament_python_install_package)
[0.540s] 
[0.540s] [0m
[0.540s] -- Configuring incomplete, errors occurred!
[0.540s] See also "/home/utk/aura_ws/build/aura_localization/CMakeFiles/CMakeOutput.log".
[0.543s] Invoked command in '/home/utk/aura_ws/build/aura_localization' returned '1': CMAKE_PREFIX_PATH=${CMAKE_PREFIX_PATH}:/home/utk/bumperbot_ws/install/bumperbot_vision:/home/utk/bumperbot_ws/install/bumperbot_py_examples:/opt/ros/humble /usr/bin/cmake /home/utk/aura_ws/src/aura_localization -DAMENT_CMAKE_SYMLINK_INSTALL=1 -DCMAKE_INSTALL_PREFIX=/home/utk/aura_ws/install/aura_localization
