[0.010s] Invoking command in '/home/utk/aura_ws/build/aura_description': CMAKE_PREFIX_PATH=${CMAKE_PREFIX_PATH}:/home/utk/aura_ws/install/aura_vision:/home/utk/aura_ws/install/aura_script:/home/utk/bumperbot_ws/install/bumperbot_vision:/home/utk/bumperbot_ws/install/bumperbot_py_examples:/opt/ros/humble /usr/bin/cmake /home/utk/aura_ws/src/aura_description -DAMENT_CMAKE_SYMLINK_INSTALL=1 -DCMAKE_INSTALL_PREFIX=/home/utk/aura_ws/install/aura_description
[0.076s] -- Found ament_cmake: 1.3.11 (/opt/ros/humble/share/ament_cmake/cmake)
[0.183s] -- Override CMake install command with custom implementation using symlinks instead of copying resources
[0.198s] -- Found ament_lint_auto: 0.12.11 (/opt/ros/humble/share/ament_lint_auto/cmake)
[0.278s] -- Added test 'flake8' to check Python code syntax and style conventions
[0.283s] -- Added test 'lint_cmake' to check CMake code style
[0.286s] -- Added test 'pep257' to check Python code against some of the docstring style conventions in PEP 257
[0.308s] -- Added test 'xmllint' to check XML markup files
[0.309s] -- Configuring done
[0.313s] -- Generating done
[0.314s] -- Build files have been written to: /home/utk/aura_ws/build/aura_description
[0.318s] Invoked command in '/home/utk/aura_ws/build/aura_description' returned '0': CMAKE_PREFIX_PATH=${CMAKE_PREFIX_PATH}:/home/utk/aura_ws/install/aura_vision:/home/utk/aura_ws/install/aura_script:/home/utk/bumperbot_ws/install/bumperbot_vision:/home/utk/bumperbot_ws/install/bumperbot_py_examples:/opt/ros/humble /usr/bin/cmake /home/utk/aura_ws/src/aura_description -DAMENT_CMAKE_SYMLINK_INSTALL=1 -DCMAKE_INSTALL_PREFIX=/home/utk/aura_ws/install/aura_description
[0.318s] Invoking command in '/home/utk/aura_ws/build/aura_description': CMAKE_PREFIX_PATH=${CMAKE_PREFIX_PATH}:/home/utk/aura_ws/install/aura_vision:/home/utk/aura_ws/install/aura_script:/home/utk/bumperbot_ws/install/bumperbot_vision:/home/utk/bumperbot_ws/install/bumperbot_py_examples:/opt/ros/humble /usr/bin/cmake --build /home/utk/aura_ws/build/aura_description -- -j16 -l16
[0.346s] Invoked command in '/home/utk/aura_ws/build/aura_description' returned '0': CMAKE_PREFIX_PATH=${CMAKE_PREFIX_PATH}:/home/utk/aura_ws/install/aura_vision:/home/utk/aura_ws/install/aura_script:/home/utk/bumperbot_ws/install/bumperbot_vision:/home/utk/bumperbot_ws/install/bumperbot_py_examples:/opt/ros/humble /usr/bin/cmake --build /home/utk/aura_ws/build/aura_description -- -j16 -l16
[0.354s] Invoking command in '/home/utk/aura_ws/build/aura_description': CMAKE_PREFIX_PATH=${CMAKE_PREFIX_PATH}:/home/utk/aura_ws/install/aura_vision:/home/utk/aura_ws/install/aura_script:/home/utk/bumperbot_ws/install/bumperbot_vision:/home/utk/bumperbot_ws/install/bumperbot_py_examples:/opt/ros/humble /usr/bin/cmake --install /home/utk/aura_ws/build/aura_description
[0.363s] -- Install configuration: ""
[0.363s] -- Execute custom install script
[0.364s] -- Symlinking: /home/utk/aura_ws/install/aura_description/share/aura_description/launch/display.launch.py
[0.370s] -- Symlinking: /home/utk/aura_ws/install/aura_description/share/aura_description/launch/gazebo.launch.py
[0.375s] -- Symlinking: /home/utk/aura_ws/install/aura_description/share/aura_description/meshes/arm_base.stl
[0.382s] -- Symlinking: /home/utk/aura_ws/install/aura_description/share/aura_description/meshes/arm_lower.stl
[0.388s] -- Symlinking: /home/utk/aura_ws/install/aura_description/share/aura_description/meshes/arm_stand.stl
[0.393s] -- Symlinking: /home/utk/aura_ws/install/aura_description/share/aura_description/meshes/arm_upper.stl
[0.398s] -- Symlinking: /home/utk/aura_ws/install/aura_description/share/aura_description/meshes/back_castor.stl
[0.405s] -- Symlinking: /home/utk/aura_ws/install/aura_description/share/aura_description/meshes/base_link.stl
[0.410s] -- Symlinking: /home/utk/aura_ws/install/aura_description/share/aura_description/meshes/camera.stl
[0.416s] -- Symlinking: /home/utk/aura_ws/install/aura_description/share/aura_description/meshes/end_effector.stl
[0.422s] -- Symlinking: /home/utk/aura_ws/install/aura_description/share/aura_description/meshes/front_castor.stl
[0.428s] -- Symlinking: /home/utk/aura_ws/install/aura_description/share/aura_description/meshes/gripper_base.stl
[0.433s] -- Symlinking: /home/utk/aura_ws/install/aura_description/share/aura_description/meshes/gripper_left.stl
[0.438s] -- Symlinking: /home/utk/aura_ws/install/aura_description/share/aura_description/meshes/gripper_right.stl
[0.444s] -- Symlinking: /home/utk/aura_ws/install/aura_description/share/aura_description/meshes/imu.stl
[0.449s] -- Symlinking: /home/utk/aura_ws/install/aura_description/share/aura_description/meshes/left_wheel.stl
[0.454s] -- Symlinking: /home/utk/aura_ws/install/aura_description/share/aura_description/meshes/lidar.stl
[0.459s] -- Symlinking: /home/utk/aura_ws/install/aura_description/share/aura_description/meshes/right_wheel.stl
[0.464s] -- Symlinking: /home/utk/aura_ws/install/aura_description/share/aura_description/meshes/top_plate.stl
[0.470s] -- Symlinking: /home/utk/aura_ws/install/aura_description/share/aura_description/meshes/wall.stl
[0.475s] -- Symlinking: /home/utk/aura_ws/install/aura_description/share/aura_description/rviz/display.rviz
[0.479s] -- Symlinking: /home/utk/aura_ws/install/aura_description/share/aura_description/urdf/aura.urdf.xacro
[0.485s] -- Symlinking: /home/utk/aura_ws/install/aura_description/share/aura_description/urdf/aura_arm.xacro
[0.490s] -- Symlinking: /home/utk/aura_ws/install/aura_description/share/aura_description/urdf/aura_base.xacro
[0.494s] -- Symlinking: /home/utk/aura_ws/install/aura_description/share/aura_description/urdf/aura_gazebo.xacro
[0.500s] -- Symlinking: /home/utk/aura_ws/install/aura_description/share/aura_description/urdf/aura_materials.xacro
[0.505s] -- Symlinking: /home/utk/aura_ws/install/aura_description/share/aura_description/urdf/aura_ros2control.xacro
[0.515s] -- Symlinking: /home/utk/aura_ws/install/aura_description/share/aura_description/models/Aura_Payload/materials/textures/Aura_Payload.png
[0.521s] -- Symlinking: /home/utk/aura_ws/install/aura_description/share/aura_description/models/Aura_Payload/meshes/aura_payload.stl
[0.527s] -- Symlinking: /home/utk/aura_ws/install/aura_description/share/aura_description/models/Aura_Payload/model.config
[0.532s] -- Symlinking: /home/utk/aura_ws/install/aura_description/share/aura_description/models/Aura_Payload/model.sdf
[0.538s] -- Symlinking: /home/utk/aura_ws/install/aura_description/share/aura_description/models/Aura_Payload_2/materials/textures/Aura_Payload_2.png
[0.543s] -- Symlinking: /home/utk/aura_ws/install/aura_description/share/aura_description/models/Aura_Payload_2/meshes/aura_payload.stl
[0.548s] -- Symlinking: /home/utk/aura_ws/install/aura_description/share/aura_description/models/Aura_Payload_2/model.config
[0.553s] -- Symlinking: /home/utk/aura_ws/install/aura_description/share/aura_description/models/Aura_Payload_2/model.sdf
[0.558s] -- Symlinking: /home/utk/aura_ws/install/aura_description/share/aura_description/models/Aura_Payload_3/materials/textures/Aura_Payload_3.png
[0.563s] -- Symlinking: /home/utk/aura_ws/install/aura_description/share/aura_description/models/Aura_Payload_3/meshes/aura_payload.stl
[0.568s] -- Symlinking: /home/utk/aura_ws/install/aura_description/share/aura_description/models/Aura_Payload_3/model.config
[0.573s] -- Symlinking: /home/utk/aura_ws/install/aura_description/share/aura_description/models/Aura_Payload_3/model.sdf
[0.578s] -- Symlinking: /home/utk/aura_ws/install/aura_description/share/aura_description/models/Docking_Station/materials/textures/Docking_Station.png
[0.583s] -- Symlinking: /home/utk/aura_ws/install/aura_description/share/aura_description/models/Docking_Station/meshes/Docking_Station.stl
[0.588s] -- Symlinking: /home/utk/aura_ws/install/aura_description/share/aura_description/models/Docking_Station/model.config
[0.593s] -- Symlinking: /home/utk/aura_ws/install/aura_description/share/aura_description/models/Docking_Station/model.sdf
[0.598s] -- Symlinking: /home/utk/aura_ws/install/aura_description/share/aura_description/models/aws_robomaker_residential_AirconditionerA_01/materials/textures/aws_AirconditionerA_01.png
[0.603s] -- Symlinking: /home/utk/aura_ws/install/aura_description/share/aura_description/models/aws_robomaker_residential_AirconditionerA_01/meshes/aws_AirconditionerA_01_collision.DAE
[0.608s] -- Symlinking: /home/utk/aura_ws/install/aura_description/share/aura_description/models/aws_robomaker_residential_AirconditionerA_01/meshes/aws_AirconditionerA_01_visual.DAE
[0.613s] -- Symlinking: /home/utk/aura_ws/install/aura_description/share/aura_description/models/aws_robomaker_residential_AirconditionerA_01/meshes/aws__Air conditioner_01.DAE
[0.618s] -- Symlinking: /home/utk/aura_ws/install/aura_description/share/aura_description/models/aws_robomaker_residential_AirconditionerA_01/model.config
[0.623s] -- Symlinking: /home/utk/aura_ws/install/aura_description/share/aura_description/models/aws_robomaker_residential_AirconditionerA_01/model.sdf
[0.628s] -- Symlinking: /home/utk/aura_ws/install/aura_description/share/aura_description/models/aws_robomaker_residential_AirconditionerB_01/materials/textures/aws_AirconditionerB_01.png
[0.634s] -- Symlinking: /home/utk/aura_ws/install/aura_description/share/aura_description/models/aws_robomaker_residential_AirconditionerB_01/meshes/aws_AirconditionerB_01_collision.DAE
[0.639s] -- Symlinking: /home/utk/aura_ws/install/aura_description/share/aura_description/models/aws_robomaker_residential_AirconditionerB_01/meshes/aws_AirconditionerB_01_visual.DAE
[0.646s] -- Symlinking: /home/utk/aura_ws/install/aura_description/share/aura_description/models/aws_robomaker_residential_AirconditionerB_01/model.config
[0.652s] -- Symlinking: /home/utk/aura_ws/install/aura_description/share/aura_description/models/aws_robomaker_residential_AirconditionerB_01/model.sdf
[0.658s] -- Symlinking: /home/utk/aura_ws/install/aura_description/share/aura_description/models/aws_robomaker_residential_BalconyTable_01/materials/textures/aws_BalconyTable_01.png
[0.663s] -- Symlinking: /home/utk/aura_ws/install/aura_description/share/aura_description/models/aws_robomaker_residential_BalconyTable_01/meshes/aws_BalconyTable_01_collision.DAE
[0.669s] -- Symlinking: /home/utk/aura_ws/install/aura_description/share/aura_description/models/aws_robomaker_residential_BalconyTable_01/meshes/aws_BalconyTable_01_visual.DAE
[0.674s] -- Symlinking: /home/utk/aura_ws/install/aura_description/share/aura_description/models/aws_robomaker_residential_BalconyTable_01/model.config
[0.679s] -- Symlinking: /home/utk/aura_ws/install/aura_description/share/aura_description/models/aws_robomaker_residential_BalconyTable_01/model.sdf
[0.685s] -- Symlinking: /home/utk/aura_ws/install/aura_description/share/aura_description/models/aws_robomaker_residential_Ball_01/materials/textures/aws_Ball_01.png
[0.690s] -- Symlinking: /home/utk/aura_ws/install/aura_description/share/aura_description/models/aws_robomaker_residential_Ball_01/meshes/aws_Ball_01_collision.DAE
[0.695s] -- Symlinking: /home/utk/aura_ws/install/aura_description/share/aura_description/models/aws_robomaker_residential_Ball_01/meshes/aws_Ball_01_visual.DAE
[0.701s] -- Symlinking: /home/utk/aura_ws/install/aura_description/share/aura_description/models/aws_robomaker_residential_Ball_01/model.config
[0.706s] -- Symlinking: /home/utk/aura_ws/install/aura_description/share/aura_description/models/aws_robomaker_residential_Ball_01/model.sdf
[0.711s] -- Symlinking: /home/utk/aura_ws/install/aura_description/share/aura_description/models/aws_robomaker_residential_Bed_01/materials/textures/aws_BedA_01.png
[0.717s] -- Symlinking: /home/utk/aura_ws/install/aura_description/share/aura_description/models/aws_robomaker_residential_Bed_01/materials/textures/aws_BedB_01.png
[0.723s] -- Symlinking: /home/utk/aura_ws/install/aura_description/share/aura_description/models/aws_robomaker_residential_Bed_01/materials/textures/aws_BedC_01.png
[0.729s] -- Symlinking: /home/utk/aura_ws/install/aura_description/share/aura_description/models/aws_robomaker_residential_Bed_01/materials/textures/aws_Bed_01.png
[0.734s] -- Symlinking: /home/utk/aura_ws/install/aura_description/share/aura_description/models/aws_robomaker_residential_Bed_01/meshes/aws_Bed_01_collision.DAE
[0.740s] -- Symlinking: /home/utk/aura_ws/install/aura_description/share/aura_description/models/aws_robomaker_residential_Bed_01/meshes/aws_Bed_01_visual.DAE
[0.746s] -- Symlinking: /home/utk/aura_ws/install/aura_description/share/aura_description/models/aws_robomaker_residential_Bed_01/model.config
[0.751s] -- Symlinking: /home/utk/aura_ws/install/aura_description/share/aura_description/models/aws_robomaker_residential_Bed_01/model.sdf
[0.756s] -- Symlinking: /home/utk/aura_ws/install/aura_description/share/aura_description/models/aws_robomaker_residential_Board_01/materials/textures/aws_Board_01.png
[0.761s] -- Symlinking: /home/utk/aura_ws/install/aura_description/share/aura_description/models/aws_robomaker_residential_Board_01/meshes/aws_Board_01_collision.DAE
[0.766s] -- Symlinking: /home/utk/aura_ws/install/aura_description/share/aura_description/models/aws_robomaker_residential_Board_01/meshes/aws_Board_01_visual.DAE
[0.771s] -- Symlinking: /home/utk/aura_ws/install/aura_description/share/aura_description/models/aws_robomaker_residential_Board_01/model.config
[0.776s] -- Symlinking: /home/utk/aura_ws/install/aura_description/share/aura_description/models/aws_robomaker_residential_Board_01/model.sdf
[0.781s] -- Symlinking: /home/utk/aura_ws/install/aura_description/share/aura_description/models/aws_robomaker_residential_Carpet_01/materials/textures/aws_Carpet_01.png
[0.787s] -- Symlinking: /home/utk/aura_ws/install/aura_description/share/aura_description/models/aws_robomaker_residential_Carpet_01/meshes/aws_Carpet_01_collision.DAE
[0.791s] -- Symlinking: /home/utk/aura_ws/install/aura_description/share/aura_description/models/aws_robomaker_residential_Carpet_01/meshes/aws_Carpet_01_visual.DAE
[0.796s] -- Symlinking: /home/utk/aura_ws/install/aura_description/share/aura_description/models/aws_robomaker_residential_Carpet_01/model.config
[0.801s] -- Symlinking: /home/utk/aura_ws/install/aura_description/share/aura_description/models/aws_robomaker_residential_Carpet_01/model.sdf
[0.806s] -- Symlinking: /home/utk/aura_ws/install/aura_description/share/aura_description/models/aws_robomaker_residential_ChairA_01/materials/textures/aws_ChairA_01.png
[0.812s] -- Symlinking: /home/utk/aura_ws/install/aura_description/share/aura_description/models/aws_robomaker_residential_ChairA_01/meshes/aws_ChairA_01_collision.DAE
[0.817s] -- Symlinking: /home/utk/aura_ws/install/aura_description/share/aura_description/models/aws_robomaker_residential_ChairA_01/meshes/aws_ChairA_01_visual.DAE
[0.822s] -- Symlinking: /home/utk/aura_ws/install/aura_description/share/aura_description/models/aws_robomaker_residential_ChairA_01/model.config
[0.827s] -- Symlinking: /home/utk/aura_ws/install/aura_description/share/aura_description/models/aws_robomaker_residential_ChairA_01/model.sdf
[0.832s] -- Symlinking: /home/utk/aura_ws/install/aura_description/share/aura_description/models/aws_robomaker_residential_ChairD_01/materials/textures/aws_ChairD_01.png
[0.837s] -- Symlinking: /home/utk/aura_ws/install/aura_description/share/aura_description/models/aws_robomaker_residential_ChairD_01/meshes/aws_ChairD_01_collision.DAE
[0.842s] -- Symlinking: /home/utk/aura_ws/install/aura_description/share/aura_description/models/aws_robomaker_residential_ChairD_01/meshes/aws_ChairD_01_visual.DAE
[0.847s] -- Symlinking: /home/utk/aura_ws/install/aura_description/share/aura_description/models/aws_robomaker_residential_ChairD_01/model.config
[0.852s] -- Symlinking: /home/utk/aura_ws/install/aura_description/share/aura_description/models/aws_robomaker_residential_ChairD_01/model.sdf
[0.857s] -- Symlinking: /home/utk/aura_ws/install/aura_description/share/aura_description/models/aws_robomaker_residential_Chandelier_01/materials/textures/aws_Chandelier_01.png
[0.862s] -- Symlinking: /home/utk/aura_ws/install/aura_description/share/aura_description/models/aws_robomaker_residential_Chandelier_01/meshes/aws_Chandelier_01.DAE
[0.867s] -- Symlinking: /home/utk/aura_ws/install/aura_description/share/aura_description/models/aws_robomaker_residential_Chandelier_01/meshes/aws_Chandelier_01_collision.DAE
[0.872s] -- Symlinking: /home/utk/aura_ws/install/aura_description/share/aura_description/models/aws_robomaker_residential_Chandelier_01/meshes/aws_Chandelier_01_visual.DAE
[0.878s] -- Symlinking: /home/utk/aura_ws/install/aura_description/share/aura_description/models/aws_robomaker_residential_Chandelier_01/model.config
[0.883s] -- Symlinking: /home/utk/aura_ws/install/aura_description/share/aura_description/models/aws_robomaker_residential_Chandelier_01/model.sdf
[0.888s] -- Symlinking: /home/utk/aura_ws/install/aura_description/share/aura_description/models/aws_robomaker_residential_CoffeeTable_01/materials/textures/aws_CoffeeTable_01.png
[0.893s] -- Symlinking: /home/utk/aura_ws/install/aura_description/share/aura_description/models/aws_robomaker_residential_CoffeeTable_01/meshes/aws_CoffeeTable_01_collision.DAE
[0.898s] -- Symlinking: /home/utk/aura_ws/install/aura_description/share/aura_description/models/aws_robomaker_residential_CoffeeTable_01/meshes/aws_CoffeeTable_01_visual.DAE
[0.903s] -- Symlinking: /home/utk/aura_ws/install/aura_description/share/aura_description/models/aws_robomaker_residential_CoffeeTable_01/model.config
[0.908s] -- Symlinking: /home/utk/aura_ws/install/aura_description/share/aura_description/models/aws_robomaker_residential_CoffeeTable_01/model.sdf
[0.914s] -- Symlinking: /home/utk/aura_ws/install/aura_description/share/aura_description/models/aws_robomaker_residential_CookingBench_01/materials/textures/aws_CookingBench_01.png
[0.923s] -- Symlinking: /home/utk/aura_ws/install/aura_description/share/aura_description/models/aws_robomaker_residential_CookingBench_01/meshes/aws_CookingBench_01.DAE
[0.928s] -- Symlinking: /home/utk/aura_ws/install/aura_description/share/aura_description/models/aws_robomaker_residential_CookingBench_01/meshes/aws_CookingBench_01_collision.DAE
[0.934s] -- Symlinking: /home/utk/aura_ws/install/aura_description/share/aura_description/models/aws_robomaker_residential_CookingBench_01/meshes/aws_CookingBench_01_visual.DAE
[0.939s] -- Symlinking: /home/utk/aura_ws/install/aura_description/share/aura_description/models/aws_robomaker_residential_CookingBench_01/model.config
[0.944s] -- Symlinking: /home/utk/aura_ws/install/aura_description/share/aura_description/models/aws_robomaker_residential_CookingBench_01/model.sdf
[0.949s] -- Symlinking: /home/utk/aura_ws/install/aura_description/share/aura_description/models/aws_robomaker_residential_Curtain_01/materials/textures/aws_Curtain_01.png
[0.954s] -- Symlinking: /home/utk/aura_ws/install/aura_description/share/aura_description/models/aws_robomaker_residential_Curtain_01/meshes/aws_Curtain_01_collision.DAE
[0.959s] -- Symlinking: /home/utk/aura_ws/install/aura_description/share/aura_description/models/aws_robomaker_residential_Curtain_01/meshes/aws_Curtain_01_visual.DAE
[0.964s] -- Symlinking: /home/utk/aura_ws/install/aura_description/share/aura_description/models/aws_robomaker_residential_Curtain_01/model.config
[0.969s] -- Symlinking: /home/utk/aura_ws/install/aura_description/share/aura_description/models/aws_robomaker_residential_Curtain_01/model.sdf
[0.974s] -- Symlinking: /home/utk/aura_ws/install/aura_description/share/aura_description/models/aws_robomaker_residential_DeskPortraitA_01/materials/textures/aws_DeskPortraitA_01.png
[0.979s] -- Symlinking: /home/utk/aura_ws/install/aura_description/share/aura_description/models/aws_robomaker_residential_DeskPortraitA_01/materials/textures/aws_DeskPortraitA_02.png
[0.984s] -- Symlinking: /home/utk/aura_ws/install/aura_description/share/aura_description/models/aws_robomaker_residential_DeskPortraitA_01/meshes/aws_DeskPortraitA_01_collision.DAE
[0.989s] -- Symlinking: /home/utk/aura_ws/install/aura_description/share/aura_description/models/aws_robomaker_residential_DeskPortraitA_01/meshes/aws_DeskPortraitA_01_visual.DAE
[0.994s] -- Symlinking: /home/utk/aura_ws/install/aura_description/share/aura_description/models/aws_robomaker_residential_DeskPortraitA_01/model.config
[0.999s] -- Symlinking: /home/utk/aura_ws/install/aura_description/share/aura_description/models/aws_robomaker_residential_DeskPortraitA_01/model.sdf
[1.004s] -- Symlinking: /home/utk/aura_ws/install/aura_description/share/aura_description/models/aws_robomaker_residential_DeskPortraitA_02/materials/textures/aws_DeskPortraitA_01.png
[1.009s] -- Symlinking: /home/utk/aura_ws/install/aura_description/share/aura_description/models/aws_robomaker_residential_DeskPortraitA_02/materials/textures/aws_DeskPortraitA_02.png
[1.014s] -- Symlinking: /home/utk/aura_ws/install/aura_description/share/aura_description/models/aws_robomaker_residential_DeskPortraitA_02/meshes/aws_DeskPortraitA_01_collision.DAE
[1.019s] -- Symlinking: /home/utk/aura_ws/install/aura_description/share/aura_description/models/aws_robomaker_residential_DeskPortraitA_02/meshes/aws_DeskPortraitA_01_visual.DAE
[1.024s] -- Symlinking: /home/utk/aura_ws/install/aura_description/share/aura_description/models/aws_robomaker_residential_DeskPortraitA_02/model.config
[1.029s] -- Symlinking: /home/utk/aura_ws/install/aura_description/share/aura_description/models/aws_robomaker_residential_DeskPortraitA_02/model.sdf
[1.034s] -- Symlinking: /home/utk/aura_ws/install/aura_description/share/aura_description/models/aws_robomaker_residential_DeskPortraitB_01/materials/textures/aws_DeskPortraitB_01.png
[1.040s] -- Symlinking: /home/utk/aura_ws/install/aura_description/share/aura_description/models/aws_robomaker_residential_DeskPortraitB_01/materials/textures/aws_DeskPortraitB_02.png
[1.045s] -- Symlinking: /home/utk/aura_ws/install/aura_description/share/aura_description/models/aws_robomaker_residential_DeskPortraitB_01/meshes/aws_DeskPortraitB_01_collision.DAE
[1.050s] -- Symlinking: /home/utk/aura_ws/install/aura_description/share/aura_description/models/aws_robomaker_residential_DeskPortraitB_01/meshes/aws_DeskPortraitB_01_visual.DAE
[1.055s] -- Symlinking: /home/utk/aura_ws/install/aura_description/share/aura_description/models/aws_robomaker_residential_DeskPortraitB_01/model.config
[1.060s] -- Symlinking: /home/utk/aura_ws/install/aura_description/share/aura_description/models/aws_robomaker_residential_DeskPortraitB_01/model.sdf
[1.065s] -- Symlinking: /home/utk/aura_ws/install/aura_description/share/aura_description/models/aws_robomaker_residential_DeskPortraitB_02/materials/textures/aws_DeskPortraitB_01.png
[1.070s] -- Symlinking: /home/utk/aura_ws/install/aura_description/share/aura_description/models/aws_robomaker_residential_DeskPortraitB_02/materials/textures/aws_DeskPortraitB_02.png
[1.075s] -- Symlinking: /home/utk/aura_ws/install/aura_description/share/aura_description/models/aws_robomaker_residential_DeskPortraitB_02/meshes/aws_DeskPortraitB_01_collision.DAE
[1.080s] -- Symlinking: /home/utk/aura_ws/install/aura_description/share/aura_description/models/aws_robomaker_residential_DeskPortraitB_02/meshes/aws_DeskPortraitB_01_visual.DAE
[1.085s] -- Symlinking: /home/utk/aura_ws/install/aura_description/share/aura_description/models/aws_robomaker_residential_DeskPortraitB_02/model.config
[1.090s] -- Symlinking: /home/utk/aura_ws/install/aura_description/share/aura_description/models/aws_robomaker_residential_DeskPortraitB_02/model.sdf
[1.095s] -- Symlinking: /home/utk/aura_ws/install/aura_description/share/aura_description/models/aws_robomaker_residential_DeskPortraitC_01/materials/textures/aws_DeskPortraitC_01.png
[1.100s] -- Symlinking: /home/utk/aura_ws/install/aura_description/share/aura_description/models/aws_robomaker_residential_DeskPortraitC_01/materials/textures/aws_DeskPortraitC_02.png
[1.105s] -- Symlinking: /home/utk/aura_ws/install/aura_description/share/aura_description/models/aws_robomaker_residential_DeskPortraitC_01/meshes/aws_DeskPortraitC_01_collision.DAE
[1.110s] -- Symlinking: /home/utk/aura_ws/install/aura_description/share/aura_description/models/aws_robomaker_residential_DeskPortraitC_01/meshes/aws_DeskPortraitC_01_visual.DAE
[1.116s] -- Symlinking: /home/utk/aura_ws/install/aura_description/share/aura_description/models/aws_robomaker_residential_DeskPortraitC_01/model.config
[1.124s] -- Symlinking: /home/utk/aura_ws/install/aura_description/share/aura_description/models/aws_robomaker_residential_DeskPortraitC_01/model.sdf
[1.132s] -- Symlinking: /home/utk/aura_ws/install/aura_description/share/aura_description/models/aws_robomaker_residential_DeskPortraitC_02/materials/textures/aws_DeskPortraitC_01.png
[1.142s] -- Symlinking: /home/utk/aura_ws/install/aura_description/share/aura_description/models/aws_robomaker_residential_DeskPortraitC_02/materials/textures/aws_DeskPortraitC_02.png
[1.169s] -- Symlinking: /home/utk/aura_ws/install/aura_description/share/aura_description/models/aws_robomaker_residential_DeskPortraitC_02/meshes/aws_DeskPortraitC_01_collision.DAE
[1.181s] -- Symlinking: /home/utk/aura_ws/install/aura_description/share/aura_description/models/aws_robomaker_residential_DeskPortraitC_02/meshes/aws_DeskPortraitC_01_visual.DAE
[1.193s] -- Symlinking: /home/utk/aura_ws/install/aura_description/share/aura_description/models/aws_robomaker_residential_DeskPortraitC_02/model.config
[1.201s] -- Symlinking: /home/utk/aura_ws/install/aura_description/share/aura_description/models/aws_robomaker_residential_DeskPortraitC_02/model.sdf
[1.210s] -- Symlinking: /home/utk/aura_ws/install/aura_description/share/aura_description/models/aws_robomaker_residential_DeskPortraitD_01/materials/textures/aws_DeskPortraitD_01.png
[1.217s] -- Symlinking: /home/utk/aura_ws/install/aura_description/share/aura_description/models/aws_robomaker_residential_DeskPortraitD_01/materials/textures/aws_DeskPortraitD_02.png
[1.225s] -- Symlinking: /home/utk/aura_ws/install/aura_description/share/aura_description/models/aws_robomaker_residential_DeskPortraitD_01/meshes/aws_DeskPortraitD_01_collision.DAE
[1.236s] -- Symlinking: /home/utk/aura_ws/install/aura_description/share/aura_description/models/aws_robomaker_residential_DeskPortraitD_01/meshes/aws_DeskPortraitD_01_visual.DAE
[1.247s] -- Symlinking: /home/utk/aura_ws/install/aura_description/share/aura_description/models/aws_robomaker_residential_DeskPortraitD_01/model.config
[1.253s] -- Symlinking: /home/utk/aura_ws/install/aura_description/share/aura_description/models/aws_robomaker_residential_DeskPortraitD_01/model.sdf
[1.259s] -- Symlinking: /home/utk/aura_ws/install/aura_description/share/aura_description/models/aws_robomaker_residential_DeskPortraitD_02/materials/textures/aws_DeskPortraitD_01.png
[1.265s] -- Symlinking: /home/utk/aura_ws/install/aura_description/share/aura_description/models/aws_robomaker_residential_DeskPortraitD_02/materials/textures/aws_DeskPortraitD_02.png
[1.273s] -- Symlinking: /home/utk/aura_ws/install/aura_description/share/aura_description/models/aws_robomaker_residential_DeskPortraitD_02/meshes/aws_DeskPortraitD_01_collision.DAE
[1.278s] -- Symlinking: /home/utk/aura_ws/install/aura_description/share/aura_description/models/aws_robomaker_residential_DeskPortraitD_02/meshes/aws_DeskPortraitD_01_visual.DAE
[1.286s] -- Symlinking: /home/utk/aura_ws/install/aura_description/share/aura_description/models/aws_robomaker_residential_DeskPortraitD_02/model.config
[1.295s] -- Symlinking: /home/utk/aura_ws/install/aura_description/share/aura_description/models/aws_robomaker_residential_DeskPortraitD_02/model.sdf
[1.301s] -- Symlinking: /home/utk/aura_ws/install/aura_description/share/aura_description/models/aws_robomaker_residential_DeskPortraitD_03/materials/textures/aws_DeskPortraitD_01.png
[1.309s] -- Symlinking: /home/utk/aura_ws/install/aura_description/share/aura_description/models/aws_robomaker_residential_DeskPortraitD_03/materials/textures/aws_DeskPortraitD_02.png
[1.316s] -- Symlinking: /home/utk/aura_ws/install/aura_description/share/aura_description/models/aws_robomaker_residential_DeskPortraitD_03/meshes/aws_DeskPortraitD_01_collision.DAE
[1.324s] -- Symlinking: /home/utk/aura_ws/install/aura_description/share/aura_description/models/aws_robomaker_residential_DeskPortraitD_03/meshes/aws_DeskPortraitD_01_visual.DAE
[1.333s] -- Symlinking: /home/utk/aura_ws/install/aura_description/share/aura_description/models/aws_robomaker_residential_DeskPortraitD_03/model.config
[1.343s] -- Symlinking: /home/utk/aura_ws/install/aura_description/share/aura_description/models/aws_robomaker_residential_DeskPortraitD_03/model.sdf
[1.349s] -- Symlinking: /home/utk/aura_ws/install/aura_description/share/aura_description/models/aws_robomaker_residential_DeskPortraitD_04/materials/textures/aws_DeskPortraitD_01.png
[1.356s] -- Symlinking: /home/utk/aura_ws/install/aura_description/share/aura_description/models/aws_robomaker_residential_DeskPortraitD_04/materials/textures/aws_DeskPortraitD_02.png
[1.380s] -- Symlinking: /home/utk/aura_ws/install/aura_description/share/aura_description/models/aws_robomaker_residential_DeskPortraitD_04/meshes/aws_DeskPortraitD_01_collision.DAE
[1.391s] -- Symlinking: /home/utk/aura_ws/install/aura_description/share/aura_description/models/aws_robomaker_residential_DeskPortraitD_04/meshes/aws_DeskPortraitD_01_visual.DAE
[1.399s] -- Symlinking: /home/utk/aura_ws/install/aura_description/share/aura_description/models/aws_robomaker_residential_DeskPortraitD_04/model.config
[1.404s] -- Symlinking: /home/utk/aura_ws/install/aura_description/share/aura_description/models/aws_robomaker_residential_DeskPortraitD_04/model.sdf
[1.413s] -- Symlinking: /home/utk/aura_ws/install/aura_description/share/aura_description/models/aws_robomaker_residential_Door_01/materials/textures/aws_Door_01.png
[1.424s] -- Symlinking: /home/utk/aura_ws/install/aura_description/share/aura_description/models/aws_robomaker_residential_Door_01/meshes/aws_Door_01_collision.DAE
[1.429s] -- Symlinking: /home/utk/aura_ws/install/aura_description/share/aura_description/models/aws_robomaker_residential_Door_01/meshes/aws_Door_01_visual.DAE
[1.434s] -- Symlinking: /home/utk/aura_ws/install/aura_description/share/aura_description/models/aws_robomaker_residential_Door_01/model.config
[1.441s] -- Symlinking: /home/utk/aura_ws/install/aura_description/share/aura_description/models/aws_robomaker_residential_Door_01/model.sdf
[1.447s] -- Symlinking: /home/utk/aura_ws/install/aura_description/share/aura_description/models/aws_robomaker_residential_Dumbbell_01/materials/textures/aws_Dumbbell_01.png
[1.454s] -- Symlinking: /home/utk/aura_ws/install/aura_description/share/aura_description/models/aws_robomaker_residential_Dumbbell_01/meshes/aws_Dumbbell_01_collision.DAE
[1.460s] -- Symlinking: /home/utk/aura_ws/install/aura_description/share/aura_description/models/aws_robomaker_residential_Dumbbell_01/meshes/aws_Dumbbell_01_visual.DAE
[1.468s] -- Symlinking: /home/utk/aura_ws/install/aura_description/share/aura_description/models/aws_robomaker_residential_Dumbbell_01/model.config
[1.474s] -- Symlinking: /home/utk/aura_ws/install/aura_description/share/aura_description/models/aws_robomaker_residential_Dumbbell_01/model.sdf
[1.479s] -- Symlinking: /home/utk/aura_ws/install/aura_description/share/aura_description/models/aws_robomaker_residential_FitnessEquipment_01/materials/textures/aws_FitnessEquipment_01.png
[1.484s] -- Symlinking: /home/utk/aura_ws/install/aura_description/share/aura_description/models/aws_robomaker_residential_FitnessEquipment_01/meshes/aws_FitnessEquipment_01_collision.DAE
[1.490s] -- Symlinking: /home/utk/aura_ws/install/aura_description/share/aura_description/models/aws_robomaker_residential_FitnessEquipment_01/meshes/aws_FitnessEquipment_01_visual.DAE
[1.495s] -- Symlinking: /home/utk/aura_ws/install/aura_description/share/aura_description/models/aws_robomaker_residential_FitnessEquipment_01/model.config
[1.500s] -- Symlinking: /home/utk/aura_ws/install/aura_description/share/aura_description/models/aws_robomaker_residential_FitnessEquipment_01/model.sdf
[1.506s] -- Symlinking: /home/utk/aura_ws/install/aura_description/share/aura_description/models/aws_robomaker_residential_FloorB_01/materials/textures/aws_FloorB_01.png
[1.511s] -- Symlinking: /home/utk/aura_ws/install/aura_description/share/aura_description/models/aws_robomaker_residential_FloorB_01/meshes/aws_FloorB_01_collision.DAE
[1.518s] -- Symlinking: /home/utk/aura_ws/install/aura_description/share/aura_description/models/aws_robomaker_residential_FloorB_01/meshes/aws_FloorB_01_visual.DAE
[1.526s] -- Symlinking: /home/utk/aura_ws/install/aura_description/share/aura_description/models/aws_robomaker_residential_FloorB_01/model.config
[1.532s] -- Symlinking: /home/utk/aura_ws/install/aura_description/share/aura_description/models/aws_robomaker_residential_FloorB_01/model.sdf
[1.541s] -- Symlinking: /home/utk/aura_ws/install/aura_description/share/aura_description/models/aws_robomaker_residential_FoldingDoor_01/materials/textures/aws_FoldingDoor_01.png
[1.546s] -- Symlinking: /home/utk/aura_ws/install/aura_description/share/aura_description/models/aws_robomaker_residential_FoldingDoor_01/meshes/aws_FoldingDoor_01_collision.DAE
[1.553s] -- Symlinking: /home/utk/aura_ws/install/aura_description/share/aura_description/models/aws_robomaker_residential_FoldingDoor_01/meshes/aws_FoldingDoor_01_visual.DAE
[1.574s] -- Symlinking: /home/utk/aura_ws/install/aura_description/share/aura_description/models/aws_robomaker_residential_FoldingDoor_01/model.config
[1.582s] -- Symlinking: /home/utk/aura_ws/install/aura_description/share/aura_description/models/aws_robomaker_residential_FoldingDoor_01/model.sdf
[1.595s] -- Symlinking: /home/utk/aura_ws/install/aura_description/share/aura_description/models/aws_robomaker_residential_FoldingDoor_02/materials/textures/aws_FoldingDoor_02.png
[1.608s] -- Symlinking: /home/utk/aura_ws/install/aura_description/share/aura_description/models/aws_robomaker_residential_FoldingDoor_02/meshes/aws_FoldingDoor_02_collision.DAE
[1.616s] -- Symlinking: /home/utk/aura_ws/install/aura_description/share/aura_description/models/aws_robomaker_residential_FoldingDoor_02/meshes/aws_FoldingDoor_02_visual.DAE
[1.622s] -- Symlinking: /home/utk/aura_ws/install/aura_description/share/aura_description/models/aws_robomaker_residential_FoldingDoor_02/model.config
[1.631s] -- Symlinking: /home/utk/aura_ws/install/aura_description/share/aura_description/models/aws_robomaker_residential_FoldingDoor_02/model.sdf
[1.644s] -- Symlinking: /home/utk/aura_ws/install/aura_description/share/aura_description/models/aws_robomaker_residential_Handle_01/materials/textures/aws_Handle_01.png
[1.653s] -- Symlinking: /home/utk/aura_ws/install/aura_description/share/aura_description/models/aws_robomaker_residential_Handle_01/meshes/aws_ handle_01_collision.DAE
[1.661s] -- Symlinking: /home/utk/aura_ws/install/aura_description/share/aura_description/models/aws_robomaker_residential_Handle_01/meshes/aws_Handle_01_collision.DAE
[1.668s] -- Symlinking: /home/utk/aura_ws/install/aura_description/share/aura_description/models/aws_robomaker_residential_Handle_01/meshes/aws_Handle_01_visual.DAE
[1.680s] -- Symlinking: /home/utk/aura_ws/install/aura_description/share/aura_description/models/aws_robomaker_residential_Handle_01/model.config
[1.691s] -- Symlinking: /home/utk/aura_ws/install/aura_description/share/aura_description/models/aws_robomaker_residential_Handle_01/model.sdf
[1.697s] -- Symlinking: /home/utk/aura_ws/install/aura_description/share/aura_description/models/aws_robomaker_residential_HouseWallB_01/materials/textures/aws_HouseWallB_01.png
[1.702s] -- Symlinking: /home/utk/aura_ws/install/aura_description/share/aura_description/models/aws_robomaker_residential_HouseWallB_01/meshes/aws_HouseWallB_01_collision.DAE
[1.707s] -- Symlinking: /home/utk/aura_ws/install/aura_description/share/aura_description/models/aws_robomaker_residential_HouseWallB_01/meshes/aws_HouseWallB_01_visual.DAE
[1.712s] -- Symlinking: /home/utk/aura_ws/install/aura_description/share/aura_description/models/aws_robomaker_residential_HouseWallB_01/model.config
[1.717s] -- Symlinking: /home/utk/aura_ws/install/aura_description/share/aura_description/models/aws_robomaker_residential_HouseWallB_01/model.sdf
[1.723s] -- Symlinking: /home/utk/aura_ws/install/aura_description/share/aura_description/models/aws_robomaker_residential_KitchenCabinet_01/materials/textures/aws_KitchenCabinet_01.png
[1.728s] -- Symlinking: /home/utk/aura_ws/install/aura_description/share/aura_description/models/aws_robomaker_residential_KitchenCabinet_01/meshes/aws_KitchenCabinet_01_collision.DAE
[1.736s] -- Symlinking: /home/utk/aura_ws/install/aura_description/share/aura_description/models/aws_robomaker_residential_KitchenCabinet_01/meshes/aws_KitchenCabinet_01_visual.DAE
[1.743s] -- Symlinking: /home/utk/aura_ws/install/aura_description/share/aura_description/models/aws_robomaker_residential_KitchenCabinet_01/model.config
[1.748s] -- Symlinking: /home/utk/aura_ws/install/aura_description/share/aura_description/models/aws_robomaker_residential_KitchenCabinet_01/model.sdf
[1.753s] -- Symlinking: /home/utk/aura_ws/install/aura_description/share/aura_description/models/aws_robomaker_residential_KitchenTable_01/materials/textures/aws_KitchenTable_01.png
[1.759s] -- Symlinking: /home/utk/aura_ws/install/aura_description/share/aura_description/models/aws_robomaker_residential_KitchenTable_01/meshes/aws_KitchenTable_01_collision.DAE
[1.765s] -- Symlinking: /home/utk/aura_ws/install/aura_description/share/aura_description/models/aws_robomaker_residential_KitchenTable_01/meshes/aws_KitchenTable_01_visual.DAE
[1.770s] -- Symlinking: /home/utk/aura_ws/install/aura_description/share/aura_description/models/aws_robomaker_residential_KitchenTable_01/model.config
[1.776s] -- Symlinking: /home/utk/aura_ws/install/aura_description/share/aura_description/models/aws_robomaker_residential_KitchenTable_01/model.sdf
[1.785s] -- Symlinking: /home/utk/aura_ws/install/aura_description/share/aura_description/models/aws_robomaker_residential_KitchenUtensils_01/materials/textures/aws_KitchenUtensils_01.png
[1.792s] -- Symlinking: /home/utk/aura_ws/install/aura_description/share/aura_description/models/aws_robomaker_residential_KitchenUtensils_01/meshes/aws_KitchenUtensils_01_collision.DAE
[1.800s] -- Symlinking: /home/utk/aura_ws/install/aura_description/share/aura_description/models/aws_robomaker_residential_KitchenUtensils_01/meshes/aws_KitchenUtensils_01_visual.DAE
[1.805s] -- Symlinking: /home/utk/aura_ws/install/aura_description/share/aura_description/models/aws_robomaker_residential_KitchenUtensils_01/model.config
[1.811s] -- Symlinking: /home/utk/aura_ws/install/aura_description/share/aura_description/models/aws_robomaker_residential_KitchenUtensils_01/model.sdf
[1.816s] -- Symlinking: /home/utk/aura_ws/install/aura_description/share/aura_description/models/aws_robomaker_residential_LightC_01/materials/textures/aws_LightC_01.png
[1.821s] -- Symlinking: /home/utk/aura_ws/install/aura_description/share/aura_description/models/aws_robomaker_residential_LightC_01/meshes/aws_LightC_01_collision.DAE
[1.826s] -- Symlinking: /home/utk/aura_ws/install/aura_description/share/aura_description/models/aws_robomaker_residential_LightC_01/meshes/aws_LightC_01_visual.DAE
[1.831s] -- Symlinking: /home/utk/aura_ws/install/aura_description/share/aura_description/models/aws_robomaker_residential_LightC_01/model.config
[1.836s] -- Symlinking: /home/utk/aura_ws/install/aura_description/share/aura_description/models/aws_robomaker_residential_LightC_01/model.sdf
[1.842s] -- Symlinking: /home/utk/aura_ws/install/aura_description/share/aura_description/models/aws_robomaker_residential_NightStand_01/materials/textures/aws_NightStand_01.png
[1.847s] -- Symlinking: /home/utk/aura_ws/install/aura_description/share/aura_description/models/aws_robomaker_residential_NightStand_01/meshes/aws_NightStand_01_collision.DAE
[1.852s] -- Symlinking: /home/utk/aura_ws/install/aura_description/share/aura_description/models/aws_robomaker_residential_NightStand_01/meshes/aws_NightStand_01_visual.DAE
[1.857s] -- Symlinking: /home/utk/aura_ws/install/aura_description/share/aura_description/models/aws_robomaker_residential_NightStand_01/model.config
[1.862s] -- Symlinking: /home/utk/aura_ws/install/aura_description/share/aura_description/models/aws_robomaker_residential_NightStand_01/model.sdf
[1.868s] -- Symlinking: /home/utk/aura_ws/install/aura_description/share/aura_description/models/aws_robomaker_residential_Pillow_01/materials/textures/aws_Pillow_01.png
[1.884s] -- Symlinking: /home/utk/aura_ws/install/aura_description/share/aura_description/models/aws_robomaker_residential_Pillow_01/meshes/aws_Pillow_01_collision.DAE
[1.889s] -- Symlinking: /home/utk/aura_ws/install/aura_description/share/aura_description/models/aws_robomaker_residential_Pillow_01/meshes/aws_Pillow_01_visual.DAE
[1.894s] -- Symlinking: /home/utk/aura_ws/install/aura_description/share/aura_description/models/aws_robomaker_residential_Pillow_01/model.config
[1.899s] -- Symlinking: /home/utk/aura_ws/install/aura_description/share/aura_description/models/aws_robomaker_residential_Pillow_01/model.sdf
[1.906s] -- Symlinking: /home/utk/aura_ws/install/aura_description/share/aura_description/models/aws_robomaker_residential_PortraitA_01/materials/textures/aws_PortraitA_01.png
[1.914s] -- Symlinking: /home/utk/aura_ws/install/aura_description/share/aura_description/models/aws_robomaker_residential_PortraitA_01/materials/textures/aws_PortraitA_02.png
[1.922s] -- Symlinking: /home/utk/aura_ws/install/aura_description/share/aura_description/models/aws_robomaker_residential_PortraitA_01/meshes/aws_PortraitA_01_collision.DAE
[1.929s] -- Symlinking: /home/utk/aura_ws/install/aura_description/share/aura_description/models/aws_robomaker_residential_PortraitA_01/meshes/aws_PortraitA_01_visual.DAE
[1.936s] -- Symlinking: /home/utk/aura_ws/install/aura_description/share/aura_description/models/aws_robomaker_residential_PortraitA_01/model.config
[1.941s] -- Symlinking: /home/utk/aura_ws/install/aura_description/share/aura_description/models/aws_robomaker_residential_PortraitA_01/model.sdf
[1.948s] -- Symlinking: /home/utk/aura_ws/install/aura_description/share/aura_description/models/aws_robomaker_residential_PortraitA_02/materials/textures/aws_PortraitA_01.png
[1.953s] -- Symlinking: /home/utk/aura_ws/install/aura_description/share/aura_description/models/aws_robomaker_residential_PortraitA_02/materials/textures/aws_PortraitA_02.png
[1.959s] -- Symlinking: /home/utk/aura_ws/install/aura_description/share/aura_description/models/aws_robomaker_residential_PortraitA_02/meshes/aws_PortraitA_01_collision.DAE
[1.964s] -- Symlinking: /home/utk/aura_ws/install/aura_description/share/aura_description/models/aws_robomaker_residential_PortraitA_02/meshes/aws_PortraitA_01_visual.DAE
[1.969s] -- Symlinking: /home/utk/aura_ws/install/aura_description/share/aura_description/models/aws_robomaker_residential_PortraitA_02/model.config
[1.975s] -- Symlinking: /home/utk/aura_ws/install/aura_description/share/aura_description/models/aws_robomaker_residential_PortraitA_02/model.sdf
[1.980s] -- Symlinking: /home/utk/aura_ws/install/aura_description/share/aura_description/models/aws_robomaker_residential_PortraitB_01/materials/textures/aws_PortraitB_01.png
[1.985s] -- Symlinking: /home/utk/aura_ws/install/aura_description/share/aura_description/models/aws_robomaker_residential_PortraitB_01/materials/textures/aws_PortraitB_02.png
[1.990s] -- Symlinking: /home/utk/aura_ws/install/aura_description/share/aura_description/models/aws_robomaker_residential_PortraitB_01/meshes/aws_PortraitB_01_collision.DAE
[1.995s] -- Symlinking: /home/utk/aura_ws/install/aura_description/share/aura_description/models/aws_robomaker_residential_PortraitB_01/meshes/aws_PortraitB_01_visual.DAE
[2.000s] -- Symlinking: /home/utk/aura_ws/install/aura_description/share/aura_description/models/aws_robomaker_residential_PortraitB_01/model.config
[2.005s] -- Symlinking: /home/utk/aura_ws/install/aura_description/share/aura_description/models/aws_robomaker_residential_PortraitB_01/model.sdf
[2.010s] -- Symlinking: /home/utk/aura_ws/install/aura_description/share/aura_description/models/aws_robomaker_residential_PortraitB_02/materials/textures/aws_PortraitB_01.png
[2.015s] -- Symlinking: /home/utk/aura_ws/install/aura_description/share/aura_description/models/aws_robomaker_residential_PortraitB_02/materials/textures/aws_PortraitB_02.png
[2.033s] -- Symlinking: /home/utk/aura_ws/install/aura_description/share/aura_description/models/aws_robomaker_residential_PortraitB_02/meshes/aws_PortraitB_01_collision.DAE
[2.041s] -- Symlinking: /home/utk/aura_ws/install/aura_description/share/aura_description/models/aws_robomaker_residential_PortraitB_02/meshes/aws_PortraitB_01_visual.DAE
[2.049s] -- Symlinking: /home/utk/aura_ws/install/aura_description/share/aura_description/models/aws_robomaker_residential_PortraitB_02/model.config
[2.055s] -- Symlinking: /home/utk/aura_ws/install/aura_description/share/aura_description/models/aws_robomaker_residential_PortraitB_02/model.sdf
[2.067s] -- Symlinking: /home/utk/aura_ws/install/aura_description/share/aura_description/models/aws_robomaker_residential_PortraitB_03/materials/textures/aws_PortraitB_01.png
[2.076s] -- Symlinking: /home/utk/aura_ws/install/aura_description/share/aura_description/models/aws_robomaker_residential_PortraitB_03/materials/textures/aws_PortraitB_02.png
[2.082s] -- Symlinking: /home/utk/aura_ws/install/aura_description/share/aura_description/models/aws_robomaker_residential_PortraitB_03/meshes/aws_PortraitB_01_collision.DAE
[2.096s] -- Symlinking: /home/utk/aura_ws/install/aura_description/share/aura_description/models/aws_robomaker_residential_PortraitB_03/meshes/aws_PortraitB_01_visual.DAE
[2.104s] -- Symlinking: /home/utk/aura_ws/install/aura_description/share/aura_description/models/aws_robomaker_residential_PortraitB_03/model.config
[2.110s] -- Symlinking: /home/utk/aura_ws/install/aura_description/share/aura_description/models/aws_robomaker_residential_PortraitB_03/model.sdf
[2.118s] -- Symlinking: /home/utk/aura_ws/install/aura_description/share/aura_description/models/aws_robomaker_residential_PortraitC_01/materials/textures/aws_PortraitC_01.png
[2.131s] -- Symlinking: /home/utk/aura_ws/install/aura_description/share/aura_description/models/aws_robomaker_residential_PortraitC_01/materials/textures/aws_PortraitC_02.png
[2.144s] -- Symlinking: /home/utk/aura_ws/install/aura_description/share/aura_description/models/aws_robomaker_residential_PortraitC_01/meshes/aws_PortraitC_01_collision.DAE
[2.151s] -- Symlinking: /home/utk/aura_ws/install/aura_description/share/aura_description/models/aws_robomaker_residential_PortraitC_01/meshes/aws_PortraitC_01_visual.DAE
[2.157s] -- Symlinking: /home/utk/aura_ws/install/aura_description/share/aura_description/models/aws_robomaker_residential_PortraitC_01/model.config
[2.165s] -- Symlinking: /home/utk/aura_ws/install/aura_description/share/aura_description/models/aws_robomaker_residential_PortraitC_01/model.sdf
[2.175s] -- Symlinking: /home/utk/aura_ws/install/aura_description/share/aura_description/models/aws_robomaker_residential_PortraitD_01/materials/textures/aws_PortraitD_01.png
[2.181s] -- Symlinking: /home/utk/aura_ws/install/aura_description/share/aura_description/models/aws_robomaker_residential_PortraitD_01/materials/textures/aws_PortraitD_02.png
[2.189s] -- Symlinking: /home/utk/aura_ws/install/aura_description/share/aura_description/models/aws_robomaker_residential_PortraitD_01/meshes/aws_PortraitD_01_collision.DAE
[2.195s] -- Symlinking: /home/utk/aura_ws/install/aura_description/share/aura_description/models/aws_robomaker_residential_PortraitD_01/meshes/aws_PortraitD_01_visual.DAE
[2.204s] -- Symlinking: /home/utk/aura_ws/install/aura_description/share/aura_description/models/aws_robomaker_residential_PortraitD_01/model.config
[2.215s] -- Symlinking: /home/utk/aura_ws/install/aura_description/share/aura_description/models/aws_robomaker_residential_PortraitD_01/model.sdf
[2.222s] -- Symlinking: /home/utk/aura_ws/install/aura_description/share/aura_description/models/aws_robomaker_residential_PortraitD_02/materials/textures/aws_PortraitD_01.png
[2.227s] -- Symlinking: /home/utk/aura_ws/install/aura_description/share/aura_description/models/aws_robomaker_residential_PortraitD_02/materials/textures/aws_PortraitD_02.png
[2.234s] -- Symlinking: /home/utk/aura_ws/install/aura_description/share/aura_description/models/aws_robomaker_residential_PortraitD_02/meshes/aws_PortraitD_01_collision.DAE
[2.245s] -- Symlinking: /home/utk/aura_ws/install/aura_description/share/aura_description/models/aws_robomaker_residential_PortraitD_02/meshes/aws_PortraitD_01_visual.DAE
[2.255s] -- Symlinking: /home/utk/aura_ws/install/aura_description/share/aura_description/models/aws_robomaker_residential_PortraitD_02/model.config
[2.267s] -- Symlinking: /home/utk/aura_ws/install/aura_description/share/aura_description/models/aws_robomaker_residential_PortraitD_02/model.sdf
[2.279s] -- Symlinking: /home/utk/aura_ws/install/aura_description/share/aura_description/models/aws_robomaker_residential_PortraitE_01/materials/textures/aws_PortraitE_01.png
[2.290s] -- Symlinking: /home/utk/aura_ws/install/aura_description/share/aura_description/models/aws_robomaker_residential_PortraitE_01/materials/textures/aws_PortraitE_02.png
[2.298s] -- Symlinking: /home/utk/aura_ws/install/aura_description/share/aura_description/models/aws_robomaker_residential_PortraitE_01/meshes/aws_PortraitE_01_collision.DAE
[2.304s] -- Symlinking: /home/utk/aura_ws/install/aura_description/share/aura_description/models/aws_robomaker_residential_PortraitE_01/meshes/aws_PortraitE_01_visual.DAE
[2.314s] -- Symlinking: /home/utk/aura_ws/install/aura_description/share/aura_description/models/aws_robomaker_residential_PortraitE_01/model.config
[2.327s] -- Symlinking: /home/utk/aura_ws/install/aura_description/share/aura_description/models/aws_robomaker_residential_PortraitE_01/model.sdf
[2.336s] -- Symlinking: /home/utk/aura_ws/install/aura_description/share/aura_description/models/aws_robomaker_residential_PortraitE_02/materials/textures/aws_PortraitE_01.png
[2.344s] -- Symlinking: /home/utk/aura_ws/install/aura_description/share/aura_description/models/aws_robomaker_residential_PortraitE_02/materials/textures/aws_PortraitE_02.png
[2.350s] -- Symlinking: /home/utk/aura_ws/install/aura_description/share/aura_description/models/aws_robomaker_residential_PortraitE_02/meshes/aws_PortraitE_01_collision.DAE
[2.362s] -- Symlinking: /home/utk/aura_ws/install/aura_description/share/aura_description/models/aws_robomaker_residential_PortraitE_02/meshes/aws_PortraitE_01_visual.DAE
[2.375s] -- Symlinking: /home/utk/aura_ws/install/aura_description/share/aura_description/models/aws_robomaker_residential_PortraitE_02/model.config
[2.383s] -- Symlinking: /home/utk/aura_ws/install/aura_description/share/aura_description/models/aws_robomaker_residential_PortraitE_02/model.sdf
[2.393s] -- Symlinking: /home/utk/aura_ws/install/aura_description/share/aura_description/models/aws_robomaker_residential_Quilt_01/materials/textures/aws_Quilt_01.png
[2.399s] -- Symlinking: /home/utk/aura_ws/install/aura_description/share/aura_description/models/aws_robomaker_residential_Quilt_01/meshes/aws_Quilt_01_collision.DAE
[2.404s] -- Symlinking: /home/utk/aura_ws/install/aura_description/share/aura_description/models/aws_robomaker_residential_Quilt_01/meshes/aws_Quilt_01_visual.DAE
[2.409s] -- Symlinking: /home/utk/aura_ws/install/aura_description/share/aura_description/models/aws_robomaker_residential_Quilt_01/model.config
[2.415s] -- Symlinking: /home/utk/aura_ws/install/aura_description/share/aura_description/models/aws_robomaker_residential_Quilt_01/model.sdf
[2.423s] -- Symlinking: /home/utk/aura_ws/install/aura_description/share/aura_description/models/aws_robomaker_residential_Rangehood_01/materials/textures/aws_Rangehood_01.png
[2.433s] -- Symlinking: /home/utk/aura_ws/install/aura_description/share/aura_description/models/aws_robomaker_residential_Rangehood_01/meshes/aws_Rangehood_01_collision.DAE
[2.441s] -- Symlinking: /home/utk/aura_ws/install/aura_description/share/aura_description/models/aws_robomaker_residential_Rangehood_01/meshes/aws_Rangehood_01_visual.DAE
[2.467s] -- Symlinking: /home/utk/aura_ws/install/aura_description/share/aura_description/models/aws_robomaker_residential_Rangehood_01/model.config
[2.476s] -- Symlinking: /home/utk/aura_ws/install/aura_description/share/aura_description/models/aws_robomaker_residential_Rangehood_01/model.sdf
[2.488s] -- Symlinking: /home/utk/aura_ws/install/aura_description/share/aura_description/models/aws_robomaker_residential_ReadingDesk_01/materials/textures/aws_ReadingDesk_01.png
[2.496s] -- Symlinking: /home/utk/aura_ws/install/aura_description/share/aura_description/models/aws_robomaker_residential_ReadingDesk_01/meshes/aws_ReadingDesk_01_collision.DAE
[2.507s] -- Symlinking: /home/utk/aura_ws/install/aura_description/share/aura_description/models/aws_robomaker_residential_ReadingDesk_01/meshes/aws_ReadingDesk_01_visual.DAE
[2.514s] -- Symlinking: /home/utk/aura_ws/install/aura_description/share/aura_description/models/aws_robomaker_residential_ReadingDesk_01/model.config
[2.520s] -- Symlinking: /home/utk/aura_ws/install/aura_description/share/aura_description/models/aws_robomaker_residential_ReadingDesk_01/model.sdf
[2.526s] -- Symlinking: /home/utk/aura_ws/install/aura_description/share/aura_description/models/aws_robomaker_residential_Refrigerator_01/materials/textures/aws_Refrigerator_01.png
[2.531s] -- Symlinking: /home/utk/aura_ws/install/aura_description/share/aura_description/models/aws_robomaker_residential_Refrigerator_01/materials/textures/aws_Refrigerator_02.png
[2.536s] -- Symlinking: /home/utk/aura_ws/install/aura_description/share/aura_description/models/aws_robomaker_residential_Refrigerator_01/meshes/aws_Refrigerator_01.DAE
[2.541s] -- Symlinking: /home/utk/aura_ws/install/aura_description/share/aura_description/models/aws_robomaker_residential_Refrigerator_01/meshes/aws_Refrigerator_01_collision.DAE
[2.546s] -- Symlinking: /home/utk/aura_ws/install/aura_description/share/aura_description/models/aws_robomaker_residential_Refrigerator_01/meshes/aws_Refrigerator_01_visual.DAE
[2.551s] -- Symlinking: /home/utk/aura_ws/install/aura_description/share/aura_description/models/aws_robomaker_residential_Refrigerator_01/model.config
[2.556s] -- Symlinking: /home/utk/aura_ws/install/aura_description/share/aura_description/models/aws_robomaker_residential_Refrigerator_01/model.sdf
[2.561s] -- Symlinking: /home/utk/aura_ws/install/aura_description/share/aura_description/models/aws_robomaker_residential_RoomCeiling_01/materials/textures/aws_RoomCeiling_01.png
[2.567s] -- Symlinking: /home/utk/aura_ws/install/aura_description/share/aura_description/models/aws_robomaker_residential_RoomCeiling_01/meshes/aws_RoomCeiling_01_collision.DAE
[2.572s] -- Symlinking: /home/utk/aura_ws/install/aura_description/share/aura_description/models/aws_robomaker_residential_RoomCeiling_01/meshes/aws_RoomCeiling_01_visual.DAE
[2.577s] -- Symlinking: /home/utk/aura_ws/install/aura_description/share/aura_description/models/aws_robomaker_residential_RoomCeiling_01/model.config
[2.582s] -- Symlinking: /home/utk/aura_ws/install/aura_description/share/aura_description/models/aws_robomaker_residential_RoomCeiling_01/model.sdf
[2.587s] -- Symlinking: /home/utk/aura_ws/install/aura_description/share/aura_description/models/aws_robomaker_residential_RoomWall_01/materials/textures/aws_RoomWall_01.png
[2.603s] -- Symlinking: /home/utk/aura_ws/install/aura_description/share/aura_description/models/aws_robomaker_residential_RoomWall_01/meshes/aws_RoomWall_01_collision.DAE
[2.608s] -- Symlinking: /home/utk/aura_ws/install/aura_description/share/aura_description/models/aws_robomaker_residential_RoomWall_01/meshes/aws_RoomWall_01_visual.DAE
[2.613s] -- Symlinking: /home/utk/aura_ws/install/aura_description/share/aura_description/models/aws_robomaker_residential_RoomWall_01/model.config
[2.618s] -- Symlinking: /home/utk/aura_ws/install/aura_description/share/aura_description/models/aws_robomaker_residential_RoomWall_01/model.sdf
[2.623s] -- Symlinking: /home/utk/aura_ws/install/aura_description/share/aura_description/models/aws_robomaker_residential_RoomWindow_01/materials/textures/aws_RoomWindow_01.png
[2.628s] -- Symlinking: /home/utk/aura_ws/install/aura_description/share/aura_description/models/aws_robomaker_residential_RoomWindow_01/meshes/aws_RoomWindow_01_collision.DAE
[2.633s] -- Symlinking: /home/utk/aura_ws/install/aura_description/share/aura_description/models/aws_robomaker_residential_RoomWindow_01/meshes/aws_RoomWindow_01_visual.DAE
[2.638s] -- Symlinking: /home/utk/aura_ws/install/aura_description/share/aura_description/models/aws_robomaker_residential_RoomWindow_01/model.config
[2.643s] -- Symlinking: /home/utk/aura_ws/install/aura_description/share/aura_description/models/aws_robomaker_residential_RoomWindow_01/model.sdf
[2.648s] -- Symlinking: /home/utk/aura_ws/install/aura_description/share/aura_description/models/aws_robomaker_residential_SeasoningBox_01/materials/textures/aws_SeasoningBox_01.png
[2.653s] -- Symlinking: /home/utk/aura_ws/install/aura_description/share/aura_description/models/aws_robomaker_residential_SeasoningBox_01/meshes/aws_SeasoningBox_01_collision.DAE
[2.658s] -- Symlinking: /home/utk/aura_ws/install/aura_description/share/aura_description/models/aws_robomaker_residential_SeasoningBox_01/meshes/aws_SeasoningBox_01_visual.DAE
[2.664s] -- Symlinking: /home/utk/aura_ws/install/aura_description/share/aura_description/models/aws_robomaker_residential_SeasoningBox_01/model.config
[2.669s] -- Symlinking: /home/utk/aura_ws/install/aura_description/share/aura_description/models/aws_robomaker_residential_SeasoningBox_01/model.sdf
[2.674s] -- Symlinking: /home/utk/aura_ws/install/aura_description/share/aura_description/models/aws_robomaker_residential_SecurityCamera_01/materials/textures/aws_SecurityCamera_01.png
[2.679s] -- Symlinking: /home/utk/aura_ws/install/aura_description/share/aura_description/models/aws_robomaker_residential_SecurityCamera_01/meshes/aws_SecurityCamera_01_collision.DAE
[2.684s] -- Symlinking: /home/utk/aura_ws/install/aura_description/share/aura_description/models/aws_robomaker_residential_SecurityCamera_01/meshes/aws_SecurityCamera_01_visual.DAE
[2.689s] -- Symlinking: /home/utk/aura_ws/install/aura_description/share/aura_description/models/aws_robomaker_residential_SecurityCamera_01/model.config
[2.694s] -- Symlinking: /home/utk/aura_ws/install/aura_description/share/aura_description/models/aws_robomaker_residential_SecurityCamera_01/model.sdf
[2.699s] -- Symlinking: /home/utk/aura_ws/install/aura_description/share/aura_description/models/aws_robomaker_residential_ShoeRack_01/materials/textures/aws_ShoeRack_01.png
[2.704s] -- Symlinking: /home/utk/aura_ws/install/aura_description/share/aura_description/models/aws_robomaker_residential_ShoeRack_01/meshes/aws_ShoeRack_01_collision.DAE
[2.709s] -- Symlinking: /home/utk/aura_ws/install/aura_description/share/aura_description/models/aws_robomaker_residential_ShoeRack_01/meshes/aws_ShoeRack_01_visual.DAE
[2.714s] -- Symlinking: /home/utk/aura_ws/install/aura_description/share/aura_description/models/aws_robomaker_residential_ShoeRack_01/model.config
[2.719s] -- Symlinking: /home/utk/aura_ws/install/aura_description/share/aura_description/models/aws_robomaker_residential_ShoeRack_01/model.sdf
[2.724s] -- Symlinking: /home/utk/aura_ws/install/aura_description/share/aura_description/models/aws_robomaker_residential_SofaB_01/materials/textures/aws_SofaB_01.png
[2.729s] -- Symlinking: /home/utk/aura_ws/install/aura_description/share/aura_description/models/aws_robomaker_residential_SofaB_01/meshes/aws_SofaB_01_collision.DAE
[2.733s] -- Symlinking: /home/utk/aura_ws/install/aura_description/share/aura_description/models/aws_robomaker_residential_SofaB_01/meshes/aws_SofaB_01_visual.DAE
[2.739s] -- Symlinking: /home/utk/aura_ws/install/aura_description/share/aura_description/models/aws_robomaker_residential_SofaB_01/model.config
[2.743s] -- Symlinking: /home/utk/aura_ws/install/aura_description/share/aura_description/models/aws_robomaker_residential_SofaB_01/model.sdf
[2.748s] -- Symlinking: /home/utk/aura_ws/install/aura_description/share/aura_description/models/aws_robomaker_residential_SofaC_01/materials/textures/aws_SofaC_01.png
[2.753s] -- Symlinking: /home/utk/aura_ws/install/aura_description/share/aura_description/models/aws_robomaker_residential_SofaC_01/meshes/aws_SofaC_01_collision.DAE
[2.759s] -- Symlinking: /home/utk/aura_ws/install/aura_description/share/aura_description/models/aws_robomaker_residential_SofaC_01/meshes/aws_SofaC_01_visual.DAE
[2.764s] -- Symlinking: /home/utk/aura_ws/install/aura_description/share/aura_description/models/aws_robomaker_residential_SofaC_01/model.config
[2.769s] -- Symlinking: /home/utk/aura_ws/install/aura_description/share/aura_description/models/aws_robomaker_residential_SofaC_01/model.sdf
[2.774s] -- Symlinking: /home/utk/aura_ws/install/aura_description/share/aura_description/models/aws_robomaker_residential_Sofa_01/materials/textures/aws_Sofa_01.png
[2.779s] -- Symlinking: /home/utk/aura_ws/install/aura_description/share/aura_description/models/aws_robomaker_residential_Sofa_01/meshes/aws_Sofa_01.DAE
[2.785s] -- Symlinking: /home/utk/aura_ws/install/aura_description/share/aura_description/models/aws_robomaker_residential_Sofa_01/meshes/aws_Sofa_01_collision.DAE
[2.790s] -- Symlinking: /home/utk/aura_ws/install/aura_description/share/aura_description/models/aws_robomaker_residential_Sofa_01/meshes/aws_Sofa_01_visual.DAE
[2.795s] -- Symlinking: /home/utk/aura_ws/install/aura_description/share/aura_description/models/aws_robomaker_residential_Sofa_01/model.config
[2.800s] -- Symlinking: /home/utk/aura_ws/install/aura_description/share/aura_description/models/aws_robomaker_residential_Sofa_01/model.sdf
[2.804s] -- Symlinking: /home/utk/aura_ws/install/aura_description/share/aura_description/models/aws_robomaker_residential_TVCabinet_01/materials/textures/aws_TVCabinet_01.png
[2.809s] -- Symlinking: /home/utk/aura_ws/install/aura_description/share/aura_description/models/aws_robomaker_residential_TVCabinet_01/meshes/aws_TVCabinet_01_collision.DAE
[2.814s] -- Symlinking: /home/utk/aura_ws/install/aura_description/share/aura_description/models/aws_robomaker_residential_TVCabinet_01/meshes/aws_TVCabinet_01_visual.DAE
[2.819s] -- Symlinking: /home/utk/aura_ws/install/aura_description/share/aura_description/models/aws_robomaker_residential_TVCabinet_01/model.config
[2.824s] -- Symlinking: /home/utk/aura_ws/install/aura_description/share/aura_description/models/aws_robomaker_residential_TVCabinet_01/model.sdf
[2.829s] -- Symlinking: /home/utk/aura_ws/install/aura_description/share/aura_description/models/aws_robomaker_residential_TV_01/materials/textures/aws_TV_01.png
[2.834s] -- Symlinking: /home/utk/aura_ws/install/aura_description/share/aura_description/models/aws_robomaker_residential_TV_01/meshes/aws_TV_01_collision.DAE
[2.839s] -- Symlinking: /home/utk/aura_ws/install/aura_description/share/aura_description/models/aws_robomaker_residential_TV_01/meshes/aws_TV_01_visual.DAE
[2.844s] -- Symlinking: /home/utk/aura_ws/install/aura_description/share/aura_description/models/aws_robomaker_residential_TV_01/model.config
[2.849s] -- Symlinking: /home/utk/aura_ws/install/aura_description/share/aura_description/models/aws_robomaker_residential_TV_01/model.sdf
[2.854s] -- Symlinking: /home/utk/aura_ws/install/aura_description/share/aura_description/models/aws_robomaker_residential_TV_02/materials/textures/aws_TV_01.png
[2.859s] -- Symlinking: /home/utk/aura_ws/install/aura_description/share/aura_description/models/aws_robomaker_residential_TV_02/meshes/aws_TV_01_collision.DAE
[2.864s] -- Symlinking: /home/utk/aura_ws/install/aura_description/share/aura_description/models/aws_robomaker_residential_TV_02/meshes/aws_TV_01_visual.DAE
[2.869s] -- Symlinking: /home/utk/aura_ws/install/aura_description/share/aura_description/models/aws_robomaker_residential_TV_02/model.config
[2.874s] -- Symlinking: /home/utk/aura_ws/install/aura_description/share/aura_description/models/aws_robomaker_residential_TV_02/model.sdf
[2.879s] -- Symlinking: /home/utk/aura_ws/install/aura_description/share/aura_description/models/aws_robomaker_residential_Tablet_01/materials/textures/aws_Tablet_01_nologo.png
[2.884s] -- Symlinking: /home/utk/aura_ws/install/aura_description/share/aura_description/models/aws_robomaker_residential_Tablet_01/meshes/aws_Tablet_01_collision.DAE
[2.889s] -- Symlinking: /home/utk/aura_ws/install/aura_description/share/aura_description/models/aws_robomaker_residential_Tablet_01/meshes/aws_Tablet_01_visual.DAE
[2.894s] -- Symlinking: /home/utk/aura_ws/install/aura_description/share/aura_description/models/aws_robomaker_residential_Tablet_01/model.config
[2.899s] -- Symlinking: /home/utk/aura_ws/install/aura_description/share/aura_description/models/aws_robomaker_residential_Tablet_01/model.sdf
[2.904s] -- Symlinking: /home/utk/aura_ws/install/aura_description/share/aura_description/models/aws_robomaker_residential_Tableware_01/materials/textures/aws_Tableware_01.png
[2.909s] -- Symlinking: /home/utk/aura_ws/install/aura_description/share/aura_description/models/aws_robomaker_residential_Tableware_01/meshes/aws_Tableware_01_collision.DAE
[2.914s] -- Symlinking: /home/utk/aura_ws/install/aura_description/share/aura_description/models/aws_robomaker_residential_Tableware_01/meshes/aws_Tableware_01_visual.DAE
[2.919s] -- Symlinking: /home/utk/aura_ws/install/aura_description/share/aura_description/models/aws_robomaker_residential_Tableware_01/model.config
[2.924s] -- Symlinking: /home/utk/aura_ws/install/aura_description/share/aura_description/models/aws_robomaker_residential_Tableware_01/model.sdf
[2.929s] -- Symlinking: /home/utk/aura_ws/install/aura_description/share/aura_description/models/aws_robomaker_residential_Trash_01/materials/textures/aws_Trash_01.png
[2.934s] -- Symlinking: /home/utk/aura_ws/install/aura_description/share/aura_description/models/aws_robomaker_residential_Trash_01/meshes/aws_Trash_01_collision.DAE
[2.939s] -- Symlinking: /home/utk/aura_ws/install/aura_description/share/aura_description/models/aws_robomaker_residential_Trash_01/meshes/aws_Trash_01_visual.DAE
[2.944s] -- Symlinking: /home/utk/aura_ws/install/aura_description/share/aura_description/models/aws_robomaker_residential_Trash_01/model.config
[2.949s] -- Symlinking: /home/utk/aura_ws/install/aura_description/share/aura_description/models/aws_robomaker_residential_Trash_01/model.sdf
[2.954s] -- Symlinking: /home/utk/aura_ws/install/aura_description/share/aura_description/models/aws_robomaker_residential_Vase_01/materials/textures/aws_Vase_01.png
[2.959s] -- Symlinking: /home/utk/aura_ws/install/aura_description/share/aura_description/models/aws_robomaker_residential_Vase_01/meshes/aws_Vase_01_collision.DAE
[2.965s] -- Symlinking: /home/utk/aura_ws/install/aura_description/share/aura_description/models/aws_robomaker_residential_Vase_01/meshes/aws_Vase_01_visual.DAE
[2.970s] -- Symlinking: /home/utk/aura_ws/install/aura_description/share/aura_description/models/aws_robomaker_residential_Vase_01/model.config
[2.975s] -- Symlinking: /home/utk/aura_ws/install/aura_description/share/aura_description/models/aws_robomaker_residential_Vase_01/model.sdf
[2.980s] -- Symlinking: /home/utk/aura_ws/install/aura_description/share/aura_description/models/aws_robomaker_residential_Wardrobe_01/materials/textures/aws_Wardrobe_01.png
[2.985s] -- Symlinking: /home/utk/aura_ws/install/aura_description/share/aura_description/models/aws_robomaker_residential_Wardrobe_01/meshes/aws_Wardrobe_01_collision.DAE
[2.990s] -- Symlinking: /home/utk/aura_ws/install/aura_description/share/aura_description/models/aws_robomaker_residential_Wardrobe_01/meshes/aws_Wardrobe_01_visual.DAE
[2.995s] -- Symlinking: /home/utk/aura_ws/install/aura_description/share/aura_description/models/aws_robomaker_residential_Wardrobe_01/model.config
[3.000s] -- Symlinking: /home/utk/aura_ws/install/aura_description/share/aura_description/models/aws_robomaker_residential_Wardrobe_01/model.sdf
[3.005s] -- Symlinking: /home/utk/aura_ws/install/aura_description/share/aura_description/models/aws_robomaker_warehouse_Bucket_01/.DS_Store
[3.010s] -- Symlinking: /home/utk/aura_ws/install/aura_description/share/aura_description/models/aws_robomaker_warehouse_Bucket_01/materials/.DS_Store
[3.015s] -- Symlinking: /home/utk/aura_ws/install/aura_description/share/aura_description/models/aws_robomaker_warehouse_Bucket_01/materials/textures/aws_robomaker_warehouse_Bucket_01.png
[3.019s] -- Symlinking: /home/utk/aura_ws/install/aura_description/share/aura_description/models/aws_robomaker_warehouse_Bucket_01/meshes/aws_robomaker_warehouse_Bucket_01_collision.DAE
[3.024s] -- Symlinking: /home/utk/aura_ws/install/aura_description/share/aura_description/models/aws_robomaker_warehouse_Bucket_01/meshes/aws_robomaker_warehouse_Bucket_01_visual.DAE
[3.029s] -- Symlinking: /home/utk/aura_ws/install/aura_description/share/aura_description/models/aws_robomaker_warehouse_Bucket_01/model.config
[3.034s] -- Symlinking: /home/utk/aura_ws/install/aura_description/share/aura_description/models/aws_robomaker_warehouse_Bucket_01/model.sdf
[3.039s] -- Symlinking: /home/utk/aura_ws/install/aura_description/share/aura_description/models/aws_robomaker_warehouse_ClutteringA_01/.DS_Store
[3.044s] -- Symlinking: /home/utk/aura_ws/install/aura_description/share/aura_description/models/aws_robomaker_warehouse_ClutteringA_01/materials/.DS_Store
[3.049s] -- Symlinking: /home/utk/aura_ws/install/aura_description/share/aura_description/models/aws_robomaker_warehouse_ClutteringA_01/materials/textures/.DS_Store
[3.054s] -- Symlinking: /home/utk/aura_ws/install/aura_description/share/aura_description/models/aws_robomaker_warehouse_ClutteringA_01/materials/textures/aws_robomaker_warehouse_ClutteringA_01.png
[3.059s] -- Symlinking: /home/utk/aura_ws/install/aura_description/share/aura_description/models/aws_robomaker_warehouse_ClutteringA_01/materials/textures/aws_robomaker_warehouse_ClutteringA_02.png
[3.064s] -- Symlinking: /home/utk/aura_ws/install/aura_description/share/aura_description/models/aws_robomaker_warehouse_ClutteringA_01/materials/textures/aws_robomaker_warehouse_ClutteringA_03.png
[3.069s] -- Symlinking: /home/utk/aura_ws/install/aura_description/share/aura_description/models/aws_robomaker_warehouse_ClutteringA_01/meshes/aws_robomaker_warehouse_ClutteringA_01_collision.DAE
[3.074s] -- Symlinking: /home/utk/aura_ws/install/aura_description/share/aura_description/models/aws_robomaker_warehouse_ClutteringA_01/meshes/aws_robomaker_warehouse_ClutteringA_01_visual.DAE
[3.079s] -- Symlinking: /home/utk/aura_ws/install/aura_description/share/aura_description/models/aws_robomaker_warehouse_ClutteringA_01/model.config
[3.084s] -- Symlinking: /home/utk/aura_ws/install/aura_description/share/aura_description/models/aws_robomaker_warehouse_ClutteringA_01/model.sdf
[3.089s] -- Symlinking: /home/utk/aura_ws/install/aura_description/share/aura_description/models/aws_robomaker_warehouse_ClutteringC_01/materials/textures/aws_robomaker_warehouse_ClutteringC_01.png
[3.094s] -- Symlinking: /home/utk/aura_ws/install/aura_description/share/aura_description/models/aws_robomaker_warehouse_ClutteringC_01/materials/textures/aws_robomaker_warehouse_ClutteringC_02.png
[3.100s] -- Symlinking: /home/utk/aura_ws/install/aura_description/share/aura_description/models/aws_robomaker_warehouse_ClutteringC_01/meshes/aws_robomaker_warehouse_ClutteringC_01_collision.DAE
[3.105s] -- Symlinking: /home/utk/aura_ws/install/aura_description/share/aura_description/models/aws_robomaker_warehouse_ClutteringC_01/meshes/aws_robomaker_warehouse_ClutteringC_01_visual.DAE
[3.110s] -- Symlinking: /home/utk/aura_ws/install/aura_description/share/aura_description/models/aws_robomaker_warehouse_ClutteringC_01/model.config
[3.115s] -- Symlinking: /home/utk/aura_ws/install/aura_description/share/aura_description/models/aws_robomaker_warehouse_ClutteringC_01/model.sdf
[3.120s] -- Symlinking: /home/utk/aura_ws/install/aura_description/share/aura_description/models/aws_robomaker_warehouse_ClutteringD_01/materials/textures/aws_robomaker_warehouse_ClutteringD_01.png
[3.125s] -- Symlinking: /home/utk/aura_ws/install/aura_description/share/aura_description/models/aws_robomaker_warehouse_ClutteringD_01/materials/textures/aws_robomaker_warehouse_ClutteringD_02.png
[3.129s] -- Symlinking: /home/utk/aura_ws/install/aura_description/share/aura_description/models/aws_robomaker_warehouse_ClutteringD_01/meshes/aws_robomaker_warehouse_ClutteringD_01_collision.DAE
[3.135s] -- Symlinking: /home/utk/aura_ws/install/aura_description/share/aura_description/models/aws_robomaker_warehouse_ClutteringD_01/meshes/aws_robomaker_warehouse_ClutteringD_01_visual.DAE
[3.140s] -- Symlinking: /home/utk/aura_ws/install/aura_description/share/aura_description/models/aws_robomaker_warehouse_ClutteringD_01/model.config
[3.144s] -- Symlinking: /home/utk/aura_ws/install/aura_description/share/aura_description/models/aws_robomaker_warehouse_ClutteringD_01/model.sdf
[3.149s] -- Symlinking: /home/utk/aura_ws/install/aura_description/share/aura_description/models/aws_robomaker_warehouse_DeskC_01/materials/.DS_Store
[3.154s] -- Symlinking: /home/utk/aura_ws/install/aura_description/share/aura_description/models/aws_robomaker_warehouse_DeskC_01/materials/textures/aws_robomaker_warehouse_DeskC_01.png
[3.159s] -- Symlinking: /home/utk/aura_ws/install/aura_description/share/aura_description/models/aws_robomaker_warehouse_DeskC_01/materials/textures/aws_robomaker_warehouse_DeskC_02.png
[3.165s] -- Symlinking: /home/utk/aura_ws/install/aura_description/share/aura_description/models/aws_robomaker_warehouse_DeskC_01/materials/textures/aws_robomaker_warehouse_DeskC_03.png
[3.170s] -- Symlinking: /home/utk/aura_ws/install/aura_description/share/aura_description/models/aws_robomaker_warehouse_DeskC_01/materials/textures/aws_robomaker_warehouse_DeskC_03.psd
[3.186s] -- Symlinking: /home/utk/aura_ws/install/aura_description/share/aura_description/models/aws_robomaker_warehouse_DeskC_01/materials/textures/aws_robomaker_warehouse_DeskC_04.png
[3.191s] -- Symlinking: /home/utk/aura_ws/install/aura_description/share/aura_description/models/aws_robomaker_warehouse_DeskC_01/meshes/aws_robomaker_warehouse_DeskC_01_collision.DAE
[3.196s] -- Symlinking: /home/utk/aura_ws/install/aura_description/share/aura_description/models/aws_robomaker_warehouse_DeskC_01/meshes/aws_robomaker_warehouse_DeskC_01_visual.DAE
[3.201s] -- Symlinking: /home/utk/aura_ws/install/aura_description/share/aura_description/models/aws_robomaker_warehouse_DeskC_01/model.config
[3.206s] -- Symlinking: /home/utk/aura_ws/install/aura_description/share/aura_description/models/aws_robomaker_warehouse_DeskC_01/model.sdf
[3.211s] -- Symlinking: /home/utk/aura_ws/install/aura_description/share/aura_description/models/aws_robomaker_warehouse_GroundB_01/materials/textures/aws_robomaker_warehouse_GroundB_01.png
[3.216s] -- Symlinking: /home/utk/aura_ws/install/aura_description/share/aura_description/models/aws_robomaker_warehouse_GroundB_01/materials/textures/aws_robomaker_warehouse_GroundB_02.png
[3.221s] -- Symlinking: /home/utk/aura_ws/install/aura_description/share/aura_description/models/aws_robomaker_warehouse_GroundB_01/meshes/aws_robomaker_warehouse_GroundB_01_collision.DAE
[3.226s] -- Symlinking: /home/utk/aura_ws/install/aura_description/share/aura_description/models/aws_robomaker_warehouse_GroundB_01/meshes/aws_robomaker_warehouse_GroundB_01_visual.DAE
[3.231s] -- Symlinking: /home/utk/aura_ws/install/aura_description/share/aura_description/models/aws_robomaker_warehouse_GroundB_01/model.config
[3.236s] -- Symlinking: /home/utk/aura_ws/install/aura_description/share/aura_description/models/aws_robomaker_warehouse_GroundB_01/model.sdf
[3.241s] -- Symlinking: /home/utk/aura_ws/install/aura_description/share/aura_description/models/aws_robomaker_warehouse_Lamp_01/materials/textures/aws_robomaker_warehouse_Lamp_01.png
[3.246s] -- Symlinking: /home/utk/aura_ws/install/aura_description/share/aura_description/models/aws_robomaker_warehouse_Lamp_01/meshes/aws_robomaker_warehouse_Lamp_01_collision.DAE
[3.250s] -- Symlinking: /home/utk/aura_ws/install/aura_description/share/aura_description/models/aws_robomaker_warehouse_Lamp_01/meshes/aws_robomaker_warehouse_Lamp_01_visual.DAE
[3.255s] -- Symlinking: /home/utk/aura_ws/install/aura_description/share/aura_description/models/aws_robomaker_warehouse_Lamp_01/model.config
[3.260s] -- Symlinking: /home/utk/aura_ws/install/aura_description/share/aura_description/models/aws_robomaker_warehouse_Lamp_01/model.sdf
[3.265s] -- Symlinking: /home/utk/aura_ws/install/aura_description/share/aura_description/models/aws_robomaker_warehouse_PalletJackB_01/.DS_Store
[3.270s] -- Symlinking: /home/utk/aura_ws/install/aura_description/share/aura_description/models/aws_robomaker_warehouse_PalletJackB_01/materials/.DS_Store
[3.275s] -- Symlinking: /home/utk/aura_ws/install/aura_description/share/aura_description/models/aws_robomaker_warehouse_PalletJackB_01/materials/textures/aws_robomaker_warehouse_PalletJackB_01.png
[3.280s] -- Symlinking: /home/utk/aura_ws/install/aura_description/share/aura_description/models/aws_robomaker_warehouse_PalletJackB_01/materials/textures/aws_robomaker_warehouse_PalletJackB_02.png
[3.285s] -- Symlinking: /home/utk/aura_ws/install/aura_description/share/aura_description/models/aws_robomaker_warehouse_PalletJackB_01/meshes/aws_robomaker_warehouse_PalletJackB_01_collision.DAE
[3.290s] -- Symlinking: /home/utk/aura_ws/install/aura_description/share/aura_description/models/aws_robomaker_warehouse_PalletJackB_01/meshes/aws_robomaker_warehouse_PalletJackB_01_visual.DAE
[3.295s] -- Symlinking: /home/utk/aura_ws/install/aura_description/share/aura_description/models/aws_robomaker_warehouse_PalletJackB_01/model.config
[3.300s] -- Symlinking: /home/utk/aura_ws/install/aura_description/share/aura_description/models/aws_robomaker_warehouse_PalletJackB_01/model.sdf
[3.305s] -- Symlinking: /home/utk/aura_ws/install/aura_description/share/aura_description/models/aws_robomaker_warehouse_RoofB_01/materials/textures/aws_robomaker_warehouse_RoofB_01.png
[3.310s] -- Symlinking: /home/utk/aura_ws/install/aura_description/share/aura_description/models/aws_robomaker_warehouse_RoofB_01/meshes/aws_robomaker_warehouse_RoofB_01_collision.DAE
[3.315s] -- Symlinking: /home/utk/aura_ws/install/aura_description/share/aura_description/models/aws_robomaker_warehouse_RoofB_01/meshes/aws_robomaker_warehouse_RoofB_01_visual.DAE
[3.330s] -- Symlinking: /home/utk/aura_ws/install/aura_description/share/aura_description/models/aws_robomaker_warehouse_RoofB_01/model.config
[3.335s] -- Symlinking: /home/utk/aura_ws/install/aura_description/share/aura_description/models/aws_robomaker_warehouse_RoofB_01/model.sdf
[3.341s] -- Symlinking: /home/utk/aura_ws/install/aura_description/share/aura_description/models/aws_robomaker_warehouse_ShelfD_01/materials/textures/aws_robomaker_warehouse_ShelfD_01.png
[3.346s] -- Symlinking: /home/utk/aura_ws/install/aura_description/share/aura_description/models/aws_robomaker_warehouse_ShelfD_01/materials/textures/aws_robomaker_warehouse_ShelfD_02.png
[3.351s] -- Symlinking: /home/utk/aura_ws/install/aura_description/share/aura_description/models/aws_robomaker_warehouse_ShelfD_01/materials/textures/aws_robomaker_warehouse_ShelfD_03.png
[3.356s] -- Symlinking: /home/utk/aura_ws/install/aura_description/share/aura_description/models/aws_robomaker_warehouse_ShelfD_01/materials/textures/aws_robomaker_warehouse_ShelfD_04.png
[3.361s] -- Symlinking: /home/utk/aura_ws/install/aura_description/share/aura_description/models/aws_robomaker_warehouse_ShelfD_01/meshes/aws_robomaker_warehouse_ShelfD_01_collision.DAE
[3.366s] -- Symlinking: /home/utk/aura_ws/install/aura_description/share/aura_description/models/aws_robomaker_warehouse_ShelfD_01/meshes/aws_robomaker_warehouse_ShelfD_01_visual.DAE
[3.371s] -- Symlinking: /home/utk/aura_ws/install/aura_description/share/aura_description/models/aws_robomaker_warehouse_ShelfD_01/model.config
[3.376s] -- Symlinking: /home/utk/aura_ws/install/aura_description/share/aura_description/models/aws_robomaker_warehouse_ShelfD_01/model.sdf
[3.381s] -- Symlinking: /home/utk/aura_ws/install/aura_description/share/aura_description/models/aws_robomaker_warehouse_ShelfE_01/.DS_Store
[3.386s] -- Symlinking: /home/utk/aura_ws/install/aura_description/share/aura_description/models/aws_robomaker_warehouse_ShelfE_01/materials/.DS_Store
[3.391s] -- Symlinking: /home/utk/aura_ws/install/aura_description/share/aura_description/models/aws_robomaker_warehouse_ShelfE_01/materials/textures/aws_robomaker_warehouse_ShelfE_01.png
[3.396s] -- Symlinking: /home/utk/aura_ws/install/aura_description/share/aura_description/models/aws_robomaker_warehouse_ShelfE_01/materials/textures/aws_robomaker_warehouse_ShelfE_02.png
[3.401s] -- Symlinking: /home/utk/aura_ws/install/aura_description/share/aura_description/models/aws_robomaker_warehouse_ShelfE_01/materials/textures/aws_robomaker_warehouse_ShelfE_03.png
[3.406s] -- Symlinking: /home/utk/aura_ws/install/aura_description/share/aura_description/models/aws_robomaker_warehouse_ShelfE_01/materials/textures/aws_robomaker_warehouse_ShelfE_04.png
[3.411s] -- Symlinking: /home/utk/aura_ws/install/aura_description/share/aura_description/models/aws_robomaker_warehouse_ShelfE_01/meshes/aws_robomaker_warehouse_ShelfE_01_collision.DAE
[3.417s] -- Symlinking: /home/utk/aura_ws/install/aura_description/share/aura_description/models/aws_robomaker_warehouse_ShelfE_01/meshes/aws_robomaker_warehouse_ShelfE_01_visual.DAE
[3.422s] -- Symlinking: /home/utk/aura_ws/install/aura_description/share/aura_description/models/aws_robomaker_warehouse_ShelfE_01/model.config
[3.427s] -- Symlinking: /home/utk/aura_ws/install/aura_description/share/aura_description/models/aws_robomaker_warehouse_ShelfE_01/model.sdf
[3.432s] -- Symlinking: /home/utk/aura_ws/install/aura_description/share/aura_description/models/aws_robomaker_warehouse_ShelfF_01/materials/textures/aws_robomaker_warehouse_ShelfF_01.png
[3.437s] -- Symlinking: /home/utk/aura_ws/install/aura_description/share/aura_description/models/aws_robomaker_warehouse_ShelfF_01/materials/textures/aws_robomaker_warehouse_ShelfF_02.png
[3.442s] -- Symlinking: /home/utk/aura_ws/install/aura_description/share/aura_description/models/aws_robomaker_warehouse_ShelfF_01/materials/textures/aws_robomaker_warehouse_ShelfF_03.png
[3.447s] -- Symlinking: /home/utk/aura_ws/install/aura_description/share/aura_description/models/aws_robomaker_warehouse_ShelfF_01/meshes/aws_robomaker_warehouse_ShelfF_01_collision.DAE
[3.452s] -- Symlinking: /home/utk/aura_ws/install/aura_description/share/aura_description/models/aws_robomaker_warehouse_ShelfF_01/meshes/aws_robomaker_warehouse_ShelfF_01_visual.DAE
[3.456s] -- Symlinking: /home/utk/aura_ws/install/aura_description/share/aura_description/models/aws_robomaker_warehouse_ShelfF_01/model.config
[3.461s] -- Symlinking: /home/utk/aura_ws/install/aura_description/share/aura_description/models/aws_robomaker_warehouse_ShelfF_01/model.sdf
[3.466s] -- Symlinking: /home/utk/aura_ws/install/aura_description/share/aura_description/models/aws_robomaker_warehouse_TrashCanC_01/materials/textures/aws_robomaker_warehouse_TrashCanC_01.png
[3.471s] -- Symlinking: /home/utk/aura_ws/install/aura_description/share/aura_description/models/aws_robomaker_warehouse_TrashCanC_01/meshes/aws_robomaker_warehouse_TrashCanC_01_collision.DAE
[3.476s] -- Symlinking: /home/utk/aura_ws/install/aura_description/share/aura_description/models/aws_robomaker_warehouse_TrashCanC_01/meshes/aws_robomaker_warehouse_TrashCanC_01_visual.DAE
[3.481s] -- Symlinking: /home/utk/aura_ws/install/aura_description/share/aura_description/models/aws_robomaker_warehouse_TrashCanC_01/model.config
[3.486s] -- Symlinking: /home/utk/aura_ws/install/aura_description/share/aura_description/models/aws_robomaker_warehouse_TrashCanC_01/model.sdf
[3.491s] -- Symlinking: /home/utk/aura_ws/install/aura_description/share/aura_description/models/aws_robomaker_warehouse_WallB_01/materials/textures/aws_robomaker_warehouse_WallB_01.png
[3.496s] -- Symlinking: /home/utk/aura_ws/install/aura_description/share/aura_description/models/aws_robomaker_warehouse_WallB_01/meshes/aws_robomaker_warehouse_WallB_01_collision.DAE
[3.501s] -- Symlinking: /home/utk/aura_ws/install/aura_description/share/aura_description/models/aws_robomaker_warehouse_WallB_01/meshes/aws_robomaker_warehouse_WallB_01_visual.DAE
[3.505s] -- Symlinking: /home/utk/aura_ws/install/aura_description/share/aura_description/models/aws_robomaker_warehouse_WallB_01/model.config
[3.510s] -- Symlinking: /home/utk/aura_ws/install/aura_description/share/aura_description/models/aws_robomaker_warehouse_WallB_01/model.sdf
[3.515s] -- Symlinking: /home/utk/aura_ws/install/aura_description/share/aura_description/models/marker0/materials/textures/Marker0.png
[3.520s] -- Symlinking: /home/utk/aura_ws/install/aura_description/share/aura_description/models/marker0/materials/textures/Marker000.png
[3.525s] -- Symlinking: /home/utk/aura_ws/install/aura_description/share/aura_description/models/marker0/meshes/Marker0.dae
[3.530s] -- Symlinking: /home/utk/aura_ws/install/aura_description/share/aura_description/models/marker0/model-1_4.sdf
[3.535s] -- Symlinking: /home/utk/aura_ws/install/aura_description/share/aura_description/models/marker0/model.config
[3.540s] -- Symlinking: /home/utk/aura_ws/install/aura_description/share/aura_description/models/marker0/model.sdf
[3.545s] -- Symlinking: /home/utk/aura_ws/install/aura_description/share/aura_description/models/marker1/materials/textures/Marker1.png
[3.550s] -- Symlinking: /home/utk/aura_ws/install/aura_description/share/aura_description/models/marker1/materials/textures/Marker111.png
[3.555s] -- Symlinking: /home/utk/aura_ws/install/aura_description/share/aura_description/models/marker1/meshes/Marker1.dae
[3.560s] -- Symlinking: /home/utk/aura_ws/install/aura_description/share/aura_description/models/marker1/model-1_4.sdf
[3.565s] -- Symlinking: /home/utk/aura_ws/install/aura_description/share/aura_description/models/marker1/model.config
[3.570s] -- Symlinking: /home/utk/aura_ws/install/aura_description/share/aura_description/models/marker1/model.sdf
[3.575s] -- Symlinking: /home/utk/aura_ws/install/aura_description/share/aura_description/models/marker2/materials/textures/Marker2.png
[3.580s] -- Symlinking: /home/utk/aura_ws/install/aura_description/share/aura_description/models/marker2/meshes/Marker2.dae
[3.585s] -- Symlinking: /home/utk/aura_ws/install/aura_description/share/aura_description/models/marker2/model-1_4.sdf
[3.590s] -- Symlinking: /home/utk/aura_ws/install/aura_description/share/aura_description/models/marker2/model.config
[3.595s] -- Symlinking: /home/utk/aura_ws/install/aura_description/share/aura_description/models/marker2/model.sdf
[3.601s] -- Symlinking: /home/utk/aura_ws/install/aura_description/share/aura_description/worlds/empty.world
[3.606s] -- Symlinking: /home/utk/aura_ws/install/aura_description/share/aura_description/worlds/small_house.world
[3.611s] -- Symlinking: /home/utk/aura_ws/install/aura_description/share/aura_description/worlds/small_warehouse.world
[3.616s] -- Symlinking: /home/utk/aura_ws/install/aura_description/share/ament_index/resource_index/package_run_dependencies/aura_description
[3.621s] -- Symlinking: /home/utk/aura_ws/install/aura_description/share/ament_index/resource_index/parent_prefix_path/aura_description
[3.625s] -- Symlinking: /home/utk/aura_ws/install/aura_description/share/aura_description/environment/ament_prefix_path.sh
[3.630s] -- Symlinking: /home/utk/aura_ws/install/aura_description/share/aura_description/environment/ament_prefix_path.dsv
[3.635s] -- Symlinking: /home/utk/aura_ws/install/aura_description/share/aura_description/environment/path.sh
[3.640s] -- Symlinking: /home/utk/aura_ws/install/aura_description/share/aura_description/environment/path.dsv
[3.645s] -- Symlinking: /home/utk/aura_ws/install/aura_description/share/aura_description/local_setup.bash
[3.650s] -- Symlinking: /home/utk/aura_ws/install/aura_description/share/aura_description/local_setup.sh
[3.655s] -- Symlinking: /home/utk/aura_ws/install/aura_description/share/aura_description/local_setup.zsh
[3.660s] -- Symlinking: /home/utk/aura_ws/install/aura_description/share/aura_description/local_setup.dsv
[3.666s] -- Symlinking: /home/utk/aura_ws/install/aura_description/share/aura_description/package.dsv
[3.671s] -- Symlinking: /home/utk/aura_ws/install/aura_description/share/ament_index/resource_index/packages/aura_description
[3.676s] -- Symlinking: /home/utk/aura_ws/install/aura_description/share/aura_description/cmake/aura_descriptionConfig.cmake
[3.681s] -- Symlinking: /home/utk/aura_ws/install/aura_description/share/aura_description/cmake/aura_descriptionConfig-version.cmake
[3.686s] -- Symlinking: /home/utk/aura_ws/install/aura_description/share/aura_description/package.xml
[3.693s] Invoked command in '/home/utk/aura_ws/build/aura_description' returned '0': CMAKE_PREFIX_PATH=${CMAKE_PREFIX_PATH}:/home/utk/aura_ws/install/aura_vision:/home/utk/aura_ws/install/aura_script:/home/utk/bumperbot_ws/install/bumperbot_vision:/home/utk/bumperbot_ws/install/bumperbot_py_examples:/opt/ros/humble /usr/bin/cmake --install /home/utk/aura_ws/build/aura_description
