[0.096s] DEBUG:colcon:Command line arguments: ['/usr/bin/colcon', 'build', '--symlink-install']
[0.096s] DEBUG:colcon:Parsed command line arguments: Namespace(log_base=None, log_level=None, verb_name='build', build_base='build', install_base='install', merge_install=False, symlink_install=True, test_result_base=None, continue_on_error=False, executor='parallel', parallel_workers=16, event_handlers=None, ignore_user_meta=False, metas=['./colcon.meta'], base_paths=['.'], packages_ignore=None, packages_ignore_regex=None, paths=None, packages_up_to=None, packages_up_to_regex=None, packages_above=None, packages_above_and_dependencies=None, packages_above_depth=None, packages_select_by_dep=None, packages_skip_by_dep=None, packages_skip_up_to=None, packages_select_build_failed=False, packages_skip_build_finished=False, packages_select_test_failures=False, packages_skip_test_passed=False, packages_select=None, packages_skip=None, packages_select_regex=None, packages_skip_regex=None, packages_start=None, packages_end=None, allow_overriding=[], cmake_args=None, cmake_target=None, cmake_target_skip_unavailable=False, cmake_clean_cache=False, cmake_clean_first=False, cmake_force_configure=False, ament_cmake_args=None, catkin_cmake_args=None, catkin_skip_building_tests=False, verb_parser=<colcon_defaults.argument_parser.defaults.DefaultArgumentsDecorator object at 0x7db4ca14f610>, verb_extension=<colcon_core.verb.build.BuildVerb object at 0x7db4ca29ca00>, main=<bound method BuildVerb.main of <colcon_core.verb.build.BuildVerb object at 0x7db4ca29ca00>>)
[0.473s] Level 1:colcon.colcon_core.package_discovery:discover_packages(colcon_meta) check parameters
[0.473s] Level 1:colcon.colcon_core.package_discovery:discover_packages(recursive) check parameters
[0.473s] Level 1:colcon.colcon_core.package_discovery:discover_packages(ignore) check parameters
[0.473s] Level 1:colcon.colcon_core.package_discovery:discover_packages(path) check parameters
[0.473s] Level 1:colcon.colcon_core.package_discovery:discover_packages(colcon_meta) discover
[0.473s] Level 1:colcon.colcon_core.package_discovery:discover_packages(recursive) discover
[0.473s] INFO:colcon.colcon_core.package_discovery:Crawling recursively for packages in '/home/utk/aura_ws'
[0.473s] Level 1:colcon.colcon_core.package_identification:_identify(.) by extensions ['ignore', 'ignore_ament_install']
[0.473s] Level 1:colcon.colcon_core.package_identification:_identify(.) by extension 'ignore'
[0.473s] Level 1:colcon.colcon_core.package_identification:_identify(.) by extension 'ignore_ament_install'
[0.473s] Level 1:colcon.colcon_core.package_identification:_identify(.) by extensions ['colcon_pkg']
[0.473s] Level 1:colcon.colcon_core.package_identification:_identify(.) by extension 'colcon_pkg'
[0.473s] Level 1:colcon.colcon_core.package_identification:_identify(.) by extensions ['colcon_meta']
[0.473s] Level 1:colcon.colcon_core.package_identification:_identify(.) by extension 'colcon_meta'
[0.473s] Level 1:colcon.colcon_core.package_identification:_identify(.) by extensions ['ros']
[0.473s] Level 1:colcon.colcon_core.package_identification:_identify(.) by extension 'ros'
[0.483s] Level 1:colcon.colcon_core.package_identification:_identify(.) by extensions ['cmake', 'python']
[0.483s] Level 1:colcon.colcon_core.package_identification:_identify(.) by extension 'cmake'
[0.483s] Level 1:colcon.colcon_core.package_identification:_identify(.) by extension 'python'
[0.483s] Level 1:colcon.colcon_core.package_identification:_identify(.) by extensions ['python_setup_py']
[0.483s] Level 1:colcon.colcon_core.package_identification:_identify(.) by extension 'python_setup_py'
[0.483s] Level 1:colcon.colcon_core.package_identification:_identify(build) by extensions ['ignore', 'ignore_ament_install']
[0.483s] Level 1:colcon.colcon_core.package_identification:_identify(build) by extension 'ignore'
[0.483s] Level 1:colcon.colcon_core.package_identification:_identify(build) ignored
[0.483s] Level 1:colcon.colcon_core.package_identification:_identify(install) by extensions ['ignore', 'ignore_ament_install']
[0.483s] Level 1:colcon.colcon_core.package_identification:_identify(install) by extension 'ignore'
[0.483s] Level 1:colcon.colcon_core.package_identification:_identify(install) ignored
[0.483s] Level 1:colcon.colcon_core.package_identification:_identify(log) by extensions ['ignore', 'ignore_ament_install']
[0.483s] Level 1:colcon.colcon_core.package_identification:_identify(log) by extension 'ignore'
[0.483s] Level 1:colcon.colcon_core.package_identification:_identify(log) ignored
[0.483s] Level 1:colcon.colcon_core.package_identification:_identify(src) by extensions ['ignore', 'ignore_ament_install']
[0.483s] Level 1:colcon.colcon_core.package_identification:_identify(src) by extension 'ignore'
[0.483s] Level 1:colcon.colcon_core.package_identification:_identify(src) by extension 'ignore_ament_install'
[0.484s] Level 1:colcon.colcon_core.package_identification:_identify(src) by extensions ['colcon_pkg']
[0.484s] Level 1:colcon.colcon_core.package_identification:_identify(src) by extension 'colcon_pkg'
[0.484s] Level 1:colcon.colcon_core.package_identification:_identify(src) by extensions ['colcon_meta']
[0.484s] Level 1:colcon.colcon_core.package_identification:_identify(src) by extension 'colcon_meta'
[0.484s] Level 1:colcon.colcon_core.package_identification:_identify(src) by extensions ['ros']
[0.484s] Level 1:colcon.colcon_core.package_identification:_identify(src) by extension 'ros'
[0.484s] Level 1:colcon.colcon_core.package_identification:_identify(src) by extensions ['cmake', 'python']
[0.484s] Level 1:colcon.colcon_core.package_identification:_identify(src) by extension 'cmake'
[0.484s] Level 1:colcon.colcon_core.package_identification:_identify(src) by extension 'python'
[0.484s] Level 1:colcon.colcon_core.package_identification:_identify(src) by extensions ['python_setup_py']
[0.484s] Level 1:colcon.colcon_core.package_identification:_identify(src) by extension 'python_setup_py'
[0.484s] Level 1:colcon.colcon_core.package_identification:_identify(src/arm_controller) by extensions ['ignore', 'ignore_ament_install']
[0.484s] Level 1:colcon.colcon_core.package_identification:_identify(src/arm_controller) by extension 'ignore'
[0.484s] Level 1:colcon.colcon_core.package_identification:_identify(src/arm_controller) by extension 'ignore_ament_install'
[0.484s] Level 1:colcon.colcon_core.package_identification:_identify(src/arm_controller) by extensions ['colcon_pkg']
[0.484s] Level 1:colcon.colcon_core.package_identification:_identify(src/arm_controller) by extension 'colcon_pkg'
[0.484s] Level 1:colcon.colcon_core.package_identification:_identify(src/arm_controller) by extensions ['colcon_meta']
[0.484s] Level 1:colcon.colcon_core.package_identification:_identify(src/arm_controller) by extension 'colcon_meta'
[0.484s] Level 1:colcon.colcon_core.package_identification:_identify(src/arm_controller) by extensions ['ros']
[0.484s] Level 1:colcon.colcon_core.package_identification:_identify(src/arm_controller) by extension 'ros'
[0.491s] DEBUG:colcon.colcon_core.package_identification:Package 'src/arm_controller' with type 'ros.ament_cmake' and name 'arm_controller'
[0.491s] Level 1:colcon.colcon_core.package_identification:_identify(src/aura_bringup) by extensions ['ignore', 'ignore_ament_install']
[0.491s] Level 1:colcon.colcon_core.package_identification:_identify(src/aura_bringup) by extension 'ignore'
[0.491s] Level 1:colcon.colcon_core.package_identification:_identify(src/aura_bringup) by extension 'ignore_ament_install'
[0.491s] Level 1:colcon.colcon_core.package_identification:_identify(src/aura_bringup) by extensions ['colcon_pkg']
[0.491s] Level 1:colcon.colcon_core.package_identification:_identify(src/aura_bringup) by extension 'colcon_pkg'
[0.491s] Level 1:colcon.colcon_core.package_identification:_identify(src/aura_bringup) by extensions ['colcon_meta']
[0.491s] Level 1:colcon.colcon_core.package_identification:_identify(src/aura_bringup) by extension 'colcon_meta'
[0.491s] Level 1:colcon.colcon_core.package_identification:_identify(src/aura_bringup) by extensions ['ros']
[0.491s] Level 1:colcon.colcon_core.package_identification:_identify(src/aura_bringup) by extension 'ros'
[0.492s] DEBUG:colcon.colcon_core.package_identification:Package 'src/aura_bringup' with type 'ros.ament_cmake' and name 'aura_bringup'
[0.492s] Level 1:colcon.colcon_core.package_identification:_identify(src/aura_controller) by extensions ['ignore', 'ignore_ament_install']
[0.492s] Level 1:colcon.colcon_core.package_identification:_identify(src/aura_controller) by extension 'ignore'
[0.492s] Level 1:colcon.colcon_core.package_identification:_identify(src/aura_controller) by extension 'ignore_ament_install'
[0.492s] Level 1:colcon.colcon_core.package_identification:_identify(src/aura_controller) by extensions ['colcon_pkg']
[0.492s] Level 1:colcon.colcon_core.package_identification:_identify(src/aura_controller) by extension 'colcon_pkg'
[0.492s] Level 1:colcon.colcon_core.package_identification:_identify(src/aura_controller) by extensions ['colcon_meta']
[0.492s] Level 1:colcon.colcon_core.package_identification:_identify(src/aura_controller) by extension 'colcon_meta'
[0.492s] Level 1:colcon.colcon_core.package_identification:_identify(src/aura_controller) by extensions ['ros']
[0.492s] Level 1:colcon.colcon_core.package_identification:_identify(src/aura_controller) by extension 'ros'
[0.492s] DEBUG:colcon.colcon_core.package_identification:Package 'src/aura_controller' with type 'ros.ament_cmake' and name 'aura_controller'
[0.492s] Level 1:colcon.colcon_core.package_identification:_identify(src/aura_description) by extensions ['ignore', 'ignore_ament_install']
[0.493s] Level 1:colcon.colcon_core.package_identification:_identify(src/aura_description) by extension 'ignore'
[0.493s] Level 1:colcon.colcon_core.package_identification:_identify(src/aura_description) by extension 'ignore_ament_install'
[0.493s] Level 1:colcon.colcon_core.package_identification:_identify(src/aura_description) by extensions ['colcon_pkg']
[0.493s] Level 1:colcon.colcon_core.package_identification:_identify(src/aura_description) by extension 'colcon_pkg'
[0.493s] Level 1:colcon.colcon_core.package_identification:_identify(src/aura_description) by extensions ['colcon_meta']
[0.493s] Level 1:colcon.colcon_core.package_identification:_identify(src/aura_description) by extension 'colcon_meta'
[0.493s] Level 1:colcon.colcon_core.package_identification:_identify(src/aura_description) by extensions ['ros']
[0.493s] Level 1:colcon.colcon_core.package_identification:_identify(src/aura_description) by extension 'ros'
[0.494s] DEBUG:colcon.colcon_core.package_identification:Package 'src/aura_description' with type 'ros.ament_cmake' and name 'aura_description'
[0.494s] Level 1:colcon.colcon_core.package_identification:_identify(src/aura_localization) by extensions ['ignore', 'ignore_ament_install']
[0.494s] Level 1:colcon.colcon_core.package_identification:_identify(src/aura_localization) by extension 'ignore'
[0.494s] Level 1:colcon.colcon_core.package_identification:_identify(src/aura_localization) by extension 'ignore_ament_install'
[0.494s] Level 1:colcon.colcon_core.package_identification:_identify(src/aura_localization) by extensions ['colcon_pkg']
[0.494s] Level 1:colcon.colcon_core.package_identification:_identify(src/aura_localization) by extension 'colcon_pkg'
[0.494s] Level 1:colcon.colcon_core.package_identification:_identify(src/aura_localization) by extensions ['colcon_meta']
[0.494s] Level 1:colcon.colcon_core.package_identification:_identify(src/aura_localization) by extension 'colcon_meta'
[0.494s] Level 1:colcon.colcon_core.package_identification:_identify(src/aura_localization) by extensions ['ros']
[0.494s] Level 1:colcon.colcon_core.package_identification:_identify(src/aura_localization) by extension 'ros'
[0.495s] DEBUG:colcon.colcon_core.package_identification:Package 'src/aura_localization' with type 'ros.ament_cmake' and name 'aura_localization'
[0.495s] Level 1:colcon.colcon_core.package_identification:_identify(src/aura_mapping) by extensions ['ignore', 'ignore_ament_install']
[0.495s] Level 1:colcon.colcon_core.package_identification:_identify(src/aura_mapping) by extension 'ignore'
[0.495s] Level 1:colcon.colcon_core.package_identification:_identify(src/aura_mapping) by extension 'ignore_ament_install'
[0.495s] Level 1:colcon.colcon_core.package_identification:_identify(src/aura_mapping) by extensions ['colcon_pkg']
[0.495s] Level 1:colcon.colcon_core.package_identification:_identify(src/aura_mapping) by extension 'colcon_pkg'
[0.495s] Level 1:colcon.colcon_core.package_identification:_identify(src/aura_mapping) by extensions ['colcon_meta']
[0.495s] Level 1:colcon.colcon_core.package_identification:_identify(src/aura_mapping) by extension 'colcon_meta'
[0.495s] Level 1:colcon.colcon_core.package_identification:_identify(src/aura_mapping) by extensions ['ros']
[0.495s] Level 1:colcon.colcon_core.package_identification:_identify(src/aura_mapping) by extension 'ros'
[0.496s] DEBUG:colcon.colcon_core.package_identification:Package 'src/aura_mapping' with type 'ros.ament_cmake' and name 'aura_mapping'
[0.496s] Level 1:colcon.colcon_core.package_identification:_identify(src/aura_navigation) by extensions ['ignore', 'ignore_ament_install']
[0.496s] Level 1:colcon.colcon_core.package_identification:_identify(src/aura_navigation) by extension 'ignore'
[0.496s] Level 1:colcon.colcon_core.package_identification:_identify(src/aura_navigation) by extension 'ignore_ament_install'
[0.496s] Level 1:colcon.colcon_core.package_identification:_identify(src/aura_navigation) by extensions ['colcon_pkg']
[0.496s] Level 1:colcon.colcon_core.package_identification:_identify(src/aura_navigation) by extension 'colcon_pkg'
[0.496s] Level 1:colcon.colcon_core.package_identification:_identify(src/aura_navigation) by extensions ['colcon_meta']
[0.496s] Level 1:colcon.colcon_core.package_identification:_identify(src/aura_navigation) by extension 'colcon_meta'
[0.496s] Level 1:colcon.colcon_core.package_identification:_identify(src/aura_navigation) by extensions ['ros']
[0.496s] Level 1:colcon.colcon_core.package_identification:_identify(src/aura_navigation) by extension 'ros'
[0.496s] DEBUG:colcon.colcon_core.package_identification:Package 'src/aura_navigation' with type 'ros.ament_cmake' and name 'aura_navigation'
[0.497s] Level 1:colcon.colcon_core.package_discovery:discover_packages(recursive) using defaults
[0.497s] Level 1:colcon.colcon_core.package_discovery:discover_packages(ignore) discover
[0.497s] Level 1:colcon.colcon_core.package_discovery:discover_packages(ignore) using defaults
[0.497s] Level 1:colcon.colcon_core.package_discovery:discover_packages(path) discover
[0.497s] Level 1:colcon.colcon_core.package_discovery:discover_packages(path) using defaults
[0.517s] Level 1:colcon.colcon_core.package_discovery:discover_packages(prefix_path) check parameters
[0.517s] Level 1:colcon.colcon_core.package_discovery:discover_packages(prefix_path) discover
[0.523s] DEBUG:colcon.colcon_installed_package_information.package_discovery:Found 7 installed packages in /home/utk/aura_ws/install
[0.523s] DEBUG:colcon.colcon_installed_package_information.package_discovery:Found 11 installed packages in /home/utk/bumperbot_ws/install
[0.524s] DEBUG:colcon.colcon_installed_package_information.package_discovery:Found 508 installed packages in /opt/ros/humble
[0.526s] Level 1:colcon.colcon_core.package_discovery:discover_packages(prefix_path) using defaults
[0.569s] Level 5:colcon.colcon_core.verb:set package 'arm_controller' build argument 'cmake_args' from command line to 'None'
[0.569s] Level 5:colcon.colcon_core.verb:set package 'arm_controller' build argument 'cmake_target' from command line to 'None'
[0.569s] Level 5:colcon.colcon_core.verb:set package 'arm_controller' build argument 'cmake_target_skip_unavailable' from command line to 'False'
[0.569s] Level 5:colcon.colcon_core.verb:set package 'arm_controller' build argument 'cmake_clean_cache' from command line to 'False'
[0.569s] Level 5:colcon.colcon_core.verb:set package 'arm_controller' build argument 'cmake_clean_first' from command line to 'False'
[0.569s] Level 5:colcon.colcon_core.verb:set package 'arm_controller' build argument 'cmake_force_configure' from command line to 'False'
[0.569s] Level 5:colcon.colcon_core.verb:set package 'arm_controller' build argument 'ament_cmake_args' from command line to 'None'
[0.569s] Level 5:colcon.colcon_core.verb:set package 'arm_controller' build argument 'catkin_cmake_args' from command line to 'None'
[0.569s] Level 5:colcon.colcon_core.verb:set package 'arm_controller' build argument 'catkin_skip_building_tests' from command line to 'False'
[0.569s] DEBUG:colcon.colcon_core.verb:Building package 'arm_controller' with the following arguments: {'ament_cmake_args': None, 'build_base': '/home/utk/aura_ws/build/arm_controller', 'catkin_cmake_args': None, 'catkin_skip_building_tests': False, 'cmake_args': None, 'cmake_clean_cache': False, 'cmake_clean_first': False, 'cmake_force_configure': False, 'cmake_target': None, 'cmake_target_skip_unavailable': False, 'install_base': '/home/utk/aura_ws/install/arm_controller', 'merge_install': False, 'path': '/home/utk/aura_ws/src/arm_controller', 'symlink_install': True, 'test_result_base': None}
[0.570s] Level 5:colcon.colcon_core.verb:set package 'aura_controller' build argument 'cmake_args' from command line to 'None'
[0.570s] Level 5:colcon.colcon_core.verb:set package 'aura_controller' build argument 'cmake_target' from command line to 'None'
[0.570s] Level 5:colcon.colcon_core.verb:set package 'aura_controller' build argument 'cmake_target_skip_unavailable' from command line to 'False'
[0.570s] Level 5:colcon.colcon_core.verb:set package 'aura_controller' build argument 'cmake_clean_cache' from command line to 'False'
[0.570s] Level 5:colcon.colcon_core.verb:set package 'aura_controller' build argument 'cmake_clean_first' from command line to 'False'
[0.570s] Level 5:colcon.colcon_core.verb:set package 'aura_controller' build argument 'cmake_force_configure' from command line to 'False'
[0.570s] Level 5:colcon.colcon_core.verb:set package 'aura_controller' build argument 'ament_cmake_args' from command line to 'None'
[0.570s] Level 5:colcon.colcon_core.verb:set package 'aura_controller' build argument 'catkin_cmake_args' from command line to 'None'
[0.570s] Level 5:colcon.colcon_core.verb:set package 'aura_controller' build argument 'catkin_skip_building_tests' from command line to 'False'
[0.570s] DEBUG:colcon.colcon_core.verb:Building package 'aura_controller' with the following arguments: {'ament_cmake_args': None, 'build_base': '/home/utk/aura_ws/build/aura_controller', 'catkin_cmake_args': None, 'catkin_skip_building_tests': False, 'cmake_args': None, 'cmake_clean_cache': False, 'cmake_clean_first': False, 'cmake_force_configure': False, 'cmake_target': None, 'cmake_target_skip_unavailable': False, 'install_base': '/home/utk/aura_ws/install/aura_controller', 'merge_install': False, 'path': '/home/utk/aura_ws/src/aura_controller', 'symlink_install': True, 'test_result_base': None}
[0.570s] Level 5:colcon.colcon_core.verb:set package 'aura_description' build argument 'cmake_args' from command line to 'None'
[0.570s] Level 5:colcon.colcon_core.verb:set package 'aura_description' build argument 'cmake_target' from command line to 'None'
[0.570s] Level 5:colcon.colcon_core.verb:set package 'aura_description' build argument 'cmake_target_skip_unavailable' from command line to 'False'
[0.570s] Level 5:colcon.colcon_core.verb:set package 'aura_description' build argument 'cmake_clean_cache' from command line to 'False'
[0.570s] Level 5:colcon.colcon_core.verb:set package 'aura_description' build argument 'cmake_clean_first' from command line to 'False'
[0.570s] Level 5:colcon.colcon_core.verb:set package 'aura_description' build argument 'cmake_force_configure' from command line to 'False'
[0.570s] Level 5:colcon.colcon_core.verb:set package 'aura_description' build argument 'ament_cmake_args' from command line to 'None'
[0.570s] Level 5:colcon.colcon_core.verb:set package 'aura_description' build argument 'catkin_cmake_args' from command line to 'None'
[0.570s] Level 5:colcon.colcon_core.verb:set package 'aura_description' build argument 'catkin_skip_building_tests' from command line to 'False'
[0.570s] DEBUG:colcon.colcon_core.verb:Building package 'aura_description' with the following arguments: {'ament_cmake_args': None, 'build_base': '/home/utk/aura_ws/build/aura_description', 'catkin_cmake_args': None, 'catkin_skip_building_tests': False, 'cmake_args': None, 'cmake_clean_cache': False, 'cmake_clean_first': False, 'cmake_force_configure': False, 'cmake_target': None, 'cmake_target_skip_unavailable': False, 'install_base': '/home/utk/aura_ws/install/aura_description', 'merge_install': False, 'path': '/home/utk/aura_ws/src/aura_description', 'symlink_install': True, 'test_result_base': None}
[0.570s] Level 5:colcon.colcon_core.verb:set package 'aura_mapping' build argument 'cmake_args' from command line to 'None'
[0.570s] Level 5:colcon.colcon_core.verb:set package 'aura_mapping' build argument 'cmake_target' from command line to 'None'
[0.570s] Level 5:colcon.colcon_core.verb:set package 'aura_mapping' build argument 'cmake_target_skip_unavailable' from command line to 'False'
[0.570s] Level 5:colcon.colcon_core.verb:set package 'aura_mapping' build argument 'cmake_clean_cache' from command line to 'False'
[0.570s] Level 5:colcon.colcon_core.verb:set package 'aura_mapping' build argument 'cmake_clean_first' from command line to 'False'
[0.570s] Level 5:colcon.colcon_core.verb:set package 'aura_mapping' build argument 'cmake_force_configure' from command line to 'False'
[0.570s] Level 5:colcon.colcon_core.verb:set package 'aura_mapping' build argument 'ament_cmake_args' from command line to 'None'
[0.570s] Level 5:colcon.colcon_core.verb:set package 'aura_mapping' build argument 'catkin_cmake_args' from command line to 'None'
[0.570s] Level 5:colcon.colcon_core.verb:set package 'aura_mapping' build argument 'catkin_skip_building_tests' from command line to 'False'
[0.570s] DEBUG:colcon.colcon_core.verb:Building package 'aura_mapping' with the following arguments: {'ament_cmake_args': None, 'build_base': '/home/utk/aura_ws/build/aura_mapping', 'catkin_cmake_args': None, 'catkin_skip_building_tests': False, 'cmake_args': None, 'cmake_clean_cache': False, 'cmake_clean_first': False, 'cmake_force_configure': False, 'cmake_target': None, 'cmake_target_skip_unavailable': False, 'install_base': '/home/utk/aura_ws/install/aura_mapping', 'merge_install': False, 'path': '/home/utk/aura_ws/src/aura_mapping', 'symlink_install': True, 'test_result_base': None}
[0.571s] Level 5:colcon.colcon_core.verb:set package 'aura_navigation' build argument 'cmake_args' from command line to 'None'
[0.571s] Level 5:colcon.colcon_core.verb:set package 'aura_navigation' build argument 'cmake_target' from command line to 'None'
[0.571s] Level 5:colcon.colcon_core.verb:set package 'aura_navigation' build argument 'cmake_target_skip_unavailable' from command line to 'False'
[0.571s] Level 5:colcon.colcon_core.verb:set package 'aura_navigation' build argument 'cmake_clean_cache' from command line to 'False'
[0.571s] Level 5:colcon.colcon_core.verb:set package 'aura_navigation' build argument 'cmake_clean_first' from command line to 'False'
[0.571s] Level 5:colcon.colcon_core.verb:set package 'aura_navigation' build argument 'cmake_force_configure' from command line to 'False'
[0.571s] Level 5:colcon.colcon_core.verb:set package 'aura_navigation' build argument 'ament_cmake_args' from command line to 'None'
[0.571s] Level 5:colcon.colcon_core.verb:set package 'aura_navigation' build argument 'catkin_cmake_args' from command line to 'None'
[0.571s] Level 5:colcon.colcon_core.verb:set package 'aura_navigation' build argument 'catkin_skip_building_tests' from command line to 'False'
[0.571s] DEBUG:colcon.colcon_core.verb:Building package 'aura_navigation' with the following arguments: {'ament_cmake_args': None, 'build_base': '/home/utk/aura_ws/build/aura_navigation', 'catkin_cmake_args': None, 'catkin_skip_building_tests': False, 'cmake_args': None, 'cmake_clean_cache': False, 'cmake_clean_first': False, 'cmake_force_configure': False, 'cmake_target': None, 'cmake_target_skip_unavailable': False, 'install_base': '/home/utk/aura_ws/install/aura_navigation', 'merge_install': False, 'path': '/home/utk/aura_ws/src/aura_navigation', 'symlink_install': True, 'test_result_base': None}
[0.571s] Level 5:colcon.colcon_core.verb:set package 'aura_bringup' build argument 'cmake_args' from command line to 'None'
[0.571s] Level 5:colcon.colcon_core.verb:set package 'aura_bringup' build argument 'cmake_target' from command line to 'None'
[0.571s] Level 5:colcon.colcon_core.verb:set package 'aura_bringup' build argument 'cmake_target_skip_unavailable' from command line to 'False'
[0.571s] Level 5:colcon.colcon_core.verb:set package 'aura_bringup' build argument 'cmake_clean_cache' from command line to 'False'
[0.571s] Level 5:colcon.colcon_core.verb:set package 'aura_bringup' build argument 'cmake_clean_first' from command line to 'False'
[0.571s] Level 5:colcon.colcon_core.verb:set package 'aura_bringup' build argument 'cmake_force_configure' from command line to 'False'
[0.571s] Level 5:colcon.colcon_core.verb:set package 'aura_bringup' build argument 'ament_cmake_args' from command line to 'None'
[0.571s] Level 5:colcon.colcon_core.verb:set package 'aura_bringup' build argument 'catkin_cmake_args' from command line to 'None'
[0.571s] Level 5:colcon.colcon_core.verb:set package 'aura_bringup' build argument 'catkin_skip_building_tests' from command line to 'False'
[0.571s] DEBUG:colcon.colcon_core.verb:Building package 'aura_bringup' with the following arguments: {'ament_cmake_args': None, 'build_base': '/home/utk/aura_ws/build/aura_bringup', 'catkin_cmake_args': None, 'catkin_skip_building_tests': False, 'cmake_args': None, 'cmake_clean_cache': False, 'cmake_clean_first': False, 'cmake_force_configure': False, 'cmake_target': None, 'cmake_target_skip_unavailable': False, 'install_base': '/home/utk/aura_ws/install/aura_bringup', 'merge_install': False, 'path': '/home/utk/aura_ws/src/aura_bringup', 'symlink_install': True, 'test_result_base': None}
[0.571s] Level 5:colcon.colcon_core.verb:set package 'aura_localization' build argument 'cmake_args' from command line to 'None'
[0.571s] Level 5:colcon.colcon_core.verb:set package 'aura_localization' build argument 'cmake_target' from command line to 'None'
[0.571s] Level 5:colcon.colcon_core.verb:set package 'aura_localization' build argument 'cmake_target_skip_unavailable' from command line to 'False'
[0.571s] Level 5:colcon.colcon_core.verb:set package 'aura_localization' build argument 'cmake_clean_cache' from command line to 'False'
[0.571s] Level 5:colcon.colcon_core.verb:set package 'aura_localization' build argument 'cmake_clean_first' from command line to 'False'
[0.571s] Level 5:colcon.colcon_core.verb:set package 'aura_localization' build argument 'cmake_force_configure' from command line to 'False'
[0.571s] Level 5:colcon.colcon_core.verb:set package 'aura_localization' build argument 'ament_cmake_args' from command line to 'None'
[0.571s] Level 5:colcon.colcon_core.verb:set package 'aura_localization' build argument 'catkin_cmake_args' from command line to 'None'
[0.571s] Level 5:colcon.colcon_core.verb:set package 'aura_localization' build argument 'catkin_skip_building_tests' from command line to 'False'
[0.571s] DEBUG:colcon.colcon_core.verb:Building package 'aura_localization' with the following arguments: {'ament_cmake_args': None, 'build_base': '/home/utk/aura_ws/build/aura_localization', 'catkin_cmake_args': None, 'catkin_skip_building_tests': False, 'cmake_args': None, 'cmake_clean_cache': False, 'cmake_clean_first': False, 'cmake_force_configure': False, 'cmake_target': None, 'cmake_target_skip_unavailable': False, 'install_base': '/home/utk/aura_ws/install/aura_localization', 'merge_install': False, 'path': '/home/utk/aura_ws/src/aura_localization', 'symlink_install': True, 'test_result_base': None}
[0.571s] INFO:colcon.colcon_core.executor:Executing jobs using 'parallel' executor
[0.572s] DEBUG:colcon.colcon_parallel_executor.executor.parallel:run_until_complete
[0.572s] INFO:colcon.colcon_ros.task.ament_cmake.build:Building ROS package in '/home/utk/aura_ws/src/aura_controller' with build type 'ament_cmake'
[0.572s] INFO:colcon.colcon_cmake.task.cmake.build:Building CMake package in '/home/utk/aura_ws/src/aura_controller'
[0.576s] INFO:colcon.colcon_core.plugin_system:Skipping extension 'colcon_core.shell.bat': Not used on non-Windows systems
[0.576s] INFO:colcon.colcon_core.shell:Skip shell extension 'powershell' for command environment: Not usable outside of PowerShell
[0.576s] DEBUG:colcon.colcon_core.shell:Skip shell extension 'dsv' for command environment
[0.579s] INFO:colcon.colcon_ros.task.ament_cmake.build:Building ROS package in '/home/utk/aura_ws/src/aura_description' with build type 'ament_cmake'
[0.579s] INFO:colcon.colcon_cmake.task.cmake.build:Building CMake package in '/home/utk/aura_ws/src/aura_description'
[0.579s] INFO:colcon.colcon_core.shell:Skip shell extension 'powershell' for command environment: Not usable outside of PowerShell
[0.579s] DEBUG:colcon.colcon_core.shell:Skip shell extension 'dsv' for command environment
[0.582s] INFO:colcon.colcon_ros.task.ament_cmake.build:Building ROS package in '/home/utk/aura_ws/src/aura_mapping' with build type 'ament_cmake'
[0.582s] INFO:colcon.colcon_cmake.task.cmake.build:Building CMake package in '/home/utk/aura_ws/src/aura_mapping'
[0.582s] INFO:colcon.colcon_core.shell:Skip shell extension 'powershell' for command environment: Not usable outside of PowerShell
[0.582s] DEBUG:colcon.colcon_core.shell:Skip shell extension 'dsv' for command environment
[0.585s] INFO:colcon.colcon_ros.task.ament_cmake.build:Building ROS package in '/home/utk/aura_ws/src/arm_controller' with build type 'ament_cmake'
[0.585s] INFO:colcon.colcon_cmake.task.cmake.build:Building CMake package in '/home/utk/aura_ws/src/arm_controller'
[0.585s] INFO:colcon.colcon_core.shell:Skip shell extension 'powershell' for command environment: Not usable outside of PowerShell
[0.585s] DEBUG:colcon.colcon_core.shell:Skip shell extension 'dsv' for command environment
[0.588s] INFO:colcon.colcon_ros.task.ament_cmake.build:Building ROS package in '/home/utk/aura_ws/src/aura_navigation' with build type 'ament_cmake'
[0.588s] INFO:colcon.colcon_cmake.task.cmake.build:Building CMake package in '/home/utk/aura_ws/src/aura_navigation'
[0.589s] INFO:colcon.colcon_core.shell:Skip shell extension 'powershell' for command environment: Not usable outside of PowerShell
[0.589s] DEBUG:colcon.colcon_core.shell:Skip shell extension 'dsv' for command environment
[0.595s] DEBUG:colcon.colcon_core.event_handler.log_command:Invoking command in '/home/utk/aura_ws/build/aura_controller': CMAKE_PREFIX_PATH=${CMAKE_PREFIX_PATH}:/home/utk/bumperbot_ws/install/bumperbot_vision:/home/utk/bumperbot_ws/install/bumperbot_py_examples:/opt/ros/humble /usr/bin/cmake --build /home/utk/aura_ws/build/aura_controller -- -j16 -l16
[0.597s] DEBUG:colcon.colcon_core.event_handler.log_command:Invoking command in '/home/utk/aura_ws/build/aura_description': CMAKE_PREFIX_PATH=${CMAKE_PREFIX_PATH}:/home/utk/bumperbot_ws/install/bumperbot_vision:/home/utk/bumperbot_ws/install/bumperbot_py_examples:/opt/ros/humble /usr/bin/cmake --build /home/utk/aura_ws/build/aura_description -- -j16 -l16
[0.598s] DEBUG:colcon.colcon_core.event_handler.log_command:Invoking command in '/home/utk/aura_ws/build/aura_mapping': CMAKE_PREFIX_PATH=${CMAKE_PREFIX_PATH}:/home/utk/bumperbot_ws/install/bumperbot_vision:/home/utk/bumperbot_ws/install/bumperbot_py_examples:/opt/ros/humble /usr/bin/cmake --build /home/utk/aura_ws/build/aura_mapping -- -j16 -l16
[0.600s] DEBUG:colcon.colcon_core.event_handler.log_command:Invoking command in '/home/utk/aura_ws/build/arm_controller': CMAKE_PREFIX_PATH=${CMAKE_PREFIX_PATH}:/home/utk/bumperbot_ws/install/bumperbot_vision:/home/utk/bumperbot_ws/install/bumperbot_py_examples:/opt/ros/humble /usr/bin/cmake --build /home/utk/aura_ws/build/arm_controller -- -j16 -l16
[0.603s] DEBUG:colcon.colcon_core.event_handler.log_command:Invoking command in '/home/utk/aura_ws/build/aura_navigation': CMAKE_PREFIX_PATH=${CMAKE_PREFIX_PATH}:/home/utk/bumperbot_ws/install/bumperbot_vision:/home/utk/bumperbot_ws/install/bumperbot_py_examples:/opt/ros/humble /usr/bin/cmake --build /home/utk/aura_ws/build/aura_navigation -- -j16 -l16
[0.622s] DEBUG:colcon.colcon_core.event_handler.log_command:Invoked command in '/home/utk/aura_ws/build/aura_description' returned '0': CMAKE_PREFIX_PATH=${CMAKE_PREFIX_PATH}:/home/utk/bumperbot_ws/install/bumperbot_vision:/home/utk/bumperbot_ws/install/bumperbot_py_examples:/opt/ros/humble /usr/bin/cmake --build /home/utk/aura_ws/build/aura_description -- -j16 -l16
[0.629s] DEBUG:colcon.colcon_core.event_handler.log_command:Invoking command in '/home/utk/aura_ws/build/aura_description': CMAKE_PREFIX_PATH=${CMAKE_PREFIX_PATH}:/home/utk/bumperbot_ws/install/bumperbot_vision:/home/utk/bumperbot_ws/install/bumperbot_py_examples:/opt/ros/humble /usr/bin/cmake --install /home/utk/aura_ws/build/aura_description
[0.686s] Level 1:colcon.colcon_core.environment:create_environment_scripts_only(aura_description)
[0.686s] DEBUG:colcon.colcon_core.event_handler.log_command:Invoked command in '/home/utk/aura_ws/build/aura_description' returned '0': CMAKE_PREFIX_PATH=${CMAKE_PREFIX_PATH}:/home/utk/bumperbot_ws/install/bumperbot_vision:/home/utk/bumperbot_ws/install/bumperbot_py_examples:/opt/ros/humble /usr/bin/cmake --install /home/utk/aura_ws/build/aura_description
[0.690s] Level 1:colcon.colcon_core.environment:checking '/home/utk/aura_ws/install/aura_description' for CMake module files
[0.691s] Level 1:colcon.colcon_core.environment:checking '/home/utk/aura_ws/install/aura_description' for CMake config files
[0.691s] Level 1:colcon.colcon_core.shell:create_environment_hook('aura_description', 'cmake_prefix_path')
[0.691s] INFO:colcon.colcon_core.shell:Creating environment hook '/home/utk/aura_ws/install/aura_description/share/aura_description/hook/cmake_prefix_path.ps1'
[0.692s] INFO:colcon.colcon_core.shell:Creating environment descriptor '/home/utk/aura_ws/install/aura_description/share/aura_description/hook/cmake_prefix_path.dsv'
[0.692s] INFO:colcon.colcon_core.shell:Creating environment hook '/home/utk/aura_ws/install/aura_description/share/aura_description/hook/cmake_prefix_path.sh'
[0.693s] Level 1:colcon.colcon_core.environment:checking '/home/utk/aura_ws/install/aura_description/bin'
[0.693s] Level 1:colcon.colcon_core.environment:checking '/home/utk/aura_ws/install/aura_description/lib/pkgconfig/aura_description.pc'
[0.693s] Level 1:colcon.colcon_core.environment:checking '/home/utk/aura_ws/install/aura_description/lib/python3.10/site-packages'
[0.693s] Level 1:colcon.colcon_core.environment:checking '/home/utk/aura_ws/install/aura_description/bin'
[0.694s] INFO:colcon.colcon_core.shell:Creating package script '/home/utk/aura_ws/install/aura_description/share/aura_description/package.ps1'
[0.695s] INFO:colcon.colcon_core.shell:Creating package descriptor '/home/utk/aura_ws/install/aura_description/share/aura_description/package.dsv'
[0.695s] INFO:colcon.colcon_core.shell:Creating package script '/home/utk/aura_ws/install/aura_description/share/aura_description/package.sh'
[0.695s] INFO:colcon.colcon_core.shell:Creating package script '/home/utk/aura_ws/install/aura_description/share/aura_description/package.bash'
[0.696s] INFO:colcon.colcon_core.shell:Creating package script '/home/utk/aura_ws/install/aura_description/share/aura_description/package.zsh'
[0.697s] Level 1:colcon.colcon_core.environment:create_file_with_runtime_dependencies(/home/utk/aura_ws/install/aura_description/share/colcon-core/packages/aura_description)
[0.697s] Level 1:colcon.colcon_core.environment:create_environment_scripts_only(aura_description)
[0.698s] Level 1:colcon.colcon_core.environment:checking '/home/utk/aura_ws/install/aura_description' for CMake module files
[0.698s] Level 1:colcon.colcon_core.environment:checking '/home/utk/aura_ws/install/aura_description' for CMake config files
[0.698s] Level 1:colcon.colcon_core.shell:create_environment_hook('aura_description', 'cmake_prefix_path')
[0.698s] INFO:colcon.colcon_core.shell:Creating environment hook '/home/utk/aura_ws/install/aura_description/share/aura_description/hook/cmake_prefix_path.ps1'
[0.698s] INFO:colcon.colcon_core.shell:Creating environment descriptor '/home/utk/aura_ws/install/aura_description/share/aura_description/hook/cmake_prefix_path.dsv'
[0.699s] INFO:colcon.colcon_core.shell:Creating environment hook '/home/utk/aura_ws/install/aura_description/share/aura_description/hook/cmake_prefix_path.sh'
[0.699s] Level 1:colcon.colcon_core.environment:checking '/home/utk/aura_ws/install/aura_description/bin'
[0.699s] Level 1:colcon.colcon_core.environment:checking '/home/utk/aura_ws/install/aura_description/lib/pkgconfig/aura_description.pc'
[0.699s] Level 1:colcon.colcon_core.environment:checking '/home/utk/aura_ws/install/aura_description/lib/python3.10/site-packages'
[0.699s] Level 1:colcon.colcon_core.environment:checking '/home/utk/aura_ws/install/aura_description/bin'
[0.700s] INFO:colcon.colcon_core.shell:Creating package script '/home/utk/aura_ws/install/aura_description/share/aura_description/package.ps1'
[0.700s] INFO:colcon.colcon_core.shell:Creating package descriptor '/home/utk/aura_ws/install/aura_description/share/aura_description/package.dsv'
[0.700s] INFO:colcon.colcon_core.shell:Creating package script '/home/utk/aura_ws/install/aura_description/share/aura_description/package.sh'
[0.701s] INFO:colcon.colcon_core.shell:Creating package script '/home/utk/aura_ws/install/aura_description/share/aura_description/package.bash'
[0.701s] INFO:colcon.colcon_core.shell:Creating package script '/home/utk/aura_ws/install/aura_description/share/aura_description/package.zsh'
[0.701s] Level 1:colcon.colcon_core.environment:create_file_with_runtime_dependencies(/home/utk/aura_ws/install/aura_description/share/colcon-core/packages/aura_description)
[0.912s] DEBUG:colcon.colcon_core.event_handler.log_command:Invoked command in '/home/utk/aura_ws/build/aura_mapping' returned '0': CMAKE_PREFIX_PATH=${CMAKE_PREFIX_PATH}:/home/utk/bumperbot_ws/install/bumperbot_vision:/home/utk/bumperbot_ws/install/bumperbot_py_examples:/opt/ros/humble /usr/bin/cmake --build /home/utk/aura_ws/build/aura_mapping -- -j16 -l16
[0.913s] DEBUG:colcon.colcon_core.event_handler.log_command:Invoking command in '/home/utk/aura_ws/build/aura_mapping': CMAKE_PREFIX_PATH=${CMAKE_PREFIX_PATH}:/home/utk/bumperbot_ws/install/bumperbot_vision:/home/utk/bumperbot_ws/install/bumperbot_py_examples:/opt/ros/humble /usr/bin/cmake --install /home/utk/aura_ws/build/aura_mapping
[0.914s] DEBUG:colcon.colcon_core.event_handler.log_command:Invoked command in '/home/utk/aura_ws/build/aura_controller' returned '0': CMAKE_PREFIX_PATH=${CMAKE_PREFIX_PATH}:/home/utk/bumperbot_ws/install/bumperbot_vision:/home/utk/bumperbot_ws/install/bumperbot_py_examples:/opt/ros/humble /usr/bin/cmake --build /home/utk/aura_ws/build/aura_controller -- -j16 -l16
[0.914s] DEBUG:colcon.colcon_core.event_handler.log_command:Invoking command in '/home/utk/aura_ws/build/aura_controller': CMAKE_PREFIX_PATH=${CMAKE_PREFIX_PATH}:/home/utk/bumperbot_ws/install/bumperbot_vision:/home/utk/bumperbot_ws/install/bumperbot_py_examples:/opt/ros/humble /usr/bin/cmake --install /home/utk/aura_ws/build/aura_controller
[0.915s] DEBUG:colcon.colcon_core.event_handler.log_command:Invoked command in '/home/utk/aura_ws/build/aura_navigation' returned '0': CMAKE_PREFIX_PATH=${CMAKE_PREFIX_PATH}:/home/utk/bumperbot_ws/install/bumperbot_vision:/home/utk/bumperbot_ws/install/bumperbot_py_examples:/opt/ros/humble /usr/bin/cmake --build /home/utk/aura_ws/build/aura_navigation -- -j16 -l16
[0.916s] DEBUG:colcon.colcon_core.event_handler.log_command:Invoking command in '/home/utk/aura_ws/build/aura_navigation': CMAKE_PREFIX_PATH=${CMAKE_PREFIX_PATH}:/home/utk/bumperbot_ws/install/bumperbot_vision:/home/utk/bumperbot_ws/install/bumperbot_py_examples:/opt/ros/humble /usr/bin/cmake --install /home/utk/aura_ws/build/aura_navigation
[0.916s] DEBUG:colcon.colcon_core.event_handler.log_command:Invoked command in '/home/utk/aura_ws/build/arm_controller' returned '0': CMAKE_PREFIX_PATH=${CMAKE_PREFIX_PATH}:/home/utk/bumperbot_ws/install/bumperbot_vision:/home/utk/bumperbot_ws/install/bumperbot_py_examples:/opt/ros/humble /usr/bin/cmake --build /home/utk/aura_ws/build/arm_controller -- -j16 -l16
[0.917s] DEBUG:colcon.colcon_core.event_handler.log_command:Invoking command in '/home/utk/aura_ws/build/arm_controller': CMAKE_PREFIX_PATH=${CMAKE_PREFIX_PATH}:/home/utk/bumperbot_ws/install/bumperbot_vision:/home/utk/bumperbot_ws/install/bumperbot_py_examples:/opt/ros/humble /usr/bin/cmake --install /home/utk/aura_ws/build/arm_controller
[0.958s] Level 1:colcon.colcon_core.environment:create_environment_scripts_only(aura_mapping)
[0.958s] Level 1:colcon.colcon_core.environment:checking '/home/utk/aura_ws/install/aura_mapping' for CMake module files
[0.958s] DEBUG:colcon.colcon_core.event_handler.log_command:Invoked command in '/home/utk/aura_ws/build/aura_mapping' returned '0': CMAKE_PREFIX_PATH=${CMAKE_PREFIX_PATH}:/home/utk/bumperbot_ws/install/bumperbot_vision:/home/utk/bumperbot_ws/install/bumperbot_py_examples:/opt/ros/humble /usr/bin/cmake --install /home/utk/aura_ws/build/aura_mapping
[0.959s] Level 1:colcon.colcon_core.environment:checking '/home/utk/aura_ws/install/aura_mapping' for CMake config files
[0.959s] Level 1:colcon.colcon_core.shell:create_environment_hook('aura_mapping', 'cmake_prefix_path')
[0.959s] INFO:colcon.colcon_core.shell:Creating environment hook '/home/utk/aura_ws/install/aura_mapping/share/aura_mapping/hook/cmake_prefix_path.ps1'
[0.960s] INFO:colcon.colcon_core.shell:Creating environment descriptor '/home/utk/aura_ws/install/aura_mapping/share/aura_mapping/hook/cmake_prefix_path.dsv'
[0.960s] INFO:colcon.colcon_core.shell:Creating environment hook '/home/utk/aura_ws/install/aura_mapping/share/aura_mapping/hook/cmake_prefix_path.sh'
[0.961s] Level 1:colcon.colcon_core.environment:checking '/home/utk/aura_ws/install/aura_mapping/lib'
[0.961s] Level 1:colcon.colcon_core.environment:checking '/home/utk/aura_ws/install/aura_mapping/bin'
[0.961s] Level 1:colcon.colcon_core.environment:checking '/home/utk/aura_ws/install/aura_mapping/lib/pkgconfig/aura_mapping.pc'
[0.961s] Level 1:colcon.colcon_core.environment:checking '/home/utk/aura_ws/install/aura_mapping/lib/python3.10/site-packages'
[0.961s] Level 1:colcon.colcon_core.environment:checking '/home/utk/aura_ws/install/aura_mapping/bin'
[0.961s] INFO:colcon.colcon_core.shell:Creating package script '/home/utk/aura_ws/install/aura_mapping/share/aura_mapping/package.ps1'
[0.962s] INFO:colcon.colcon_core.shell:Creating package descriptor '/home/utk/aura_ws/install/aura_mapping/share/aura_mapping/package.dsv'
[0.962s] INFO:colcon.colcon_core.shell:Creating package script '/home/utk/aura_ws/install/aura_mapping/share/aura_mapping/package.sh'
[0.962s] INFO:colcon.colcon_core.shell:Creating package script '/home/utk/aura_ws/install/aura_mapping/share/aura_mapping/package.bash'
[0.963s] INFO:colcon.colcon_core.shell:Creating package script '/home/utk/aura_ws/install/aura_mapping/share/aura_mapping/package.zsh'
[0.963s] Level 1:colcon.colcon_core.environment:create_file_with_runtime_dependencies(/home/utk/aura_ws/install/aura_mapping/share/colcon-core/packages/aura_mapping)
[0.963s] Level 1:colcon.colcon_core.environment:create_environment_scripts_only(aura_mapping)
[0.964s] Level 1:colcon.colcon_core.environment:checking '/home/utk/aura_ws/install/aura_mapping' for CMake module files
[0.964s] Level 1:colcon.colcon_core.environment:checking '/home/utk/aura_ws/install/aura_mapping' for CMake config files
[0.964s] Level 1:colcon.colcon_core.shell:create_environment_hook('aura_mapping', 'cmake_prefix_path')
[0.964s] INFO:colcon.colcon_core.shell:Creating environment hook '/home/utk/aura_ws/install/aura_mapping/share/aura_mapping/hook/cmake_prefix_path.ps1'
[0.965s] INFO:colcon.colcon_core.shell:Creating environment descriptor '/home/utk/aura_ws/install/aura_mapping/share/aura_mapping/hook/cmake_prefix_path.dsv'
[0.965s] INFO:colcon.colcon_core.shell:Creating environment hook '/home/utk/aura_ws/install/aura_mapping/share/aura_mapping/hook/cmake_prefix_path.sh'
[0.965s] Level 1:colcon.colcon_core.environment:checking '/home/utk/aura_ws/install/aura_mapping/lib'
[0.965s] Level 1:colcon.colcon_core.environment:checking '/home/utk/aura_ws/install/aura_mapping/bin'
[0.965s] Level 1:colcon.colcon_core.environment:checking '/home/utk/aura_ws/install/aura_mapping/lib/pkgconfig/aura_mapping.pc'
[0.966s] Level 1:colcon.colcon_core.environment:checking '/home/utk/aura_ws/install/aura_mapping/lib/python3.10/site-packages'
[0.966s] Level 1:colcon.colcon_core.environment:checking '/home/utk/aura_ws/install/aura_mapping/bin'
[0.966s] INFO:colcon.colcon_core.shell:Creating package script '/home/utk/aura_ws/install/aura_mapping/share/aura_mapping/package.ps1'
[0.966s] INFO:colcon.colcon_core.shell:Creating package descriptor '/home/utk/aura_ws/install/aura_mapping/share/aura_mapping/package.dsv'
[0.967s] INFO:colcon.colcon_core.shell:Creating package script '/home/utk/aura_ws/install/aura_mapping/share/aura_mapping/package.sh'
[0.967s] INFO:colcon.colcon_core.shell:Creating package script '/home/utk/aura_ws/install/aura_mapping/share/aura_mapping/package.bash'
[0.967s] INFO:colcon.colcon_core.shell:Creating package script '/home/utk/aura_ws/install/aura_mapping/share/aura_mapping/package.zsh'
[0.968s] Level 1:colcon.colcon_core.environment:create_file_with_runtime_dependencies(/home/utk/aura_ws/install/aura_mapping/share/colcon-core/packages/aura_mapping)
[0.968s] INFO:colcon.colcon_ros.task.ament_cmake.build:Building ROS package in '/home/utk/aura_ws/src/aura_localization' with build type 'ament_cmake'
[0.968s] INFO:colcon.colcon_cmake.task.cmake.build:Building CMake package in '/home/utk/aura_ws/src/aura_localization'
[0.968s] INFO:colcon.colcon_core.shell:Skip shell extension 'powershell' for command environment: Not usable outside of PowerShell
[0.968s] DEBUG:colcon.colcon_core.shell:Skip shell extension 'dsv' for command environment
[0.972s] Level 1:colcon.colcon_core.environment:create_environment_scripts_only(aura_controller)
[0.972s] Level 1:colcon.colcon_core.environment:checking '/home/utk/aura_ws/install/aura_controller' for CMake module files
[0.973s] DEBUG:colcon.colcon_core.event_handler.log_command:Invoked command in '/home/utk/aura_ws/build/aura_controller' returned '0': CMAKE_PREFIX_PATH=${CMAKE_PREFIX_PATH}:/home/utk/bumperbot_ws/install/bumperbot_vision:/home/utk/bumperbot_ws/install/bumperbot_py_examples:/opt/ros/humble /usr/bin/cmake --install /home/utk/aura_ws/build/aura_controller
[0.973s] Level 1:colcon.colcon_core.environment:checking '/home/utk/aura_ws/install/aura_controller' for CMake config files
[0.973s] Level 1:colcon.colcon_core.shell:create_environment_hook('aura_controller', 'cmake_prefix_path')
[0.973s] INFO:colcon.colcon_core.shell:Creating environment hook '/home/utk/aura_ws/install/aura_controller/share/aura_controller/hook/cmake_prefix_path.ps1'
[0.974s] INFO:colcon.colcon_core.shell:Creating environment descriptor '/home/utk/aura_ws/install/aura_controller/share/aura_controller/hook/cmake_prefix_path.dsv'
[0.974s] INFO:colcon.colcon_core.shell:Creating environment hook '/home/utk/aura_ws/install/aura_controller/share/aura_controller/hook/cmake_prefix_path.sh'
[0.974s] Level 1:colcon.colcon_core.environment:checking '/home/utk/aura_ws/install/aura_controller/lib'
[0.975s] Level 1:colcon.colcon_core.environment:checking '/home/utk/aura_ws/install/aura_controller/bin'
[0.975s] Level 1:colcon.colcon_core.environment:checking '/home/utk/aura_ws/install/aura_controller/lib/pkgconfig/aura_controller.pc'
[0.975s] Level 1:colcon.colcon_core.environment:checking '/home/utk/aura_ws/install/aura_controller/lib/python3.10/site-packages'
[0.975s] Level 1:colcon.colcon_core.environment:checking '/home/utk/aura_ws/install/aura_controller/bin'
[0.975s] INFO:colcon.colcon_core.shell:Creating package script '/home/utk/aura_ws/install/aura_controller/share/aura_controller/package.ps1'
[0.975s] INFO:colcon.colcon_core.shell:Creating package descriptor '/home/utk/aura_ws/install/aura_controller/share/aura_controller/package.dsv'
[0.976s] INFO:colcon.colcon_core.shell:Creating package script '/home/utk/aura_ws/install/aura_controller/share/aura_controller/package.sh'
[0.976s] INFO:colcon.colcon_core.shell:Creating package script '/home/utk/aura_ws/install/aura_controller/share/aura_controller/package.bash'
[0.976s] INFO:colcon.colcon_core.shell:Creating package script '/home/utk/aura_ws/install/aura_controller/share/aura_controller/package.zsh'
[0.977s] Level 1:colcon.colcon_core.environment:create_file_with_runtime_dependencies(/home/utk/aura_ws/install/aura_controller/share/colcon-core/packages/aura_controller)
[0.977s] Level 1:colcon.colcon_core.environment:create_environment_scripts_only(aura_controller)
[0.977s] Level 1:colcon.colcon_core.environment:checking '/home/utk/aura_ws/install/aura_controller' for CMake module files
[0.977s] Level 1:colcon.colcon_core.environment:checking '/home/utk/aura_ws/install/aura_controller' for CMake config files
[0.978s] Level 1:colcon.colcon_core.shell:create_environment_hook('aura_controller', 'cmake_prefix_path')
[0.978s] INFO:colcon.colcon_core.shell:Creating environment hook '/home/utk/aura_ws/install/aura_controller/share/aura_controller/hook/cmake_prefix_path.ps1'
[0.978s] INFO:colcon.colcon_core.shell:Creating environment descriptor '/home/utk/aura_ws/install/aura_controller/share/aura_controller/hook/cmake_prefix_path.dsv'
[0.978s] INFO:colcon.colcon_core.shell:Creating environment hook '/home/utk/aura_ws/install/aura_controller/share/aura_controller/hook/cmake_prefix_path.sh'
[0.979s] Level 1:colcon.colcon_core.environment:checking '/home/utk/aura_ws/install/aura_controller/lib'
[0.979s] Level 1:colcon.colcon_core.environment:checking '/home/utk/aura_ws/install/aura_controller/bin'
[0.979s] Level 1:colcon.colcon_core.environment:checking '/home/utk/aura_ws/install/aura_controller/lib/pkgconfig/aura_controller.pc'
[0.979s] Level 1:colcon.colcon_core.environment:checking '/home/utk/aura_ws/install/aura_controller/lib/python3.10/site-packages'
[0.979s] Level 1:colcon.colcon_core.environment:checking '/home/utk/aura_ws/install/aura_controller/bin'
[0.979s] INFO:colcon.colcon_core.shell:Creating package script '/home/utk/aura_ws/install/aura_controller/share/aura_controller/package.ps1'
[0.980s] INFO:colcon.colcon_core.shell:Creating package descriptor '/home/utk/aura_ws/install/aura_controller/share/aura_controller/package.dsv'
[0.980s] INFO:colcon.colcon_core.shell:Creating package script '/home/utk/aura_ws/install/aura_controller/share/aura_controller/package.sh'
[0.980s] INFO:colcon.colcon_core.shell:Creating package script '/home/utk/aura_ws/install/aura_controller/share/aura_controller/package.bash'
[0.981s] INFO:colcon.colcon_core.shell:Creating package script '/home/utk/aura_ws/install/aura_controller/share/aura_controller/package.zsh'
[0.981s] Level 1:colcon.colcon_core.environment:create_file_with_runtime_dependencies(/home/utk/aura_ws/install/aura_controller/share/colcon-core/packages/aura_controller)
[0.981s] Level 1:colcon.colcon_core.environment:create_environment_scripts_only(aura_navigation)
[0.982s] Level 1:colcon.colcon_core.environment:checking '/home/utk/aura_ws/install/aura_navigation' for CMake module files
[0.982s] DEBUG:colcon.colcon_core.event_handler.log_command:Invoked command in '/home/utk/aura_ws/build/aura_navigation' returned '0': CMAKE_PREFIX_PATH=${CMAKE_PREFIX_PATH}:/home/utk/bumperbot_ws/install/bumperbot_vision:/home/utk/bumperbot_ws/install/bumperbot_py_examples:/opt/ros/humble /usr/bin/cmake --install /home/utk/aura_ws/build/aura_navigation
[0.982s] Level 1:colcon.colcon_core.environment:checking '/home/utk/aura_ws/install/aura_navigation' for CMake config files
[0.983s] Level 1:colcon.colcon_core.shell:create_environment_hook('aura_navigation', 'cmake_prefix_path')
[0.983s] INFO:colcon.colcon_core.shell:Creating environment hook '/home/utk/aura_ws/install/aura_navigation/share/aura_navigation/hook/cmake_prefix_path.ps1'
[0.983s] INFO:colcon.colcon_core.shell:Creating environment descriptor '/home/utk/aura_ws/install/aura_navigation/share/aura_navigation/hook/cmake_prefix_path.dsv'
[0.983s] INFO:colcon.colcon_core.shell:Creating environment hook '/home/utk/aura_ws/install/aura_navigation/share/aura_navigation/hook/cmake_prefix_path.sh'
[0.984s] Level 1:colcon.colcon_core.environment:checking '/home/utk/aura_ws/install/aura_navigation/lib'
[0.984s] Level 1:colcon.colcon_core.environment:checking '/home/utk/aura_ws/install/aura_navigation/bin'
[0.984s] Level 1:colcon.colcon_core.environment:checking '/home/utk/aura_ws/install/aura_navigation/lib/pkgconfig/aura_navigation.pc'
[0.984s] Level 1:colcon.colcon_core.environment:checking '/home/utk/aura_ws/install/aura_navigation/lib/python3.10/site-packages'
[0.984s] Level 1:colcon.colcon_core.environment:checking '/home/utk/aura_ws/install/aura_navigation/bin'
[0.985s] INFO:colcon.colcon_core.shell:Creating package script '/home/utk/aura_ws/install/aura_navigation/share/aura_navigation/package.ps1'
[0.985s] INFO:colcon.colcon_core.shell:Creating package descriptor '/home/utk/aura_ws/install/aura_navigation/share/aura_navigation/package.dsv'
[0.985s] INFO:colcon.colcon_core.shell:Creating package script '/home/utk/aura_ws/install/aura_navigation/share/aura_navigation/package.sh'
[0.985s] INFO:colcon.colcon_core.shell:Creating package script '/home/utk/aura_ws/install/aura_navigation/share/aura_navigation/package.bash'
[0.986s] INFO:colcon.colcon_core.shell:Creating package script '/home/utk/aura_ws/install/aura_navigation/share/aura_navigation/package.zsh'
[0.986s] Level 1:colcon.colcon_core.environment:create_file_with_runtime_dependencies(/home/utk/aura_ws/install/aura_navigation/share/colcon-core/packages/aura_navigation)
[0.986s] Level 1:colcon.colcon_core.environment:create_environment_scripts_only(aura_navigation)
[0.987s] Level 1:colcon.colcon_core.environment:checking '/home/utk/aura_ws/install/aura_navigation' for CMake module files
[0.987s] Level 1:colcon.colcon_core.environment:checking '/home/utk/aura_ws/install/aura_navigation' for CMake config files
[0.987s] Level 1:colcon.colcon_core.shell:create_environment_hook('aura_navigation', 'cmake_prefix_path')
[0.987s] INFO:colcon.colcon_core.shell:Creating environment hook '/home/utk/aura_ws/install/aura_navigation/share/aura_navigation/hook/cmake_prefix_path.ps1'
[0.988s] INFO:colcon.colcon_core.shell:Creating environment descriptor '/home/utk/aura_ws/install/aura_navigation/share/aura_navigation/hook/cmake_prefix_path.dsv'
[0.988s] INFO:colcon.colcon_core.shell:Creating environment hook '/home/utk/aura_ws/install/aura_navigation/share/aura_navigation/hook/cmake_prefix_path.sh'
[0.988s] Level 1:colcon.colcon_core.environment:checking '/home/utk/aura_ws/install/aura_navigation/lib'
[0.988s] Level 1:colcon.colcon_core.environment:checking '/home/utk/aura_ws/install/aura_navigation/bin'
[0.988s] Level 1:colcon.colcon_core.environment:checking '/home/utk/aura_ws/install/aura_navigation/lib/pkgconfig/aura_navigation.pc'
[0.989s] Level 1:colcon.colcon_core.environment:checking '/home/utk/aura_ws/install/aura_navigation/lib/python3.10/site-packages'
[0.989s] Level 1:colcon.colcon_core.environment:checking '/home/utk/aura_ws/install/aura_navigation/bin'
[0.989s] INFO:colcon.colcon_core.shell:Creating package script '/home/utk/aura_ws/install/aura_navigation/share/aura_navigation/package.ps1'
[0.989s] INFO:colcon.colcon_core.shell:Creating package descriptor '/home/utk/aura_ws/install/aura_navigation/share/aura_navigation/package.dsv'
[0.990s] INFO:colcon.colcon_core.shell:Creating package script '/home/utk/aura_ws/install/aura_navigation/share/aura_navigation/package.sh'
[0.990s] INFO:colcon.colcon_core.shell:Creating package script '/home/utk/aura_ws/install/aura_navigation/share/aura_navigation/package.bash'
[0.990s] INFO:colcon.colcon_core.shell:Creating package script '/home/utk/aura_ws/install/aura_navigation/share/aura_navigation/package.zsh'
[0.991s] Level 1:colcon.colcon_core.environment:create_file_with_runtime_dependencies(/home/utk/aura_ws/install/aura_navigation/share/colcon-core/packages/aura_navigation)
[0.991s] Level 1:colcon.colcon_core.environment:create_environment_scripts_only(arm_controller)
[0.991s] Level 1:colcon.colcon_core.environment:checking '/home/utk/aura_ws/install/arm_controller' for CMake module files
[0.991s] DEBUG:colcon.colcon_core.event_handler.log_command:Invoked command in '/home/utk/aura_ws/build/arm_controller' returned '0': CMAKE_PREFIX_PATH=${CMAKE_PREFIX_PATH}:/home/utk/bumperbot_ws/install/bumperbot_vision:/home/utk/bumperbot_ws/install/bumperbot_py_examples:/opt/ros/humble /usr/bin/cmake --install /home/utk/aura_ws/build/arm_controller
[0.992s] Level 1:colcon.colcon_core.environment:checking '/home/utk/aura_ws/install/arm_controller' for CMake config files
[0.992s] Level 1:colcon.colcon_core.shell:create_environment_hook('arm_controller', 'cmake_prefix_path')
[0.992s] INFO:colcon.colcon_core.shell:Creating environment hook '/home/utk/aura_ws/install/arm_controller/share/arm_controller/hook/cmake_prefix_path.ps1'
[0.992s] INFO:colcon.colcon_core.shell:Creating environment descriptor '/home/utk/aura_ws/install/arm_controller/share/arm_controller/hook/cmake_prefix_path.dsv'
[0.992s] INFO:colcon.colcon_core.shell:Creating environment hook '/home/utk/aura_ws/install/arm_controller/share/arm_controller/hook/cmake_prefix_path.sh'
[0.993s] Level 1:colcon.colcon_core.environment:checking '/home/utk/aura_ws/install/arm_controller/lib'
[0.993s] Level 1:colcon.colcon_core.environment:checking '/home/utk/aura_ws/install/arm_controller/bin'
[0.993s] Level 1:colcon.colcon_core.environment:checking '/home/utk/aura_ws/install/arm_controller/lib/pkgconfig/arm_controller.pc'
[0.993s] Level 1:colcon.colcon_core.environment:checking '/home/utk/aura_ws/install/arm_controller/lib/python3.10/site-packages'
[0.993s] Level 1:colcon.colcon_core.environment:checking '/home/utk/aura_ws/install/arm_controller/bin'
[0.993s] INFO:colcon.colcon_core.shell:Creating package script '/home/utk/aura_ws/install/arm_controller/share/arm_controller/package.ps1'
[0.994s] INFO:colcon.colcon_core.shell:Creating package descriptor '/home/utk/aura_ws/install/arm_controller/share/arm_controller/package.dsv'
[0.994s] INFO:colcon.colcon_core.shell:Creating package script '/home/utk/aura_ws/install/arm_controller/share/arm_controller/package.sh'
[0.994s] INFO:colcon.colcon_core.shell:Creating package script '/home/utk/aura_ws/install/arm_controller/share/arm_controller/package.bash'
[0.994s] INFO:colcon.colcon_core.shell:Creating package script '/home/utk/aura_ws/install/arm_controller/share/arm_controller/package.zsh'
[0.995s] Level 1:colcon.colcon_core.environment:create_file_with_runtime_dependencies(/home/utk/aura_ws/install/arm_controller/share/colcon-core/packages/arm_controller)
[0.995s] Level 1:colcon.colcon_core.environment:create_environment_scripts_only(arm_controller)
[0.995s] Level 1:colcon.colcon_core.environment:checking '/home/utk/aura_ws/install/arm_controller' for CMake module files
[0.996s] Level 1:colcon.colcon_core.environment:checking '/home/utk/aura_ws/install/arm_controller' for CMake config files
[0.996s] Level 1:colcon.colcon_core.shell:create_environment_hook('arm_controller', 'cmake_prefix_path')
[0.996s] INFO:colcon.colcon_core.shell:Creating environment hook '/home/utk/aura_ws/install/arm_controller/share/arm_controller/hook/cmake_prefix_path.ps1'
[0.996s] INFO:colcon.colcon_core.shell:Creating environment descriptor '/home/utk/aura_ws/install/arm_controller/share/arm_controller/hook/cmake_prefix_path.dsv'
[0.997s] INFO:colcon.colcon_core.shell:Creating environment hook '/home/utk/aura_ws/install/arm_controller/share/arm_controller/hook/cmake_prefix_path.sh'
[0.997s] Level 1:colcon.colcon_core.environment:checking '/home/utk/aura_ws/install/arm_controller/lib'
[0.997s] Level 1:colcon.colcon_core.environment:checking '/home/utk/aura_ws/install/arm_controller/bin'
[0.997s] Level 1:colcon.colcon_core.environment:checking '/home/utk/aura_ws/install/arm_controller/lib/pkgconfig/arm_controller.pc'
[0.997s] Level 1:colcon.colcon_core.environment:checking '/home/utk/aura_ws/install/arm_controller/lib/python3.10/site-packages'
[0.997s] Level 1:colcon.colcon_core.environment:checking '/home/utk/aura_ws/install/arm_controller/bin'
[0.998s] INFO:colcon.colcon_core.shell:Creating package script '/home/utk/aura_ws/install/arm_controller/share/arm_controller/package.ps1'
[0.998s] INFO:colcon.colcon_core.shell:Creating package descriptor '/home/utk/aura_ws/install/arm_controller/share/arm_controller/package.dsv'
[0.998s] INFO:colcon.colcon_core.shell:Creating package script '/home/utk/aura_ws/install/arm_controller/share/arm_controller/package.sh'
[0.998s] INFO:colcon.colcon_core.shell:Creating package script '/home/utk/aura_ws/install/arm_controller/share/arm_controller/package.bash'
[0.999s] INFO:colcon.colcon_core.shell:Creating package script '/home/utk/aura_ws/install/arm_controller/share/arm_controller/package.zsh'
[0.999s] Level 1:colcon.colcon_core.environment:create_file_with_runtime_dependencies(/home/utk/aura_ws/install/arm_controller/share/colcon-core/packages/arm_controller)
[0.999s] INFO:colcon.colcon_ros.task.ament_cmake.build:Building ROS package in '/home/utk/aura_ws/src/aura_bringup' with build type 'ament_cmake'
[0.999s] INFO:colcon.colcon_cmake.task.cmake.build:Building CMake package in '/home/utk/aura_ws/src/aura_bringup'
[1.000s] INFO:colcon.colcon_core.shell:Skip shell extension 'powershell' for command environment: Not usable outside of PowerShell
[1.000s] DEBUG:colcon.colcon_core.shell:Skip shell extension 'dsv' for command environment
[1.005s] DEBUG:colcon.colcon_core.event_handler.log_command:Invoking command in '/home/utk/aura_ws/build/aura_localization': CMAKE_PREFIX_PATH=/home/utk/aura_ws/install/aura_mapping:/home/utk/aura_ws/install/arm_controller:/home/utk/aura_ws/install/aura_navigation:/home/utk/aura_ws/install/aura_localization:/home/utk/aura_ws/install/aura_bringup:/home/utk/aura_ws/install/aura_description:/home/utk/aura_ws/install/aura_controller:/home/utk/bumperbot_ws/install/bumperbot_utils:/home/utk/bumperbot_ws/install/bumperbot_cpp_examples:/home/utk/bumperbot_ws/install/bumperbot_msgs:/home/utk/bumperbot_ws/install/bumperbot_bringup:/home/utk/bumperbot_ws/install/bumperbot_mapping:/home/utk/bumperbot_ws/install/bumperbot_localization:/home/utk/bumperbot_ws/install/bumperbot_firmware:/home/utk/bumperbot_ws/install/bumperbot_description:/home/utk/bumperbot_ws/install/bumperbot_controller:/home/utk/bumperbot_ws/install/bumperbot_vision:/home/utk/bumperbot_ws/install/bumperbot_py_examples:/opt/ros/humble /usr/bin/cmake --build /home/utk/aura_ws/build/aura_localization -- -j16 -l16
[1.007s] DEBUG:colcon.colcon_core.event_handler.log_command:Invoking command in '/home/utk/aura_ws/build/aura_bringup': CMAKE_PREFIX_PATH=/home/utk/aura_ws/install/aura_description:/home/utk/aura_ws/install/aura_controller:/home/utk/aura_ws/install/arm_controller:/home/utk/aura_ws/install/aura_navigation:/home/utk/aura_ws/install/aura_localization:/home/utk/aura_ws/install/aura_mapping:/home/utk/aura_ws/install/aura_bringup:/home/utk/bumperbot_ws/install/bumperbot_utils:/home/utk/bumperbot_ws/install/bumperbot_cpp_examples:/home/utk/bumperbot_ws/install/bumperbot_msgs:/home/utk/bumperbot_ws/install/bumperbot_bringup:/home/utk/bumperbot_ws/install/bumperbot_mapping:/home/utk/bumperbot_ws/install/bumperbot_localization:/home/utk/bumperbot_ws/install/bumperbot_firmware:/home/utk/bumperbot_ws/install/bumperbot_description:/home/utk/bumperbot_ws/install/bumperbot_controller:/home/utk/bumperbot_ws/install/bumperbot_vision:/home/utk/bumperbot_ws/install/bumperbot_py_examples:/opt/ros/humble /usr/bin/cmake --build /home/utk/aura_ws/build/aura_bringup -- -j16 -l16
[1.029s] DEBUG:colcon.colcon_core.event_handler.log_command:Invoked command in '/home/utk/aura_ws/build/aura_localization' returned '0': CMAKE_PREFIX_PATH=/home/utk/aura_ws/install/aura_mapping:/home/utk/aura_ws/install/arm_controller:/home/utk/aura_ws/install/aura_navigation:/home/utk/aura_ws/install/aura_localization:/home/utk/aura_ws/install/aura_bringup:/home/utk/aura_ws/install/aura_description:/home/utk/aura_ws/install/aura_controller:/home/utk/bumperbot_ws/install/bumperbot_utils:/home/utk/bumperbot_ws/install/bumperbot_cpp_examples:/home/utk/bumperbot_ws/install/bumperbot_msgs:/home/utk/bumperbot_ws/install/bumperbot_bringup:/home/utk/bumperbot_ws/install/bumperbot_mapping:/home/utk/bumperbot_ws/install/bumperbot_localization:/home/utk/bumperbot_ws/install/bumperbot_firmware:/home/utk/bumperbot_ws/install/bumperbot_description:/home/utk/bumperbot_ws/install/bumperbot_controller:/home/utk/bumperbot_ws/install/bumperbot_vision:/home/utk/bumperbot_ws/install/bumperbot_py_examples:/opt/ros/humble /usr/bin/cmake --build /home/utk/aura_ws/build/aura_localization -- -j16 -l16
[1.030s] DEBUG:colcon.colcon_core.event_handler.log_command:Invoking command in '/home/utk/aura_ws/build/aura_localization': CMAKE_PREFIX_PATH=/home/utk/aura_ws/install/aura_mapping:/home/utk/aura_ws/install/arm_controller:/home/utk/aura_ws/install/aura_navigation:/home/utk/aura_ws/install/aura_localization:/home/utk/aura_ws/install/aura_bringup:/home/utk/aura_ws/install/aura_description:/home/utk/aura_ws/install/aura_controller:/home/utk/bumperbot_ws/install/bumperbot_utils:/home/utk/bumperbot_ws/install/bumperbot_cpp_examples:/home/utk/bumperbot_ws/install/bumperbot_msgs:/home/utk/bumperbot_ws/install/bumperbot_bringup:/home/utk/bumperbot_ws/install/bumperbot_mapping:/home/utk/bumperbot_ws/install/bumperbot_localization:/home/utk/bumperbot_ws/install/bumperbot_firmware:/home/utk/bumperbot_ws/install/bumperbot_description:/home/utk/bumperbot_ws/install/bumperbot_controller:/home/utk/bumperbot_ws/install/bumperbot_vision:/home/utk/bumperbot_ws/install/bumperbot_py_examples:/opt/ros/humble /usr/bin/cmake --install /home/utk/aura_ws/build/aura_localization
[1.031s] DEBUG:colcon.colcon_core.event_handler.log_command:Invoked command in '/home/utk/aura_ws/build/aura_bringup' returned '0': CMAKE_PREFIX_PATH=/home/utk/aura_ws/install/aura_description:/home/utk/aura_ws/install/aura_controller:/home/utk/aura_ws/install/arm_controller:/home/utk/aura_ws/install/aura_navigation:/home/utk/aura_ws/install/aura_localization:/home/utk/aura_ws/install/aura_mapping:/home/utk/aura_ws/install/aura_bringup:/home/utk/bumperbot_ws/install/bumperbot_utils:/home/utk/bumperbot_ws/install/bumperbot_cpp_examples:/home/utk/bumperbot_ws/install/bumperbot_msgs:/home/utk/bumperbot_ws/install/bumperbot_bringup:/home/utk/bumperbot_ws/install/bumperbot_mapping:/home/utk/bumperbot_ws/install/bumperbot_localization:/home/utk/bumperbot_ws/install/bumperbot_firmware:/home/utk/bumperbot_ws/install/bumperbot_description:/home/utk/bumperbot_ws/install/bumperbot_controller:/home/utk/bumperbot_ws/install/bumperbot_vision:/home/utk/bumperbot_ws/install/bumperbot_py_examples:/opt/ros/humble /usr/bin/cmake --build /home/utk/aura_ws/build/aura_bringup -- -j16 -l16
[1.032s] DEBUG:colcon.colcon_core.event_handler.log_command:Invoking command in '/home/utk/aura_ws/build/aura_bringup': CMAKE_PREFIX_PATH=/home/utk/aura_ws/install/aura_description:/home/utk/aura_ws/install/aura_controller:/home/utk/aura_ws/install/arm_controller:/home/utk/aura_ws/install/aura_navigation:/home/utk/aura_ws/install/aura_localization:/home/utk/aura_ws/install/aura_mapping:/home/utk/aura_ws/install/aura_bringup:/home/utk/bumperbot_ws/install/bumperbot_utils:/home/utk/bumperbot_ws/install/bumperbot_cpp_examples:/home/utk/bumperbot_ws/install/bumperbot_msgs:/home/utk/bumperbot_ws/install/bumperbot_bringup:/home/utk/bumperbot_ws/install/bumperbot_mapping:/home/utk/bumperbot_ws/install/bumperbot_localization:/home/utk/bumperbot_ws/install/bumperbot_firmware:/home/utk/bumperbot_ws/install/bumperbot_description:/home/utk/bumperbot_ws/install/bumperbot_controller:/home/utk/bumperbot_ws/install/bumperbot_vision:/home/utk/bumperbot_ws/install/bumperbot_py_examples:/opt/ros/humble /usr/bin/cmake --install /home/utk/aura_ws/build/aura_bringup
[1.043s] Level 1:colcon.colcon_core.environment:create_environment_scripts_only(aura_localization)
[1.043s] Level 1:colcon.colcon_core.environment:checking '/home/utk/aura_ws/install/aura_localization' for CMake module files
[1.044s] DEBUG:colcon.colcon_core.event_handler.log_command:Invoked command in '/home/utk/aura_ws/build/aura_localization' returned '0': CMAKE_PREFIX_PATH=/home/utk/aura_ws/install/aura_mapping:/home/utk/aura_ws/install/arm_controller:/home/utk/aura_ws/install/aura_navigation:/home/utk/aura_ws/install/aura_localization:/home/utk/aura_ws/install/aura_bringup:/home/utk/aura_ws/install/aura_description:/home/utk/aura_ws/install/aura_controller:/home/utk/bumperbot_ws/install/bumperbot_utils:/home/utk/bumperbot_ws/install/bumperbot_cpp_examples:/home/utk/bumperbot_ws/install/bumperbot_msgs:/home/utk/bumperbot_ws/install/bumperbot_bringup:/home/utk/bumperbot_ws/install/bumperbot_mapping:/home/utk/bumperbot_ws/install/bumperbot_localization:/home/utk/bumperbot_ws/install/bumperbot_firmware:/home/utk/bumperbot_ws/install/bumperbot_description:/home/utk/bumperbot_ws/install/bumperbot_controller:/home/utk/bumperbot_ws/install/bumperbot_vision:/home/utk/bumperbot_ws/install/bumperbot_py_examples:/opt/ros/humble /usr/bin/cmake --install /home/utk/aura_ws/build/aura_localization
[1.044s] Level 1:colcon.colcon_core.environment:checking '/home/utk/aura_ws/install/aura_localization' for CMake config files
[1.045s] Level 1:colcon.colcon_core.shell:create_environment_hook('aura_localization', 'cmake_prefix_path')
[1.045s] INFO:colcon.colcon_core.shell:Creating environment hook '/home/utk/aura_ws/install/aura_localization/share/aura_localization/hook/cmake_prefix_path.ps1'
[1.045s] INFO:colcon.colcon_core.shell:Creating environment descriptor '/home/utk/aura_ws/install/aura_localization/share/aura_localization/hook/cmake_prefix_path.dsv'
[1.045s] INFO:colcon.colcon_core.shell:Creating environment hook '/home/utk/aura_ws/install/aura_localization/share/aura_localization/hook/cmake_prefix_path.sh'
[1.046s] Level 1:colcon.colcon_core.environment:checking '/home/utk/aura_ws/install/aura_localization/bin'
[1.046s] Level 1:colcon.colcon_core.environment:checking '/home/utk/aura_ws/install/aura_localization/lib/pkgconfig/aura_localization.pc'
[1.046s] Level 1:colcon.colcon_core.environment:checking '/home/utk/aura_ws/install/aura_localization/lib/python3.10/site-packages'
[1.046s] Level 1:colcon.colcon_core.environment:checking '/home/utk/aura_ws/install/aura_localization/bin'
[1.047s] INFO:colcon.colcon_core.shell:Creating package script '/home/utk/aura_ws/install/aura_localization/share/aura_localization/package.ps1'
[1.047s] INFO:colcon.colcon_core.shell:Creating package descriptor '/home/utk/aura_ws/install/aura_localization/share/aura_localization/package.dsv'
[1.047s] INFO:colcon.colcon_core.shell:Creating package script '/home/utk/aura_ws/install/aura_localization/share/aura_localization/package.sh'
[1.048s] INFO:colcon.colcon_core.shell:Creating package script '/home/utk/aura_ws/install/aura_localization/share/aura_localization/package.bash'
[1.048s] INFO:colcon.colcon_core.shell:Creating package script '/home/utk/aura_ws/install/aura_localization/share/aura_localization/package.zsh'
[1.048s] Level 1:colcon.colcon_core.environment:create_file_with_runtime_dependencies(/home/utk/aura_ws/install/aura_localization/share/colcon-core/packages/aura_localization)
[1.049s] Level 1:colcon.colcon_core.environment:create_environment_scripts_only(aura_localization)
[1.049s] Level 1:colcon.colcon_core.environment:checking '/home/utk/aura_ws/install/aura_localization' for CMake module files
[1.049s] Level 1:colcon.colcon_core.environment:checking '/home/utk/aura_ws/install/aura_localization' for CMake config files
[1.049s] Level 1:colcon.colcon_core.shell:create_environment_hook('aura_localization', 'cmake_prefix_path')
[1.049s] INFO:colcon.colcon_core.shell:Creating environment hook '/home/utk/aura_ws/install/aura_localization/share/aura_localization/hook/cmake_prefix_path.ps1'
[1.050s] INFO:colcon.colcon_core.shell:Creating environment descriptor '/home/utk/aura_ws/install/aura_localization/share/aura_localization/hook/cmake_prefix_path.dsv'
[1.050s] INFO:colcon.colcon_core.shell:Creating environment hook '/home/utk/aura_ws/install/aura_localization/share/aura_localization/hook/cmake_prefix_path.sh'
[1.050s] Level 1:colcon.colcon_core.environment:checking '/home/utk/aura_ws/install/aura_localization/bin'
[1.050s] Level 1:colcon.colcon_core.environment:checking '/home/utk/aura_ws/install/aura_localization/lib/pkgconfig/aura_localization.pc'
[1.050s] Level 1:colcon.colcon_core.environment:checking '/home/utk/aura_ws/install/aura_localization/lib/python3.10/site-packages'
[1.051s] Level 1:colcon.colcon_core.environment:checking '/home/utk/aura_ws/install/aura_localization/bin'
[1.051s] INFO:colcon.colcon_core.shell:Creating package script '/home/utk/aura_ws/install/aura_localization/share/aura_localization/package.ps1'
[1.051s] INFO:colcon.colcon_core.shell:Creating package descriptor '/home/utk/aura_ws/install/aura_localization/share/aura_localization/package.dsv'
[1.051s] INFO:colcon.colcon_core.shell:Creating package script '/home/utk/aura_ws/install/aura_localization/share/aura_localization/package.sh'
[1.052s] INFO:colcon.colcon_core.shell:Creating package script '/home/utk/aura_ws/install/aura_localization/share/aura_localization/package.bash'
[1.052s] INFO:colcon.colcon_core.shell:Creating package script '/home/utk/aura_ws/install/aura_localization/share/aura_localization/package.zsh'
[1.052s] Level 1:colcon.colcon_core.environment:create_file_with_runtime_dependencies(/home/utk/aura_ws/install/aura_localization/share/colcon-core/packages/aura_localization)
[1.053s] Level 1:colcon.colcon_core.environment:create_environment_scripts_only(aura_bringup)
[1.053s] Level 1:colcon.colcon_core.environment:checking '/home/utk/aura_ws/install/aura_bringup' for CMake module files
[1.053s] DEBUG:colcon.colcon_core.event_handler.log_command:Invoked command in '/home/utk/aura_ws/build/aura_bringup' returned '0': CMAKE_PREFIX_PATH=/home/utk/aura_ws/install/aura_description:/home/utk/aura_ws/install/aura_controller:/home/utk/aura_ws/install/arm_controller:/home/utk/aura_ws/install/aura_navigation:/home/utk/aura_ws/install/aura_localization:/home/utk/aura_ws/install/aura_mapping:/home/utk/aura_ws/install/aura_bringup:/home/utk/bumperbot_ws/install/bumperbot_utils:/home/utk/bumperbot_ws/install/bumperbot_cpp_examples:/home/utk/bumperbot_ws/install/bumperbot_msgs:/home/utk/bumperbot_ws/install/bumperbot_bringup:/home/utk/bumperbot_ws/install/bumperbot_mapping:/home/utk/bumperbot_ws/install/bumperbot_localization:/home/utk/bumperbot_ws/install/bumperbot_firmware:/home/utk/bumperbot_ws/install/bumperbot_description:/home/utk/bumperbot_ws/install/bumperbot_controller:/home/utk/bumperbot_ws/install/bumperbot_vision:/home/utk/bumperbot_ws/install/bumperbot_py_examples:/opt/ros/humble /usr/bin/cmake --install /home/utk/aura_ws/build/aura_bringup
[1.054s] Level 1:colcon.colcon_core.environment:checking '/home/utk/aura_ws/install/aura_bringup' for CMake config files
[1.054s] Level 1:colcon.colcon_core.shell:create_environment_hook('aura_bringup', 'cmake_prefix_path')
[1.054s] INFO:colcon.colcon_core.shell:Creating environment hook '/home/utk/aura_ws/install/aura_bringup/share/aura_bringup/hook/cmake_prefix_path.ps1'
[1.054s] INFO:colcon.colcon_core.shell:Creating environment descriptor '/home/utk/aura_ws/install/aura_bringup/share/aura_bringup/hook/cmake_prefix_path.dsv'
[1.055s] INFO:colcon.colcon_core.shell:Creating environment hook '/home/utk/aura_ws/install/aura_bringup/share/aura_bringup/hook/cmake_prefix_path.sh'
[1.055s] Level 1:colcon.colcon_core.environment:checking '/home/utk/aura_ws/install/aura_bringup/bin'
[1.055s] Level 1:colcon.colcon_core.environment:checking '/home/utk/aura_ws/install/aura_bringup/lib/pkgconfig/aura_bringup.pc'
[1.055s] Level 1:colcon.colcon_core.environment:checking '/home/utk/aura_ws/install/aura_bringup/lib/python3.10/site-packages'
[1.055s] Level 1:colcon.colcon_core.environment:checking '/home/utk/aura_ws/install/aura_bringup/bin'
[1.056s] INFO:colcon.colcon_core.shell:Creating package script '/home/utk/aura_ws/install/aura_bringup/share/aura_bringup/package.ps1'
[1.056s] INFO:colcon.colcon_core.shell:Creating package descriptor '/home/utk/aura_ws/install/aura_bringup/share/aura_bringup/package.dsv'
[1.056s] INFO:colcon.colcon_core.shell:Creating package script '/home/utk/aura_ws/install/aura_bringup/share/aura_bringup/package.sh'
[1.056s] INFO:colcon.colcon_core.shell:Creating package script '/home/utk/aura_ws/install/aura_bringup/share/aura_bringup/package.bash'
[1.057s] INFO:colcon.colcon_core.shell:Creating package script '/home/utk/aura_ws/install/aura_bringup/share/aura_bringup/package.zsh'
[1.057s] Level 1:colcon.colcon_core.environment:create_file_with_runtime_dependencies(/home/utk/aura_ws/install/aura_bringup/share/colcon-core/packages/aura_bringup)
[1.057s] Level 1:colcon.colcon_core.environment:create_environment_scripts_only(aura_bringup)
[1.057s] Level 1:colcon.colcon_core.environment:checking '/home/utk/aura_ws/install/aura_bringup' for CMake module files
[1.058s] Level 1:colcon.colcon_core.environment:checking '/home/utk/aura_ws/install/aura_bringup' for CMake config files
[1.058s] Level 1:colcon.colcon_core.shell:create_environment_hook('aura_bringup', 'cmake_prefix_path')
[1.058s] INFO:colcon.colcon_core.shell:Creating environment hook '/home/utk/aura_ws/install/aura_bringup/share/aura_bringup/hook/cmake_prefix_path.ps1'
[1.058s] INFO:colcon.colcon_core.shell:Creating environment descriptor '/home/utk/aura_ws/install/aura_bringup/share/aura_bringup/hook/cmake_prefix_path.dsv'
[1.059s] INFO:colcon.colcon_core.shell:Creating environment hook '/home/utk/aura_ws/install/aura_bringup/share/aura_bringup/hook/cmake_prefix_path.sh'
[1.059s] Level 1:colcon.colcon_core.environment:checking '/home/utk/aura_ws/install/aura_bringup/bin'
[1.059s] Level 1:colcon.colcon_core.environment:checking '/home/utk/aura_ws/install/aura_bringup/lib/pkgconfig/aura_bringup.pc'
[1.059s] Level 1:colcon.colcon_core.environment:checking '/home/utk/aura_ws/install/aura_bringup/lib/python3.10/site-packages'
[1.059s] Level 1:colcon.colcon_core.environment:checking '/home/utk/aura_ws/install/aura_bringup/bin'
[1.060s] INFO:colcon.colcon_core.shell:Creating package script '/home/utk/aura_ws/install/aura_bringup/share/aura_bringup/package.ps1'
[1.060s] INFO:colcon.colcon_core.shell:Creating package descriptor '/home/utk/aura_ws/install/aura_bringup/share/aura_bringup/package.dsv'
[1.060s] INFO:colcon.colcon_core.shell:Creating package script '/home/utk/aura_ws/install/aura_bringup/share/aura_bringup/package.sh'
[1.061s] INFO:colcon.colcon_core.shell:Creating package script '/home/utk/aura_ws/install/aura_bringup/share/aura_bringup/package.bash'
[1.061s] INFO:colcon.colcon_core.shell:Creating package script '/home/utk/aura_ws/install/aura_bringup/share/aura_bringup/package.zsh'
[1.061s] Level 1:colcon.colcon_core.environment:create_file_with_runtime_dependencies(/home/utk/aura_ws/install/aura_bringup/share/colcon-core/packages/aura_bringup)
[1.061s] DEBUG:colcon.colcon_parallel_executor.executor.parallel:closing loop
[1.062s] DEBUG:colcon.colcon_parallel_executor.executor.parallel:loop closed
[1.062s] DEBUG:colcon.colcon_parallel_executor.executor.parallel:run_until_complete finished with '0'
[1.062s] DEBUG:colcon.colcon_core.event_reactor:joining thread
[1.066s] INFO:colcon.colcon_core.plugin_system:Skipping extension 'colcon_notification.desktop_notification.terminal_notifier': Not used on non-Darwin systems
[1.066s] INFO:colcon.colcon_core.plugin_system:Skipping extension 'colcon_notification.desktop_notification.win32': Not used on non-Windows systems
[1.066s] INFO:colcon.colcon_notification.desktop_notification:Sending desktop notification using 'notify2'
[1.074s] DEBUG:colcon.colcon_core.event_reactor:joined thread
[1.074s] INFO:colcon.colcon_core.shell:Creating prefix script '/home/utk/aura_ws/install/local_setup.ps1'
[1.075s] INFO:colcon.colcon_core.shell:Creating prefix util module '/home/utk/aura_ws/install/_local_setup_util_ps1.py'
[1.076s] INFO:colcon.colcon_core.shell:Creating prefix chain script '/home/utk/aura_ws/install/setup.ps1'
[1.077s] INFO:colcon.colcon_core.shell:Creating prefix script '/home/utk/aura_ws/install/local_setup.sh'
[1.078s] INFO:colcon.colcon_core.shell:Creating prefix util module '/home/utk/aura_ws/install/_local_setup_util_sh.py'
[1.078s] INFO:colcon.colcon_core.shell:Creating prefix chain script '/home/utk/aura_ws/install/setup.sh'
[1.079s] INFO:colcon.colcon_core.shell:Creating prefix script '/home/utk/aura_ws/install/local_setup.bash'
[1.080s] INFO:colcon.colcon_core.shell:Creating prefix chain script '/home/utk/aura_ws/install/setup.bash'
[1.081s] INFO:colcon.colcon_core.shell:Creating prefix script '/home/utk/aura_ws/install/local_setup.zsh'
[1.081s] INFO:colcon.colcon_core.shell:Creating prefix chain script '/home/utk/aura_ws/install/setup.zsh'
