[0.022s] Invoking command in '/home/utk/aura_ws/build/aura_navigation': CMAKE_PREFIX_PATH=${CMAKE_PREFIX_PATH}:/home/utk/aura_ws/install/aura_vision:/home/utk/aura_ws/install/aura_script:/home/utk/bumperbot_ws/install/bumperbot_vision:/home/utk/bumperbot_ws/install/bumperbot_py_examples:/opt/ros/humble /usr/bin/cmake /home/utk/aura_ws/src/aura_navigation -DCMAKE_INSTALL_PREFIX=/home/utk/aura_ws/install/aura_navigation
[0.330s] -- The C compiler identification is GNU 11.4.0
[0.330s] -- The CXX compiler identification is GNU 11.4.0
[0.330s] -- Detecting C compiler ABI info
[0.330s] -- Detecting C compiler ABI info - done
[0.330s] -- Check for working C compiler: /usr/bin/cc - skipped
[0.330s] -- Detecting C compile features
[0.330s] -- Detecting C compile features - done
[0.330s] -- Detecting CXX compiler ABI info
[0.330s] -- Detecting CXX compiler ABI info - done
[0.330s] -- Check for working CXX compiler: /usr/bin/c++ - skipped
[0.330s] -- Detecting CXX compile features
[0.330s] -- Detecting CXX compile features - done
[0.330s] -- Found ament_cmake: 1.3.11 (/opt/ros/humble/share/ament_cmake/cmake)
[0.507s] -- Found Python3: /usr/bin/python3 (found version "3.10.12") found components: Interpreter 
[0.633s] -- Found rclpy: 3.3.15 (/opt/ros/humble/share/rclpy/cmake)
[0.738s] -- Found ament_lint_auto: 0.12.11 (/opt/ros/humble/share/ament_lint_auto/cmake)
[0.840s] -- Added test 'flake8' to check Python code syntax and style conventions
[0.841s] -- Added test 'lint_cmake' to check CMake code style
[0.843s] -- Added test 'pep257' to check Python code against some of the docstring style conventions in PEP 257
[0.844s] -- Added test 'xmllint' to check XML markup files
[0.846s] -- Configuring done
[0.849s] -- Generating done
[0.852s] -- Build files have been written to: /home/utk/aura_ws/build/aura_navigation
[0.857s] Invoked command in '/home/utk/aura_ws/build/aura_navigation' returned '0': CMAKE_PREFIX_PATH=${CMAKE_PREFIX_PATH}:/home/utk/aura_ws/install/aura_vision:/home/utk/aura_ws/install/aura_script:/home/utk/bumperbot_ws/install/bumperbot_vision:/home/utk/bumperbot_ws/install/bumperbot_py_examples:/opt/ros/humble /usr/bin/cmake /home/utk/aura_ws/src/aura_navigation -DCMAKE_INSTALL_PREFIX=/home/utk/aura_ws/install/aura_navigation
[0.860s] Invoking command in '/home/utk/aura_ws/build/aura_navigation': CMAKE_PREFIX_PATH=${CMAKE_PREFIX_PATH}:/home/utk/aura_ws/install/aura_vision:/home/utk/aura_ws/install/aura_script:/home/utk/bumperbot_ws/install/bumperbot_vision:/home/utk/bumperbot_ws/install/bumperbot_py_examples:/opt/ros/humble /usr/bin/cmake --build /home/utk/aura_ws/build/aura_navigation -- -j16 -l16
[0.929s] Built target ament_cmake_python_copy_aura_navigation
[1.268s] running egg_info
[1.268s] creating aura_navigation.egg-info
[1.268s] writing aura_navigation.egg-info/PKG-INFO
[1.268s] writing dependency_links to aura_navigation.egg-info/dependency_links.txt
[1.269s] writing top-level names to aura_navigation.egg-info/top_level.txt
[1.269s] writing manifest file 'aura_navigation.egg-info/SOURCES.txt'
[1.270s] reading manifest file 'aura_navigation.egg-info/SOURCES.txt'
[1.271s] writing manifest file 'aura_navigation.egg-info/SOURCES.txt'
[1.297s] Built target ament_cmake_python_build_aura_navigation_egg
