[0.065s] DEBUG:colcon:Command line arguments: ['/usr/bin/colcon', 'build', '--symlink-install']
[0.065s] DEBUG:colcon:Parsed command line arguments: Namespace(log_base=None, log_level=None, verb_name='build', build_base='build', install_base='install', merge_install=False, symlink_install=True, test_result_base=None, continue_on_error=False, executor='parallel', parallel_workers=16, event_handlers=None, ignore_user_meta=False, metas=['./colcon.meta'], base_paths=['.'], packages_ignore=None, packages_ignore_regex=None, paths=None, packages_up_to=None, packages_up_to_regex=None, packages_above=None, packages_above_and_dependencies=None, packages_above_depth=None, packages_select_by_dep=None, packages_skip_by_dep=None, packages_skip_up_to=None, packages_select_build_failed=False, packages_skip_build_finished=False, packages_select_test_failures=False, packages_skip_test_passed=False, packages_select=None, packages_skip=None, packages_select_regex=None, packages_skip_regex=None, packages_start=None, packages_end=None, allow_overriding=[], cmake_args=None, cmake_target=None, cmake_target_skip_unavailable=False, cmake_clean_cache=False, cmake_clean_first=False, cmake_force_configure=False, ament_cmake_args=None, catkin_cmake_args=None, catkin_skip_building_tests=False, verb_parser=<colcon_defaults.argument_parser.defaults.DefaultArgumentsDecorator object at 0x72d81655aec0>, verb_extension=<colcon_core.verb.build.BuildVerb object at 0x72d81669c220>, main=<bound method BuildVerb.main of <colcon_core.verb.build.BuildVerb object at 0x72d81669c220>>)
[0.181s] Level 1:colcon.colcon_core.package_discovery:discover_packages(colcon_meta) check parameters
[0.181s] Level 1:colcon.colcon_core.package_discovery:discover_packages(recursive) check parameters
[0.181s] Level 1:colcon.colcon_core.package_discovery:discover_packages(ignore) check parameters
[0.181s] Level 1:colcon.colcon_core.package_discovery:discover_packages(path) check parameters
[0.181s] Level 1:colcon.colcon_core.package_discovery:discover_packages(colcon_meta) discover
[0.181s] Level 1:colcon.colcon_core.package_discovery:discover_packages(recursive) discover
[0.181s] INFO:colcon.colcon_core.package_discovery:Crawling recursively for packages in '/home/utk/aura_ws'
[0.182s] Level 1:colcon.colcon_core.package_identification:_identify(.) by extensions ['ignore', 'ignore_ament_install']
[0.182s] Level 1:colcon.colcon_core.package_identification:_identify(.) by extension 'ignore'
[0.182s] Level 1:colcon.colcon_core.package_identification:_identify(.) by extension 'ignore_ament_install'
[0.182s] Level 1:colcon.colcon_core.package_identification:_identify(.) by extensions ['colcon_pkg']
[0.182s] Level 1:colcon.colcon_core.package_identification:_identify(.) by extension 'colcon_pkg'
[0.182s] Level 1:colcon.colcon_core.package_identification:_identify(.) by extensions ['colcon_meta']
[0.182s] Level 1:colcon.colcon_core.package_identification:_identify(.) by extension 'colcon_meta'
[0.182s] Level 1:colcon.colcon_core.package_identification:_identify(.) by extensions ['ros']
[0.182s] Level 1:colcon.colcon_core.package_identification:_identify(.) by extension 'ros'
[0.189s] Level 1:colcon.colcon_core.package_identification:_identify(.) by extensions ['cmake', 'python']
[0.189s] Level 1:colcon.colcon_core.package_identification:_identify(.) by extension 'cmake'
[0.189s] Level 1:colcon.colcon_core.package_identification:_identify(.) by extension 'python'
[0.189s] Level 1:colcon.colcon_core.package_identification:_identify(.) by extensions ['python_setup_py']
[0.189s] Level 1:colcon.colcon_core.package_identification:_identify(.) by extension 'python_setup_py'
[0.189s] Level 1:colcon.colcon_core.package_identification:_identify(build) by extensions ['ignore', 'ignore_ament_install']
[0.189s] Level 1:colcon.colcon_core.package_identification:_identify(build) by extension 'ignore'
[0.189s] Level 1:colcon.colcon_core.package_identification:_identify(build) ignored
[0.189s] Level 1:colcon.colcon_core.package_identification:_identify(install) by extensions ['ignore', 'ignore_ament_install']
[0.189s] Level 1:colcon.colcon_core.package_identification:_identify(install) by extension 'ignore'
[0.189s] Level 1:colcon.colcon_core.package_identification:_identify(install) ignored
[0.190s] Level 1:colcon.colcon_core.package_identification:_identify(log) by extensions ['ignore', 'ignore_ament_install']
[0.190s] Level 1:colcon.colcon_core.package_identification:_identify(log) by extension 'ignore'
[0.190s] Level 1:colcon.colcon_core.package_identification:_identify(log) ignored
[0.190s] Level 1:colcon.colcon_core.package_identification:_identify(src) by extensions ['ignore', 'ignore_ament_install']
[0.190s] Level 1:colcon.colcon_core.package_identification:_identify(src) by extension 'ignore'
[0.190s] Level 1:colcon.colcon_core.package_identification:_identify(src) by extension 'ignore_ament_install'
[0.190s] Level 1:colcon.colcon_core.package_identification:_identify(src) by extensions ['colcon_pkg']
[0.190s] Level 1:colcon.colcon_core.package_identification:_identify(src) by extension 'colcon_pkg'
[0.190s] Level 1:colcon.colcon_core.package_identification:_identify(src) by extensions ['colcon_meta']
[0.190s] Level 1:colcon.colcon_core.package_identification:_identify(src) by extension 'colcon_meta'
[0.190s] Level 1:colcon.colcon_core.package_identification:_identify(src) by extensions ['ros']
[0.190s] Level 1:colcon.colcon_core.package_identification:_identify(src) by extension 'ros'
[0.190s] Level 1:colcon.colcon_core.package_identification:_identify(src) by extensions ['cmake', 'python']
[0.190s] Level 1:colcon.colcon_core.package_identification:_identify(src) by extension 'cmake'
[0.190s] Level 1:colcon.colcon_core.package_identification:_identify(src) by extension 'python'
[0.190s] Level 1:colcon.colcon_core.package_identification:_identify(src) by extensions ['python_setup_py']
[0.190s] Level 1:colcon.colcon_core.package_identification:_identify(src) by extension 'python_setup_py'
[0.190s] Level 1:colcon.colcon_core.package_identification:_identify(src/aura_bringup) by extensions ['ignore', 'ignore_ament_install']
[0.190s] Level 1:colcon.colcon_core.package_identification:_identify(src/aura_bringup) by extension 'ignore'
[0.190s] Level 1:colcon.colcon_core.package_identification:_identify(src/aura_bringup) by extension 'ignore_ament_install'
[0.190s] Level 1:colcon.colcon_core.package_identification:_identify(src/aura_bringup) by extensions ['colcon_pkg']
[0.190s] Level 1:colcon.colcon_core.package_identification:_identify(src/aura_bringup) by extension 'colcon_pkg'
[0.190s] Level 1:colcon.colcon_core.package_identification:_identify(src/aura_bringup) by extensions ['colcon_meta']
[0.190s] Level 1:colcon.colcon_core.package_identification:_identify(src/aura_bringup) by extension 'colcon_meta'
[0.190s] Level 1:colcon.colcon_core.package_identification:_identify(src/aura_bringup) by extensions ['ros']
[0.190s] Level 1:colcon.colcon_core.package_identification:_identify(src/aura_bringup) by extension 'ros'
[0.197s] DEBUG:colcon.colcon_core.package_identification:Package 'src/aura_bringup' with type 'ros.ament_cmake' and name 'aura_bringup'
[0.197s] Level 1:colcon.colcon_core.package_identification:_identify(src/aura_controller) by extensions ['ignore', 'ignore_ament_install']
[0.197s] Level 1:colcon.colcon_core.package_identification:_identify(src/aura_controller) by extension 'ignore'
[0.197s] Level 1:colcon.colcon_core.package_identification:_identify(src/aura_controller) by extension 'ignore_ament_install'
[0.197s] Level 1:colcon.colcon_core.package_identification:_identify(src/aura_controller) by extensions ['colcon_pkg']
[0.197s] Level 1:colcon.colcon_core.package_identification:_identify(src/aura_controller) by extension 'colcon_pkg'
[0.197s] Level 1:colcon.colcon_core.package_identification:_identify(src/aura_controller) by extensions ['colcon_meta']
[0.197s] Level 1:colcon.colcon_core.package_identification:_identify(src/aura_controller) by extension 'colcon_meta'
[0.197s] Level 1:colcon.colcon_core.package_identification:_identify(src/aura_controller) by extensions ['ros']
[0.197s] Level 1:colcon.colcon_core.package_identification:_identify(src/aura_controller) by extension 'ros'
[0.198s] DEBUG:colcon.colcon_core.package_identification:Package 'src/aura_controller' with type 'ros.ament_cmake' and name 'aura_controller'
[0.198s] Level 1:colcon.colcon_core.package_identification:_identify(src/aura_description) by extensions ['ignore', 'ignore_ament_install']
[0.198s] Level 1:colcon.colcon_core.package_identification:_identify(src/aura_description) by extension 'ignore'
[0.198s] Level 1:colcon.colcon_core.package_identification:_identify(src/aura_description) by extension 'ignore_ament_install'
[0.198s] Level 1:colcon.colcon_core.package_identification:_identify(src/aura_description) by extensions ['colcon_pkg']
[0.198s] Level 1:colcon.colcon_core.package_identification:_identify(src/aura_description) by extension 'colcon_pkg'
[0.198s] Level 1:colcon.colcon_core.package_identification:_identify(src/aura_description) by extensions ['colcon_meta']
[0.198s] Level 1:colcon.colcon_core.package_identification:_identify(src/aura_description) by extension 'colcon_meta'
[0.198s] Level 1:colcon.colcon_core.package_identification:_identify(src/aura_description) by extensions ['ros']
[0.198s] Level 1:colcon.colcon_core.package_identification:_identify(src/aura_description) by extension 'ros'
[0.200s] DEBUG:colcon.colcon_core.package_identification:Package 'src/aura_description' with type 'ros.ament_cmake' and name 'aura_description'
[0.200s] Level 1:colcon.colcon_core.package_discovery:discover_packages(recursive) using defaults
[0.200s] Level 1:colcon.colcon_core.package_discovery:discover_packages(ignore) discover
[0.200s] Level 1:colcon.colcon_core.package_discovery:discover_packages(ignore) using defaults
[0.200s] Level 1:colcon.colcon_core.package_discovery:discover_packages(path) discover
[0.200s] Level 1:colcon.colcon_core.package_discovery:discover_packages(path) using defaults
[0.213s] Level 1:colcon.colcon_core.package_discovery:discover_packages(prefix_path) check parameters
[0.214s] Level 1:colcon.colcon_core.package_discovery:discover_packages(prefix_path) discover
[0.215s] DEBUG:colcon.colcon_installed_package_information.package_discovery:Found 3 installed packages in /home/utk/aura_ws/install
[0.215s] DEBUG:colcon.colcon_installed_package_information.package_discovery:Found 11 installed packages in /home/utk/bumperbot_ws/install
[0.216s] DEBUG:colcon.colcon_installed_package_information.package_discovery:Found 508 installed packages in /opt/ros/humble
[0.218s] Level 1:colcon.colcon_core.package_discovery:discover_packages(prefix_path) using defaults
[0.255s] Level 5:colcon.colcon_core.verb:set package 'aura_controller' build argument 'cmake_args' from command line to 'None'
[0.255s] Level 5:colcon.colcon_core.verb:set package 'aura_controller' build argument 'cmake_target' from command line to 'None'
[0.255s] Level 5:colcon.colcon_core.verb:set package 'aura_controller' build argument 'cmake_target_skip_unavailable' from command line to 'False'
[0.255s] Level 5:colcon.colcon_core.verb:set package 'aura_controller' build argument 'cmake_clean_cache' from command line to 'False'
[0.255s] Level 5:colcon.colcon_core.verb:set package 'aura_controller' build argument 'cmake_clean_first' from command line to 'False'
[0.255s] Level 5:colcon.colcon_core.verb:set package 'aura_controller' build argument 'cmake_force_configure' from command line to 'False'
[0.255s] Level 5:colcon.colcon_core.verb:set package 'aura_controller' build argument 'ament_cmake_args' from command line to 'None'
[0.255s] Level 5:colcon.colcon_core.verb:set package 'aura_controller' build argument 'catkin_cmake_args' from command line to 'None'
[0.255s] Level 5:colcon.colcon_core.verb:set package 'aura_controller' build argument 'catkin_skip_building_tests' from command line to 'False'
[0.255s] DEBUG:colcon.colcon_core.verb:Building package 'aura_controller' with the following arguments: {'ament_cmake_args': None, 'build_base': '/home/utk/aura_ws/build/aura_controller', 'catkin_cmake_args': None, 'catkin_skip_building_tests': False, 'cmake_args': None, 'cmake_clean_cache': False, 'cmake_clean_first': False, 'cmake_force_configure': False, 'cmake_target': None, 'cmake_target_skip_unavailable': False, 'install_base': '/home/utk/aura_ws/install/aura_controller', 'merge_install': False, 'path': '/home/utk/aura_ws/src/aura_controller', 'symlink_install': True, 'test_result_base': None}
[0.256s] Level 5:colcon.colcon_core.verb:set package 'aura_description' build argument 'cmake_args' from command line to 'None'
[0.256s] Level 5:colcon.colcon_core.verb:set package 'aura_description' build argument 'cmake_target' from command line to 'None'
[0.256s] Level 5:colcon.colcon_core.verb:set package 'aura_description' build argument 'cmake_target_skip_unavailable' from command line to 'False'
[0.256s] Level 5:colcon.colcon_core.verb:set package 'aura_description' build argument 'cmake_clean_cache' from command line to 'False'
[0.256s] Level 5:colcon.colcon_core.verb:set package 'aura_description' build argument 'cmake_clean_first' from command line to 'False'
[0.256s] Level 5:colcon.colcon_core.verb:set package 'aura_description' build argument 'cmake_force_configure' from command line to 'False'
[0.256s] Level 5:colcon.colcon_core.verb:set package 'aura_description' build argument 'ament_cmake_args' from command line to 'None'
[0.256s] Level 5:colcon.colcon_core.verb:set package 'aura_description' build argument 'catkin_cmake_args' from command line to 'None'
[0.256s] Level 5:colcon.colcon_core.verb:set package 'aura_description' build argument 'catkin_skip_building_tests' from command line to 'False'
[0.256s] DEBUG:colcon.colcon_core.verb:Building package 'aura_description' with the following arguments: {'ament_cmake_args': None, 'build_base': '/home/utk/aura_ws/build/aura_description', 'catkin_cmake_args': None, 'catkin_skip_building_tests': False, 'cmake_args': None, 'cmake_clean_cache': False, 'cmake_clean_first': False, 'cmake_force_configure': False, 'cmake_target': None, 'cmake_target_skip_unavailable': False, 'install_base': '/home/utk/aura_ws/install/aura_description', 'merge_install': False, 'path': '/home/utk/aura_ws/src/aura_description', 'symlink_install': True, 'test_result_base': None}
[0.256s] Level 5:colcon.colcon_core.verb:set package 'aura_bringup' build argument 'cmake_args' from command line to 'None'
[0.256s] Level 5:colcon.colcon_core.verb:set package 'aura_bringup' build argument 'cmake_target' from command line to 'None'
[0.256s] Level 5:colcon.colcon_core.verb:set package 'aura_bringup' build argument 'cmake_target_skip_unavailable' from command line to 'False'
[0.256s] Level 5:colcon.colcon_core.verb:set package 'aura_bringup' build argument 'cmake_clean_cache' from command line to 'False'
[0.256s] Level 5:colcon.colcon_core.verb:set package 'aura_bringup' build argument 'cmake_clean_first' from command line to 'False'
[0.256s] Level 5:colcon.colcon_core.verb:set package 'aura_bringup' build argument 'cmake_force_configure' from command line to 'False'
[0.256s] Level 5:colcon.colcon_core.verb:set package 'aura_bringup' build argument 'ament_cmake_args' from command line to 'None'
[0.256s] Level 5:colcon.colcon_core.verb:set package 'aura_bringup' build argument 'catkin_cmake_args' from command line to 'None'
[0.256s] Level 5:colcon.colcon_core.verb:set package 'aura_bringup' build argument 'catkin_skip_building_tests' from command line to 'False'
[0.256s] DEBUG:colcon.colcon_core.verb:Building package 'aura_bringup' with the following arguments: {'ament_cmake_args': None, 'build_base': '/home/utk/aura_ws/build/aura_bringup', 'catkin_cmake_args': None, 'catkin_skip_building_tests': False, 'cmake_args': None, 'cmake_clean_cache': False, 'cmake_clean_first': False, 'cmake_force_configure': False, 'cmake_target': None, 'cmake_target_skip_unavailable': False, 'install_base': '/home/utk/aura_ws/install/aura_bringup', 'merge_install': False, 'path': '/home/utk/aura_ws/src/aura_bringup', 'symlink_install': True, 'test_result_base': None}
[0.256s] INFO:colcon.colcon_core.executor:Executing jobs using 'parallel' executor
[0.257s] DEBUG:colcon.colcon_parallel_executor.executor.parallel:run_until_complete
[0.257s] INFO:colcon.colcon_ros.task.ament_cmake.build:Building ROS package in '/home/utk/aura_ws/src/aura_controller' with build type 'ament_cmake'
[0.257s] INFO:colcon.colcon_cmake.task.cmake.build:Building CMake package in '/home/utk/aura_ws/src/aura_controller'
[0.258s] INFO:colcon.colcon_core.plugin_system:Skipping extension 'colcon_core.shell.bat': Not used on non-Windows systems
[0.258s] INFO:colcon.colcon_core.shell:Skip shell extension 'powershell' for command environment: Not usable outside of PowerShell
[0.259s] DEBUG:colcon.colcon_core.shell:Skip shell extension 'dsv' for command environment
[0.262s] INFO:colcon.colcon_ros.task.ament_cmake.build:Building ROS package in '/home/utk/aura_ws/src/aura_description' with build type 'ament_cmake'
[0.262s] INFO:colcon.colcon_cmake.task.cmake.build:Building CMake package in '/home/utk/aura_ws/src/aura_description'
[0.262s] INFO:colcon.colcon_core.shell:Skip shell extension 'powershell' for command environment: Not usable outside of PowerShell
[0.262s] DEBUG:colcon.colcon_core.shell:Skip shell extension 'dsv' for command environment
[0.269s] DEBUG:colcon.colcon_core.event_handler.log_command:Invoking command in '/home/utk/aura_ws/build/aura_controller': CMAKE_PREFIX_PATH=${CMAKE_PREFIX_PATH}:/home/utk/bumperbot_ws/install/bumperbot_vision:/home/utk/bumperbot_ws/install/bumperbot_py_examples:/opt/ros/humble /usr/bin/cmake --build /home/utk/aura_ws/build/aura_controller -- -j16 -l16
[0.271s] DEBUG:colcon.colcon_core.event_handler.log_command:Invoking command in '/home/utk/aura_ws/build/aura_description': CMAKE_PREFIX_PATH=${CMAKE_PREFIX_PATH}:/home/utk/bumperbot_ws/install/bumperbot_vision:/home/utk/bumperbot_ws/install/bumperbot_py_examples:/opt/ros/humble /usr/bin/cmake --build /home/utk/aura_ws/build/aura_description -- -j16 -l16
[0.295s] DEBUG:colcon.colcon_core.event_handler.log_command:Invoked command in '/home/utk/aura_ws/build/aura_description' returned '0': CMAKE_PREFIX_PATH=${CMAKE_PREFIX_PATH}:/home/utk/bumperbot_ws/install/bumperbot_vision:/home/utk/bumperbot_ws/install/bumperbot_py_examples:/opt/ros/humble /usr/bin/cmake --build /home/utk/aura_ws/build/aura_description -- -j16 -l16
[0.301s] DEBUG:colcon.colcon_core.event_handler.log_command:Invoking command in '/home/utk/aura_ws/build/aura_description': CMAKE_PREFIX_PATH=${CMAKE_PREFIX_PATH}:/home/utk/bumperbot_ws/install/bumperbot_vision:/home/utk/bumperbot_ws/install/bumperbot_py_examples:/opt/ros/humble /usr/bin/cmake --install /home/utk/aura_ws/build/aura_description
[0.344s] Level 1:colcon.colcon_core.environment:create_environment_scripts_only(aura_description)
[0.344s] DEBUG:colcon.colcon_core.event_handler.log_command:Invoked command in '/home/utk/aura_ws/build/aura_description' returned '0': CMAKE_PREFIX_PATH=${CMAKE_PREFIX_PATH}:/home/utk/bumperbot_ws/install/bumperbot_vision:/home/utk/bumperbot_ws/install/bumperbot_py_examples:/opt/ros/humble /usr/bin/cmake --install /home/utk/aura_ws/build/aura_description
[0.345s] Level 1:colcon.colcon_core.environment:checking '/home/utk/aura_ws/install/aura_description' for CMake module files
[0.346s] Level 1:colcon.colcon_core.environment:checking '/home/utk/aura_ws/install/aura_description' for CMake config files
[0.346s] Level 1:colcon.colcon_core.shell:create_environment_hook('aura_description', 'cmake_prefix_path')
[0.346s] INFO:colcon.colcon_core.shell:Creating environment hook '/home/utk/aura_ws/install/aura_description/share/aura_description/hook/cmake_prefix_path.ps1'
[0.346s] INFO:colcon.colcon_core.shell:Creating environment descriptor '/home/utk/aura_ws/install/aura_description/share/aura_description/hook/cmake_prefix_path.dsv'
[0.347s] INFO:colcon.colcon_core.shell:Creating environment hook '/home/utk/aura_ws/install/aura_description/share/aura_description/hook/cmake_prefix_path.sh'
[0.347s] Level 1:colcon.colcon_core.environment:checking '/home/utk/aura_ws/install/aura_description/bin'
[0.347s] Level 1:colcon.colcon_core.environment:checking '/home/utk/aura_ws/install/aura_description/lib/pkgconfig/aura_description.pc'
[0.347s] Level 1:colcon.colcon_core.environment:checking '/home/utk/aura_ws/install/aura_description/lib/python3.10/site-packages'
[0.347s] Level 1:colcon.colcon_core.environment:checking '/home/utk/aura_ws/install/aura_description/bin'
[0.348s] INFO:colcon.colcon_core.shell:Creating package script '/home/utk/aura_ws/install/aura_description/share/aura_description/package.ps1'
[0.348s] INFO:colcon.colcon_core.shell:Creating package descriptor '/home/utk/aura_ws/install/aura_description/share/aura_description/package.dsv'
[0.349s] INFO:colcon.colcon_core.shell:Creating package script '/home/utk/aura_ws/install/aura_description/share/aura_description/package.sh'
[0.349s] INFO:colcon.colcon_core.shell:Creating package script '/home/utk/aura_ws/install/aura_description/share/aura_description/package.bash'
[0.349s] INFO:colcon.colcon_core.shell:Creating package script '/home/utk/aura_ws/install/aura_description/share/aura_description/package.zsh'
[0.350s] Level 1:colcon.colcon_core.environment:create_file_with_runtime_dependencies(/home/utk/aura_ws/install/aura_description/share/colcon-core/packages/aura_description)
[0.350s] Level 1:colcon.colcon_core.environment:create_environment_scripts_only(aura_description)
[0.350s] Level 1:colcon.colcon_core.environment:checking '/home/utk/aura_ws/install/aura_description' for CMake module files
[0.351s] Level 1:colcon.colcon_core.environment:checking '/home/utk/aura_ws/install/aura_description' for CMake config files
[0.351s] Level 1:colcon.colcon_core.shell:create_environment_hook('aura_description', 'cmake_prefix_path')
[0.351s] INFO:colcon.colcon_core.shell:Creating environment hook '/home/utk/aura_ws/install/aura_description/share/aura_description/hook/cmake_prefix_path.ps1'
[0.351s] INFO:colcon.colcon_core.shell:Creating environment descriptor '/home/utk/aura_ws/install/aura_description/share/aura_description/hook/cmake_prefix_path.dsv'
[0.351s] INFO:colcon.colcon_core.shell:Creating environment hook '/home/utk/aura_ws/install/aura_description/share/aura_description/hook/cmake_prefix_path.sh'
[0.351s] Level 1:colcon.colcon_core.environment:checking '/home/utk/aura_ws/install/aura_description/bin'
[0.352s] Level 1:colcon.colcon_core.environment:checking '/home/utk/aura_ws/install/aura_description/lib/pkgconfig/aura_description.pc'
[0.352s] Level 1:colcon.colcon_core.environment:checking '/home/utk/aura_ws/install/aura_description/lib/python3.10/site-packages'
[0.352s] Level 1:colcon.colcon_core.environment:checking '/home/utk/aura_ws/install/aura_description/bin'
[0.352s] INFO:colcon.colcon_core.shell:Creating package script '/home/utk/aura_ws/install/aura_description/share/aura_description/package.ps1'
[0.352s] INFO:colcon.colcon_core.shell:Creating package descriptor '/home/utk/aura_ws/install/aura_description/share/aura_description/package.dsv'
[0.352s] INFO:colcon.colcon_core.shell:Creating package script '/home/utk/aura_ws/install/aura_description/share/aura_description/package.sh'
[0.353s] INFO:colcon.colcon_core.shell:Creating package script '/home/utk/aura_ws/install/aura_description/share/aura_description/package.bash'
[0.353s] INFO:colcon.colcon_core.shell:Creating package script '/home/utk/aura_ws/install/aura_description/share/aura_description/package.zsh'
[0.353s] Level 1:colcon.colcon_core.environment:create_file_with_runtime_dependencies(/home/utk/aura_ws/install/aura_description/share/colcon-core/packages/aura_description)
[0.754s] DEBUG:colcon.colcon_core.event_handler.log_command:Invoked command in '/home/utk/aura_ws/build/aura_controller' returned '0': CMAKE_PREFIX_PATH=${CMAKE_PREFIX_PATH}:/home/utk/bumperbot_ws/install/bumperbot_vision:/home/utk/bumperbot_ws/install/bumperbot_py_examples:/opt/ros/humble /usr/bin/cmake --build /home/utk/aura_ws/build/aura_controller -- -j16 -l16
[0.756s] DEBUG:colcon.colcon_core.event_handler.log_command:Invoking command in '/home/utk/aura_ws/build/aura_controller': CMAKE_PREFIX_PATH=${CMAKE_PREFIX_PATH}:/home/utk/bumperbot_ws/install/bumperbot_vision:/home/utk/bumperbot_ws/install/bumperbot_py_examples:/opt/ros/humble /usr/bin/cmake --install /home/utk/aura_ws/build/aura_controller
[0.798s] Level 1:colcon.colcon_core.environment:create_environment_scripts_only(aura_controller)
[0.798s] Level 1:colcon.colcon_core.environment:checking '/home/utk/aura_ws/install/aura_controller' for CMake module files
[0.799s] DEBUG:colcon.colcon_core.event_handler.log_command:Invoked command in '/home/utk/aura_ws/build/aura_controller' returned '0': CMAKE_PREFIX_PATH=${CMAKE_PREFIX_PATH}:/home/utk/bumperbot_ws/install/bumperbot_vision:/home/utk/bumperbot_ws/install/bumperbot_py_examples:/opt/ros/humble /usr/bin/cmake --install /home/utk/aura_ws/build/aura_controller
[0.799s] Level 1:colcon.colcon_core.environment:checking '/home/utk/aura_ws/install/aura_controller' for CMake config files
[0.799s] Level 1:colcon.colcon_core.shell:create_environment_hook('aura_controller', 'cmake_prefix_path')
[0.800s] INFO:colcon.colcon_core.shell:Creating environment hook '/home/utk/aura_ws/install/aura_controller/share/aura_controller/hook/cmake_prefix_path.ps1'
[0.800s] INFO:colcon.colcon_core.shell:Creating environment descriptor '/home/utk/aura_ws/install/aura_controller/share/aura_controller/hook/cmake_prefix_path.dsv'
[0.800s] INFO:colcon.colcon_core.shell:Creating environment hook '/home/utk/aura_ws/install/aura_controller/share/aura_controller/hook/cmake_prefix_path.sh'
[0.801s] Level 1:colcon.colcon_core.environment:checking '/home/utk/aura_ws/install/aura_controller/lib'
[0.801s] Level 1:colcon.colcon_core.environment:checking '/home/utk/aura_ws/install/aura_controller/bin'
[0.801s] Level 1:colcon.colcon_core.environment:checking '/home/utk/aura_ws/install/aura_controller/lib/pkgconfig/aura_controller.pc'
[0.801s] Level 1:colcon.colcon_core.environment:checking '/home/utk/aura_ws/install/aura_controller/lib/python3.10/site-packages'
[0.801s] Level 1:colcon.colcon_core.environment:checking '/home/utk/aura_ws/install/aura_controller/bin'
[0.801s] INFO:colcon.colcon_core.shell:Creating package script '/home/utk/aura_ws/install/aura_controller/share/aura_controller/package.ps1'
[0.802s] INFO:colcon.colcon_core.shell:Creating package descriptor '/home/utk/aura_ws/install/aura_controller/share/aura_controller/package.dsv'
[0.802s] INFO:colcon.colcon_core.shell:Creating package script '/home/utk/aura_ws/install/aura_controller/share/aura_controller/package.sh'
[0.802s] INFO:colcon.colcon_core.shell:Creating package script '/home/utk/aura_ws/install/aura_controller/share/aura_controller/package.bash'
[0.802s] INFO:colcon.colcon_core.shell:Creating package script '/home/utk/aura_ws/install/aura_controller/share/aura_controller/package.zsh'
[0.803s] Level 1:colcon.colcon_core.environment:create_file_with_runtime_dependencies(/home/utk/aura_ws/install/aura_controller/share/colcon-core/packages/aura_controller)
[0.803s] Level 1:colcon.colcon_core.environment:create_environment_scripts_only(aura_controller)
[0.803s] Level 1:colcon.colcon_core.environment:checking '/home/utk/aura_ws/install/aura_controller' for CMake module files
[0.803s] Level 1:colcon.colcon_core.environment:checking '/home/utk/aura_ws/install/aura_controller' for CMake config files
[0.804s] Level 1:colcon.colcon_core.shell:create_environment_hook('aura_controller', 'cmake_prefix_path')
[0.804s] INFO:colcon.colcon_core.shell:Creating environment hook '/home/utk/aura_ws/install/aura_controller/share/aura_controller/hook/cmake_prefix_path.ps1'
[0.804s] INFO:colcon.colcon_core.shell:Creating environment descriptor '/home/utk/aura_ws/install/aura_controller/share/aura_controller/hook/cmake_prefix_path.dsv'
[0.804s] INFO:colcon.colcon_core.shell:Creating environment hook '/home/utk/aura_ws/install/aura_controller/share/aura_controller/hook/cmake_prefix_path.sh'
[0.804s] Level 1:colcon.colcon_core.environment:checking '/home/utk/aura_ws/install/aura_controller/lib'
[0.804s] Level 1:colcon.colcon_core.environment:checking '/home/utk/aura_ws/install/aura_controller/bin'
[0.805s] Level 1:colcon.colcon_core.environment:checking '/home/utk/aura_ws/install/aura_controller/lib/pkgconfig/aura_controller.pc'
[0.805s] Level 1:colcon.colcon_core.environment:checking '/home/utk/aura_ws/install/aura_controller/lib/python3.10/site-packages'
[0.805s] Level 1:colcon.colcon_core.environment:checking '/home/utk/aura_ws/install/aura_controller/bin'
[0.805s] INFO:colcon.colcon_core.shell:Creating package script '/home/utk/aura_ws/install/aura_controller/share/aura_controller/package.ps1'
[0.805s] INFO:colcon.colcon_core.shell:Creating package descriptor '/home/utk/aura_ws/install/aura_controller/share/aura_controller/package.dsv'
[0.806s] INFO:colcon.colcon_core.shell:Creating package script '/home/utk/aura_ws/install/aura_controller/share/aura_controller/package.sh'
[0.806s] INFO:colcon.colcon_core.shell:Creating package script '/home/utk/aura_ws/install/aura_controller/share/aura_controller/package.bash'
[0.806s] INFO:colcon.colcon_core.shell:Creating package script '/home/utk/aura_ws/install/aura_controller/share/aura_controller/package.zsh'
[0.806s] Level 1:colcon.colcon_core.environment:create_file_with_runtime_dependencies(/home/utk/aura_ws/install/aura_controller/share/colcon-core/packages/aura_controller)
[0.807s] INFO:colcon.colcon_ros.task.ament_cmake.build:Building ROS package in '/home/utk/aura_ws/src/aura_bringup' with build type 'ament_cmake'
[0.807s] INFO:colcon.colcon_cmake.task.cmake.build:Building CMake package in '/home/utk/aura_ws/src/aura_bringup'
[0.807s] INFO:colcon.colcon_core.shell:Skip shell extension 'powershell' for command environment: Not usable outside of PowerShell
[0.807s] DEBUG:colcon.colcon_core.shell:Skip shell extension 'dsv' for command environment
[0.814s] DEBUG:colcon.colcon_core.event_handler.log_command:Invoking command in '/home/utk/aura_ws/build/aura_bringup': CMAKE_PREFIX_PATH=/home/utk/aura_ws/install/aura_description:/home/utk/aura_ws/install/aura_controller:/home/utk/aura_ws/install/aura_bringup:/home/utk/bumperbot_ws/install/bumperbot_utils:/home/utk/bumperbot_ws/install/bumperbot_cpp_examples:/home/utk/bumperbot_ws/install/bumperbot_msgs:/home/utk/bumperbot_ws/install/bumperbot_bringup:/home/utk/bumperbot_ws/install/bumperbot_mapping:/home/utk/bumperbot_ws/install/bumperbot_localization:/home/utk/bumperbot_ws/install/bumperbot_firmware:/home/utk/bumperbot_ws/install/bumperbot_description:/home/utk/bumperbot_ws/install/bumperbot_controller:/home/utk/bumperbot_ws/install/bumperbot_vision:/home/utk/bumperbot_ws/install/bumperbot_py_examples:/opt/ros/humble /usr/bin/cmake --build /home/utk/aura_ws/build/aura_bringup -- -j16 -l16
[0.839s] DEBUG:colcon.colcon_core.event_handler.log_command:Invoked command in '/home/utk/aura_ws/build/aura_bringup' returned '0': CMAKE_PREFIX_PATH=/home/utk/aura_ws/install/aura_description:/home/utk/aura_ws/install/aura_controller:/home/utk/aura_ws/install/aura_bringup:/home/utk/bumperbot_ws/install/bumperbot_utils:/home/utk/bumperbot_ws/install/bumperbot_cpp_examples:/home/utk/bumperbot_ws/install/bumperbot_msgs:/home/utk/bumperbot_ws/install/bumperbot_bringup:/home/utk/bumperbot_ws/install/bumperbot_mapping:/home/utk/bumperbot_ws/install/bumperbot_localization:/home/utk/bumperbot_ws/install/bumperbot_firmware:/home/utk/bumperbot_ws/install/bumperbot_description:/home/utk/bumperbot_ws/install/bumperbot_controller:/home/utk/bumperbot_ws/install/bumperbot_vision:/home/utk/bumperbot_ws/install/bumperbot_py_examples:/opt/ros/humble /usr/bin/cmake --build /home/utk/aura_ws/build/aura_bringup -- -j16 -l16
[0.840s] DEBUG:colcon.colcon_core.event_handler.log_command:Invoking command in '/home/utk/aura_ws/build/aura_bringup': CMAKE_PREFIX_PATH=/home/utk/aura_ws/install/aura_description:/home/utk/aura_ws/install/aura_controller:/home/utk/aura_ws/install/aura_bringup:/home/utk/bumperbot_ws/install/bumperbot_utils:/home/utk/bumperbot_ws/install/bumperbot_cpp_examples:/home/utk/bumperbot_ws/install/bumperbot_msgs:/home/utk/bumperbot_ws/install/bumperbot_bringup:/home/utk/bumperbot_ws/install/bumperbot_mapping:/home/utk/bumperbot_ws/install/bumperbot_localization:/home/utk/bumperbot_ws/install/bumperbot_firmware:/home/utk/bumperbot_ws/install/bumperbot_description:/home/utk/bumperbot_ws/install/bumperbot_controller:/home/utk/bumperbot_ws/install/bumperbot_vision:/home/utk/bumperbot_ws/install/bumperbot_py_examples:/opt/ros/humble /usr/bin/cmake --install /home/utk/aura_ws/build/aura_bringup
[0.852s] Level 1:colcon.colcon_core.environment:create_environment_scripts_only(aura_bringup)
[0.853s] Level 1:colcon.colcon_core.environment:checking '/home/utk/aura_ws/install/aura_bringup' for CMake module files
[0.853s] DEBUG:colcon.colcon_core.event_handler.log_command:Invoked command in '/home/utk/aura_ws/build/aura_bringup' returned '0': CMAKE_PREFIX_PATH=/home/utk/aura_ws/install/aura_description:/home/utk/aura_ws/install/aura_controller:/home/utk/aura_ws/install/aura_bringup:/home/utk/bumperbot_ws/install/bumperbot_utils:/home/utk/bumperbot_ws/install/bumperbot_cpp_examples:/home/utk/bumperbot_ws/install/bumperbot_msgs:/home/utk/bumperbot_ws/install/bumperbot_bringup:/home/utk/bumperbot_ws/install/bumperbot_mapping:/home/utk/bumperbot_ws/install/bumperbot_localization:/home/utk/bumperbot_ws/install/bumperbot_firmware:/home/utk/bumperbot_ws/install/bumperbot_description:/home/utk/bumperbot_ws/install/bumperbot_controller:/home/utk/bumperbot_ws/install/bumperbot_vision:/home/utk/bumperbot_ws/install/bumperbot_py_examples:/opt/ros/humble /usr/bin/cmake --install /home/utk/aura_ws/build/aura_bringup
[0.853s] Level 1:colcon.colcon_core.environment:checking '/home/utk/aura_ws/install/aura_bringup' for CMake config files
[0.853s] Level 1:colcon.colcon_core.shell:create_environment_hook('aura_bringup', 'cmake_prefix_path')
[0.853s] INFO:colcon.colcon_core.shell:Creating environment hook '/home/utk/aura_ws/install/aura_bringup/share/aura_bringup/hook/cmake_prefix_path.ps1'
[0.854s] INFO:colcon.colcon_core.shell:Creating environment descriptor '/home/utk/aura_ws/install/aura_bringup/share/aura_bringup/hook/cmake_prefix_path.dsv'
[0.854s] INFO:colcon.colcon_core.shell:Creating environment hook '/home/utk/aura_ws/install/aura_bringup/share/aura_bringup/hook/cmake_prefix_path.sh'
[0.854s] Level 1:colcon.colcon_core.environment:checking '/home/utk/aura_ws/install/aura_bringup/bin'
[0.854s] Level 1:colcon.colcon_core.environment:checking '/home/utk/aura_ws/install/aura_bringup/lib/pkgconfig/aura_bringup.pc'
[0.855s] Level 1:colcon.colcon_core.environment:checking '/home/utk/aura_ws/install/aura_bringup/lib/python3.10/site-packages'
[0.855s] Level 1:colcon.colcon_core.environment:checking '/home/utk/aura_ws/install/aura_bringup/bin'
[0.855s] INFO:colcon.colcon_core.shell:Creating package script '/home/utk/aura_ws/install/aura_bringup/share/aura_bringup/package.ps1'
[0.855s] INFO:colcon.colcon_core.shell:Creating package descriptor '/home/utk/aura_ws/install/aura_bringup/share/aura_bringup/package.dsv'
[0.855s] INFO:colcon.colcon_core.shell:Creating package script '/home/utk/aura_ws/install/aura_bringup/share/aura_bringup/package.sh'
[0.856s] INFO:colcon.colcon_core.shell:Creating package script '/home/utk/aura_ws/install/aura_bringup/share/aura_bringup/package.bash'
[0.856s] INFO:colcon.colcon_core.shell:Creating package script '/home/utk/aura_ws/install/aura_bringup/share/aura_bringup/package.zsh'
[0.856s] Level 1:colcon.colcon_core.environment:create_file_with_runtime_dependencies(/home/utk/aura_ws/install/aura_bringup/share/colcon-core/packages/aura_bringup)
[0.856s] Level 1:colcon.colcon_core.environment:create_environment_scripts_only(aura_bringup)
[0.856s] Level 1:colcon.colcon_core.environment:checking '/home/utk/aura_ws/install/aura_bringup' for CMake module files
[0.857s] Level 1:colcon.colcon_core.environment:checking '/home/utk/aura_ws/install/aura_bringup' for CMake config files
[0.857s] Level 1:colcon.colcon_core.shell:create_environment_hook('aura_bringup', 'cmake_prefix_path')
[0.857s] INFO:colcon.colcon_core.shell:Creating environment hook '/home/utk/aura_ws/install/aura_bringup/share/aura_bringup/hook/cmake_prefix_path.ps1'
[0.857s] INFO:colcon.colcon_core.shell:Creating environment descriptor '/home/utk/aura_ws/install/aura_bringup/share/aura_bringup/hook/cmake_prefix_path.dsv'
[0.857s] INFO:colcon.colcon_core.shell:Creating environment hook '/home/utk/aura_ws/install/aura_bringup/share/aura_bringup/hook/cmake_prefix_path.sh'
[0.858s] Level 1:colcon.colcon_core.environment:checking '/home/utk/aura_ws/install/aura_bringup/bin'
[0.858s] Level 1:colcon.colcon_core.environment:checking '/home/utk/aura_ws/install/aura_bringup/lib/pkgconfig/aura_bringup.pc'
[0.858s] Level 1:colcon.colcon_core.environment:checking '/home/utk/aura_ws/install/aura_bringup/lib/python3.10/site-packages'
[0.858s] Level 1:colcon.colcon_core.environment:checking '/home/utk/aura_ws/install/aura_bringup/bin'
[0.858s] INFO:colcon.colcon_core.shell:Creating package script '/home/utk/aura_ws/install/aura_bringup/share/aura_bringup/package.ps1'
[0.858s] INFO:colcon.colcon_core.shell:Creating package descriptor '/home/utk/aura_ws/install/aura_bringup/share/aura_bringup/package.dsv'
[0.859s] INFO:colcon.colcon_core.shell:Creating package script '/home/utk/aura_ws/install/aura_bringup/share/aura_bringup/package.sh'
[0.859s] INFO:colcon.colcon_core.shell:Creating package script '/home/utk/aura_ws/install/aura_bringup/share/aura_bringup/package.bash'
[0.859s] INFO:colcon.colcon_core.shell:Creating package script '/home/utk/aura_ws/install/aura_bringup/share/aura_bringup/package.zsh'
[0.859s] Level 1:colcon.colcon_core.environment:create_file_with_runtime_dependencies(/home/utk/aura_ws/install/aura_bringup/share/colcon-core/packages/aura_bringup)
[0.860s] DEBUG:colcon.colcon_parallel_executor.executor.parallel:closing loop
[0.860s] DEBUG:colcon.colcon_parallel_executor.executor.parallel:loop closed
[0.860s] DEBUG:colcon.colcon_parallel_executor.executor.parallel:run_until_complete finished with '0'
[0.860s] DEBUG:colcon.colcon_core.event_reactor:joining thread
[0.863s] INFO:colcon.colcon_core.plugin_system:Skipping extension 'colcon_notification.desktop_notification.terminal_notifier': Not used on non-Darwin systems
[0.863s] INFO:colcon.colcon_core.plugin_system:Skipping extension 'colcon_notification.desktop_notification.win32': Not used on non-Windows systems
[0.863s] INFO:colcon.colcon_notification.desktop_notification:Sending desktop notification using 'notify2'
[0.870s] DEBUG:colcon.colcon_core.event_reactor:joined thread
[0.870s] INFO:colcon.colcon_core.shell:Creating prefix script '/home/utk/aura_ws/install/local_setup.ps1'
[0.871s] INFO:colcon.colcon_core.shell:Creating prefix util module '/home/utk/aura_ws/install/_local_setup_util_ps1.py'
[0.872s] INFO:colcon.colcon_core.shell:Creating prefix chain script '/home/utk/aura_ws/install/setup.ps1'
[0.873s] INFO:colcon.colcon_core.shell:Creating prefix script '/home/utk/aura_ws/install/local_setup.sh'
[0.873s] INFO:colcon.colcon_core.shell:Creating prefix util module '/home/utk/aura_ws/install/_local_setup_util_sh.py'
[0.873s] INFO:colcon.colcon_core.shell:Creating prefix chain script '/home/utk/aura_ws/install/setup.sh'
[0.874s] INFO:colcon.colcon_core.shell:Creating prefix script '/home/utk/aura_ws/install/local_setup.bash'
[0.875s] INFO:colcon.colcon_core.shell:Creating prefix chain script '/home/utk/aura_ws/install/setup.bash'
[0.876s] INFO:colcon.colcon_core.shell:Creating prefix script '/home/utk/aura_ws/install/local_setup.zsh'
[0.876s] INFO:colcon.colcon_core.shell:Creating prefix chain script '/home/utk/aura_ws/install/setup.zsh'
