[0.072s] DEBUG:colcon:Command line arguments: ['/usr/bin/colcon', 'build', '--symlink-install']
[0.072s] DEBUG:colcon:Parsed command line arguments: Namespace(log_base=None, log_level=None, verb_name='build', build_base='build', install_base='install', merge_install=False, symlink_install=True, test_result_base=None, continue_on_error=False, executor='parallel', parallel_workers=16, event_handlers=None, ignore_user_meta=False, metas=['./colcon.meta'], base_paths=['.'], packages_ignore=None, packages_ignore_regex=None, paths=None, packages_up_to=None, packages_up_to_regex=None, packages_above=None, packages_above_and_dependencies=None, packages_above_depth=None, packages_select_by_dep=None, packages_skip_by_dep=None, packages_skip_up_to=None, packages_select_build_failed=False, packages_skip_build_finished=False, packages_select_test_failures=False, packages_skip_test_passed=False, packages_select=None, packages_skip=None, packages_select_regex=None, packages_skip_regex=None, packages_start=None, packages_end=None, allow_overriding=[], cmake_args=None, cmake_target=None, cmake_target_skip_unavailable=False, cmake_clean_cache=False, cmake_clean_first=False, cmake_force_configure=False, ament_cmake_args=None, catkin_cmake_args=None, catkin_skip_building_tests=False, verb_parser=<colcon_defaults.argument_parser.defaults.DefaultArgumentsDecorator object at 0x7bf47b9ff160>, verb_extension=<colcon_core.verb.build.BuildVerb object at 0x7bf47bb8c550>, main=<bound method BuildVerb.main of <colcon_core.verb.build.BuildVerb object at 0x7bf47bb8c550>>)
[0.195s] Level 1:colcon.colcon_core.package_discovery:discover_packages(colcon_meta) check parameters
[0.195s] Level 1:colcon.colcon_core.package_discovery:discover_packages(recursive) check parameters
[0.195s] Level 1:colcon.colcon_core.package_discovery:discover_packages(ignore) check parameters
[0.195s] Level 1:colcon.colcon_core.package_discovery:discover_packages(path) check parameters
[0.195s] Level 1:colcon.colcon_core.package_discovery:discover_packages(colcon_meta) discover
[0.195s] Level 1:colcon.colcon_core.package_discovery:discover_packages(recursive) discover
[0.195s] INFO:colcon.colcon_core.package_discovery:Crawling recursively for packages in '/home/utk/aura_ws'
[0.195s] Level 1:colcon.colcon_core.package_identification:_identify(.) by extensions ['ignore', 'ignore_ament_install']
[0.195s] Level 1:colcon.colcon_core.package_identification:_identify(.) by extension 'ignore'
[0.195s] Level 1:colcon.colcon_core.package_identification:_identify(.) by extension 'ignore_ament_install'
[0.195s] Level 1:colcon.colcon_core.package_identification:_identify(.) by extensions ['colcon_pkg']
[0.195s] Level 1:colcon.colcon_core.package_identification:_identify(.) by extension 'colcon_pkg'
[0.195s] Level 1:colcon.colcon_core.package_identification:_identify(.) by extensions ['colcon_meta']
[0.195s] Level 1:colcon.colcon_core.package_identification:_identify(.) by extension 'colcon_meta'
[0.195s] Level 1:colcon.colcon_core.package_identification:_identify(.) by extensions ['ros']
[0.195s] Level 1:colcon.colcon_core.package_identification:_identify(.) by extension 'ros'
[0.203s] Level 1:colcon.colcon_core.package_identification:_identify(.) by extensions ['cmake', 'python']
[0.203s] Level 1:colcon.colcon_core.package_identification:_identify(.) by extension 'cmake'
[0.203s] Level 1:colcon.colcon_core.package_identification:_identify(.) by extension 'python'
[0.203s] Level 1:colcon.colcon_core.package_identification:_identify(.) by extensions ['python_setup_py']
[0.203s] Level 1:colcon.colcon_core.package_identification:_identify(.) by extension 'python_setup_py'
[0.203s] Level 1:colcon.colcon_core.package_identification:_identify(build) by extensions ['ignore', 'ignore_ament_install']
[0.203s] Level 1:colcon.colcon_core.package_identification:_identify(build) by extension 'ignore'
[0.203s] Level 1:colcon.colcon_core.package_identification:_identify(build) ignored
[0.203s] Level 1:colcon.colcon_core.package_identification:_identify(install) by extensions ['ignore', 'ignore_ament_install']
[0.203s] Level 1:colcon.colcon_core.package_identification:_identify(install) by extension 'ignore'
[0.203s] Level 1:colcon.colcon_core.package_identification:_identify(install) ignored
[0.204s] Level 1:colcon.colcon_core.package_identification:_identify(log) by extensions ['ignore', 'ignore_ament_install']
[0.204s] Level 1:colcon.colcon_core.package_identification:_identify(log) by extension 'ignore'
[0.204s] Level 1:colcon.colcon_core.package_identification:_identify(log) ignored
[0.204s] Level 1:colcon.colcon_core.package_identification:_identify(src) by extensions ['ignore', 'ignore_ament_install']
[0.204s] Level 1:colcon.colcon_core.package_identification:_identify(src) by extension 'ignore'
[0.204s] Level 1:colcon.colcon_core.package_identification:_identify(src) by extension 'ignore_ament_install'
[0.204s] Level 1:colcon.colcon_core.package_identification:_identify(src) by extensions ['colcon_pkg']
[0.204s] Level 1:colcon.colcon_core.package_identification:_identify(src) by extension 'colcon_pkg'
[0.204s] Level 1:colcon.colcon_core.package_identification:_identify(src) by extensions ['colcon_meta']
[0.204s] Level 1:colcon.colcon_core.package_identification:_identify(src) by extension 'colcon_meta'
[0.204s] Level 1:colcon.colcon_core.package_identification:_identify(src) by extensions ['ros']
[0.204s] Level 1:colcon.colcon_core.package_identification:_identify(src) by extension 'ros'
[0.204s] Level 1:colcon.colcon_core.package_identification:_identify(src) by extensions ['cmake', 'python']
[0.204s] Level 1:colcon.colcon_core.package_identification:_identify(src) by extension 'cmake'
[0.204s] Level 1:colcon.colcon_core.package_identification:_identify(src) by extension 'python'
[0.204s] Level 1:colcon.colcon_core.package_identification:_identify(src) by extensions ['python_setup_py']
[0.204s] Level 1:colcon.colcon_core.package_identification:_identify(src) by extension 'python_setup_py'
[0.204s] Level 1:colcon.colcon_core.package_identification:_identify(src/aura_bringup) by extensions ['ignore', 'ignore_ament_install']
[0.204s] Level 1:colcon.colcon_core.package_identification:_identify(src/aura_bringup) by extension 'ignore'
[0.204s] Level 1:colcon.colcon_core.package_identification:_identify(src/aura_bringup) by extension 'ignore_ament_install'
[0.204s] Level 1:colcon.colcon_core.package_identification:_identify(src/aura_bringup) by extensions ['colcon_pkg']
[0.204s] Level 1:colcon.colcon_core.package_identification:_identify(src/aura_bringup) by extension 'colcon_pkg'
[0.204s] Level 1:colcon.colcon_core.package_identification:_identify(src/aura_bringup) by extensions ['colcon_meta']
[0.204s] Level 1:colcon.colcon_core.package_identification:_identify(src/aura_bringup) by extension 'colcon_meta'
[0.204s] Level 1:colcon.colcon_core.package_identification:_identify(src/aura_bringup) by extensions ['ros']
[0.204s] Level 1:colcon.colcon_core.package_identification:_identify(src/aura_bringup) by extension 'ros'
[0.212s] DEBUG:colcon.colcon_core.package_identification:Package 'src/aura_bringup' with type 'ros.ament_cmake' and name 'aura_bringup'
[0.212s] Level 1:colcon.colcon_core.package_identification:_identify(src/aura_controller) by extensions ['ignore', 'ignore_ament_install']
[0.212s] Level 1:colcon.colcon_core.package_identification:_identify(src/aura_controller) by extension 'ignore'
[0.212s] Level 1:colcon.colcon_core.package_identification:_identify(src/aura_controller) by extension 'ignore_ament_install'
[0.212s] Level 1:colcon.colcon_core.package_identification:_identify(src/aura_controller) by extensions ['colcon_pkg']
[0.212s] Level 1:colcon.colcon_core.package_identification:_identify(src/aura_controller) by extension 'colcon_pkg'
[0.212s] Level 1:colcon.colcon_core.package_identification:_identify(src/aura_controller) by extensions ['colcon_meta']
[0.213s] Level 1:colcon.colcon_core.package_identification:_identify(src/aura_controller) by extension 'colcon_meta'
[0.213s] Level 1:colcon.colcon_core.package_identification:_identify(src/aura_controller) by extensions ['ros']
[0.213s] Level 1:colcon.colcon_core.package_identification:_identify(src/aura_controller) by extension 'ros'
[0.213s] DEBUG:colcon.colcon_core.package_identification:Package 'src/aura_controller' with type 'ros.ament_cmake' and name 'aura_controller'
[0.213s] Level 1:colcon.colcon_core.package_identification:_identify(src/aura_description) by extensions ['ignore', 'ignore_ament_install']
[0.213s] Level 1:colcon.colcon_core.package_identification:_identify(src/aura_description) by extension 'ignore'
[0.213s] Level 1:colcon.colcon_core.package_identification:_identify(src/aura_description) by extension 'ignore_ament_install'
[0.213s] Level 1:colcon.colcon_core.package_identification:_identify(src/aura_description) by extensions ['colcon_pkg']
[0.213s] Level 1:colcon.colcon_core.package_identification:_identify(src/aura_description) by extension 'colcon_pkg'
[0.213s] Level 1:colcon.colcon_core.package_identification:_identify(src/aura_description) by extensions ['colcon_meta']
[0.213s] Level 1:colcon.colcon_core.package_identification:_identify(src/aura_description) by extension 'colcon_meta'
[0.213s] Level 1:colcon.colcon_core.package_identification:_identify(src/aura_description) by extensions ['ros']
[0.213s] Level 1:colcon.colcon_core.package_identification:_identify(src/aura_description) by extension 'ros'
[0.215s] DEBUG:colcon.colcon_core.package_identification:Package 'src/aura_description' with type 'ros.ament_cmake' and name 'aura_description'
[0.215s] Level 1:colcon.colcon_core.package_identification:_identify(src/aura_localization) by extensions ['ignore', 'ignore_ament_install']
[0.215s] Level 1:colcon.colcon_core.package_identification:_identify(src/aura_localization) by extension 'ignore'
[0.215s] Level 1:colcon.colcon_core.package_identification:_identify(src/aura_localization) by extension 'ignore_ament_install'
[0.215s] Level 1:colcon.colcon_core.package_identification:_identify(src/aura_localization) by extensions ['colcon_pkg']
[0.215s] Level 1:colcon.colcon_core.package_identification:_identify(src/aura_localization) by extension 'colcon_pkg'
[0.215s] Level 1:colcon.colcon_core.package_identification:_identify(src/aura_localization) by extensions ['colcon_meta']
[0.215s] Level 1:colcon.colcon_core.package_identification:_identify(src/aura_localization) by extension 'colcon_meta'
[0.215s] Level 1:colcon.colcon_core.package_identification:_identify(src/aura_localization) by extensions ['ros']
[0.215s] Level 1:colcon.colcon_core.package_identification:_identify(src/aura_localization) by extension 'ros'
[0.216s] DEBUG:colcon.colcon_core.package_identification:Package 'src/aura_localization' with type 'ros.ament_cmake' and name 'aura_localization'
[0.216s] Level 1:colcon.colcon_core.package_identification:_identify(src/aura_mapping) by extensions ['ignore', 'ignore_ament_install']
[0.216s] Level 1:colcon.colcon_core.package_identification:_identify(src/aura_mapping) by extension 'ignore'
[0.216s] Level 1:colcon.colcon_core.package_identification:_identify(src/aura_mapping) by extension 'ignore_ament_install'
[0.216s] Level 1:colcon.colcon_core.package_identification:_identify(src/aura_mapping) by extensions ['colcon_pkg']
[0.216s] Level 1:colcon.colcon_core.package_identification:_identify(src/aura_mapping) by extension 'colcon_pkg'
[0.216s] Level 1:colcon.colcon_core.package_identification:_identify(src/aura_mapping) by extensions ['colcon_meta']
[0.216s] Level 1:colcon.colcon_core.package_identification:_identify(src/aura_mapping) by extension 'colcon_meta'
[0.216s] Level 1:colcon.colcon_core.package_identification:_identify(src/aura_mapping) by extensions ['ros']
[0.216s] Level 1:colcon.colcon_core.package_identification:_identify(src/aura_mapping) by extension 'ros'
[0.216s] DEBUG:colcon.colcon_core.package_identification:Package 'src/aura_mapping' with type 'ros.ament_cmake' and name 'aura_mapping'
[0.216s] Level 1:colcon.colcon_core.package_identification:_identify(src/aura_navigation) by extensions ['ignore', 'ignore_ament_install']
[0.216s] Level 1:colcon.colcon_core.package_identification:_identify(src/aura_navigation) by extension 'ignore'
[0.216s] Level 1:colcon.colcon_core.package_identification:_identify(src/aura_navigation) by extension 'ignore_ament_install'
[0.216s] Level 1:colcon.colcon_core.package_identification:_identify(src/aura_navigation) by extensions ['colcon_pkg']
[0.216s] Level 1:colcon.colcon_core.package_identification:_identify(src/aura_navigation) by extension 'colcon_pkg'
[0.216s] Level 1:colcon.colcon_core.package_identification:_identify(src/aura_navigation) by extensions ['colcon_meta']
[0.216s] Level 1:colcon.colcon_core.package_identification:_identify(src/aura_navigation) by extension 'colcon_meta'
[0.216s] Level 1:colcon.colcon_core.package_identification:_identify(src/aura_navigation) by extensions ['ros']
[0.216s] Level 1:colcon.colcon_core.package_identification:_identify(src/aura_navigation) by extension 'ros'
[0.217s] DEBUG:colcon.colcon_core.package_identification:Package 'src/aura_navigation' with type 'ros.ament_cmake' and name 'aura_navigation'
[0.217s] Level 1:colcon.colcon_core.package_identification:_identify(src/autonomous_exploration) by extensions ['ignore', 'ignore_ament_install']
[0.217s] Level 1:colcon.colcon_core.package_identification:_identify(src/autonomous_exploration) by extension 'ignore'
[0.217s] Level 1:colcon.colcon_core.package_identification:_identify(src/autonomous_exploration) by extension 'ignore_ament_install'
[0.217s] Level 1:colcon.colcon_core.package_identification:_identify(src/autonomous_exploration) by extensions ['colcon_pkg']
[0.217s] Level 1:colcon.colcon_core.package_identification:_identify(src/autonomous_exploration) by extension 'colcon_pkg'
[0.217s] Level 1:colcon.colcon_core.package_identification:_identify(src/autonomous_exploration) by extensions ['colcon_meta']
[0.217s] Level 1:colcon.colcon_core.package_identification:_identify(src/autonomous_exploration) by extension 'colcon_meta'
[0.217s] Level 1:colcon.colcon_core.package_identification:_identify(src/autonomous_exploration) by extensions ['ros']
[0.217s] Level 1:colcon.colcon_core.package_identification:_identify(src/autonomous_exploration) by extension 'ros'
[0.217s] DEBUG:colcon.colcon_core.package_identification:Package 'src/autonomous_exploration' with type 'ros.ament_python' and name 'autonomous_exploration'
[0.217s] Level 1:colcon.colcon_core.package_discovery:discover_packages(recursive) using defaults
[0.217s] Level 1:colcon.colcon_core.package_discovery:discover_packages(ignore) discover
[0.217s] Level 1:colcon.colcon_core.package_discovery:discover_packages(ignore) using defaults
[0.217s] Level 1:colcon.colcon_core.package_discovery:discover_packages(path) discover
[0.217s] Level 1:colcon.colcon_core.package_discovery:discover_packages(path) using defaults
[0.232s] Level 1:colcon.colcon_core.package_discovery:discover_packages(prefix_path) check parameters
[0.232s] Level 1:colcon.colcon_core.package_discovery:discover_packages(prefix_path) discover
[0.233s] DEBUG:colcon.colcon_installed_package_information.package_discovery:Found 6 installed packages in /home/utk/aura_ws/install
[0.234s] DEBUG:colcon.colcon_installed_package_information.package_discovery:Found 11 installed packages in /home/utk/bumperbot_ws/install
[0.235s] DEBUG:colcon.colcon_installed_package_information.package_discovery:Found 508 installed packages in /opt/ros/humble
[0.237s] Level 1:colcon.colcon_core.package_discovery:discover_packages(prefix_path) using defaults
[0.274s] Level 5:colcon.colcon_core.verb:set package 'aura_controller' build argument 'cmake_args' from command line to 'None'
[0.274s] Level 5:colcon.colcon_core.verb:set package 'aura_controller' build argument 'cmake_target' from command line to 'None'
[0.274s] Level 5:colcon.colcon_core.verb:set package 'aura_controller' build argument 'cmake_target_skip_unavailable' from command line to 'False'
[0.274s] Level 5:colcon.colcon_core.verb:set package 'aura_controller' build argument 'cmake_clean_cache' from command line to 'False'
[0.274s] Level 5:colcon.colcon_core.verb:set package 'aura_controller' build argument 'cmake_clean_first' from command line to 'False'
[0.274s] Level 5:colcon.colcon_core.verb:set package 'aura_controller' build argument 'cmake_force_configure' from command line to 'False'
[0.274s] Level 5:colcon.colcon_core.verb:set package 'aura_controller' build argument 'ament_cmake_args' from command line to 'None'
[0.274s] Level 5:colcon.colcon_core.verb:set package 'aura_controller' build argument 'catkin_cmake_args' from command line to 'None'
[0.274s] Level 5:colcon.colcon_core.verb:set package 'aura_controller' build argument 'catkin_skip_building_tests' from command line to 'False'
[0.274s] DEBUG:colcon.colcon_core.verb:Building package 'aura_controller' with the following arguments: {'ament_cmake_args': None, 'build_base': '/home/utk/aura_ws/build/aura_controller', 'catkin_cmake_args': None, 'catkin_skip_building_tests': False, 'cmake_args': None, 'cmake_clean_cache': False, 'cmake_clean_first': False, 'cmake_force_configure': False, 'cmake_target': None, 'cmake_target_skip_unavailable': False, 'install_base': '/home/utk/aura_ws/install/aura_controller', 'merge_install': False, 'path': '/home/utk/aura_ws/src/aura_controller', 'symlink_install': True, 'test_result_base': None}
[0.274s] Level 5:colcon.colcon_core.verb:set package 'aura_description' build argument 'cmake_args' from command line to 'None'
[0.274s] Level 5:colcon.colcon_core.verb:set package 'aura_description' build argument 'cmake_target' from command line to 'None'
[0.274s] Level 5:colcon.colcon_core.verb:set package 'aura_description' build argument 'cmake_target_skip_unavailable' from command line to 'False'
[0.274s] Level 5:colcon.colcon_core.verb:set package 'aura_description' build argument 'cmake_clean_cache' from command line to 'False'
[0.274s] Level 5:colcon.colcon_core.verb:set package 'aura_description' build argument 'cmake_clean_first' from command line to 'False'
[0.274s] Level 5:colcon.colcon_core.verb:set package 'aura_description' build argument 'cmake_force_configure' from command line to 'False'
[0.274s] Level 5:colcon.colcon_core.verb:set package 'aura_description' build argument 'ament_cmake_args' from command line to 'None'
[0.274s] Level 5:colcon.colcon_core.verb:set package 'aura_description' build argument 'catkin_cmake_args' from command line to 'None'
[0.274s] Level 5:colcon.colcon_core.verb:set package 'aura_description' build argument 'catkin_skip_building_tests' from command line to 'False'
[0.274s] DEBUG:colcon.colcon_core.verb:Building package 'aura_description' with the following arguments: {'ament_cmake_args': None, 'build_base': '/home/utk/aura_ws/build/aura_description', 'catkin_cmake_args': None, 'catkin_skip_building_tests': False, 'cmake_args': None, 'cmake_clean_cache': False, 'cmake_clean_first': False, 'cmake_force_configure': False, 'cmake_target': None, 'cmake_target_skip_unavailable': False, 'install_base': '/home/utk/aura_ws/install/aura_description', 'merge_install': False, 'path': '/home/utk/aura_ws/src/aura_description', 'symlink_install': True, 'test_result_base': None}
[0.275s] Level 5:colcon.colcon_core.verb:set package 'aura_mapping' build argument 'cmake_args' from command line to 'None'
[0.275s] Level 5:colcon.colcon_core.verb:set package 'aura_mapping' build argument 'cmake_target' from command line to 'None'
[0.275s] Level 5:colcon.colcon_core.verb:set package 'aura_mapping' build argument 'cmake_target_skip_unavailable' from command line to 'False'
[0.275s] Level 5:colcon.colcon_core.verb:set package 'aura_mapping' build argument 'cmake_clean_cache' from command line to 'False'
[0.275s] Level 5:colcon.colcon_core.verb:set package 'aura_mapping' build argument 'cmake_clean_first' from command line to 'False'
[0.275s] Level 5:colcon.colcon_core.verb:set package 'aura_mapping' build argument 'cmake_force_configure' from command line to 'False'
[0.275s] Level 5:colcon.colcon_core.verb:set package 'aura_mapping' build argument 'ament_cmake_args' from command line to 'None'
[0.275s] Level 5:colcon.colcon_core.verb:set package 'aura_mapping' build argument 'catkin_cmake_args' from command line to 'None'
[0.275s] Level 5:colcon.colcon_core.verb:set package 'aura_mapping' build argument 'catkin_skip_building_tests' from command line to 'False'
[0.275s] DEBUG:colcon.colcon_core.verb:Building package 'aura_mapping' with the following arguments: {'ament_cmake_args': None, 'build_base': '/home/utk/aura_ws/build/aura_mapping', 'catkin_cmake_args': None, 'catkin_skip_building_tests': False, 'cmake_args': None, 'cmake_clean_cache': False, 'cmake_clean_first': False, 'cmake_force_configure': False, 'cmake_target': None, 'cmake_target_skip_unavailable': False, 'install_base': '/home/utk/aura_ws/install/aura_mapping', 'merge_install': False, 'path': '/home/utk/aura_ws/src/aura_mapping', 'symlink_install': True, 'test_result_base': None}
[0.275s] Level 5:colcon.colcon_core.verb:set package 'aura_navigation' build argument 'cmake_args' from command line to 'None'
[0.275s] Level 5:colcon.colcon_core.verb:set package 'aura_navigation' build argument 'cmake_target' from command line to 'None'
[0.275s] Level 5:colcon.colcon_core.verb:set package 'aura_navigation' build argument 'cmake_target_skip_unavailable' from command line to 'False'
[0.275s] Level 5:colcon.colcon_core.verb:set package 'aura_navigation' build argument 'cmake_clean_cache' from command line to 'False'
[0.275s] Level 5:colcon.colcon_core.verb:set package 'aura_navigation' build argument 'cmake_clean_first' from command line to 'False'
[0.275s] Level 5:colcon.colcon_core.verb:set package 'aura_navigation' build argument 'cmake_force_configure' from command line to 'False'
[0.275s] Level 5:colcon.colcon_core.verb:set package 'aura_navigation' build argument 'ament_cmake_args' from command line to 'None'
[0.275s] Level 5:colcon.colcon_core.verb:set package 'aura_navigation' build argument 'catkin_cmake_args' from command line to 'None'
[0.275s] Level 5:colcon.colcon_core.verb:set package 'aura_navigation' build argument 'catkin_skip_building_tests' from command line to 'False'
[0.275s] DEBUG:colcon.colcon_core.verb:Building package 'aura_navigation' with the following arguments: {'ament_cmake_args': None, 'build_base': '/home/utk/aura_ws/build/aura_navigation', 'catkin_cmake_args': None, 'catkin_skip_building_tests': False, 'cmake_args': None, 'cmake_clean_cache': False, 'cmake_clean_first': False, 'cmake_force_configure': False, 'cmake_target': None, 'cmake_target_skip_unavailable': False, 'install_base': '/home/utk/aura_ws/install/aura_navigation', 'merge_install': False, 'path': '/home/utk/aura_ws/src/aura_navigation', 'symlink_install': True, 'test_result_base': None}
[0.275s] Level 5:colcon.colcon_core.verb:set package 'autonomous_exploration' build argument 'cmake_args' from command line to 'None'
[0.275s] Level 5:colcon.colcon_core.verb:set package 'autonomous_exploration' build argument 'cmake_target' from command line to 'None'
[0.275s] Level 5:colcon.colcon_core.verb:set package 'autonomous_exploration' build argument 'cmake_target_skip_unavailable' from command line to 'False'
[0.275s] Level 5:colcon.colcon_core.verb:set package 'autonomous_exploration' build argument 'cmake_clean_cache' from command line to 'False'
[0.275s] Level 5:colcon.colcon_core.verb:set package 'autonomous_exploration' build argument 'cmake_clean_first' from command line to 'False'
[0.275s] Level 5:colcon.colcon_core.verb:set package 'autonomous_exploration' build argument 'cmake_force_configure' from command line to 'False'
[0.275s] Level 5:colcon.colcon_core.verb:set package 'autonomous_exploration' build argument 'ament_cmake_args' from command line to 'None'
[0.275s] Level 5:colcon.colcon_core.verb:set package 'autonomous_exploration' build argument 'catkin_cmake_args' from command line to 'None'
[0.275s] Level 5:colcon.colcon_core.verb:set package 'autonomous_exploration' build argument 'catkin_skip_building_tests' from command line to 'False'
[0.275s] DEBUG:colcon.colcon_core.verb:Building package 'autonomous_exploration' with the following arguments: {'ament_cmake_args': None, 'build_base': '/home/utk/aura_ws/build/autonomous_exploration', 'catkin_cmake_args': None, 'catkin_skip_building_tests': False, 'cmake_args': None, 'cmake_clean_cache': False, 'cmake_clean_first': False, 'cmake_force_configure': False, 'cmake_target': None, 'cmake_target_skip_unavailable': False, 'install_base': '/home/utk/aura_ws/install/autonomous_exploration', 'merge_install': False, 'path': '/home/utk/aura_ws/src/autonomous_exploration', 'symlink_install': True, 'test_result_base': None}
[0.276s] Level 5:colcon.colcon_core.verb:set package 'aura_bringup' build argument 'cmake_args' from command line to 'None'
[0.276s] Level 5:colcon.colcon_core.verb:set package 'aura_bringup' build argument 'cmake_target' from command line to 'None'
[0.276s] Level 5:colcon.colcon_core.verb:set package 'aura_bringup' build argument 'cmake_target_skip_unavailable' from command line to 'False'
[0.276s] Level 5:colcon.colcon_core.verb:set package 'aura_bringup' build argument 'cmake_clean_cache' from command line to 'False'
[0.276s] Level 5:colcon.colcon_core.verb:set package 'aura_bringup' build argument 'cmake_clean_first' from command line to 'False'
[0.276s] Level 5:colcon.colcon_core.verb:set package 'aura_bringup' build argument 'cmake_force_configure' from command line to 'False'
[0.276s] Level 5:colcon.colcon_core.verb:set package 'aura_bringup' build argument 'ament_cmake_args' from command line to 'None'
[0.276s] Level 5:colcon.colcon_core.verb:set package 'aura_bringup' build argument 'catkin_cmake_args' from command line to 'None'
[0.276s] Level 5:colcon.colcon_core.verb:set package 'aura_bringup' build argument 'catkin_skip_building_tests' from command line to 'False'
[0.276s] DEBUG:colcon.colcon_core.verb:Building package 'aura_bringup' with the following arguments: {'ament_cmake_args': None, 'build_base': '/home/utk/aura_ws/build/aura_bringup', 'catkin_cmake_args': None, 'catkin_skip_building_tests': False, 'cmake_args': None, 'cmake_clean_cache': False, 'cmake_clean_first': False, 'cmake_force_configure': False, 'cmake_target': None, 'cmake_target_skip_unavailable': False, 'install_base': '/home/utk/aura_ws/install/aura_bringup', 'merge_install': False, 'path': '/home/utk/aura_ws/src/aura_bringup', 'symlink_install': True, 'test_result_base': None}
[0.276s] Level 5:colcon.colcon_core.verb:set package 'aura_localization' build argument 'cmake_args' from command line to 'None'
[0.276s] Level 5:colcon.colcon_core.verb:set package 'aura_localization' build argument 'cmake_target' from command line to 'None'
[0.276s] Level 5:colcon.colcon_core.verb:set package 'aura_localization' build argument 'cmake_target_skip_unavailable' from command line to 'False'
[0.276s] Level 5:colcon.colcon_core.verb:set package 'aura_localization' build argument 'cmake_clean_cache' from command line to 'False'
[0.276s] Level 5:colcon.colcon_core.verb:set package 'aura_localization' build argument 'cmake_clean_first' from command line to 'False'
[0.276s] Level 5:colcon.colcon_core.verb:set package 'aura_localization' build argument 'cmake_force_configure' from command line to 'False'
[0.276s] Level 5:colcon.colcon_core.verb:set package 'aura_localization' build argument 'ament_cmake_args' from command line to 'None'
[0.276s] Level 5:colcon.colcon_core.verb:set package 'aura_localization' build argument 'catkin_cmake_args' from command line to 'None'
[0.276s] Level 5:colcon.colcon_core.verb:set package 'aura_localization' build argument 'catkin_skip_building_tests' from command line to 'False'
[0.276s] DEBUG:colcon.colcon_core.verb:Building package 'aura_localization' with the following arguments: {'ament_cmake_args': None, 'build_base': '/home/utk/aura_ws/build/aura_localization', 'catkin_cmake_args': None, 'catkin_skip_building_tests': False, 'cmake_args': None, 'cmake_clean_cache': False, 'cmake_clean_first': False, 'cmake_force_configure': False, 'cmake_target': None, 'cmake_target_skip_unavailable': False, 'install_base': '/home/utk/aura_ws/install/aura_localization', 'merge_install': False, 'path': '/home/utk/aura_ws/src/aura_localization', 'symlink_install': True, 'test_result_base': None}
[0.276s] INFO:colcon.colcon_core.executor:Executing jobs using 'parallel' executor
[0.277s] DEBUG:colcon.colcon_parallel_executor.executor.parallel:run_until_complete
[0.277s] INFO:colcon.colcon_ros.task.ament_cmake.build:Building ROS package in '/home/utk/aura_ws/src/aura_controller' with build type 'ament_cmake'
[0.277s] INFO:colcon.colcon_cmake.task.cmake.build:Building CMake package in '/home/utk/aura_ws/src/aura_controller'
[0.279s] INFO:colcon.colcon_core.plugin_system:Skipping extension 'colcon_core.shell.bat': Not used on non-Windows systems
[0.279s] INFO:colcon.colcon_core.shell:Skip shell extension 'powershell' for command environment: Not usable outside of PowerShell
[0.279s] DEBUG:colcon.colcon_core.shell:Skip shell extension 'dsv' for command environment
[0.282s] INFO:colcon.colcon_ros.task.ament_cmake.build:Building ROS package in '/home/utk/aura_ws/src/aura_description' with build type 'ament_cmake'
[0.283s] INFO:colcon.colcon_cmake.task.cmake.build:Building CMake package in '/home/utk/aura_ws/src/aura_description'
[0.283s] INFO:colcon.colcon_core.shell:Skip shell extension 'powershell' for command environment: Not usable outside of PowerShell
[0.283s] DEBUG:colcon.colcon_core.shell:Skip shell extension 'dsv' for command environment
[0.286s] INFO:colcon.colcon_ros.task.ament_cmake.build:Building ROS package in '/home/utk/aura_ws/src/aura_mapping' with build type 'ament_cmake'
[0.286s] INFO:colcon.colcon_cmake.task.cmake.build:Building CMake package in '/home/utk/aura_ws/src/aura_mapping'
[0.286s] INFO:colcon.colcon_core.shell:Skip shell extension 'powershell' for command environment: Not usable outside of PowerShell
[0.286s] DEBUG:colcon.colcon_core.shell:Skip shell extension 'dsv' for command environment
[0.289s] INFO:colcon.colcon_ros.task.ament_cmake.build:Building ROS package in '/home/utk/aura_ws/src/aura_navigation' with build type 'ament_cmake'
[0.289s] INFO:colcon.colcon_cmake.task.cmake.build:Building CMake package in '/home/utk/aura_ws/src/aura_navigation'
[0.289s] INFO:colcon.colcon_core.shell:Skip shell extension 'powershell' for command environment: Not usable outside of PowerShell
[0.289s] DEBUG:colcon.colcon_core.shell:Skip shell extension 'dsv' for command environment
[0.293s] INFO:colcon.colcon_ros.task.ament_python.build:Building ROS package in '/home/utk/aura_ws/src/autonomous_exploration' with build type 'ament_python'
[0.293s] Level 1:colcon.colcon_core.shell:create_environment_hook('autonomous_exploration', 'ament_prefix_path')
[0.293s] INFO:colcon.colcon_core.shell:Creating environment hook '/home/utk/aura_ws/install/autonomous_exploration/share/autonomous_exploration/hook/ament_prefix_path.ps1'
[0.293s] INFO:colcon.colcon_core.shell:Creating environment descriptor '/home/utk/aura_ws/install/autonomous_exploration/share/autonomous_exploration/hook/ament_prefix_path.dsv'
[0.294s] INFO:colcon.colcon_core.shell:Creating environment hook '/home/utk/aura_ws/install/autonomous_exploration/share/autonomous_exploration/hook/ament_prefix_path.sh'
[0.294s] INFO:colcon.colcon_core.shell:Skip shell extension 'powershell' for command environment: Not usable outside of PowerShell
[0.294s] DEBUG:colcon.colcon_core.shell:Skip shell extension 'dsv' for command environment
[0.300s] DEBUG:colcon.colcon_core.event_handler.log_command:Invoking command in '/home/utk/aura_ws/build/aura_controller': CMAKE_PREFIX_PATH=${CMAKE_PREFIX_PATH}:/home/utk/bumperbot_ws/install/bumperbot_vision:/home/utk/bumperbot_ws/install/bumperbot_py_examples:/opt/ros/humble /usr/bin/cmake --build /home/utk/aura_ws/build/aura_controller -- -j16 -l16
[0.303s] DEBUG:colcon.colcon_core.event_handler.log_command:Invoking command in '/home/utk/aura_ws/build/aura_description': CMAKE_PREFIX_PATH=${CMAKE_PREFIX_PATH}:/home/utk/bumperbot_ws/install/bumperbot_vision:/home/utk/bumperbot_ws/install/bumperbot_py_examples:/opt/ros/humble /usr/bin/cmake --build /home/utk/aura_ws/build/aura_description -- -j16 -l16
[0.327s] DEBUG:colcon.colcon_core.event_handler.log_command:Invoking command in '/home/utk/aura_ws/build/aura_mapping': CMAKE_PREFIX_PATH=${CMAKE_PREFIX_PATH}:/home/utk/bumperbot_ws/install/bumperbot_vision:/home/utk/bumperbot_ws/install/bumperbot_py_examples:/opt/ros/humble /usr/bin/cmake --build /home/utk/aura_ws/build/aura_mapping -- -j16 -l16
[0.330s] DEBUG:colcon.colcon_core.event_handler.log_command:Invoking command in '/home/utk/aura_ws/build/aura_navigation': CMAKE_PREFIX_PATH=${CMAKE_PREFIX_PATH}:/home/utk/bumperbot_ws/install/bumperbot_vision:/home/utk/bumperbot_ws/install/bumperbot_py_examples:/opt/ros/humble /usr/bin/cmake --build /home/utk/aura_ws/build/aura_navigation -- -j16 -l16
[0.562s] INFO:colcon.colcon_core.task.python.build:Building Python package in '/home/utk/aura_ws/src/autonomous_exploration'
[0.562s] INFO:colcon.colcon_core.shell:Skip shell extension 'powershell' for command environment: Not usable outside of PowerShell
[0.562s] DEBUG:colcon.colcon_core.shell:Skip shell extension 'dsv' for command environment
[0.567s] DEBUG:colcon.colcon_core.event_handler.log_command:Invoked command in '/home/utk/aura_ws/build/aura_description' returned '0': CMAKE_PREFIX_PATH=${CMAKE_PREFIX_PATH}:/home/utk/bumperbot_ws/install/bumperbot_vision:/home/utk/bumperbot_ws/install/bumperbot_py_examples:/opt/ros/humble /usr/bin/cmake --build /home/utk/aura_ws/build/aura_description -- -j16 -l16
[0.578s] DEBUG:colcon.colcon_core.event_handler.log_command:Invoking command in '/home/utk/aura_ws/build/aura_description': CMAKE_PREFIX_PATH=${CMAKE_PREFIX_PATH}:/home/utk/bumperbot_ws/install/bumperbot_vision:/home/utk/bumperbot_ws/install/bumperbot_py_examples:/opt/ros/humble /usr/bin/cmake --install /home/utk/aura_ws/build/aura_description
[0.580s] DEBUG:colcon.colcon_core.event_handler.log_command:Invoked command in '/home/utk/aura_ws/build/aura_navigation' returned '0': CMAKE_PREFIX_PATH=${CMAKE_PREFIX_PATH}:/home/utk/bumperbot_ws/install/bumperbot_vision:/home/utk/bumperbot_ws/install/bumperbot_py_examples:/opt/ros/humble /usr/bin/cmake --build /home/utk/aura_ws/build/aura_navigation -- -j16 -l16
[0.582s] DEBUG:colcon.colcon_core.event_handler.log_command:Invoking command in '/home/utk/aura_ws/build/aura_navigation': CMAKE_PREFIX_PATH=${CMAKE_PREFIX_PATH}:/home/utk/bumperbot_ws/install/bumperbot_vision:/home/utk/bumperbot_ws/install/bumperbot_py_examples:/opt/ros/humble /usr/bin/cmake --install /home/utk/aura_ws/build/aura_navigation
[0.588s] DEBUG:colcon.colcon_core.event_handler.log_command:Invoked command in '/home/utk/aura_ws/build/aura_controller' returned '0': CMAKE_PREFIX_PATH=${CMAKE_PREFIX_PATH}:/home/utk/bumperbot_ws/install/bumperbot_vision:/home/utk/bumperbot_ws/install/bumperbot_py_examples:/opt/ros/humble /usr/bin/cmake --build /home/utk/aura_ws/build/aura_controller -- -j16 -l16
[0.592s] DEBUG:colcon.colcon_core.event_handler.log_command:Invoking command in '/home/utk/aura_ws/build/aura_controller': CMAKE_PREFIX_PATH=${CMAKE_PREFIX_PATH}:/home/utk/bumperbot_ws/install/bumperbot_vision:/home/utk/bumperbot_ws/install/bumperbot_py_examples:/opt/ros/humble /usr/bin/cmake --install /home/utk/aura_ws/build/aura_controller
[0.603s] Level 1:colcon.colcon_core.environment:create_environment_scripts_only(aura_navigation)
[0.606s] DEBUG:colcon.colcon_core.event_handler.log_command:Invoked command in '/home/utk/aura_ws/build/aura_navigation' returned '0': CMAKE_PREFIX_PATH=${CMAKE_PREFIX_PATH}:/home/utk/bumperbot_ws/install/bumperbot_vision:/home/utk/bumperbot_ws/install/bumperbot_py_examples:/opt/ros/humble /usr/bin/cmake --install /home/utk/aura_ws/build/aura_navigation
[0.618s] Level 1:colcon.colcon_core.environment:checking '/home/utk/aura_ws/install/aura_navigation' for CMake module files
[0.620s] Level 1:colcon.colcon_core.environment:checking '/home/utk/aura_ws/install/aura_navigation' for CMake config files
[0.623s] Level 1:colcon.colcon_core.shell:create_environment_hook('aura_navigation', 'cmake_prefix_path')
[0.623s] INFO:colcon.colcon_core.shell:Creating environment hook '/home/utk/aura_ws/install/aura_navigation/share/aura_navigation/hook/cmake_prefix_path.ps1'
[0.624s] INFO:colcon.colcon_core.shell:Creating environment descriptor '/home/utk/aura_ws/install/aura_navigation/share/aura_navigation/hook/cmake_prefix_path.dsv'
[0.625s] INFO:colcon.colcon_core.shell:Creating environment hook '/home/utk/aura_ws/install/aura_navigation/share/aura_navigation/hook/cmake_prefix_path.sh'
[0.626s] Level 1:colcon.colcon_core.environment:checking '/home/utk/aura_ws/install/aura_navigation/bin'
[0.626s] Level 1:colcon.colcon_core.environment:checking '/home/utk/aura_ws/install/aura_navigation/lib/pkgconfig/aura_navigation.pc'
[0.626s] Level 1:colcon.colcon_core.environment:checking '/home/utk/aura_ws/install/aura_navigation/lib/python3.10/site-packages'
[0.627s] Level 1:colcon.colcon_core.environment:checking '/home/utk/aura_ws/install/aura_navigation/bin'
[0.627s] INFO:colcon.colcon_core.shell:Creating package script '/home/utk/aura_ws/install/aura_navigation/share/aura_navigation/package.ps1'
[0.628s] INFO:colcon.colcon_core.shell:Creating package descriptor '/home/utk/aura_ws/install/aura_navigation/share/aura_navigation/package.dsv'
[0.629s] INFO:colcon.colcon_core.shell:Creating package script '/home/utk/aura_ws/install/aura_navigation/share/aura_navigation/package.sh'
[0.631s] INFO:colcon.colcon_core.shell:Creating package script '/home/utk/aura_ws/install/aura_navigation/share/aura_navigation/package.bash'
[0.633s] INFO:colcon.colcon_core.shell:Creating package script '/home/utk/aura_ws/install/aura_navigation/share/aura_navigation/package.zsh'
[0.635s] Level 1:colcon.colcon_core.environment:create_file_with_runtime_dependencies(/home/utk/aura_ws/install/aura_navigation/share/colcon-core/packages/aura_navigation)
[0.636s] Level 1:colcon.colcon_core.environment:create_environment_scripts_only(aura_navigation)
[0.636s] Level 1:colcon.colcon_core.environment:checking '/home/utk/aura_ws/install/aura_navigation' for CMake module files
[0.639s] Level 1:colcon.colcon_core.environment:checking '/home/utk/aura_ws/install/aura_navigation' for CMake config files
[0.641s] Level 1:colcon.colcon_core.shell:create_environment_hook('aura_navigation', 'cmake_prefix_path')
[0.641s] INFO:colcon.colcon_core.shell:Creating environment hook '/home/utk/aura_ws/install/aura_navigation/share/aura_navigation/hook/cmake_prefix_path.ps1'
[0.642s] INFO:colcon.colcon_core.shell:Creating environment descriptor '/home/utk/aura_ws/install/aura_navigation/share/aura_navigation/hook/cmake_prefix_path.dsv'
[0.643s] INFO:colcon.colcon_core.shell:Creating environment hook '/home/utk/aura_ws/install/aura_navigation/share/aura_navigation/hook/cmake_prefix_path.sh'
[0.645s] Level 1:colcon.colcon_core.environment:checking '/home/utk/aura_ws/install/aura_navigation/bin'
[0.645s] Level 1:colcon.colcon_core.environment:checking '/home/utk/aura_ws/install/aura_navigation/lib/pkgconfig/aura_navigation.pc'
[0.645s] Level 1:colcon.colcon_core.environment:checking '/home/utk/aura_ws/install/aura_navigation/lib/python3.10/site-packages'
[0.646s] Level 1:colcon.colcon_core.environment:checking '/home/utk/aura_ws/install/aura_navigation/bin'
[0.646s] INFO:colcon.colcon_core.shell:Creating package script '/home/utk/aura_ws/install/aura_navigation/share/aura_navigation/package.ps1'
[0.648s] INFO:colcon.colcon_core.shell:Creating package descriptor '/home/utk/aura_ws/install/aura_navigation/share/aura_navigation/package.dsv'
[0.648s] INFO:colcon.colcon_core.shell:Creating package script '/home/utk/aura_ws/install/aura_navigation/share/aura_navigation/package.sh'
[0.651s] INFO:colcon.colcon_core.shell:Creating package script '/home/utk/aura_ws/install/aura_navigation/share/aura_navigation/package.bash'
[0.652s] INFO:colcon.colcon_core.shell:Creating package script '/home/utk/aura_ws/install/aura_navigation/share/aura_navigation/package.zsh'
[0.653s] Level 1:colcon.colcon_core.environment:create_file_with_runtime_dependencies(/home/utk/aura_ws/install/aura_navigation/share/colcon-core/packages/aura_navigation)
[0.659s] Level 1:colcon.colcon_core.environment:create_environment_scripts_only(aura_description)
[0.659s] Level 1:colcon.colcon_core.environment:checking '/home/utk/aura_ws/install/aura_description' for CMake module files
[0.663s] Level 1:colcon.colcon_core.environment:checking '/home/utk/aura_ws/install/aura_description' for CMake config files
[0.665s] Level 1:colcon.colcon_core.shell:create_environment_hook('aura_description', 'cmake_prefix_path')
[0.666s] INFO:colcon.colcon_core.shell:Creating environment hook '/home/utk/aura_ws/install/aura_description/share/aura_description/hook/cmake_prefix_path.ps1'
[0.666s] INFO:colcon.colcon_core.shell:Creating environment descriptor '/home/utk/aura_ws/install/aura_description/share/aura_description/hook/cmake_prefix_path.dsv'
[0.667s] INFO:colcon.colcon_core.shell:Creating environment hook '/home/utk/aura_ws/install/aura_description/share/aura_description/hook/cmake_prefix_path.sh'
[0.668s] Level 1:colcon.colcon_core.environment:checking '/home/utk/aura_ws/install/aura_description/bin'
[0.668s] Level 1:colcon.colcon_core.environment:checking '/home/utk/aura_ws/install/aura_description/lib/pkgconfig/aura_description.pc'
[0.668s] Level 1:colcon.colcon_core.environment:checking '/home/utk/aura_ws/install/aura_description/lib/python3.10/site-packages'
[0.668s] Level 1:colcon.colcon_core.environment:checking '/home/utk/aura_ws/install/aura_description/bin'
[0.669s] INFO:colcon.colcon_core.shell:Creating package script '/home/utk/aura_ws/install/aura_description/share/aura_description/package.ps1'
[0.669s] DEBUG:colcon.colcon_core.event_handler.log_command:Invoked command in '/home/utk/aura_ws/build/aura_mapping' returned '0': CMAKE_PREFIX_PATH=${CMAKE_PREFIX_PATH}:/home/utk/bumperbot_ws/install/bumperbot_vision:/home/utk/bumperbot_ws/install/bumperbot_py_examples:/opt/ros/humble /usr/bin/cmake --build /home/utk/aura_ws/build/aura_mapping -- -j16 -l16
[0.670s] DEBUG:colcon.colcon_core.event_handler.log_command:Invoking command in '/home/utk/aura_ws/build/aura_mapping': CMAKE_PREFIX_PATH=${CMAKE_PREFIX_PATH}:/home/utk/bumperbot_ws/install/bumperbot_vision:/home/utk/bumperbot_ws/install/bumperbot_py_examples:/opt/ros/humble /usr/bin/cmake --install /home/utk/aura_ws/build/aura_mapping
[0.670s] INFO:colcon.colcon_core.shell:Creating package descriptor '/home/utk/aura_ws/install/aura_description/share/aura_description/package.dsv'
[0.671s] DEBUG:colcon.colcon_core.event_handler.log_command:Invoked command in '/home/utk/aura_ws/build/aura_description' returned '0': CMAKE_PREFIX_PATH=${CMAKE_PREFIX_PATH}:/home/utk/bumperbot_ws/install/bumperbot_vision:/home/utk/bumperbot_ws/install/bumperbot_py_examples:/opt/ros/humble /usr/bin/cmake --install /home/utk/aura_ws/build/aura_description
[0.671s] INFO:colcon.colcon_core.shell:Creating package script '/home/utk/aura_ws/install/aura_description/share/aura_description/package.sh'
[0.672s] INFO:colcon.colcon_core.shell:Creating package script '/home/utk/aura_ws/install/aura_description/share/aura_description/package.bash'
[0.673s] INFO:colcon.colcon_core.shell:Creating package script '/home/utk/aura_ws/install/aura_description/share/aura_description/package.zsh'
[0.673s] Level 1:colcon.colcon_core.environment:create_file_with_runtime_dependencies(/home/utk/aura_ws/install/aura_description/share/colcon-core/packages/aura_description)
[0.674s] Level 1:colcon.colcon_core.environment:create_environment_scripts_only(aura_description)
[0.674s] Level 1:colcon.colcon_core.environment:checking '/home/utk/aura_ws/install/aura_description' for CMake module files
[0.675s] Level 1:colcon.colcon_core.environment:checking '/home/utk/aura_ws/install/aura_description' for CMake config files
[0.675s] Level 1:colcon.colcon_core.shell:create_environment_hook('aura_description', 'cmake_prefix_path')
[0.675s] INFO:colcon.colcon_core.shell:Creating environment hook '/home/utk/aura_ws/install/aura_description/share/aura_description/hook/cmake_prefix_path.ps1'
[0.675s] INFO:colcon.colcon_core.shell:Creating environment descriptor '/home/utk/aura_ws/install/aura_description/share/aura_description/hook/cmake_prefix_path.dsv'
[0.676s] INFO:colcon.colcon_core.shell:Creating environment hook '/home/utk/aura_ws/install/aura_description/share/aura_description/hook/cmake_prefix_path.sh'
[0.676s] Level 1:colcon.colcon_core.environment:checking '/home/utk/aura_ws/install/aura_description/bin'
[0.676s] Level 1:colcon.colcon_core.environment:checking '/home/utk/aura_ws/install/aura_description/lib/pkgconfig/aura_description.pc'
[0.676s] Level 1:colcon.colcon_core.environment:checking '/home/utk/aura_ws/install/aura_description/lib/python3.10/site-packages'
[0.677s] Level 1:colcon.colcon_core.environment:checking '/home/utk/aura_ws/install/aura_description/bin'
[0.677s] INFO:colcon.colcon_core.shell:Creating package script '/home/utk/aura_ws/install/aura_description/share/aura_description/package.ps1'
[0.678s] INFO:colcon.colcon_core.shell:Creating package descriptor '/home/utk/aura_ws/install/aura_description/share/aura_description/package.dsv'
[0.678s] INFO:colcon.colcon_core.shell:Creating package script '/home/utk/aura_ws/install/aura_description/share/aura_description/package.sh'
[0.678s] INFO:colcon.colcon_core.shell:Creating package script '/home/utk/aura_ws/install/aura_description/share/aura_description/package.bash'
[0.678s] INFO:colcon.colcon_core.shell:Creating package script '/home/utk/aura_ws/install/aura_description/share/aura_description/package.zsh'
[0.679s] Level 1:colcon.colcon_core.environment:create_file_with_runtime_dependencies(/home/utk/aura_ws/install/aura_description/share/colcon-core/packages/aura_description)
[0.679s] Level 1:colcon.colcon_core.environment:create_environment_scripts_only(aura_controller)
[0.679s] Level 1:colcon.colcon_core.environment:checking '/home/utk/aura_ws/install/aura_controller' for CMake module files
[0.681s] DEBUG:colcon.colcon_core.event_handler.log_command:Invoked command in '/home/utk/aura_ws/build/aura_controller' returned '0': CMAKE_PREFIX_PATH=${CMAKE_PREFIX_PATH}:/home/utk/bumperbot_ws/install/bumperbot_vision:/home/utk/bumperbot_ws/install/bumperbot_py_examples:/opt/ros/humble /usr/bin/cmake --install /home/utk/aura_ws/build/aura_controller
[0.681s] Level 1:colcon.colcon_core.environment:checking '/home/utk/aura_ws/install/aura_controller' for CMake config files
[0.681s] Level 1:colcon.colcon_core.shell:create_environment_hook('aura_controller', 'cmake_prefix_path')
[0.681s] INFO:colcon.colcon_core.shell:Creating environment hook '/home/utk/aura_ws/install/aura_controller/share/aura_controller/hook/cmake_prefix_path.ps1'
[0.681s] INFO:colcon.colcon_core.shell:Creating environment descriptor '/home/utk/aura_ws/install/aura_controller/share/aura_controller/hook/cmake_prefix_path.dsv'
[0.682s] INFO:colcon.colcon_core.shell:Creating environment hook '/home/utk/aura_ws/install/aura_controller/share/aura_controller/hook/cmake_prefix_path.sh'
[0.682s] Level 1:colcon.colcon_core.environment:checking '/home/utk/aura_ws/install/aura_controller/lib'
[0.682s] Level 1:colcon.colcon_core.environment:checking '/home/utk/aura_ws/install/aura_controller/bin'
[0.682s] Level 1:colcon.colcon_core.environment:checking '/home/utk/aura_ws/install/aura_controller/lib/pkgconfig/aura_controller.pc'
[0.682s] Level 1:colcon.colcon_core.environment:checking '/home/utk/aura_ws/install/aura_controller/lib/python3.10/site-packages'
[0.683s] Level 1:colcon.colcon_core.environment:checking '/home/utk/aura_ws/install/aura_controller/bin'
[0.683s] INFO:colcon.colcon_core.shell:Creating package script '/home/utk/aura_ws/install/aura_controller/share/aura_controller/package.ps1'
[0.683s] INFO:colcon.colcon_core.shell:Creating package descriptor '/home/utk/aura_ws/install/aura_controller/share/aura_controller/package.dsv'
[0.683s] INFO:colcon.colcon_core.shell:Creating package script '/home/utk/aura_ws/install/aura_controller/share/aura_controller/package.sh'
[0.684s] INFO:colcon.colcon_core.shell:Creating package script '/home/utk/aura_ws/install/aura_controller/share/aura_controller/package.bash'
[0.684s] INFO:colcon.colcon_core.shell:Creating package script '/home/utk/aura_ws/install/aura_controller/share/aura_controller/package.zsh'
[0.684s] Level 1:colcon.colcon_core.environment:create_file_with_runtime_dependencies(/home/utk/aura_ws/install/aura_controller/share/colcon-core/packages/aura_controller)
[0.684s] Level 1:colcon.colcon_core.environment:create_environment_scripts_only(aura_controller)
[0.685s] Level 1:colcon.colcon_core.environment:checking '/home/utk/aura_ws/install/aura_controller' for CMake module files
[0.685s] Level 1:colcon.colcon_core.environment:checking '/home/utk/aura_ws/install/aura_controller' for CMake config files
[0.685s] Level 1:colcon.colcon_core.shell:create_environment_hook('aura_controller', 'cmake_prefix_path')
[0.685s] INFO:colcon.colcon_core.shell:Creating environment hook '/home/utk/aura_ws/install/aura_controller/share/aura_controller/hook/cmake_prefix_path.ps1'
[0.686s] INFO:colcon.colcon_core.shell:Creating environment descriptor '/home/utk/aura_ws/install/aura_controller/share/aura_controller/hook/cmake_prefix_path.dsv'
[0.686s] INFO:colcon.colcon_core.shell:Creating environment hook '/home/utk/aura_ws/install/aura_controller/share/aura_controller/hook/cmake_prefix_path.sh'
[0.687s] Level 1:colcon.colcon_core.environment:checking '/home/utk/aura_ws/install/aura_controller/lib'
[0.687s] Level 1:colcon.colcon_core.environment:checking '/home/utk/aura_ws/install/aura_controller/bin'
[0.687s] Level 1:colcon.colcon_core.environment:checking '/home/utk/aura_ws/install/aura_controller/lib/pkgconfig/aura_controller.pc'
[0.687s] Level 1:colcon.colcon_core.environment:checking '/home/utk/aura_ws/install/aura_controller/lib/python3.10/site-packages'
[0.687s] Level 1:colcon.colcon_core.environment:checking '/home/utk/aura_ws/install/aura_controller/bin'
[0.687s] INFO:colcon.colcon_core.shell:Creating package script '/home/utk/aura_ws/install/aura_controller/share/aura_controller/package.ps1'
[0.688s] INFO:colcon.colcon_core.shell:Creating package descriptor '/home/utk/aura_ws/install/aura_controller/share/aura_controller/package.dsv'
[0.688s] INFO:colcon.colcon_core.shell:Creating package script '/home/utk/aura_ws/install/aura_controller/share/aura_controller/package.sh'
[0.688s] INFO:colcon.colcon_core.shell:Creating package script '/home/utk/aura_ws/install/aura_controller/share/aura_controller/package.bash'
[0.688s] INFO:colcon.colcon_core.shell:Creating package script '/home/utk/aura_ws/install/aura_controller/share/aura_controller/package.zsh'
[0.689s] Level 1:colcon.colcon_core.environment:create_file_with_runtime_dependencies(/home/utk/aura_ws/install/aura_controller/share/colcon-core/packages/aura_controller)
[0.689s] INFO:colcon.colcon_ros.task.ament_cmake.build:Building ROS package in '/home/utk/aura_ws/src/aura_bringup' with build type 'ament_cmake'
[0.689s] INFO:colcon.colcon_cmake.task.cmake.build:Building CMake package in '/home/utk/aura_ws/src/aura_bringup'
[0.689s] INFO:colcon.colcon_core.shell:Skip shell extension 'powershell' for command environment: Not usable outside of PowerShell
[0.689s] DEBUG:colcon.colcon_core.shell:Skip shell extension 'dsv' for command environment
[0.700s] DEBUG:colcon.colcon_core.event_handler.log_command:Invoking command in '/home/utk/aura_ws/build/aura_bringup': CMAKE_PREFIX_PATH=/home/utk/aura_ws/install/aura_description:/home/utk/aura_ws/install/aura_controller:/home/utk/aura_ws/install/aura_navigation:/home/utk/aura_ws/install/aura_mapping:/home/utk/aura_ws/install/aura_localization:/home/utk/aura_ws/install/aura_bringup:/home/utk/bumperbot_ws/install/bumperbot_utils:/home/utk/bumperbot_ws/install/bumperbot_cpp_examples:/home/utk/bumperbot_ws/install/bumperbot_msgs:/home/utk/bumperbot_ws/install/bumperbot_bringup:/home/utk/bumperbot_ws/install/bumperbot_mapping:/home/utk/bumperbot_ws/install/bumperbot_localization:/home/utk/bumperbot_ws/install/bumperbot_firmware:/home/utk/bumperbot_ws/install/bumperbot_description:/home/utk/bumperbot_ws/install/bumperbot_controller:/home/utk/bumperbot_ws/install/bumperbot_vision:/home/utk/bumperbot_ws/install/bumperbot_py_examples:/opt/ros/humble /usr/bin/cmake --build /home/utk/aura_ws/build/aura_bringup -- -j16 -l16
[0.710s] Level 1:colcon.colcon_core.environment:create_environment_scripts_only(aura_mapping)
[0.710s] Level 1:colcon.colcon_core.environment:checking '/home/utk/aura_ws/install/aura_mapping' for CMake module files
[0.711s] DEBUG:colcon.colcon_core.event_handler.log_command:Invoked command in '/home/utk/aura_ws/build/aura_mapping' returned '0': CMAKE_PREFIX_PATH=${CMAKE_PREFIX_PATH}:/home/utk/bumperbot_ws/install/bumperbot_vision:/home/utk/bumperbot_ws/install/bumperbot_py_examples:/opt/ros/humble /usr/bin/cmake --install /home/utk/aura_ws/build/aura_mapping
[0.711s] Level 1:colcon.colcon_core.environment:checking '/home/utk/aura_ws/install/aura_mapping' for CMake config files
[0.712s] Level 1:colcon.colcon_core.shell:create_environment_hook('aura_mapping', 'cmake_prefix_path')
[0.712s] INFO:colcon.colcon_core.shell:Creating environment hook '/home/utk/aura_ws/install/aura_mapping/share/aura_mapping/hook/cmake_prefix_path.ps1'
[0.712s] INFO:colcon.colcon_core.shell:Creating environment descriptor '/home/utk/aura_ws/install/aura_mapping/share/aura_mapping/hook/cmake_prefix_path.dsv'
[0.713s] INFO:colcon.colcon_core.shell:Creating environment hook '/home/utk/aura_ws/install/aura_mapping/share/aura_mapping/hook/cmake_prefix_path.sh'
[0.713s] Level 1:colcon.colcon_core.environment:checking '/home/utk/aura_ws/install/aura_mapping/lib'
[0.713s] Level 1:colcon.colcon_core.environment:checking '/home/utk/aura_ws/install/aura_mapping/bin'
[0.713s] Level 1:colcon.colcon_core.environment:checking '/home/utk/aura_ws/install/aura_mapping/lib/pkgconfig/aura_mapping.pc'
[0.713s] Level 1:colcon.colcon_core.environment:checking '/home/utk/aura_ws/install/aura_mapping/lib/python3.10/site-packages'
[0.713s] Level 1:colcon.colcon_core.environment:checking '/home/utk/aura_ws/install/aura_mapping/bin'
[0.714s] INFO:colcon.colcon_core.shell:Creating package script '/home/utk/aura_ws/install/aura_mapping/share/aura_mapping/package.ps1'
[0.714s] INFO:colcon.colcon_core.shell:Creating package descriptor '/home/utk/aura_ws/install/aura_mapping/share/aura_mapping/package.dsv'
[0.714s] INFO:colcon.colcon_core.shell:Creating package script '/home/utk/aura_ws/install/aura_mapping/share/aura_mapping/package.sh'
[0.715s] INFO:colcon.colcon_core.shell:Creating package script '/home/utk/aura_ws/install/aura_mapping/share/aura_mapping/package.bash'
[0.715s] INFO:colcon.colcon_core.shell:Creating package script '/home/utk/aura_ws/install/aura_mapping/share/aura_mapping/package.zsh'
[0.715s] Level 1:colcon.colcon_core.environment:create_file_with_runtime_dependencies(/home/utk/aura_ws/install/aura_mapping/share/colcon-core/packages/aura_mapping)
[0.716s] Level 1:colcon.colcon_core.environment:create_environment_scripts_only(aura_mapping)
[0.716s] Level 1:colcon.colcon_core.environment:checking '/home/utk/aura_ws/install/aura_mapping' for CMake module files
[0.716s] Level 1:colcon.colcon_core.environment:checking '/home/utk/aura_ws/install/aura_mapping' for CMake config files
[0.717s] Level 1:colcon.colcon_core.shell:create_environment_hook('aura_mapping', 'cmake_prefix_path')
[0.717s] INFO:colcon.colcon_core.shell:Creating environment hook '/home/utk/aura_ws/install/aura_mapping/share/aura_mapping/hook/cmake_prefix_path.ps1'
[0.717s] INFO:colcon.colcon_core.shell:Creating environment descriptor '/home/utk/aura_ws/install/aura_mapping/share/aura_mapping/hook/cmake_prefix_path.dsv'
[0.717s] INFO:colcon.colcon_core.shell:Creating environment hook '/home/utk/aura_ws/install/aura_mapping/share/aura_mapping/hook/cmake_prefix_path.sh'
[0.718s] Level 1:colcon.colcon_core.environment:checking '/home/utk/aura_ws/install/aura_mapping/lib'
[0.718s] Level 1:colcon.colcon_core.environment:checking '/home/utk/aura_ws/install/aura_mapping/bin'
[0.718s] Level 1:colcon.colcon_core.environment:checking '/home/utk/aura_ws/install/aura_mapping/lib/pkgconfig/aura_mapping.pc'
[0.718s] Level 1:colcon.colcon_core.environment:checking '/home/utk/aura_ws/install/aura_mapping/lib/python3.10/site-packages'
[0.719s] Level 1:colcon.colcon_core.environment:checking '/home/utk/aura_ws/install/aura_mapping/bin'
[0.719s] INFO:colcon.colcon_core.shell:Creating package script '/home/utk/aura_ws/install/aura_mapping/share/aura_mapping/package.ps1'
[0.719s] INFO:colcon.colcon_core.shell:Creating package descriptor '/home/utk/aura_ws/install/aura_mapping/share/aura_mapping/package.dsv'
[0.719s] INFO:colcon.colcon_core.shell:Creating package script '/home/utk/aura_ws/install/aura_mapping/share/aura_mapping/package.sh'
[0.720s] INFO:colcon.colcon_core.shell:Creating package script '/home/utk/aura_ws/install/aura_mapping/share/aura_mapping/package.bash'
[0.720s] INFO:colcon.colcon_core.shell:Creating package script '/home/utk/aura_ws/install/aura_mapping/share/aura_mapping/package.zsh'
[0.720s] Level 1:colcon.colcon_core.environment:create_file_with_runtime_dependencies(/home/utk/aura_ws/install/aura_mapping/share/colcon-core/packages/aura_mapping)
[0.721s] INFO:colcon.colcon_ros.task.ament_cmake.build:Building ROS package in '/home/utk/aura_ws/src/aura_localization' with build type 'ament_cmake'
[0.721s] INFO:colcon.colcon_cmake.task.cmake.build:Building CMake package in '/home/utk/aura_ws/src/aura_localization'
[0.721s] INFO:colcon.colcon_core.shell:Skip shell extension 'powershell' for command environment: Not usable outside of PowerShell
[0.721s] DEBUG:colcon.colcon_core.shell:Skip shell extension 'dsv' for command environment
[0.731s] DEBUG:colcon.colcon_core.event_handler.log_command:Invoking command in '/home/utk/aura_ws/build/aura_localization': CMAKE_PREFIX_PATH=/home/utk/aura_ws/install/aura_mapping:/home/utk/aura_ws/install/aura_navigation:/home/utk/aura_ws/install/aura_localization:/home/utk/aura_ws/install/aura_bringup:/home/utk/aura_ws/install/aura_description:/home/utk/aura_ws/install/aura_controller:/home/utk/bumperbot_ws/install/bumperbot_utils:/home/utk/bumperbot_ws/install/bumperbot_cpp_examples:/home/utk/bumperbot_ws/install/bumperbot_msgs:/home/utk/bumperbot_ws/install/bumperbot_bringup:/home/utk/bumperbot_ws/install/bumperbot_mapping:/home/utk/bumperbot_ws/install/bumperbot_localization:/home/utk/bumperbot_ws/install/bumperbot_firmware:/home/utk/bumperbot_ws/install/bumperbot_description:/home/utk/bumperbot_ws/install/bumperbot_controller:/home/utk/bumperbot_ws/install/bumperbot_vision:/home/utk/bumperbot_ws/install/bumperbot_py_examples:/opt/ros/humble /usr/bin/cmake --build /home/utk/aura_ws/build/aura_localization -- -j16 -l16
[0.734s] DEBUG:colcon.colcon_core.event_handler.log_command:Invoked command in '/home/utk/aura_ws/build/aura_bringup' returned '0': CMAKE_PREFIX_PATH=/home/utk/aura_ws/install/aura_description:/home/utk/aura_ws/install/aura_controller:/home/utk/aura_ws/install/aura_navigation:/home/utk/aura_ws/install/aura_mapping:/home/utk/aura_ws/install/aura_localization:/home/utk/aura_ws/install/aura_bringup:/home/utk/bumperbot_ws/install/bumperbot_utils:/home/utk/bumperbot_ws/install/bumperbot_cpp_examples:/home/utk/bumperbot_ws/install/bumperbot_msgs:/home/utk/bumperbot_ws/install/bumperbot_bringup:/home/utk/bumperbot_ws/install/bumperbot_mapping:/home/utk/bumperbot_ws/install/bumperbot_localization:/home/utk/bumperbot_ws/install/bumperbot_firmware:/home/utk/bumperbot_ws/install/bumperbot_description:/home/utk/bumperbot_ws/install/bumperbot_controller:/home/utk/bumperbot_ws/install/bumperbot_vision:/home/utk/bumperbot_ws/install/bumperbot_py_examples:/opt/ros/humble /usr/bin/cmake --build /home/utk/aura_ws/build/aura_bringup -- -j16 -l16
[0.735s] DEBUG:colcon.colcon_core.event_handler.log_command:Invoking command in '/home/utk/aura_ws/build/aura_bringup': CMAKE_PREFIX_PATH=/home/utk/aura_ws/install/aura_description:/home/utk/aura_ws/install/aura_controller:/home/utk/aura_ws/install/aura_navigation:/home/utk/aura_ws/install/aura_mapping:/home/utk/aura_ws/install/aura_localization:/home/utk/aura_ws/install/aura_bringup:/home/utk/bumperbot_ws/install/bumperbot_utils:/home/utk/bumperbot_ws/install/bumperbot_cpp_examples:/home/utk/bumperbot_ws/install/bumperbot_msgs:/home/utk/bumperbot_ws/install/bumperbot_bringup:/home/utk/bumperbot_ws/install/bumperbot_mapping:/home/utk/bumperbot_ws/install/bumperbot_localization:/home/utk/bumperbot_ws/install/bumperbot_firmware:/home/utk/bumperbot_ws/install/bumperbot_description:/home/utk/bumperbot_ws/install/bumperbot_controller:/home/utk/bumperbot_ws/install/bumperbot_vision:/home/utk/bumperbot_ws/install/bumperbot_py_examples:/opt/ros/humble /usr/bin/cmake --install /home/utk/aura_ws/build/aura_bringup
[0.752s] Level 1:colcon.colcon_core.environment:create_environment_scripts_only(aura_bringup)
[0.752s] Level 1:colcon.colcon_core.environment:checking '/home/utk/aura_ws/install/aura_bringup' for CMake module files
[0.753s] DEBUG:colcon.colcon_core.event_handler.log_command:Invoked command in '/home/utk/aura_ws/build/aura_bringup' returned '0': CMAKE_PREFIX_PATH=/home/utk/aura_ws/install/aura_description:/home/utk/aura_ws/install/aura_controller:/home/utk/aura_ws/install/aura_navigation:/home/utk/aura_ws/install/aura_mapping:/home/utk/aura_ws/install/aura_localization:/home/utk/aura_ws/install/aura_bringup:/home/utk/bumperbot_ws/install/bumperbot_utils:/home/utk/bumperbot_ws/install/bumperbot_cpp_examples:/home/utk/bumperbot_ws/install/bumperbot_msgs:/home/utk/bumperbot_ws/install/bumperbot_bringup:/home/utk/bumperbot_ws/install/bumperbot_mapping:/home/utk/bumperbot_ws/install/bumperbot_localization:/home/utk/bumperbot_ws/install/bumperbot_firmware:/home/utk/bumperbot_ws/install/bumperbot_description:/home/utk/bumperbot_ws/install/bumperbot_controller:/home/utk/bumperbot_ws/install/bumperbot_vision:/home/utk/bumperbot_ws/install/bumperbot_py_examples:/opt/ros/humble /usr/bin/cmake --install /home/utk/aura_ws/build/aura_bringup
[0.753s] Level 1:colcon.colcon_core.environment:checking '/home/utk/aura_ws/install/aura_bringup' for CMake config files
[0.753s] Level 1:colcon.colcon_core.shell:create_environment_hook('aura_bringup', 'cmake_prefix_path')
[0.753s] INFO:colcon.colcon_core.shell:Creating environment hook '/home/utk/aura_ws/install/aura_bringup/share/aura_bringup/hook/cmake_prefix_path.ps1'
[0.754s] INFO:colcon.colcon_core.shell:Creating environment descriptor '/home/utk/aura_ws/install/aura_bringup/share/aura_bringup/hook/cmake_prefix_path.dsv'
[0.754s] INFO:colcon.colcon_core.shell:Creating environment hook '/home/utk/aura_ws/install/aura_bringup/share/aura_bringup/hook/cmake_prefix_path.sh'
[0.755s] Level 1:colcon.colcon_core.environment:checking '/home/utk/aura_ws/install/aura_bringup/bin'
[0.755s] Level 1:colcon.colcon_core.environment:checking '/home/utk/aura_ws/install/aura_bringup/lib/pkgconfig/aura_bringup.pc'
[0.755s] Level 1:colcon.colcon_core.environment:checking '/home/utk/aura_ws/install/aura_bringup/lib/python3.10/site-packages'
[0.755s] Level 1:colcon.colcon_core.environment:checking '/home/utk/aura_ws/install/aura_bringup/bin'
[0.755s] INFO:colcon.colcon_core.shell:Creating package script '/home/utk/aura_ws/install/aura_bringup/share/aura_bringup/package.ps1'
[0.756s] INFO:colcon.colcon_core.shell:Creating package descriptor '/home/utk/aura_ws/install/aura_bringup/share/aura_bringup/package.dsv'
[0.756s] INFO:colcon.colcon_core.shell:Creating package script '/home/utk/aura_ws/install/aura_bringup/share/aura_bringup/package.sh'
[0.756s] INFO:colcon.colcon_core.shell:Creating package script '/home/utk/aura_ws/install/aura_bringup/share/aura_bringup/package.bash'
[0.756s] INFO:colcon.colcon_core.shell:Creating package script '/home/utk/aura_ws/install/aura_bringup/share/aura_bringup/package.zsh'
[0.757s] Level 1:colcon.colcon_core.environment:create_file_with_runtime_dependencies(/home/utk/aura_ws/install/aura_bringup/share/colcon-core/packages/aura_bringup)
[0.757s] Level 1:colcon.colcon_core.environment:create_environment_scripts_only(aura_bringup)
[0.757s] Level 1:colcon.colcon_core.environment:checking '/home/utk/aura_ws/install/aura_bringup' for CMake module files
[0.758s] Level 1:colcon.colcon_core.environment:checking '/home/utk/aura_ws/install/aura_bringup' for CMake config files
[0.758s] Level 1:colcon.colcon_core.shell:create_environment_hook('aura_bringup', 'cmake_prefix_path')
[0.758s] INFO:colcon.colcon_core.shell:Creating environment hook '/home/utk/aura_ws/install/aura_bringup/share/aura_bringup/hook/cmake_prefix_path.ps1'
[0.758s] INFO:colcon.colcon_core.shell:Creating environment descriptor '/home/utk/aura_ws/install/aura_bringup/share/aura_bringup/hook/cmake_prefix_path.dsv'
[0.759s] INFO:colcon.colcon_core.shell:Creating environment hook '/home/utk/aura_ws/install/aura_bringup/share/aura_bringup/hook/cmake_prefix_path.sh'
[0.759s] Level 1:colcon.colcon_core.environment:checking '/home/utk/aura_ws/install/aura_bringup/bin'
[0.759s] Level 1:colcon.colcon_core.environment:checking '/home/utk/aura_ws/install/aura_bringup/lib/pkgconfig/aura_bringup.pc'
[0.759s] Level 1:colcon.colcon_core.environment:checking '/home/utk/aura_ws/install/aura_bringup/lib/python3.10/site-packages'
[0.759s] Level 1:colcon.colcon_core.environment:checking '/home/utk/aura_ws/install/aura_bringup/bin'
[0.759s] INFO:colcon.colcon_core.shell:Creating package script '/home/utk/aura_ws/install/aura_bringup/share/aura_bringup/package.ps1'
[0.760s] INFO:colcon.colcon_core.shell:Creating package descriptor '/home/utk/aura_ws/install/aura_bringup/share/aura_bringup/package.dsv'
[0.760s] INFO:colcon.colcon_core.shell:Creating package script '/home/utk/aura_ws/install/aura_bringup/share/aura_bringup/package.sh'
[0.760s] INFO:colcon.colcon_core.shell:Creating package script '/home/utk/aura_ws/install/aura_bringup/share/aura_bringup/package.bash'
[0.761s] INFO:colcon.colcon_core.shell:Creating package script '/home/utk/aura_ws/install/aura_bringup/share/aura_bringup/package.zsh'
[0.761s] Level 1:colcon.colcon_core.environment:create_file_with_runtime_dependencies(/home/utk/aura_ws/install/aura_bringup/share/colcon-core/packages/aura_bringup)
[0.763s] DEBUG:colcon.colcon_core.event_handler.log_command:Invoked command in '/home/utk/aura_ws/build/aura_localization' returned '0': CMAKE_PREFIX_PATH=/home/utk/aura_ws/install/aura_mapping:/home/utk/aura_ws/install/aura_navigation:/home/utk/aura_ws/install/aura_localization:/home/utk/aura_ws/install/aura_bringup:/home/utk/aura_ws/install/aura_description:/home/utk/aura_ws/install/aura_controller:/home/utk/bumperbot_ws/install/bumperbot_utils:/home/utk/bumperbot_ws/install/bumperbot_cpp_examples:/home/utk/bumperbot_ws/install/bumperbot_msgs:/home/utk/bumperbot_ws/install/bumperbot_bringup:/home/utk/bumperbot_ws/install/bumperbot_mapping:/home/utk/bumperbot_ws/install/bumperbot_localization:/home/utk/bumperbot_ws/install/bumperbot_firmware:/home/utk/bumperbot_ws/install/bumperbot_description:/home/utk/bumperbot_ws/install/bumperbot_controller:/home/utk/bumperbot_ws/install/bumperbot_vision:/home/utk/bumperbot_ws/install/bumperbot_py_examples:/opt/ros/humble /usr/bin/cmake --build /home/utk/aura_ws/build/aura_localization -- -j16 -l16
[0.764s] DEBUG:colcon.colcon_core.event_handler.log_command:Invoking command in '/home/utk/aura_ws/build/aura_localization': CMAKE_PREFIX_PATH=/home/utk/aura_ws/install/aura_mapping:/home/utk/aura_ws/install/aura_navigation:/home/utk/aura_ws/install/aura_localization:/home/utk/aura_ws/install/aura_bringup:/home/utk/aura_ws/install/aura_description:/home/utk/aura_ws/install/aura_controller:/home/utk/bumperbot_ws/install/bumperbot_utils:/home/utk/bumperbot_ws/install/bumperbot_cpp_examples:/home/utk/bumperbot_ws/install/bumperbot_msgs:/home/utk/bumperbot_ws/install/bumperbot_bringup:/home/utk/bumperbot_ws/install/bumperbot_mapping:/home/utk/bumperbot_ws/install/bumperbot_localization:/home/utk/bumperbot_ws/install/bumperbot_firmware:/home/utk/bumperbot_ws/install/bumperbot_description:/home/utk/bumperbot_ws/install/bumperbot_controller:/home/utk/bumperbot_ws/install/bumperbot_vision:/home/utk/bumperbot_ws/install/bumperbot_py_examples:/opt/ros/humble /usr/bin/cmake --install /home/utk/aura_ws/build/aura_localization
[0.780s] Level 1:colcon.colcon_core.environment:create_environment_scripts_only(aura_localization)
[0.780s] Level 1:colcon.colcon_core.environment:checking '/home/utk/aura_ws/install/aura_localization' for CMake module files
[0.781s] DEBUG:colcon.colcon_core.event_handler.log_command:Invoked command in '/home/utk/aura_ws/build/aura_localization' returned '0': CMAKE_PREFIX_PATH=/home/utk/aura_ws/install/aura_mapping:/home/utk/aura_ws/install/aura_navigation:/home/utk/aura_ws/install/aura_localization:/home/utk/aura_ws/install/aura_bringup:/home/utk/aura_ws/install/aura_description:/home/utk/aura_ws/install/aura_controller:/home/utk/bumperbot_ws/install/bumperbot_utils:/home/utk/bumperbot_ws/install/bumperbot_cpp_examples:/home/utk/bumperbot_ws/install/bumperbot_msgs:/home/utk/bumperbot_ws/install/bumperbot_bringup:/home/utk/bumperbot_ws/install/bumperbot_mapping:/home/utk/bumperbot_ws/install/bumperbot_localization:/home/utk/bumperbot_ws/install/bumperbot_firmware:/home/utk/bumperbot_ws/install/bumperbot_description:/home/utk/bumperbot_ws/install/bumperbot_controller:/home/utk/bumperbot_ws/install/bumperbot_vision:/home/utk/bumperbot_ws/install/bumperbot_py_examples:/opt/ros/humble /usr/bin/cmake --install /home/utk/aura_ws/build/aura_localization
[0.781s] Level 1:colcon.colcon_core.environment:checking '/home/utk/aura_ws/install/aura_localization' for CMake config files
[0.781s] Level 1:colcon.colcon_core.shell:create_environment_hook('aura_localization', 'cmake_prefix_path')
[0.781s] INFO:colcon.colcon_core.shell:Creating environment hook '/home/utk/aura_ws/install/aura_localization/share/aura_localization/hook/cmake_prefix_path.ps1'
[0.782s] INFO:colcon.colcon_core.shell:Creating environment descriptor '/home/utk/aura_ws/install/aura_localization/share/aura_localization/hook/cmake_prefix_path.dsv'
[0.782s] INFO:colcon.colcon_core.shell:Creating environment hook '/home/utk/aura_ws/install/aura_localization/share/aura_localization/hook/cmake_prefix_path.sh'
[0.782s] Level 1:colcon.colcon_core.environment:checking '/home/utk/aura_ws/install/aura_localization/bin'
[0.782s] Level 1:colcon.colcon_core.environment:checking '/home/utk/aura_ws/install/aura_localization/lib/pkgconfig/aura_localization.pc'
[0.783s] Level 1:colcon.colcon_core.environment:checking '/home/utk/aura_ws/install/aura_localization/lib/python3.10/site-packages'
[0.783s] Level 1:colcon.colcon_core.environment:checking '/home/utk/aura_ws/install/aura_localization/bin'
[0.783s] INFO:colcon.colcon_core.shell:Creating package script '/home/utk/aura_ws/install/aura_localization/share/aura_localization/package.ps1'
[0.783s] INFO:colcon.colcon_core.shell:Creating package descriptor '/home/utk/aura_ws/install/aura_localization/share/aura_localization/package.dsv'
[0.784s] INFO:colcon.colcon_core.shell:Creating package script '/home/utk/aura_ws/install/aura_localization/share/aura_localization/package.sh'
[0.784s] INFO:colcon.colcon_core.shell:Creating package script '/home/utk/aura_ws/install/aura_localization/share/aura_localization/package.bash'
[0.784s] INFO:colcon.colcon_core.shell:Creating package script '/home/utk/aura_ws/install/aura_localization/share/aura_localization/package.zsh'
[0.784s] Level 1:colcon.colcon_core.environment:create_file_with_runtime_dependencies(/home/utk/aura_ws/install/aura_localization/share/colcon-core/packages/aura_localization)
[0.785s] Level 1:colcon.colcon_core.environment:create_environment_scripts_only(aura_localization)
[0.785s] Level 1:colcon.colcon_core.environment:checking '/home/utk/aura_ws/install/aura_localization' for CMake module files
[0.785s] Level 1:colcon.colcon_core.environment:checking '/home/utk/aura_ws/install/aura_localization' for CMake config files
[0.785s] Level 1:colcon.colcon_core.shell:create_environment_hook('aura_localization', 'cmake_prefix_path')
[0.785s] INFO:colcon.colcon_core.shell:Creating environment hook '/home/utk/aura_ws/install/aura_localization/share/aura_localization/hook/cmake_prefix_path.ps1'
[0.786s] INFO:colcon.colcon_core.shell:Creating environment descriptor '/home/utk/aura_ws/install/aura_localization/share/aura_localization/hook/cmake_prefix_path.dsv'
[0.786s] INFO:colcon.colcon_core.shell:Creating environment hook '/home/utk/aura_ws/install/aura_localization/share/aura_localization/hook/cmake_prefix_path.sh'
[0.786s] Level 1:colcon.colcon_core.environment:checking '/home/utk/aura_ws/install/aura_localization/bin'
[0.786s] Level 1:colcon.colcon_core.environment:checking '/home/utk/aura_ws/install/aura_localization/lib/pkgconfig/aura_localization.pc'
[0.786s] Level 1:colcon.colcon_core.environment:checking '/home/utk/aura_ws/install/aura_localization/lib/python3.10/site-packages'
[0.786s] Level 1:colcon.colcon_core.environment:checking '/home/utk/aura_ws/install/aura_localization/bin'
[0.787s] INFO:colcon.colcon_core.shell:Creating package script '/home/utk/aura_ws/install/aura_localization/share/aura_localization/package.ps1'
[0.787s] INFO:colcon.colcon_core.shell:Creating package descriptor '/home/utk/aura_ws/install/aura_localization/share/aura_localization/package.dsv'
[0.787s] INFO:colcon.colcon_core.shell:Creating package script '/home/utk/aura_ws/install/aura_localization/share/aura_localization/package.sh'
[0.787s] INFO:colcon.colcon_core.shell:Creating package script '/home/utk/aura_ws/install/aura_localization/share/aura_localization/package.bash'
[0.788s] INFO:colcon.colcon_core.shell:Creating package script '/home/utk/aura_ws/install/aura_localization/share/aura_localization/package.zsh'
[0.788s] Level 1:colcon.colcon_core.environment:create_file_with_runtime_dependencies(/home/utk/aura_ws/install/aura_localization/share/colcon-core/packages/aura_localization)
[0.942s] DEBUG:colcon.colcon_core.event_handler.log_command:Invoking command in '/home/utk/aura_ws/build/autonomous_exploration': PYTHONPATH=/home/utk/aura_ws/build/autonomous_exploration/prefix_override:/usr/lib/python3/dist-packages/colcon_core/task/python/colcon_distutils_commands:/home/utk/aura_ws/install/autonomous_exploration/lib/python3.10/site-packages:${PYTHONPATH} /usr/bin/python3 -W ignore:setup.py install is deprecated -W ignore:easy_install command is deprecated setup.py develop --editable --build-directory /home/utk/aura_ws/build/autonomous_exploration/build --no-deps symlink_data
[1.342s] Level 1:colcon.colcon_core.shell:create_environment_hook('autonomous_exploration', 'pythonpath_develop')
[1.342s] INFO:colcon.colcon_core.shell:Creating environment hook '/home/utk/aura_ws/build/autonomous_exploration/share/autonomous_exploration/hook/pythonpath_develop.ps1'
[1.342s] DEBUG:colcon.colcon_core.event_handler.log_command:Invoked command in '/home/utk/aura_ws/build/autonomous_exploration' returned '0': PYTHONPATH=/home/utk/aura_ws/build/autonomous_exploration/prefix_override:/usr/lib/python3/dist-packages/colcon_core/task/python/colcon_distutils_commands:/home/utk/aura_ws/install/autonomous_exploration/lib/python3.10/site-packages:${PYTHONPATH} /usr/bin/python3 -W ignore:setup.py install is deprecated -W ignore:easy_install command is deprecated setup.py develop --editable --build-directory /home/utk/aura_ws/build/autonomous_exploration/build --no-deps symlink_data
[1.343s] INFO:colcon.colcon_core.shell:Creating environment descriptor '/home/utk/aura_ws/build/autonomous_exploration/share/autonomous_exploration/hook/pythonpath_develop.dsv'
[1.343s] INFO:colcon.colcon_core.shell:Creating environment hook '/home/utk/aura_ws/build/autonomous_exploration/share/autonomous_exploration/hook/pythonpath_develop.sh'
[1.343s] Level 1:colcon.colcon_core.environment:checking '/home/utk/aura_ws/install/autonomous_exploration' for CMake module files
[1.344s] Level 1:colcon.colcon_core.environment:checking '/home/utk/aura_ws/install/autonomous_exploration' for CMake config files
[1.344s] Level 1:colcon.colcon_core.environment:checking '/home/utk/aura_ws/install/autonomous_exploration/lib'
[1.344s] Level 1:colcon.colcon_core.environment:checking '/home/utk/aura_ws/install/autonomous_exploration/bin'
[1.344s] Level 1:colcon.colcon_core.environment:checking '/home/utk/aura_ws/install/autonomous_exploration/lib/pkgconfig/autonomous_exploration.pc'
[1.344s] Level 1:colcon.colcon_core.environment:checking '/home/utk/aura_ws/install/autonomous_exploration/lib/python3.10/site-packages'
[1.344s] Level 1:colcon.colcon_core.shell:create_environment_hook('autonomous_exploration', 'pythonpath')
[1.344s] INFO:colcon.colcon_core.shell:Creating environment hook '/home/utk/aura_ws/install/autonomous_exploration/share/autonomous_exploration/hook/pythonpath.ps1'
[1.345s] INFO:colcon.colcon_core.shell:Creating environment descriptor '/home/utk/aura_ws/install/autonomous_exploration/share/autonomous_exploration/hook/pythonpath.dsv'
[1.345s] INFO:colcon.colcon_core.shell:Creating environment hook '/home/utk/aura_ws/install/autonomous_exploration/share/autonomous_exploration/hook/pythonpath.sh'
[1.345s] Level 1:colcon.colcon_core.environment:checking '/home/utk/aura_ws/install/autonomous_exploration/bin'
[1.345s] Level 1:colcon.colcon_core.environment:create_environment_scripts_only(autonomous_exploration)
[1.345s] INFO:colcon.colcon_core.shell:Creating package script '/home/utk/aura_ws/install/autonomous_exploration/share/autonomous_exploration/package.ps1'
[1.346s] INFO:colcon.colcon_core.shell:Creating package descriptor '/home/utk/aura_ws/install/autonomous_exploration/share/autonomous_exploration/package.dsv'
[1.346s] INFO:colcon.colcon_core.shell:Creating package script '/home/utk/aura_ws/install/autonomous_exploration/share/autonomous_exploration/package.sh'
[1.346s] INFO:colcon.colcon_core.shell:Creating package script '/home/utk/aura_ws/install/autonomous_exploration/share/autonomous_exploration/package.bash'
[1.347s] INFO:colcon.colcon_core.shell:Creating package script '/home/utk/aura_ws/install/autonomous_exploration/share/autonomous_exploration/package.zsh'
[1.347s] Level 1:colcon.colcon_core.environment:create_file_with_runtime_dependencies(/home/utk/aura_ws/install/autonomous_exploration/share/colcon-core/packages/autonomous_exploration)
[1.347s] DEBUG:colcon.colcon_parallel_executor.executor.parallel:closing loop
[1.347s] DEBUG:colcon.colcon_parallel_executor.executor.parallel:loop closed
[1.347s] DEBUG:colcon.colcon_parallel_executor.executor.parallel:run_until_complete finished with '0'
[1.347s] DEBUG:colcon.colcon_core.event_reactor:joining thread
[1.351s] INFO:colcon.colcon_core.plugin_system:Skipping extension 'colcon_notification.desktop_notification.terminal_notifier': Not used on non-Darwin systems
[1.351s] INFO:colcon.colcon_core.plugin_system:Skipping extension 'colcon_notification.desktop_notification.win32': Not used on non-Windows systems
[1.351s] INFO:colcon.colcon_notification.desktop_notification:Sending desktop notification using 'notify2'
[1.360s] DEBUG:colcon.colcon_core.event_reactor:joined thread
[1.360s] INFO:colcon.colcon_core.shell:Creating prefix script '/home/utk/aura_ws/install/local_setup.ps1'
[1.361s] INFO:colcon.colcon_core.shell:Creating prefix util module '/home/utk/aura_ws/install/_local_setup_util_ps1.py'
[1.362s] INFO:colcon.colcon_core.shell:Creating prefix chain script '/home/utk/aura_ws/install/setup.ps1'
[1.363s] INFO:colcon.colcon_core.shell:Creating prefix script '/home/utk/aura_ws/install/local_setup.sh'
[1.364s] INFO:colcon.colcon_core.shell:Creating prefix util module '/home/utk/aura_ws/install/_local_setup_util_sh.py'
[1.364s] INFO:colcon.colcon_core.shell:Creating prefix chain script '/home/utk/aura_ws/install/setup.sh'
[1.366s] INFO:colcon.colcon_core.shell:Creating prefix script '/home/utk/aura_ws/install/local_setup.bash'
[1.366s] INFO:colcon.colcon_core.shell:Creating prefix chain script '/home/utk/aura_ws/install/setup.bash'
[1.368s] INFO:colcon.colcon_core.shell:Creating prefix script '/home/utk/aura_ws/install/local_setup.zsh'
[1.368s] INFO:colcon.colcon_core.shell:Creating prefix chain script '/home/utk/aura_ws/install/setup.zsh'
