[0.027s] Invoking command in '/home/utk/aura_ws/build/aura_msgs': CMAKE_PREFIX_PATH=${CMAKE_PREFIX_PATH}:/home/utk/aura_ws/install/aura_vision:/home/utk/aura_ws/install/aura_script:/home/utk/bumperbot_ws/install/bumperbot_vision:/home/utk/bumperbot_ws/install/bumperbot_py_examples:/opt/ros/humble /usr/bin/cmake /home/utk/aura_ws/src/aura_msgs -DCMAKE_INSTALL_PREFIX=/home/utk/aura_ws/install/aura_msgs
[0.340s] -- Found ament_cmake: 1.3.11 (/opt/ros/humble/share/ament_cmake/cmake)
[0.340s] -- Found std_msgs: 4.2.4 (/opt/ros/humble/share/std_msgs/cmake)
[0.340s] -- Found rosidl_generator_c: 3.1.6 (/opt/ros/humble/share/rosidl_generator_c/cmake)
[0.340s] -- Found rosidl_adapter: 3.1.6 (/opt/ros/humble/share/rosidl_adapter/cmake)
[0.340s] -- Found rosidl_generator_cpp: 3.1.6 (/opt/ros/humble/share/rosidl_generator_cpp/cmake)
[0.340s] -- Using all available rosidl_typesupport_c: rosidl_typesupport_fastrtps_c;rosidl_typesupport_introspection_c
[0.340s] -- Using all available rosidl_typesupport_cpp: rosidl_typesupport_fastrtps_cpp;rosidl_typesupport_introspection_cpp
[0.340s] -- Found rosidl_default_generators: 1.2.0 (/opt/ros/humble/share/rosidl_default_generators/cmake)
[0.552s] -- Found ament_cmake_ros: 0.10.0 (/opt/ros/humble/share/ament_cmake_ros/cmake)
[0.895s] -- Using all available rosidl_typesupport_c: rosidl_typesupport_fastrtps_c;rosidl_typesupport_introspection_c
[1.020s] -- Using all available rosidl_typesupport_cpp: rosidl_typesupport_fastrtps_cpp;rosidl_typesupport_introspection_cpp
[1.046s] -- Found PythonInterp: /usr/bin/python3 (found suitable version "3.10.12", minimum required is "3.6") 
[1.049s] -- Found python_cmake_module: 0.10.0 (/opt/ros/humble/share/python_cmake_module/cmake)
[1.081s] -- Found PythonLibs: /usr/lib/x86_64-linux-gnu/libpython3.10.so (found suitable version "3.10.12", minimum required is "3.5") 
[1.081s] -- Using PYTHON_EXECUTABLE: /usr/bin/python3
[1.081s] -- Using PYTHON_INCLUDE_DIRS: /usr/include/python3.10
[1.081s] -- Using PYTHON_LIBRARIES: /usr/lib/x86_64-linux-gnu/libpython3.10.so
[1.108s] -- Found PythonExtra: .so  
[1.180s] -- Configuring done
[1.212s] -- Generating done
[1.225s] -- Build files have been written to: /home/utk/aura_ws/build/aura_msgs
[1.235s] Invoked command in '/home/utk/aura_ws/build/aura_msgs' returned '0': CMAKE_PREFIX_PATH=${CMAKE_PREFIX_PATH}:/home/utk/aura_ws/install/aura_vision:/home/utk/aura_ws/install/aura_script:/home/utk/bumperbot_ws/install/bumperbot_vision:/home/utk/bumperbot_ws/install/bumperbot_py_examples:/opt/ros/humble /usr/bin/cmake /home/utk/aura_ws/src/aura_msgs -DCMAKE_INSTALL_PREFIX=/home/utk/aura_ws/install/aura_msgs
[1.236s] Invoking command in '/home/utk/aura_ws/build/aura_msgs': CMAKE_PREFIX_PATH=${CMAKE_PREFIX_PATH}:/home/utk/aura_ws/install/aura_vision:/home/utk/aura_ws/install/aura_script:/home/utk/bumperbot_ws/install/bumperbot_vision:/home/utk/bumperbot_ws/install/bumperbot_py_examples:/opt/ros/humble /usr/bin/cmake --build /home/utk/aura_ws/build/aura_msgs -- -j16 -l16
[1.285s] [  3%] [34m[1mGenerating C code for ROS interfaces[0m
[1.298s] [  6%] [34m[1mGenerating C++ code for ROS interfaces[0m
[1.308s] [  6%] Built target ament_cmake_python_copy_aura_msgs
[1.598s] running egg_info
[1.599s] creating aura_msgs.egg-info
[1.599s] writing aura_msgs.egg-info/PKG-INFO
[1.599s] writing dependency_links to aura_msgs.egg-info/dependency_links.txt
[1.600s] writing top-level names to aura_msgs.egg-info/top_level.txt
[1.600s] writing manifest file 'aura_msgs.egg-info/SOURCES.txt'
[1.602s] reading manifest file 'aura_msgs.egg-info/SOURCES.txt'
[1.603s] writing manifest file 'aura_msgs.egg-info/SOURCES.txt'
[1.632s] [  6%] Built target ament_cmake_python_build_aura_msgs_egg
[1.748s] [  9%] [32mBuilding C object CMakeFiles/aura_msgs__rosidl_generator_c.dir/rosidl_generator_c/aura_msgs/action/detail/aura_task__functions.c.o[0m
[1.755s] [  9%] Built target aura_msgs__cpp
[1.765s] [ 12%] [34m[1mGenerating C++ introspection for ROS interfaces[0m
[1.765s] [ 16%] [34m[1mGenerating C++ type support dispatch for ROS interfaces[0m
[1.765s] [ 19%] [34m[1mGenerating C++ type support for eProsima Fast-RTPS[0m
[1.869s] [ 22%] [32m[1mLinking C shared library libaura_msgs__rosidl_generator_c.so[0m
[1.905s] [ 22%] Built target aura_msgs__rosidl_generator_c
[1.917s] [ 29%] [34m[1mGenerating C type support dispatch for ROS interfaces[0m
[1.918s] [ 29%] [34m[1mGenerating C type support for eProsima Fast-RTPS[0m
[1.918s] [ 32%] [34m[1mGenerating C introspection for ROS interfaces[0m
[2.106s] [ 35%] [32mBuilding CXX object CMakeFiles/aura_msgs__rosidl_typesupport_cpp.dir/rosidl_typesupport_cpp/aura_msgs/action/aura_task__type_support.cpp.o[0m
[2.187s] [ 38%] [32mBuilding CXX object CMakeFiles/aura_msgs__rosidl_typesupport_introspection_cpp.dir/rosidl_typesupport_introspection_cpp/aura_msgs/action/detail/aura_task__type_support.cpp.o[0m
[2.247s] [ 41%] [32mBuilding CXX object CMakeFiles/aura_msgs__rosidl_typesupport_fastrtps_cpp.dir/rosidl_typesupport_fastrtps_cpp/aura_msgs/action/detail/dds_fastrtps/aura_task__type_support.cpp.o[0m
[2.290s] [ 45%] [32mBuilding CXX object CMakeFiles/aura_msgs__rosidl_typesupport_c.dir/rosidl_typesupport_c/aura_msgs/action/aura_task__type_support.cpp.o[0m
[2.348s] [ 48%] [32m[1mLinking CXX shared library libaura_msgs__rosidl_typesupport_c.so[0m
[2.395s] [ 51%] [32mBuilding C object CMakeFiles/aura_msgs__rosidl_typesupport_introspection_c.dir/rosidl_typesupport_introspection_c/aura_msgs/action/detail/aura_task__type_support.c.o[0m
[2.399s] [ 51%] Built target aura_msgs__rosidl_typesupport_c
[2.401s] [ 54%] [32mBuilding CXX object CMakeFiles/aura_msgs__rosidl_typesupport_fastrtps_c.dir/rosidl_typesupport_fastrtps_c/aura_msgs/action/detail/aura_task__type_support_c.cpp.o[0m
[2.441s] [ 58%] [32m[1mLinking C shared library libaura_msgs__rosidl_typesupport_introspection_c.so[0m
[2.472s] [ 58%] Built target aura_msgs__rosidl_typesupport_introspection_c
[2.572s] [ 61%] [32m[1mLinking CXX shared library libaura_msgs__rosidl_typesupport_cpp.so[0m
[2.607s] [ 61%] Built target aura_msgs__rosidl_typesupport_cpp
[2.721s] [ 64%] [32m[1mLinking CXX shared library libaura_msgs__rosidl_typesupport_fastrtps_c.so[0m
[2.748s] [ 67%] [32m[1mLinking CXX shared library libaura_msgs__rosidl_typesupport_fastrtps_cpp.so[0m
[2.750s] [ 70%] [32m[1mLinking CXX shared library libaura_msgs__rosidl_typesupport_introspection_cpp.so[0m
[2.784s] [ 70%] Built target aura_msgs__rosidl_typesupport_fastrtps_c
[2.809s] [ 70%] Built target aura_msgs__rosidl_typesupport_fastrtps_cpp
[2.810s] [ 70%] Built target aura_msgs__rosidl_typesupport_introspection_cpp
[2.828s] [ 70%] Built target aura_msgs
[2.845s] [ 74%] [34m[1mGenerating Python code for ROS interfaces[0m
[3.444s] [ 74%] Built target aura_msgs__py
[3.459s] [ 77%] [32mBuilding C object CMakeFiles/aura_msgs__rosidl_generator_py.dir/rosidl_generator_py/aura_msgs/action/_aura_task_s.c.o[0m
[3.562s] [ 80%] [32m[1mLinking C shared library rosidl_generator_py/aura_msgs/libaura_msgs__rosidl_generator_py.so[0m
[3.593s] [ 80%] Built target aura_msgs__rosidl_generator_py
[3.608s] [ 87%] [32mBuilding C object CMakeFiles/aura_msgs__rosidl_typesupport_introspection_c__pyext.dir/rosidl_generator_py/aura_msgs/_aura_msgs_s.ep.rosidl_typesupport_introspection_c.c.o[0m
[3.608s] [ 87%] [32mBuilding C object CMakeFiles/aura_msgs__rosidl_typesupport_fastrtps_c__pyext.dir/rosidl_generator_py/aura_msgs/_aura_msgs_s.ep.rosidl_typesupport_fastrtps_c.c.o[0m
[3.608s] [ 90%] [32mBuilding C object CMakeFiles/aura_msgs__rosidl_typesupport_c__pyext.dir/rosidl_generator_py/aura_msgs/_aura_msgs_s.ep.rosidl_typesupport_c.c.o[0m
[3.711s] [ 96%] [32m[1mLinking C shared library rosidl_generator_py/aura_msgs/aura_msgs_s__rosidl_typesupport_c.cpython-310-x86_64-linux-gnu.so[0m
[3.712s] [ 96%] [32m[1mLinking C shared library rosidl_generator_py/aura_msgs/aura_msgs_s__rosidl_typesupport_introspection_c.cpython-310-x86_64-linux-gnu.so[0m
[3.712s] [100%] [32m[1mLinking C shared library rosidl_generator_py/aura_msgs/aura_msgs_s__rosidl_typesupport_fastrtps_c.cpython-310-x86_64-linux-gnu.so[0m
[3.746s] [100%] Built target aura_msgs__rosidl_typesupport_fastrtps_c__pyext
[3.747s] [100%] Built target aura_msgs__rosidl_typesupport_c__pyext
[3.747s] [100%] Built target aura_msgs__rosidl_typesupport_introspection_c__pyext
[3.755s] Invoked command in '/home/utk/aura_ws/build/aura_msgs' returned '0': CMAKE_PREFIX_PATH=${CMAKE_PREFIX_PATH}:/home/utk/aura_ws/install/aura_vision:/home/utk/aura_ws/install/aura_script:/home/utk/bumperbot_ws/install/bumperbot_vision:/home/utk/bumperbot_ws/install/bumperbot_py_examples:/opt/ros/humble /usr/bin/cmake --build /home/utk/aura_ws/build/aura_msgs -- -j16 -l16
[3.756s] Invoking command in '/home/utk/aura_ws/build/aura_msgs': CMAKE_PREFIX_PATH=${CMAKE_PREFIX_PATH}:/home/utk/aura_ws/install/aura_vision:/home/utk/aura_ws/install/aura_script:/home/utk/bumperbot_ws/install/bumperbot_vision:/home/utk/bumperbot_ws/install/bumperbot_py_examples:/opt/ros/humble /usr/bin/cmake --install /home/utk/aura_ws/build/aura_msgs
[3.763s] -- Install configuration: ""
[3.763s] -- Installing: /home/utk/aura_ws/install/aura_msgs/share/ament_index/resource_index/rosidl_interfaces/aura_msgs
[3.763s] -- Installing: /home/utk/aura_ws/install/aura_msgs/include/aura_msgs/aura_msgs
[3.763s] -- Installing: /home/utk/aura_ws/install/aura_msgs/include/aura_msgs/aura_msgs/msg
[3.763s] -- Installing: /home/utk/aura_ws/install/aura_msgs/include/aura_msgs/aura_msgs/msg/rosidl_generator_c__visibility_control.h
[3.763s] -- Installing: /home/utk/aura_ws/install/aura_msgs/include/aura_msgs/aura_msgs/action
[3.763s] -- Installing: /home/utk/aura_ws/install/aura_msgs/include/aura_msgs/aura_msgs/action/aura_task.h
[3.763s] -- Installing: /home/utk/aura_ws/install/aura_msgs/include/aura_msgs/aura_msgs/action/detail
[3.763s] -- Installing: /home/utk/aura_ws/install/aura_msgs/include/aura_msgs/aura_msgs/action/detail/aura_task__struct.h
[3.763s] -- Installing: /home/utk/aura_ws/install/aura_msgs/include/aura_msgs/aura_msgs/action/detail/aura_task__functions.c
[3.763s] -- Installing: /home/utk/aura_ws/install/aura_msgs/include/aura_msgs/aura_msgs/action/detail/aura_task__type_support.h
[3.763s] -- Installing: /home/utk/aura_ws/install/aura_msgs/include/aura_msgs/aura_msgs/action/detail/aura_task__functions.h
[3.763s] -- Installing: /home/utk/aura_ws/install/aura_msgs/share/aura_msgs/environment/library_path.sh
[3.763s] -- Installing: /home/utk/aura_ws/install/aura_msgs/share/aura_msgs/environment/library_path.dsv
[3.764s] -- Installing: /home/utk/aura_ws/install/aura_msgs/lib/libaura_msgs__rosidl_generator_c.so
[3.764s] -- Set runtime path of "/home/utk/aura_ws/install/aura_msgs/lib/libaura_msgs__rosidl_generator_c.so" to ""
[3.764s] -- Up-to-date: /home/utk/aura_ws/install/aura_msgs/include/aura_msgs/aura_msgs
[3.764s] -- Up-to-date: /home/utk/aura_ws/install/aura_msgs/include/aura_msgs/aura_msgs/msg
[3.764s] -- Installing: /home/utk/aura_ws/install/aura_msgs/include/aura_msgs/aura_msgs/msg/rosidl_typesupport_fastrtps_c__visibility_control.h
[3.764s] -- Up-to-date: /home/utk/aura_ws/install/aura_msgs/include/aura_msgs/aura_msgs/action
[3.764s] -- Up-to-date: /home/utk/aura_ws/install/aura_msgs/include/aura_msgs/aura_msgs/action/detail
[3.764s] -- Installing: /home/utk/aura_ws/install/aura_msgs/include/aura_msgs/aura_msgs/action/detail/aura_task__rosidl_typesupport_fastrtps_c.h
[3.764s] -- Installing: /home/utk/aura_ws/install/aura_msgs/lib/libaura_msgs__rosidl_typesupport_fastrtps_c.so
[3.764s] -- Set runtime path of "/home/utk/aura_ws/install/aura_msgs/lib/libaura_msgs__rosidl_typesupport_fastrtps_c.so" to ""
[3.764s] -- Up-to-date: /home/utk/aura_ws/install/aura_msgs/include/aura_msgs/aura_msgs
[3.764s] -- Up-to-date: /home/utk/aura_ws/install/aura_msgs/include/aura_msgs/aura_msgs/msg
[3.764s] -- Installing: /home/utk/aura_ws/install/aura_msgs/include/aura_msgs/aura_msgs/msg/rosidl_generator_cpp__visibility_control.hpp
[3.764s] -- Up-to-date: /home/utk/aura_ws/install/aura_msgs/include/aura_msgs/aura_msgs/action
[3.764s] -- Up-to-date: /home/utk/aura_ws/install/aura_msgs/include/aura_msgs/aura_msgs/action/detail
[3.764s] -- Installing: /home/utk/aura_ws/install/aura_msgs/include/aura_msgs/aura_msgs/action/detail/aura_task__type_support.hpp
[3.765s] -- Installing: /home/utk/aura_ws/install/aura_msgs/include/aura_msgs/aura_msgs/action/detail/aura_task__builder.hpp
[3.765s] -- Installing: /home/utk/aura_ws/install/aura_msgs/include/aura_msgs/aura_msgs/action/detail/aura_task__traits.hpp
[3.765s] -- Installing: /home/utk/aura_ws/install/aura_msgs/include/aura_msgs/aura_msgs/action/detail/aura_task__struct.hpp
[3.765s] -- Installing: /home/utk/aura_ws/install/aura_msgs/include/aura_msgs/aura_msgs/action/aura_task.hpp
[3.765s] -- Up-to-date: /home/utk/aura_ws/install/aura_msgs/include/aura_msgs/aura_msgs
[3.765s] -- Up-to-date: /home/utk/aura_ws/install/aura_msgs/include/aura_msgs/aura_msgs/msg
[3.765s] -- Installing: /home/utk/aura_ws/install/aura_msgs/include/aura_msgs/aura_msgs/msg/rosidl_typesupport_fastrtps_cpp__visibility_control.h
[3.765s] -- Up-to-date: /home/utk/aura_ws/install/aura_msgs/include/aura_msgs/aura_msgs/action
[3.765s] -- Up-to-date: /home/utk/aura_ws/install/aura_msgs/include/aura_msgs/aura_msgs/action/detail
[3.765s] -- Installing: /home/utk/aura_ws/install/aura_msgs/include/aura_msgs/aura_msgs/action/detail/aura_task__rosidl_typesupport_fastrtps_cpp.hpp
[3.765s] -- Installing: /home/utk/aura_ws/install/aura_msgs/include/aura_msgs/aura_msgs/action/detail/dds_fastrtps
[3.765s] -- Installing: /home/utk/aura_ws/install/aura_msgs/lib/libaura_msgs__rosidl_typesupport_fastrtps_cpp.so
[3.765s] -- Set runtime path of "/home/utk/aura_ws/install/aura_msgs/lib/libaura_msgs__rosidl_typesupport_fastrtps_cpp.so" to ""
[3.765s] -- Up-to-date: /home/utk/aura_ws/install/aura_msgs/include/aura_msgs/aura_msgs
[3.765s] -- Up-to-date: /home/utk/aura_ws/install/aura_msgs/include/aura_msgs/aura_msgs/msg
[3.765s] -- Installing: /home/utk/aura_ws/install/aura_msgs/include/aura_msgs/aura_msgs/msg/rosidl_typesupport_introspection_c__visibility_control.h
[3.765s] -- Up-to-date: /home/utk/aura_ws/install/aura_msgs/include/aura_msgs/aura_msgs/action
[3.765s] -- Up-to-date: /home/utk/aura_ws/install/aura_msgs/include/aura_msgs/aura_msgs/action/detail
[3.766s] -- Installing: /home/utk/aura_ws/install/aura_msgs/include/aura_msgs/aura_msgs/action/detail/aura_task__type_support.c
[3.766s] -- Installing: /home/utk/aura_ws/install/aura_msgs/include/aura_msgs/aura_msgs/action/detail/aura_task__rosidl_typesupport_introspection_c.h
[3.766s] -- Installing: /home/utk/aura_ws/install/aura_msgs/lib/libaura_msgs__rosidl_typesupport_introspection_c.so
[3.766s] -- Set runtime path of "/home/utk/aura_ws/install/aura_msgs/lib/libaura_msgs__rosidl_typesupport_introspection_c.so" to ""
[3.766s] -- Installing: /home/utk/aura_ws/install/aura_msgs/lib/libaura_msgs__rosidl_typesupport_c.so
[3.766s] -- Set runtime path of "/home/utk/aura_ws/install/aura_msgs/lib/libaura_msgs__rosidl_typesupport_c.so" to ""
[3.766s] -- Up-to-date: /home/utk/aura_ws/install/aura_msgs/include/aura_msgs/aura_msgs
[3.766s] -- Up-to-date: /home/utk/aura_ws/install/aura_msgs/include/aura_msgs/aura_msgs/action
[3.766s] -- Up-to-date: /home/utk/aura_ws/install/aura_msgs/include/aura_msgs/aura_msgs/action/detail
[3.766s] -- Installing: /home/utk/aura_ws/install/aura_msgs/include/aura_msgs/aura_msgs/action/detail/aura_task__rosidl_typesupport_introspection_cpp.hpp
[3.766s] -- Installing: /home/utk/aura_ws/install/aura_msgs/include/aura_msgs/aura_msgs/action/detail/aura_task__type_support.cpp
[3.766s] -- Installing: /home/utk/aura_ws/install/aura_msgs/lib/libaura_msgs__rosidl_typesupport_introspection_cpp.so
[3.767s] -- Set runtime path of "/home/utk/aura_ws/install/aura_msgs/lib/libaura_msgs__rosidl_typesupport_introspection_cpp.so" to ""
[3.767s] -- Installing: /home/utk/aura_ws/install/aura_msgs/lib/libaura_msgs__rosidl_typesupport_cpp.so
[3.767s] -- Set runtime path of "/home/utk/aura_ws/install/aura_msgs/lib/libaura_msgs__rosidl_typesupport_cpp.so" to ""
[3.767s] -- Installing: /home/utk/aura_ws/install/aura_msgs/share/aura_msgs/environment/pythonpath.sh
[3.767s] -- Installing: /home/utk/aura_ws/install/aura_msgs/share/aura_msgs/environment/pythonpath.dsv
[3.767s] -- Installing: /home/utk/aura_ws/install/aura_msgs/local/lib/python3.10/dist-packages/aura_msgs-0.0.0-py3.10.egg-info
[3.767s] -- Installing: /home/utk/aura_ws/install/aura_msgs/local/lib/python3.10/dist-packages/aura_msgs-0.0.0-py3.10.egg-info/top_level.txt
[3.767s] -- Installing: /home/utk/aura_ws/install/aura_msgs/local/lib/python3.10/dist-packages/aura_msgs-0.0.0-py3.10.egg-info/dependency_links.txt
[3.767s] -- Installing: /home/utk/aura_ws/install/aura_msgs/local/lib/python3.10/dist-packages/aura_msgs-0.0.0-py3.10.egg-info/SOURCES.txt
[3.767s] -- Installing: /home/utk/aura_ws/install/aura_msgs/local/lib/python3.10/dist-packages/aura_msgs-0.0.0-py3.10.egg-info/PKG-INFO
[3.767s] -- Installing: /home/utk/aura_ws/install/aura_msgs/local/lib/python3.10/dist-packages/aura_msgs
[3.767s] -- Installing: /home/utk/aura_ws/install/aura_msgs/local/lib/python3.10/dist-packages/aura_msgs/__init__.py
[3.767s] -- Installing: /home/utk/aura_ws/install/aura_msgs/local/lib/python3.10/dist-packages/aura_msgs/_aura_msgs_s.ep.rosidl_typesupport_c.c
[3.767s] -- Installing: /home/utk/aura_ws/install/aura_msgs/local/lib/python3.10/dist-packages/aura_msgs/libaura_msgs__rosidl_generator_py.so
[3.768s] -- Installing: /home/utk/aura_ws/install/aura_msgs/local/lib/python3.10/dist-packages/aura_msgs/_aura_msgs_s.ep.rosidl_typesupport_fastrtps_c.c
[3.768s] -- Installing: /home/utk/aura_ws/install/aura_msgs/local/lib/python3.10/dist-packages/aura_msgs/action
[3.768s] -- Installing: /home/utk/aura_ws/install/aura_msgs/local/lib/python3.10/dist-packages/aura_msgs/action/__init__.py
[3.768s] -- Installing: /home/utk/aura_ws/install/aura_msgs/local/lib/python3.10/dist-packages/aura_msgs/action/_aura_task.py
[3.768s] -- Installing: /home/utk/aura_ws/install/aura_msgs/local/lib/python3.10/dist-packages/aura_msgs/action/_aura_task_s.c
[3.768s] -- Installing: /home/utk/aura_ws/install/aura_msgs/local/lib/python3.10/dist-packages/aura_msgs/_aura_msgs_s.ep.rosidl_typesupport_introspection_c.c
[3.768s] -- Installing: /home/utk/aura_ws/install/aura_msgs/local/lib/python3.10/dist-packages/aura_msgs/aura_msgs_s__rosidl_typesupport_c.cpython-310-x86_64-linux-gnu.so
[3.768s] -- Installing: /home/utk/aura_ws/install/aura_msgs/local/lib/python3.10/dist-packages/aura_msgs/aura_msgs_s__rosidl_typesupport_fastrtps_c.cpython-310-x86_64-linux-gnu.so
[3.768s] -- Installing: /home/utk/aura_ws/install/aura_msgs/local/lib/python3.10/dist-packages/aura_msgs/aura_msgs_s__rosidl_typesupport_introspection_c.cpython-310-x86_64-linux-gnu.so
[3.807s] Listing '/home/utk/aura_ws/install/aura_msgs/local/lib/python3.10/dist-packages/aura_msgs'...
[3.807s] Compiling '/home/utk/aura_ws/install/aura_msgs/local/lib/python3.10/dist-packages/aura_msgs/__init__.py'...
[3.807s] Listing '/home/utk/aura_ws/install/aura_msgs/local/lib/python3.10/dist-packages/aura_msgs/action'...
[3.807s] Compiling '/home/utk/aura_ws/install/aura_msgs/local/lib/python3.10/dist-packages/aura_msgs/action/__init__.py'...
[3.807s] Compiling '/home/utk/aura_ws/install/aura_msgs/local/lib/python3.10/dist-packages/aura_msgs/action/_aura_task.py'...
[3.812s] -- Installing: /home/utk/aura_ws/install/aura_msgs/local/lib/python3.10/dist-packages/aura_msgs/aura_msgs_s__rosidl_typesupport_fastrtps_c.cpython-310-x86_64-linux-gnu.so
[3.812s] -- Set runtime path of "/home/utk/aura_ws/install/aura_msgs/local/lib/python3.10/dist-packages/aura_msgs/aura_msgs_s__rosidl_typesupport_fastrtps_c.cpython-310-x86_64-linux-gnu.so" to ""
[3.812s] -- Installing: /home/utk/aura_ws/install/aura_msgs/local/lib/python3.10/dist-packages/aura_msgs/aura_msgs_s__rosidl_typesupport_introspection_c.cpython-310-x86_64-linux-gnu.so
[3.813s] -- Set runtime path of "/home/utk/aura_ws/install/aura_msgs/local/lib/python3.10/dist-packages/aura_msgs/aura_msgs_s__rosidl_typesupport_introspection_c.cpython-310-x86_64-linux-gnu.so" to ""
[3.813s] -- Installing: /home/utk/aura_ws/install/aura_msgs/local/lib/python3.10/dist-packages/aura_msgs/aura_msgs_s__rosidl_typesupport_c.cpython-310-x86_64-linux-gnu.so
[3.813s] -- Set runtime path of "/home/utk/aura_ws/install/aura_msgs/local/lib/python3.10/dist-packages/aura_msgs/aura_msgs_s__rosidl_typesupport_c.cpython-310-x86_64-linux-gnu.so" to ""
[3.813s] -- Installing: /home/utk/aura_ws/install/aura_msgs/lib/libaura_msgs__rosidl_generator_py.so
[3.813s] -- Set runtime path of "/home/utk/aura_ws/install/aura_msgs/lib/libaura_msgs__rosidl_generator_py.so" to ""
[3.813s] -- Installing: /home/utk/aura_ws/install/aura_msgs/share/aura_msgs/action/AuraTask.idl
[3.814s] -- Installing: /home/utk/aura_ws/install/aura_msgs/share/aura_msgs/action/AuraTask.action
[3.814s] -- Installing: /home/utk/aura_ws/install/aura_msgs/share/ament_index/resource_index/package_run_dependencies/aura_msgs
[3.814s] -- Installing: /home/utk/aura_ws/install/aura_msgs/share/ament_index/resource_index/parent_prefix_path/aura_msgs
[3.814s] -- Installing: /home/utk/aura_ws/install/aura_msgs/share/aura_msgs/environment/ament_prefix_path.sh
[3.814s] -- Installing: /home/utk/aura_ws/install/aura_msgs/share/aura_msgs/environment/ament_prefix_path.dsv
[3.814s] -- Installing: /home/utk/aura_ws/install/aura_msgs/share/aura_msgs/environment/path.sh
[3.814s] -- Installing: /home/utk/aura_ws/install/aura_msgs/share/aura_msgs/environment/path.dsv
[3.814s] -- Installing: /home/utk/aura_ws/install/aura_msgs/share/aura_msgs/local_setup.bash
[3.814s] -- Installing: /home/utk/aura_ws/install/aura_msgs/share/aura_msgs/local_setup.sh
[3.814s] -- Installing: /home/utk/aura_ws/install/aura_msgs/share/aura_msgs/local_setup.zsh
[3.815s] -- Installing: /home/utk/aura_ws/install/aura_msgs/share/aura_msgs/local_setup.dsv
[3.815s] -- Installing: /home/utk/aura_ws/install/aura_msgs/share/aura_msgs/package.dsv
[3.815s] -- Installing: /home/utk/aura_ws/install/aura_msgs/share/ament_index/resource_index/packages/aura_msgs
[3.815s] -- Installing: /home/utk/aura_ws/install/aura_msgs/share/aura_msgs/cmake/export_aura_msgs__rosidl_generator_cExport.cmake
[3.815s] -- Installing: /home/utk/aura_ws/install/aura_msgs/share/aura_msgs/cmake/export_aura_msgs__rosidl_generator_cExport-noconfig.cmake
[3.815s] -- Installing: /home/utk/aura_ws/install/aura_msgs/share/aura_msgs/cmake/export_aura_msgs__rosidl_typesupport_fastrtps_cExport.cmake
[3.815s] -- Installing: /home/utk/aura_ws/install/aura_msgs/share/aura_msgs/cmake/export_aura_msgs__rosidl_typesupport_fastrtps_cExport-noconfig.cmake
[3.815s] -- Installing: /home/utk/aura_ws/install/aura_msgs/share/aura_msgs/cmake/export_aura_msgs__rosidl_generator_cppExport.cmake
[3.816s] -- Installing: /home/utk/aura_ws/install/aura_msgs/share/aura_msgs/cmake/export_aura_msgs__rosidl_typesupport_fastrtps_cppExport.cmake
[3.816s] -- Installing: /home/utk/aura_ws/install/aura_msgs/share/aura_msgs/cmake/export_aura_msgs__rosidl_typesupport_fastrtps_cppExport-noconfig.cmake
[3.816s] -- Installing: /home/utk/aura_ws/install/aura_msgs/share/aura_msgs/cmake/aura_msgs__rosidl_typesupport_introspection_cExport.cmake
[3.816s] -- Installing: /home/utk/aura_ws/install/aura_msgs/share/aura_msgs/cmake/aura_msgs__rosidl_typesupport_introspection_cExport-noconfig.cmake
[3.816s] -- Installing: /home/utk/aura_ws/install/aura_msgs/share/aura_msgs/cmake/aura_msgs__rosidl_typesupport_cExport.cmake
[3.816s] -- Installing: /home/utk/aura_ws/install/aura_msgs/share/aura_msgs/cmake/aura_msgs__rosidl_typesupport_cExport-noconfig.cmake
[3.816s] -- Installing: /home/utk/aura_ws/install/aura_msgs/share/aura_msgs/cmake/aura_msgs__rosidl_typesupport_introspection_cppExport.cmake
[3.816s] -- Installing: /home/utk/aura_ws/install/aura_msgs/share/aura_msgs/cmake/aura_msgs__rosidl_typesupport_introspection_cppExport-noconfig.cmake
[3.816s] -- Installing: /home/utk/aura_ws/install/aura_msgs/share/aura_msgs/cmake/aura_msgs__rosidl_typesupport_cppExport.cmake
[3.817s] -- Installing: /home/utk/aura_ws/install/aura_msgs/share/aura_msgs/cmake/aura_msgs__rosidl_typesupport_cppExport-noconfig.cmake
[3.817s] -- Installing: /home/utk/aura_ws/install/aura_msgs/share/aura_msgs/cmake/export_aura_msgs__rosidl_generator_pyExport.cmake
[3.817s] -- Installing: /home/utk/aura_ws/install/aura_msgs/share/aura_msgs/cmake/export_aura_msgs__rosidl_generator_pyExport-noconfig.cmake
[3.817s] -- Installing: /home/utk/aura_ws/install/aura_msgs/share/aura_msgs/cmake/rosidl_cmake-extras.cmake
[3.817s] -- Installing: /home/utk/aura_ws/install/aura_msgs/share/aura_msgs/cmake/ament_cmake_export_dependencies-extras.cmake
[3.817s] -- Installing: /home/utk/aura_ws/install/aura_msgs/share/aura_msgs/cmake/ament_cmake_export_include_directories-extras.cmake
[3.817s] -- Installing: /home/utk/aura_ws/install/aura_msgs/share/aura_msgs/cmake/ament_cmake_export_libraries-extras.cmake
[3.817s] -- Installing: /home/utk/aura_ws/install/aura_msgs/share/aura_msgs/cmake/ament_cmake_export_targets-extras.cmake
[3.817s] -- Installing: /home/utk/aura_ws/install/aura_msgs/share/aura_msgs/cmake/rosidl_cmake_export_typesupport_targets-extras.cmake
[3.817s] -- Installing: /home/utk/aura_ws/install/aura_msgs/share/aura_msgs/cmake/rosidl_cmake_export_typesupport_libraries-extras.cmake
[3.817s] -- Installing: /home/utk/aura_ws/install/aura_msgs/share/aura_msgs/cmake/aura_msgsConfig.cmake
[3.818s] -- Installing: /home/utk/aura_ws/install/aura_msgs/share/aura_msgs/cmake/aura_msgsConfig-version.cmake
[3.818s] -- Installing: /home/utk/aura_ws/install/aura_msgs/share/aura_msgs/package.xml
[3.820s] Invoked command in '/home/utk/aura_ws/build/aura_msgs' returned '0': CMAKE_PREFIX_PATH=${CMAKE_PREFIX_PATH}:/home/utk/aura_ws/install/aura_vision:/home/utk/aura_ws/install/aura_script:/home/utk/bumperbot_ws/install/bumperbot_vision:/home/utk/bumperbot_ws/install/bumperbot_py_examples:/opt/ros/humble /usr/bin/cmake --install /home/utk/aura_ws/build/aura_msgs
