[0.023s] Invoking command in '/home/utk/aura_ws/build/aura_navigation': CMAKE_PREFIX_PATH=${CMAKE_PREFIX_PATH}:/home/utk/aura_ws/install/aura_vision:/home/utk/aura_ws/install/aura_script:/home/utk/bumperbot_ws/install/bumperbot_vision:/home/utk/bumperbot_ws/install/bumperbot_py_examples:/opt/ros/humble /usr/bin/cmake --build /home/utk/aura_ws/build/aura_navigation -- -j16 -l16
[0.228s] Built target ament_cmake_python_symlink_aura_navigation
[0.256s] running egg_info
[0.256s] writing aura_navigation.egg-info/PKG-INFO
[0.256s] writing dependency_links to aura_navigation.egg-info/dependency_links.txt
[0.257s] writing top-level names to aura_navigation.egg-info/top_level.txt
[0.258s] reading manifest file 'aura_navigation.egg-info/SOURCES.txt'
[0.259s] writing manifest file 'aura_navigation.egg-info/SOURCES.txt'
[0.278s] Built target ament_cmake_python_build_aura_navigation_egg
[0.444s] Invoked command in '/home/utk/aura_ws/build/aura_navigation' returned '0': CMAKE_PREFIX_PATH=${CMAKE_PREFIX_PATH}:/home/utk/aura_ws/install/aura_vision:/home/utk/aura_ws/install/aura_script:/home/utk/bumperbot_ws/install/bumperbot_vision:/home/utk/bumperbot_ws/install/bumperbot_py_examples:/opt/ros/humble /usr/bin/cmake --build /home/utk/aura_ws/build/aura_navigation -- -j16 -l16
[0.446s] Invoking command in '/home/utk/aura_ws/build/aura_navigation': CMAKE_PREFIX_PATH=${CMAKE_PREFIX_PATH}:/home/utk/aura_ws/install/aura_vision:/home/utk/aura_ws/install/aura_script:/home/utk/bumperbot_ws/install/bumperbot_vision:/home/utk/bumperbot_ws/install/bumperbot_py_examples:/opt/ros/humble /usr/bin/cmake --install /home/utk/aura_ws/build/aura_navigation
[0.453s] -- Install configuration: ""
[0.453s] -- Execute custom install script
[0.454s] -- Up-to-date symlink: /home/utk/aura_ws/install/aura_navigation/share/aura_navigation/environment/pythonpath.sh
[0.454s] -- Up-to-date symlink: /home/utk/aura_ws/install/aura_navigation/share/aura_navigation/environment/pythonpath.dsv
[0.454s] -- Up-to-date symlink: /home/utk/aura_ws/install/aura_navigation/local/lib/python3.10/dist-packages/aura_navigation-0.0.0-py3.10.egg-info/PKG-INFO
[0.454s] -- Up-to-date symlink: /home/utk/aura_ws/install/aura_navigation/local/lib/python3.10/dist-packages/aura_navigation-0.0.0-py3.10.egg-info/SOURCES.txt
[0.454s] -- Up-to-date symlink: /home/utk/aura_ws/install/aura_navigation/local/lib/python3.10/dist-packages/aura_navigation-0.0.0-py3.10.egg-info/dependency_links.txt
[0.455s] -- Up-to-date symlink: /home/utk/aura_ws/install/aura_navigation/local/lib/python3.10/dist-packages/aura_navigation-0.0.0-py3.10.egg-info/top_level.txt
[0.456s] -- Up-to-date symlink: /home/utk/aura_ws/install/aura_navigation/local/lib/python3.10/dist-packages/aura_navigation/__init__.py
[0.456s] -- Up-to-date symlink: /home/utk/aura_ws/install/aura_navigation/local/lib/python3.10/dist-packages/aura_navigation/pose_estimator.py
[0.456s] -- Up-to-date symlink: /home/utk/aura_ws/install/aura_navigation/local/lib/python3.10/dist-packages/aura_navigation/waypoint_following.py
[0.457s] -- Up-to-date symlink: /home/utk/aura_ws/install/aura_navigation/share/aura_navigation/launch/navigation.launch.py
[0.457s] -- Up-to-date symlink: /home/utk/aura_ws/install/aura_navigation/share/aura_navigation/config/nav2_params.yaml
[0.457s] -- Up-to-date symlink: /home/utk/aura_ws/install/aura_navigation/lib/aura_navigation/waypoint_following.py
[0.457s] -- Up-to-date symlink: /home/utk/aura_ws/install/aura_navigation/lib/aura_navigation/pose_estimator.py
[0.457s] -- Up-to-date symlink: /home/utk/aura_ws/install/aura_navigation/share/ament_index/resource_index/package_run_dependencies/aura_navigation
[0.458s] -- Up-to-date symlink: /home/utk/aura_ws/install/aura_navigation/share/ament_index/resource_index/parent_prefix_path/aura_navigation
[0.458s] -- Up-to-date symlink: /home/utk/aura_ws/install/aura_navigation/share/aura_navigation/environment/ament_prefix_path.sh
[0.458s] -- Up-to-date symlink: /home/utk/aura_ws/install/aura_navigation/share/aura_navigation/environment/ament_prefix_path.dsv
[0.458s] -- Up-to-date symlink: /home/utk/aura_ws/install/aura_navigation/share/aura_navigation/environment/path.sh
[0.458s] -- Up-to-date symlink: /home/utk/aura_ws/install/aura_navigation/share/aura_navigation/environment/path.dsv
[0.459s] -- Up-to-date symlink: /home/utk/aura_ws/install/aura_navigation/share/aura_navigation/local_setup.bash
[0.459s] -- Up-to-date symlink: /home/utk/aura_ws/install/aura_navigation/share/aura_navigation/local_setup.sh
[0.459s] -- Up-to-date symlink: /home/utk/aura_ws/install/aura_navigation/share/aura_navigation/local_setup.zsh
[0.459s] -- Up-to-date symlink: /home/utk/aura_ws/install/aura_navigation/share/aura_navigation/local_setup.dsv
[0.459s] -- Symlinking: /home/utk/aura_ws/install/aura_navigation/share/aura_navigation/package.dsv
[0.467s] -- Up-to-date symlink: /home/utk/aura_ws/install/aura_navigation/share/ament_index/resource_index/packages/aura_navigation
[0.467s] -- Up-to-date symlink: /home/utk/aura_ws/install/aura_navigation/share/aura_navigation/cmake/aura_navigationConfig.cmake
[0.467s] -- Up-to-date symlink: /home/utk/aura_ws/install/aura_navigation/share/aura_navigation/cmake/aura_navigationConfig-version.cmake
[0.467s] -- Up-to-date symlink: /home/utk/aura_ws/install/aura_navigation/share/aura_navigation/package.xml
[0.503s] Listing '/home/utk/aura_ws/install/aura_navigation/local/lib/python3.10/dist-packages/aura_navigation'...
[0.542s] Invoked command in '/home/utk/aura_ws/build/aura_navigation' returned '0': CMAKE_PREFIX_PATH=${CMAKE_PREFIX_PATH}:/home/utk/aura_ws/install/aura_vision:/home/utk/aura_ws/install/aura_script:/home/utk/bumperbot_ws/install/bumperbot_vision:/home/utk/bumperbot_ws/install/bumperbot_py_examples:/opt/ros/humble /usr/bin/cmake --install /home/utk/aura_ws/build/aura_navigation
