[0.015s] Invoking command in '/home/utk/aura_ws/build/aura_mapping': CMAKE_PREFIX_PATH=${CMAKE_PREFIX_PATH}:/home/utk/bumperbot_ws/install/bumperbot_vision:/home/utk/bumperbot_ws/install/bumperbot_py_examples:/opt/ros/humble /usr/bin/cmake --build /home/utk/aura_ws/build/aura_mapping -- -j16 -l16
[0.046s] -- Found ament_cmake: 1.3.11 (/opt/ros/humble/share/ament_cmake/cmake)
[0.149s] -- Override CMake install command with custom implementation using symlinks instead of copying resources
[0.215s] -- Found ament_lint_auto: 0.12.11 (/opt/ros/humble/share/ament_lint_auto/cmake)
[0.281s] -- Added test 'flake8' to check Python code syntax and style conventions
[0.282s] -- Added test 'lint_cmake' to check CMake code style
[0.282s] -- Added test 'pep257' to check Python code against some of the docstring style conventions in PEP 257
[0.283s] -- Added test 'xmllint' to check XML markup files
[0.285s] -- Configuring done
[0.289s] -- Generating done
[0.290s] -- Build files have been written to: /home/utk/aura_ws/build/aura_mapping
[0.318s] Built target ament_cmake_python_symlink_aura_mapping
[0.497s] running egg_info
[0.497s] creating aura_mapping.egg-info
[0.497s] writing aura_mapping.egg-info/PKG-INFO
[0.497s] writing dependency_links to aura_mapping.egg-info/dependency_links.txt
[0.497s] writing top-level names to aura_mapping.egg-info/top_level.txt
[0.497s] writing manifest file 'aura_mapping.egg-info/SOURCES.txt'
[0.499s] reading manifest file 'aura_mapping.egg-info/SOURCES.txt'
[0.499s] writing manifest file 'aura_mapping.egg-info/SOURCES.txt'
[0.519s] Built target ament_cmake_python_build_aura_mapping_egg
[0.527s] Invoked command in '/home/utk/aura_ws/build/aura_mapping' returned '0': CMAKE_PREFIX_PATH=${CMAKE_PREFIX_PATH}:/home/utk/bumperbot_ws/install/bumperbot_vision:/home/utk/bumperbot_ws/install/bumperbot_py_examples:/opt/ros/humble /usr/bin/cmake --build /home/utk/aura_ws/build/aura_mapping -- -j16 -l16
[0.528s] Invoking command in '/home/utk/aura_ws/build/aura_mapping': CMAKE_PREFIX_PATH=${CMAKE_PREFIX_PATH}:/home/utk/bumperbot_ws/install/bumperbot_vision:/home/utk/bumperbot_ws/install/bumperbot_py_examples:/opt/ros/humble /usr/bin/cmake --install /home/utk/aura_ws/build/aura_mapping
[0.533s] -- Install configuration: ""
[0.534s] -- Execute custom install script
[0.534s] -- Symlinking: /home/utk/aura_ws/install/aura_mapping/share/aura_mapping/environment/pythonpath.sh
[0.540s] -- Symlinking: /home/utk/aura_ws/install/aura_mapping/share/aura_mapping/environment/pythonpath.dsv
[0.546s] -- Symlinking: /home/utk/aura_ws/install/aura_mapping/local/lib/python3.10/dist-packages/aura_mapping-0.0.0-py3.10.egg-info/PKG-INFO
[0.551s] -- Symlinking: /home/utk/aura_ws/install/aura_mapping/local/lib/python3.10/dist-packages/aura_mapping-0.0.0-py3.10.egg-info/SOURCES.txt
[0.558s] -- Symlinking: /home/utk/aura_ws/install/aura_mapping/local/lib/python3.10/dist-packages/aura_mapping-0.0.0-py3.10.egg-info/dependency_links.txt
[0.563s] -- Symlinking: /home/utk/aura_ws/install/aura_mapping/local/lib/python3.10/dist-packages/aura_mapping-0.0.0-py3.10.egg-info/top_level.txt
[0.571s] -- Symlinking: /home/utk/aura_ws/install/aura_mapping/local/lib/python3.10/dist-packages/aura_mapping/__init__.py
[0.577s] -- Symlinking: /home/utk/aura_ws/install/aura_mapping/local/lib/python3.10/dist-packages/aura_mapping/aura_frontier_exploration.py
[0.583s] -- Symlinking: /home/utk/aura_ws/install/aura_mapping/share/aura_mapping/config/exploration_params.yaml
[0.589s] -- Up-to-date symlink: /home/utk/aura_ws/install/aura_mapping/share/aura_mapping/config/slam_toolbox.yaml
[0.589s] -- Up-to-date symlink: /home/utk/aura_ws/install/aura_mapping/share/aura_mapping/launch/slam.launch.py
[0.589s] -- Up-to-date symlink: /home/utk/aura_ws/install/aura_mapping/share/aura_mapping/rviz/slam.rviz
[0.589s] -- Symlinking: /home/utk/aura_ws/install/aura_mapping/lib/aura_mapping/aura_frontier_exploration.py
[0.595s] -- Up-to-date symlink: /home/utk/aura_ws/install/aura_mapping/share/ament_index/resource_index/package_run_dependencies/aura_mapping
[0.595s] -- Up-to-date symlink: /home/utk/aura_ws/install/aura_mapping/share/ament_index/resource_index/parent_prefix_path/aura_mapping
[0.595s] -- Up-to-date symlink: /home/utk/aura_ws/install/aura_mapping/share/aura_mapping/environment/ament_prefix_path.sh
[0.595s] -- Up-to-date symlink: /home/utk/aura_ws/install/aura_mapping/share/aura_mapping/environment/ament_prefix_path.dsv
[0.596s] -- Up-to-date symlink: /home/utk/aura_ws/install/aura_mapping/share/aura_mapping/environment/path.sh
[0.596s] -- Up-to-date symlink: /home/utk/aura_ws/install/aura_mapping/share/aura_mapping/environment/path.dsv
[0.596s] -- Up-to-date symlink: /home/utk/aura_ws/install/aura_mapping/share/aura_mapping/local_setup.bash
[0.596s] -- Up-to-date symlink: /home/utk/aura_ws/install/aura_mapping/share/aura_mapping/local_setup.sh
[0.596s] -- Up-to-date symlink: /home/utk/aura_ws/install/aura_mapping/share/aura_mapping/local_setup.zsh
[0.596s] -- Up-to-date symlink: /home/utk/aura_ws/install/aura_mapping/share/aura_mapping/local_setup.dsv
[0.596s] -- Symlinking: /home/utk/aura_ws/install/aura_mapping/share/aura_mapping/package.dsv
[0.604s] -- Up-to-date symlink: /home/utk/aura_ws/install/aura_mapping/share/ament_index/resource_index/packages/aura_mapping
[0.605s] -- Up-to-date symlink: /home/utk/aura_ws/install/aura_mapping/share/aura_mapping/cmake/aura_mappingConfig.cmake
[0.605s] -- Up-to-date symlink: /home/utk/aura_ws/install/aura_mapping/share/aura_mapping/cmake/aura_mappingConfig-version.cmake
[0.605s] -- Up-to-date symlink: /home/utk/aura_ws/install/aura_mapping/share/aura_mapping/package.xml
[0.633s] Listing '/home/utk/aura_ws/install/aura_mapping/local/lib/python3.10/dist-packages/aura_mapping'...
[0.633s] Compiling '/home/utk/aura_ws/install/aura_mapping/local/lib/python3.10/dist-packages/aura_mapping/__init__.py'...
[0.633s] Compiling '/home/utk/aura_ws/install/aura_mapping/local/lib/python3.10/dist-packages/aura_mapping/aura_frontier_exploration.py'...
[0.638s] Invoked command in '/home/utk/aura_ws/build/aura_mapping' returned '0': CMAKE_PREFIX_PATH=${CMAKE_PREFIX_PATH}:/home/utk/bumperbot_ws/install/bumperbot_vision:/home/utk/bumperbot_ws/install/bumperbot_py_examples:/opt/ros/humble /usr/bin/cmake --install /home/utk/aura_ws/build/aura_mapping
