-- Found ament_cmake: 1.3.11 (/opt/ros/humble/share/ament_cmake/cmake)
-- Override CMake install command with custom implementation using symlinks instead of copying resources
-- Found trajectory_msgs: 4.2.4 (/opt/ros/humble/share/trajectory_msgs/cmake)
-- Found rosidl_generator_c: 3.1.6 (/opt/ros/humble/share/rosidl_generator_c/cmake)
-- Found rosidl_adapter: 3.1.6 (/opt/ros/humble/share/rosidl_adapter/cmake)
-- Found rosidl_generator_cpp: 3.1.6 (/opt/ros/humble/share/rosidl_generator_cpp/cmake)
-- Using all available rosidl_typesupport_c: rosidl_typesupport_fastrtps_c;rosidl_typesupport_introspection_c
-- Using all available rosidl_typesupport_cpp: rosidl_typesupport_fastrtps_cpp;rosidl_typesupport_introspection_cpp
-- Found sensor_msgs: 4.2.4 (/opt/ros/humble/share/sensor_msgs/cmake)
-- Found rclcpp: 16.0.11 (/opt/ros/humble/share/rclcpp/cmake)
-- Found rmw_implementation_cmake: 6.1.2 (/opt/ros/humble/share/rmw_implementation_cmake/cmake)
-- Found rmw_cyclonedds_cpp: 1.3.4 (/opt/ros/humble/share/rmw_cyclonedds_cpp/cmake)
-- Using RMW implementation 'rmw_cyclonedds_cpp' as default
-- Found rclpy: 3.3.15 (/opt/ros/humble/share/rclpy/cmake)
-- Found hardware_interface: 2.44.0 (/opt/ros/humble/share/hardware_interface/cmake)
-- Found ament_lint_auto: 0.12.11 (/opt/ros/humble/share/ament_lint_auto/cmake)
-- Added test 'flake8' to check Python code syntax and style conventions
-- Added test 'lint_cmake' to check CMake code style
-- Added test 'pep257' to check Python code against some of the docstring style conventions in PEP 257
-- Added test 'xmllint' to check XML markup files
-- Configuring done
-- Generating done
-- Build files have been written to: /home/utk/aura_ws/build/aura_controller
Built target ament_cmake_python_symlink_aura_controller
running egg_info
writing aura_controller.egg-info/PKG-INFO
writing dependency_links to aura_controller.egg-info/dependency_links.txt
writing top-level names to aura_controller.egg-info/top_level.txt
reading manifest file 'aura_controller.egg-info/SOURCES.txt'
writing manifest file 'aura_controller.egg-info/SOURCES.txt'
Built target ament_cmake_python_build_aura_controller_egg
-- Install configuration: ""
-- Execute custom install script
-- Up-to-date symlink: /home/utk/aura_ws/install/aura_controller/share/aura_controller/environment/pythonpath.sh
-- Up-to-date symlink: /home/utk/aura_ws/install/aura_controller/share/aura_controller/environment/pythonpath.dsv
-- Up-to-date symlink: /home/utk/aura_ws/install/aura_controller/local/lib/python3.10/dist-packages/aura_controller-0.0.0-py3.10.egg-info/PKG-INFO
-- Up-to-date symlink: /home/utk/aura_ws/install/aura_controller/local/lib/python3.10/dist-packages/aura_controller-0.0.0-py3.10.egg-info/SOURCES.txt
-- Up-to-date symlink: /home/utk/aura_ws/install/aura_controller/local/lib/python3.10/dist-packages/aura_controller-0.0.0-py3.10.egg-info/dependency_links.txt
-- Up-to-date symlink: /home/utk/aura_ws/install/aura_controller/local/lib/python3.10/dist-packages/aura_controller-0.0.0-py3.10.egg-info/top_level.txt
-- Up-to-date symlink: /home/utk/aura_ws/install/aura_controller/local/lib/python3.10/dist-packages/aura_controller/__init__.py
-- Symlinking: /home/utk/aura_ws/install/aura_controller/local/lib/python3.10/dist-packages/aura_controller/slider_arm.py
-- Up-to-date symlink: /home/utk/aura_ws/install/aura_controller/local/lib/python3.10/dist-packages/aura_controller/twist_relay_node.py
-- Up-to-date symlink: /home/utk/aura_ws/install/aura_controller/share/aura_controller/launch/controller.launch.py
-- Up-to-date symlink: /home/utk/aura_ws/install/aura_controller/share/aura_controller/launch/joystick.launch.py
-- Up-to-date symlink: /home/utk/aura_ws/install/aura_controller/share/aura_controller/config/aura_controllers.yaml
-- Up-to-date symlink: /home/utk/aura_ws/install/aura_controller/share/aura_controller/config/joy_config.yaml
-- Up-to-date symlink: /home/utk/aura_ws/install/aura_controller/share/aura_controller/config/joy_teleop.yaml
-- Up-to-date symlink: /home/utk/aura_ws/install/aura_controller/share/aura_controller/config/twist_mux_joy.yaml
-- Up-to-date symlink: /home/utk/aura_ws/install/aura_controller/share/aura_controller/config/twist_mux_locks.yaml
-- Up-to-date symlink: /home/utk/aura_ws/install/aura_controller/share/aura_controller/config/twist_mux_topics.yaml
-- Up-to-date symlink: /home/utk/aura_ws/install/aura_controller/lib/aura_controller/twist_relay_node.py
-- Symlinking: /home/utk/aura_ws/install/aura_controller/lib/aura_controller/slider_arm.py
-- Up-to-date symlink: /home/utk/aura_ws/install/aura_controller/share/ament_index/resource_index/package_run_dependencies/aura_controller
-- Up-to-date symlink: /home/utk/aura_ws/install/aura_controller/share/ament_index/resource_index/parent_prefix_path/aura_controller
-- Up-to-date symlink: /home/utk/aura_ws/install/aura_controller/share/aura_controller/environment/ament_prefix_path.sh
-- Up-to-date symlink: /home/utk/aura_ws/install/aura_controller/share/aura_controller/environment/ament_prefix_path.dsv
-- Up-to-date symlink: /home/utk/aura_ws/install/aura_controller/share/aura_controller/environment/path.sh
-- Up-to-date symlink: /home/utk/aura_ws/install/aura_controller/share/aura_controller/environment/path.dsv
-- Up-to-date symlink: /home/utk/aura_ws/install/aura_controller/share/aura_controller/local_setup.bash
-- Up-to-date symlink: /home/utk/aura_ws/install/aura_controller/share/aura_controller/local_setup.sh
-- Up-to-date symlink: /home/utk/aura_ws/install/aura_controller/share/aura_controller/local_setup.zsh
-- Up-to-date symlink: /home/utk/aura_ws/install/aura_controller/share/aura_controller/local_setup.dsv
-- Symlinking: /home/utk/aura_ws/install/aura_controller/share/aura_controller/package.dsv
-- Up-to-date symlink: /home/utk/aura_ws/install/aura_controller/share/ament_index/resource_index/packages/aura_controller
-- Up-to-date symlink: /home/utk/aura_ws/install/aura_controller/share/aura_controller/cmake/aura_controllerConfig.cmake
-- Up-to-date symlink: /home/utk/aura_ws/install/aura_controller/share/aura_controller/cmake/aura_controllerConfig-version.cmake
-- Up-to-date symlink: /home/utk/aura_ws/install/aura_controller/share/aura_controller/package.xml
Listing '/home/utk/aura_ws/install/aura_controller/local/lib/python3.10/dist-packages/aura_controller'...
Compiling '/home/utk/aura_ws/install/aura_controller/local/lib/python3.10/dist-packages/aura_controller/slider_arm.py'...
