[0.870s] Invoking command in '/home/utk/aura_ws/build/aura_script': PYTHONPATH=/home/utk/aura_ws/build/aura_script/prefix_override:/usr/lib/python3/dist-packages/colcon_core/task/python/colcon_distutils_commands:/home/utk/aura_ws/install/aura_script/lib/python3.10/site-packages:${PYTHONPATH} /usr/bin/python3 -W ignore:setup.py install is deprecated -W ignore:easy_install command is deprecated setup.py develop --uninstall --editable --build-directory /home/utk/aura_ws/build/aura_script/build
[1.124s] running develop
[1.306s] Removing /home/utk/aura_ws/install/aura_script/lib/python3.10/site-packages/aura-script.egg-link (link to .)
[1.331s] Invoked command in '/home/utk/aura_ws/build/aura_script' returned '0': PYTHONPATH=/home/utk/aura_ws/build/aura_script/prefix_override:/usr/lib/python3/dist-packages/colcon_core/task/python/colcon_distutils_commands:/home/utk/aura_ws/install/aura_script/lib/python3.10/site-packages:${PYTHONPATH} /usr/bin/python3 -W ignore:setup.py install is deprecated -W ignore:easy_install command is deprecated setup.py develop --uninstall --editable --build-directory /home/utk/aura_ws/build/aura_script/build
[1.332s] Invoking command in '/home/utk/aura_ws/src/aura_script': PYTHONPATH=/home/utk/aura_ws/build/aura_script/prefix_override:/usr/lib/python3/dist-packages/colcon_core/task/python/colcon_distutils_commands:/home/utk/aura_ws/install/aura_script/lib/python3.10/site-packages:${PYTHONPATH} /usr/bin/python3 -W ignore:setup.py install is deprecated -W ignore:easy_install command is deprecated setup.py egg_info --egg-base ../../build/aura_script build --build-base /home/utk/aura_ws/build/aura_script/build install --record /home/utk/aura_ws/build/aura_script/install.log --single-version-externally-managed install_data --force
[1.561s] running egg_info
[1.561s] writing ../../build/aura_script/aura_script.egg-info/PKG-INFO
[1.562s] writing dependency_links to ../../build/aura_script/aura_script.egg-info/dependency_links.txt
[1.562s] writing entry points to ../../build/aura_script/aura_script.egg-info/entry_points.txt
[1.562s] writing requirements to ../../build/aura_script/aura_script.egg-info/requires.txt
[1.562s] writing top-level names to ../../build/aura_script/aura_script.egg-info/top_level.txt
[1.563s] reading manifest file '../../build/aura_script/aura_script.egg-info/SOURCES.txt'
[1.564s] writing manifest file '../../build/aura_script/aura_script.egg-info/SOURCES.txt'
[1.564s] running build
[1.564s] running build_py
[1.564s] copying aura_script/task.py -> /home/utk/aura_ws/build/aura_script/build/lib/aura_script
[1.565s] running install
[1.565s] running install_lib
[1.566s] creating /home/utk/aura_ws/install/aura_script/lib/python3.10/site-packages/aura_script
[1.566s] copying /home/utk/aura_ws/build/aura_script/build/lib/aura_script/__init__.py -> /home/utk/aura_ws/install/aura_script/lib/python3.10/site-packages/aura_script
[1.566s] copying /home/utk/aura_ws/build/aura_script/build/lib/aura_script/task.py -> /home/utk/aura_ws/install/aura_script/lib/python3.10/site-packages/aura_script
[1.566s] byte-compiling /home/utk/aura_ws/install/aura_script/lib/python3.10/site-packages/aura_script/__init__.py to __init__.cpython-310.pyc
[1.566s] byte-compiling /home/utk/aura_ws/install/aura_script/lib/python3.10/site-packages/aura_script/task.py to task.cpython-310.pyc
[1.569s] running install_data
[1.569s] copying resource/aura_script -> /home/utk/aura_ws/install/aura_script/share/ament_index/resource_index/packages
[1.569s] copying package.xml -> /home/utk/aura_ws/install/aura_script/share/aura_script
[1.569s] running install_egg_info
[1.571s] Copying ../../build/aura_script/aura_script.egg-info to /home/utk/aura_ws/install/aura_script/lib/python3.10/site-packages/aura_script-0.0.0-py3.10.egg-info
[1.571s] running install_scripts
[1.589s] Installing task script to /home/utk/aura_ws/install/aura_script/lib/aura_script
[1.589s] writing list of installed files to '/home/utk/aura_ws/build/aura_script/install.log'
[1.609s] Invoked command in '/home/utk/aura_ws/src/aura_script' returned '0': PYTHONPATH=/home/utk/aura_ws/build/aura_script/prefix_override:/usr/lib/python3/dist-packages/colcon_core/task/python/colcon_distutils_commands:/home/utk/aura_ws/install/aura_script/lib/python3.10/site-packages:${PYTHONPATH} /usr/bin/python3 -W ignore:setup.py install is deprecated -W ignore:easy_install command is deprecated setup.py egg_info --egg-base ../../build/aura_script build --build-base /home/utk/aura_ws/build/aura_script/build install --record /home/utk/aura_ws/build/aura_script/install.log --single-version-externally-managed install_data --force
