[0.014s] Invoking command in '/home/utk/aura_ws/build/aura_navigation': CMAKE_PREFIX_PATH=${CMAKE_PREFIX_PATH}:/home/utk/bumperbot_ws/install/bumperbot_vision:/home/utk/bumperbot_ws/install/bumperbot_py_examples:/opt/ros/humble /usr/bin/cmake --build /home/utk/aura_ws/build/aura_navigation -- -j16 -l16
[0.052s] Built target ament_cmake_python_symlink_aura_navigation
[0.290s] running egg_info
[0.291s] writing aura_navigation.egg-info/PKG-INFO
[0.291s] writing dependency_links to aura_navigation.egg-info/dependency_links.txt
[0.291s] writing top-level names to aura_navigation.egg-info/top_level.txt
[0.293s] reading manifest file 'aura_navigation.egg-info/SOURCES.txt'
[0.294s] writing manifest file 'aura_navigation.egg-info/SOURCES.txt'
[0.316s] Built target ament_cmake_python_build_aura_navigation_egg
[0.326s] Invoked command in '/home/utk/aura_ws/build/aura_navigation' returned '0': CMAKE_PREFIX_PATH=${CMAKE_PREFIX_PATH}:/home/utk/bumperbot_ws/install/bumperbot_vision:/home/utk/bumperbot_ws/install/bumperbot_py_examples:/opt/ros/humble /usr/bin/cmake --build /home/utk/aura_ws/build/aura_navigation -- -j16 -l16
[0.327s] Invoking command in '/home/utk/aura_ws/build/aura_navigation': CMAKE_PREFIX_PATH=${CMAKE_PREFIX_PATH}:/home/utk/bumperbot_ws/install/bumperbot_vision:/home/utk/bumperbot_ws/install/bumperbot_py_examples:/opt/ros/humble /usr/bin/cmake --install /home/utk/aura_ws/build/aura_navigation
[0.332s] -- Install configuration: ""
[0.333s] -- Execute custom install script
[0.333s] -- Up-to-date symlink: /home/utk/aura_ws/install/aura_navigation/share/aura_navigation/environment/pythonpath.sh
[0.333s] -- Up-to-date symlink: /home/utk/aura_ws/install/aura_navigation/share/aura_navigation/environment/pythonpath.dsv
[0.334s] -- Up-to-date symlink: /home/utk/aura_ws/install/aura_navigation/local/lib/python3.10/dist-packages/aura_navigation-0.0.0-py3.10.egg-info/PKG-INFO
[0.334s] -- Up-to-date symlink: /home/utk/aura_ws/install/aura_navigation/local/lib/python3.10/dist-packages/aura_navigation-0.0.0-py3.10.egg-info/SOURCES.txt
[0.334s] -- Up-to-date symlink: /home/utk/aura_ws/install/aura_navigation/local/lib/python3.10/dist-packages/aura_navigation-0.0.0-py3.10.egg-info/dependency_links.txt
[0.334s] -- Up-to-date symlink: /home/utk/aura_ws/install/aura_navigation/local/lib/python3.10/dist-packages/aura_navigation-0.0.0-py3.10.egg-info/top_level.txt
[0.335s] -- Up-to-date symlink: /home/utk/aura_ws/install/aura_navigation/local/lib/python3.10/dist-packages/aura_navigation/__init__.py
[0.335s] -- Up-to-date symlink: /home/utk/aura_ws/install/aura_navigation/local/lib/python3.10/dist-packages/aura_navigation/navigation.py
[0.335s] -- Up-to-date symlink: /home/utk/aura_ws/install/aura_navigation/local/lib/python3.10/dist-packages/aura_navigation/pose_estimator.py
[0.335s] -- Up-to-date symlink: /home/utk/aura_ws/install/aura_navigation/share/aura_navigation/launch/navigation.launch.py
[0.335s] -- Up-to-date symlink: /home/utk/aura_ws/install/aura_navigation/share/aura_navigation/config/nav2_params.yaml
[0.335s] -- Up-to-date symlink: /home/utk/aura_ws/install/aura_navigation/lib/aura_navigation/navigation.py
[0.335s] -- Up-to-date symlink: /home/utk/aura_ws/install/aura_navigation/lib/aura_navigation/pose_estimator.py
[0.335s] -- Up-to-date symlink: /home/utk/aura_ws/install/aura_navigation/share/ament_index/resource_index/package_run_dependencies/aura_navigation
[0.335s] -- Up-to-date symlink: /home/utk/aura_ws/install/aura_navigation/share/ament_index/resource_index/parent_prefix_path/aura_navigation
[0.335s] -- Up-to-date symlink: /home/utk/aura_ws/install/aura_navigation/share/aura_navigation/environment/ament_prefix_path.sh
[0.336s] -- Up-to-date symlink: /home/utk/aura_ws/install/aura_navigation/share/aura_navigation/environment/ament_prefix_path.dsv
[0.336s] -- Up-to-date symlink: /home/utk/aura_ws/install/aura_navigation/share/aura_navigation/environment/path.sh
[0.336s] -- Up-to-date symlink: /home/utk/aura_ws/install/aura_navigation/share/aura_navigation/environment/path.dsv
[0.336s] -- Up-to-date symlink: /home/utk/aura_ws/install/aura_navigation/share/aura_navigation/local_setup.bash
[0.336s] -- Up-to-date symlink: /home/utk/aura_ws/install/aura_navigation/share/aura_navigation/local_setup.sh
[0.337s] -- Up-to-date symlink: /home/utk/aura_ws/install/aura_navigation/share/aura_navigation/local_setup.zsh
[0.337s] -- Up-to-date symlink: /home/utk/aura_ws/install/aura_navigation/share/aura_navigation/local_setup.dsv
[0.337s] -- Symlinking: /home/utk/aura_ws/install/aura_navigation/share/aura_navigation/package.dsv
[0.342s] -- Up-to-date symlink: /home/utk/aura_ws/install/aura_navigation/share/ament_index/resource_index/packages/aura_navigation
[0.342s] -- Up-to-date symlink: /home/utk/aura_ws/install/aura_navigation/share/aura_navigation/cmake/aura_navigationConfig.cmake
[0.342s] -- Up-to-date symlink: /home/utk/aura_ws/install/aura_navigation/share/aura_navigation/cmake/aura_navigationConfig-version.cmake
[0.342s] -- Up-to-date symlink: /home/utk/aura_ws/install/aura_navigation/share/aura_navigation/package.xml
[0.367s] Listing '/home/utk/aura_ws/install/aura_navigation/local/lib/python3.10/dist-packages/aura_navigation'...
[0.394s] Invoked command in '/home/utk/aura_ws/build/aura_navigation' returned '0': CMAKE_PREFIX_PATH=${CMAKE_PREFIX_PATH}:/home/utk/bumperbot_ws/install/bumperbot_vision:/home/utk/bumperbot_ws/install/bumperbot_py_examples:/opt/ros/humble /usr/bin/cmake --install /home/utk/aura_ws/build/aura_navigation
