[0.013s] Invoking command in '/home/utk/aura_ws/build/aura_mapping': CMAKE_PREFIX_PATH=${CMAKE_PREFIX_PATH}:/home/utk/bumperbot_ws/install/bumperbot_vision:/home/utk/bumperbot_ws/install/bumperbot_py_examples:/opt/ros/humble /usr/bin/cmake --build /home/utk/aura_ws/build/aura_mapping -- -j16 -l16
[0.048s] Built target ament_cmake_python_symlink_aura_mapping
[0.253s] running egg_info
[0.254s] writing aura_mapping.egg-info/PKG-INFO
[0.254s] writing dependency_links to aura_mapping.egg-info/dependency_links.txt
[0.254s] writing top-level names to aura_mapping.egg-info/top_level.txt
[0.255s] reading manifest file 'aura_mapping.egg-info/SOURCES.txt'
[0.256s] writing manifest file 'aura_mapping.egg-info/SOURCES.txt'
[0.276s] Built target ament_cmake_python_build_aura_mapping_egg
[0.283s] Invoked command in '/home/utk/aura_ws/build/aura_mapping' returned '0': CMAKE_PREFIX_PATH=${CMAKE_PREFIX_PATH}:/home/utk/bumperbot_ws/install/bumperbot_vision:/home/utk/bumperbot_ws/install/bumperbot_py_examples:/opt/ros/humble /usr/bin/cmake --build /home/utk/aura_ws/build/aura_mapping -- -j16 -l16
[0.284s] Invoking command in '/home/utk/aura_ws/build/aura_mapping': CMAKE_PREFIX_PATH=${CMAKE_PREFIX_PATH}:/home/utk/bumperbot_ws/install/bumperbot_vision:/home/utk/bumperbot_ws/install/bumperbot_py_examples:/opt/ros/humble /usr/bin/cmake --install /home/utk/aura_ws/build/aura_mapping
[0.289s] -- Install configuration: ""
[0.289s] -- Execute custom install script
[0.289s] -- Up-to-date symlink: /home/utk/aura_ws/install/aura_mapping/share/aura_mapping/environment/pythonpath.sh
[0.290s] -- Up-to-date symlink: /home/utk/aura_ws/install/aura_mapping/share/aura_mapping/environment/pythonpath.dsv
[0.290s] -- Up-to-date symlink: /home/utk/aura_ws/install/aura_mapping/local/lib/python3.10/dist-packages/aura_mapping-0.0.0-py3.10.egg-info/PKG-INFO
[0.290s] -- Up-to-date symlink: /home/utk/aura_ws/install/aura_mapping/local/lib/python3.10/dist-packages/aura_mapping-0.0.0-py3.10.egg-info/SOURCES.txt
[0.290s] -- Up-to-date symlink: /home/utk/aura_ws/install/aura_mapping/local/lib/python3.10/dist-packages/aura_mapping-0.0.0-py3.10.egg-info/dependency_links.txt
[0.290s] -- Up-to-date symlink: /home/utk/aura_ws/install/aura_mapping/local/lib/python3.10/dist-packages/aura_mapping-0.0.0-py3.10.egg-info/top_level.txt
[0.290s] -- Up-to-date symlink: /home/utk/aura_ws/install/aura_mapping/local/lib/python3.10/dist-packages/aura_mapping/__init__.py
[0.290s] -- Up-to-date symlink: /home/utk/aura_ws/install/aura_mapping/local/lib/python3.10/dist-packages/aura_mapping/aura_frontier_exploration.py
[0.290s] -- Up-to-date symlink: /home/utk/aura_ws/install/aura_mapping/share/aura_mapping/config/exploration_params.yaml
[0.291s] -- Up-to-date symlink: /home/utk/aura_ws/install/aura_mapping/share/aura_mapping/config/slam_toolbox.yaml
[0.291s] -- Up-to-date symlink: /home/utk/aura_ws/install/aura_mapping/share/aura_mapping/launch/slam.launch.py
[0.291s] -- Up-to-date symlink: /home/utk/aura_ws/install/aura_mapping/share/aura_mapping/maps/small_house/map.pgm
[0.291s] -- Up-to-date symlink: /home/utk/aura_ws/install/aura_mapping/share/aura_mapping/maps/small_house/map.yaml
[0.291s] -- Up-to-date symlink: /home/utk/aura_ws/install/aura_mapping/share/aura_mapping/maps/small_warehouse/map.pgm
[0.291s] -- Up-to-date symlink: /home/utk/aura_ws/install/aura_mapping/share/aura_mapping/maps/small_warehouse/map.yaml
[0.291s] -- Up-to-date symlink: /home/utk/aura_ws/install/aura_mapping/share/aura_mapping/rviz/slam.rviz
[0.292s] -- Up-to-date symlink: /home/utk/aura_ws/install/aura_mapping/lib/aura_mapping/aura_frontier_exploration.py
[0.292s] -- Up-to-date symlink: /home/utk/aura_ws/install/aura_mapping/share/ament_index/resource_index/package_run_dependencies/aura_mapping
[0.292s] -- Up-to-date symlink: /home/utk/aura_ws/install/aura_mapping/share/ament_index/resource_index/parent_prefix_path/aura_mapping
[0.292s] -- Up-to-date symlink: /home/utk/aura_ws/install/aura_mapping/share/aura_mapping/environment/ament_prefix_path.sh
[0.292s] -- Up-to-date symlink: /home/utk/aura_ws/install/aura_mapping/share/aura_mapping/environment/ament_prefix_path.dsv
[0.292s] -- Up-to-date symlink: /home/utk/aura_ws/install/aura_mapping/share/aura_mapping/environment/path.sh
[0.293s] -- Up-to-date symlink: /home/utk/aura_ws/install/aura_mapping/share/aura_mapping/environment/path.dsv
[0.293s] -- Up-to-date symlink: /home/utk/aura_ws/install/aura_mapping/share/aura_mapping/local_setup.bash
[0.293s] -- Up-to-date symlink: /home/utk/aura_ws/install/aura_mapping/share/aura_mapping/local_setup.sh
[0.293s] -- Up-to-date symlink: /home/utk/aura_ws/install/aura_mapping/share/aura_mapping/local_setup.zsh
[0.293s] -- Up-to-date symlink: /home/utk/aura_ws/install/aura_mapping/share/aura_mapping/local_setup.dsv
[0.293s] -- Symlinking: /home/utk/aura_ws/install/aura_mapping/share/aura_mapping/package.dsv
[0.298s] -- Up-to-date symlink: /home/utk/aura_ws/install/aura_mapping/share/ament_index/resource_index/packages/aura_mapping
[0.298s] -- Up-to-date symlink: /home/utk/aura_ws/install/aura_mapping/share/aura_mapping/cmake/aura_mappingConfig.cmake
[0.298s] -- Up-to-date symlink: /home/utk/aura_ws/install/aura_mapping/share/aura_mapping/cmake/aura_mappingConfig-version.cmake
[0.298s] -- Up-to-date symlink: /home/utk/aura_ws/install/aura_mapping/share/aura_mapping/package.xml
[0.323s] Listing '/home/utk/aura_ws/install/aura_mapping/local/lib/python3.10/dist-packages/aura_mapping'...
[0.328s] Invoked command in '/home/utk/aura_ws/build/aura_mapping' returned '0': CMAKE_PREFIX_PATH=${CMAKE_PREFIX_PATH}:/home/utk/bumperbot_ws/install/bumperbot_vision:/home/utk/bumperbot_ws/install/bumperbot_py_examples:/opt/ros/humble /usr/bin/cmake --install /home/utk/aura_ws/build/aura_mapping
